t # 0
v 0 1
v 1 1
v 2 4
v 3 6
v 4 6
v 5 6
v 6 2
e 0 1 0
e 0 3 0
e 1 2 0
e 1 6 0
e 3 4 0
e 3 5 0
e 4 5 0
f 220
p 219
t # 1
v 0 1
v 1 1
v 2 4
v 3 6
v 4 1
v 5 1
v 6 6
v 7 6
e 0 1 0
e 0 3 0
e 0 6 0
e 0 7 0
e 1 2 0
e 1 4 0
e 1 5 0
e 3 6 0
e 3 7 0
f 280
p 280
t # 2
v 0 1
v 1 7
v 2 7
v 3 7
v 4 1
e 0 1 0
e 0 2 0
e 0 4 0
e 1 3 0
e 1 2 0
e 2 3 0
f 280
p 278
t # 3
v 0 0
v 1 1
v 2 1
v 3 1
v 4 6
v 5 6
v 6 6
v 7 4
e 0 1 0
e 1 2 0
e 2 3 0
e 2 7 0
e 3 4 0
e 3 6 0
e 4 5 0
e 5 6 0
f 280
p 279
t # 4
v 0 0
v 1 1
v 2 1
v 3 1
v 4 1
v 5 4
v 6 7
v 7 7
v 8 7
e 0 1 0
e 0 5 0
e 1 2 0
e 2 3 0
e 3 4 0
e 4 6 0
e 4 8 0
e 6 7 0
e 7 8 0
f 280
p 282
t # 5
v 0 0
v 1 1
v 2 1
v 3 1
v 4 1
v 5 7
v 6 7
v 7 7
e 0 1 0
e 1 2 0
e 2 3 0
e 3 4 0
e 4 5 0
e 5 6 0
e 5 7 0
e 6 7 0
f 280
p 277
t # 6
v 0 1
v 1 1
v 2 4
v 3 6
v 4 6
v 5 6
e 0 1 0
e 0 3 0
e 0 4 0
e 0 5 0
e 1 2 0
e 3 4 0
e 3 5 0
f 280
p 276
t # 7
v 0 0
v 1 1
v 2 1
v 3 1
v 4 1
v 5 4
v 6 6
v 7 6
v 8 6
e 0 1 0
e 0 5 0
e 1 2 0
e 2 3 0
e 3 4 0
e 4 6 0
e 6 7 0
e 6 8 0
e 7 8 0
f 280
p 280
t # 8
v 0 0
v 1 1
v 2 6
v 3 6
v 4 1
v 5 1
v 6 4
v 7 6
v 8 1
e 0 1 0
e 1 2 0
e 2 3 0
e 2 7 0
e 3 4 0
e 4 5 0
e 4 7 0
e 5 6 0
e 5 8 0
f 20
p 116
t # 9
v 0 0
v 1 6
v 2 6
v 3 1
v 4 1
v 5 1
v 6 4
v 7 4
v 8 1
e 0 1 0
e 0 7 0
e 0 8 0
e 1 2 0
e 2 3 0
e 3 4 0
e 4 5 0
e 5 6 0
f 20
p 18
t # 10
v 0 0
v 1 1
v 2 1
v 3 6
v 4 6
v 5 6
v 6 1
e 0 1 0
e 1 2 0
e 2 3 0
e 3 4 0
e 4 5 0
e 4 6 0
e 5 6 0
f 20
p 14
t # 11
v 0 0
v 1 1
v 2 1
v 3 1
v 4 6
v 5 6
v 6 6
v 7 4
e 0 1 0
e 1 2 0
e 2 3 0
e 2 7 0
e 3 4 0
e 3 6 0
e 4 5 0
e 5 6 0
f 280
p 279
t # 12
v 0 0
v 1 1
v 2 1
v 3 1
v 4 1
v 5 1
v 6 8
v 7 8
e 0 1 0
e 0 6 0
e 0 7 0
e 1 2 0
e 2 3 0
e 3 4 0
e 4 5 0
e 6 7 0
f 240
p 239
t # 13
v 0 0
v 1 1
v 2 1
v 3 1
v 4 1
v 5 7
v 6 7
v 7 6
e 0 1 0
e 1 2 0
e 2 3 0
e 3 4 0
e 3 7 0
e 4 5 0
e 4 6 0
e 5 6 0
f 260
p 257
t # 14
v 0 0
v 1 1
v 2 1
v 3 1
v 4 6
v 5 6
v 6 6
v 7 4
e 0 1 0
e 1 2 0
e 2 3 0
e 2 7 0
e 3 4 0
e 3 6 0
e 4 5 0
e 5 6 0
f 280
p 279
t # 15
v 0 0
v 1 8
v 2 8
v 3 2
v 4 1
v 5 2
v 6 5
v 7 5
v 8 0
e 0 1 0
e 1 2 0
e 2 3 0
e 3 4 0
e 4 5 0
e 5 6 0
e 6 7 0
e 6 8 0
f 20
p 11
t # 16
v 0 0
v 1 1
v 2 1
v 3 1
v 4 6
v 5 6
v 6 6
v 7 4
e 0 1 0
e 1 2 0
e 2 3 0
e 2 7 0
e 3 4 0
e 3 6 0
e 4 5 0
e 5 6 0
f 280
p 279
t # 17
v 0 0
v 1 1
v 2 1
v 3 1
v 4 1
v 5 1
v 6 7
v 7 7
v 8 7
e 0 1 0
e 1 2 0
e 2 3 0
e 3 4 0
e 4 5 0
e 5 6 0
e 5 7 0
e 5 8 0
e 6 7 0
e 6 8 0
f 260
p 268
t # 18
v 0 1
v 1 1
v 2 4
v 3 7
v 4 7
v 5 1
v 6 1
v 7 7
e 0 1 0
e 0 3 0
e 0 7 0
e 1 2 0
e 1 5 0
e 1 6 0
e 3 4 0
e 4 7 0
f 260
p 260
t # 19
v 0 0
v 1 1
v 2 1
v 3 1
v 4 1
v 5 7
v 6 7
v 7 7
v 8 4
e 0 1 0
e 1 2 0
e 2 3 0
e 3 4 0
e 3 8 0
e 4 5 0
e 4 6 0
e 4 7 0
e 5 6 0
e 5 7 0
e 6 7 0
f 260
p 260
t # 20
v 0 0
v 1 1
v 2 1
v 3 1
v 4 1
v 5 4
v 6 7
v 7 7
v 8 7
e 0 1 0
e 0 5 0
e 1 2 0
e 2 3 0
e 3 4 0
e 4 6 0
e 6 7 0
e 6 8 0
e 7 8 0
f 280
p 279
t # 21
v 0 0
v 1 1
v 2 1
v 3 6
v 4 6
v 5 6
v 6 1
e 0 1 0
e 1 2 0
e 2 3 0
e 3 4 0
e 4 5 0
e 4 6 0
e 5 6 0
f 20
p 14
t # 22
v 0 0
v 1 1
v 2 1
v 3 1
v 4 4
v 5 8
v 6 8
v 7 1
v 8 4
e 0 1 0
e 0 5 0
e 0 6 0
e 1 2 0
e 2 3 0
e 2 8 0
e 3 4 0
e 3 7 0
e 5 6 0
f 220
p 219
t # 23
v 0 0
v 1 1
v 2 1
v 3 1
v 4 4
v 5 8
v 6 8
v 7 4
e 0 1 0
e 0 5 0
e 0 6 0
e 1 2 0
e 2 3 0
e 2 7 0
e 3 4 0
e 5 6 0
f 220
p 221
t # 24
v 0 1
v 1 1
v 2 4
v 3 6
v 4 6
v 5 6
v 6 2
e 0 1 0
e 0 3 0
e 0 4 0
e 1 2 0
e 1 6 0
e 3 4 0
e 3 5 0
e 4 5 0
f 220
p 219
t # 25
v 0 0
v 1 1
v 2 6
v 3 1
v 4 1
v 5 1
v 6 2
v 7 6
v 8 6
e 0 1 0
e 1 2 0
e 1 6 0
e 2 3 0
e 3 4 0
e 3 7 0
e 3 8 0
e 4 5 0
f 20
p 19
t # 26
v 0 0
v 1 1
v 2 1
v 3 1
v 4 0
v 5 1
v 6 7
v 7 7
v 8 4
e 0 1 0
e 0 6 0
e 0 7 0
e 1 2 0
e 2 3 0
e 2 8 0
e 3 4 0
e 4 5 0
e 6 7 0
f 260
p 265
t # 27
v 0 0
v 1 1
v 2 1
v 3 1
v 4 1
v 5 7
v 6 7
v 7 7
v 8 6
e 0 1 0
e 1 2 0
e 2 3 0
e 3 4 0
e 3 8 0
e 4 5 0
e 4 6 0
e 4 7 0
e 5 6 0
e 5 7 0
f 260
p 261
t # 28
v 0 1
v 1 1
v 2 4
v 3 6
v 4 6
v 5 6
e 0 1 0
e 0 3 0
e 0 4 0
e 1 2 0
e 3 4 0
e 3 5 0
e 4 5 0
f 280
p 279
t # 29
v 0 0
v 1 1
v 2 1
v 3 1
v 4 1
v 5 7
v 6 7
v 7 6
v 8 6
e 0 1 0
e 1 2 0
e 2 3 0
e 3 4 0
e 3 7 0
e 3 8 0
e 4 5 0
e 4 6 0
e 5 6 0
f 260
p 256
t # 30
v 0 0
v 1 1
v 2 1
v 3 1
v 4 6
v 5 6
v 6 6
v 7 4
e 0 1 0
e 1 2 0
e 2 3 0
e 2 7 0
e 3 4 0
e 3 6 0
e 4 5 0
e 5 6 0
f 280
p 279
t # 31
v 0 0
v 1 1
v 2 1
v 3 1
v 4 1
v 5 1
v 6 8
v 7 8
e 0 1 0
e 0 6 0
e 0 7 0
e 1 2 0
e 2 3 0
e 3 4 0
e 4 5 0
e 6 7 0
f 240
p 239
t # 32
v 0 0
v 1 1
v 2 1
v 3 1
v 4 1
v 5 1
v 6 7
v 7 7
v 8 7
e 0 1 0
e 1 2 0
e 2 3 0
e 3 4 0
e 4 5 0
e 5 6 0
e 6 7 0
e 7 8 0
f 260
p 268
t # 33
v 0 1
v 1 1
v 2 6
v 3 7
v 4 1
v 5 7
v 6 7
e 0 1 0
e 0 3 0
e 0 5 0
e 0 6 0
e 1 2 0
e 1 4 0
e 3 5 0
e 3 6 0
f 260
p 258
t # 34
v 0 0
v 1 1
v 2 1
v 3 1
v 4 1
v 5 7
v 6 7
v 7 7
v 8 4
e 0 1 0
e 1 2 0
e 2 3 0
e 3 4 0
e 3 8 0
e 4 5 0
e 4 6 0
e 4 7 0
e 5 6 0
e 5 7 0
e 6 7 0
f 260
p 260
t # 35
v 0 0
v 1 1
v 2 1
v 3 1
v 4 1
v 5 0
v 6 1
v 7 8
v 8 8
e 0 1 0
e 0 7 0
e 1 2 0
e 2 3 0
e 3 4 0
e 4 5 0
e 5 6 0
e 7 8 0
f 240
p 238
t # 36
v 0 0
v 1 1
v 2 1
v 3 1
v 4 1
v 5 1
v 6 8
v 7 8
e 0 1 0
e 0 6 0
e 0 7 0
e 1 2 0
e 2 3 0
e 3 4 0
e 4 5 0
e 6 7 0
f 240
p 239
t # 37
v 0 0
v 1 1
v 2 6
v 3 1
v 4 1
v 5 1
v 6 2
v 7 6
v 8 6
e 0 1 0
e 1 2 0
e 1 6 0
e 2 3 0
e 3 4 0
e 3 7 0
e 3 8 0
e 4 5 0
f 20
p 19
t # 38
v 0 1
v 1 1
v 2 1
v 3 1
v 4 6
v 5 6
v 6 6
v 7 7
v 8 7
e 0 1 0
e 0 7 0
e 1 2 0
e 2 3 0
e 3 4 0
e 4 5 0
e 5 6 0
e 7 8 0
f 260
p 314
t # 39
v 0 0
v 1 1
v 2 1
v 3 1
v 4 1
v 5 7
v 6 7
v 7 7
v 8 4
e 0 1 0
e 1 2 0
e 2 3 0
e 3 4 0
e 3 8 0
e 4 5 0
e 4 6 0
e 4 7 0
e 5 6 0
e 5 7 0
e 6 7 0
f 260
p 260
t # 40
v 0 1
v 1 1
v 2 4
v 3 6
v 4 6
v 5 1
v 6 1
v 7 6
e 0 1 0
e 0 3 0
e 0 7 0
e 1 2 0
e 1 5 0
e 1 6 0
e 3 4 0
e 4 7 0
f 280
p 280
t # 41
v 0 0
v 1 1
v 2 1
v 3 1
v 4 6
v 5 6
v 6 6
v 7 4
e 0 1 0
e 1 2 0
e 2 3 0
e 2 7 0
e 3 4 0
e 3 6 0
e 4 5 0
e 5 6 0
f 280
p 279
t # 42
v 0 1
v 1 1
v 2 4
v 3 7
v 4 7
v 5 1
v 6 1
v 7 7
e 0 1 0
e 0 3 0
e 0 7 0
e 1 2 0
e 1 5 0
e 1 6 0
e 3 4 0
e 4 7 0
f 260
p 260
t # 43
v 0 1
v 1 1
v 2 1
v 3 1
v 4 4
v 5 7
v 6 7
v 7 7
e 0 1 0
e 0 5 0
e 1 2 0
e 2 3 0
e 3 4 0
e 5 6 0
e 6 7 0
f 280
p 270
t # 44
v 0 0
v 1 1
v 2 1
v 3 1
v 4 6
v 5 6
v 6 6
v 7 4
e 0 1 0
e 1 2 0
e 2 3 0
e 2 7 0
e 3 4 0
e 3 6 0
e 4 5 0
e 5 6 0
f 280
p 279
t # 45
v 0 0
v 1 1
v 2 1
v 3 1
v 4 1
v 5 4
v 6 7
v 7 7
v 8 7
e 0 1 0
e 0 5 0
e 1 2 0
e 2 3 0
e 3 4 0
e 4 6 0
e 4 8 0
e 6 7 0
e 7 8 0
f 280
p 282
t # 46
v 0 0
v 1 1
v 2 1
v 3 1
v 4 6
v 5 6
v 6 6
v 7 4
e 0 1 0
e 1 2 0
e 2 3 0
e 2 7 0
e 3 4 0
e 3 6 0
e 4 5 0
e 5 6 0
f 280
p 279
t # 47
v 0 1
v 1 1
v 2 4
v 3 6
v 4 6
v 5 6
v 6 2
e 0 1 0
e 0 3 0
e 0 4 0
e 1 2 0
e 1 6 0
e 3 4 0
e 3 5 0
e 4 5 0
f 220
p 219
t # 48
v 0 1
v 1 1
v 2 4
v 3 6
v 4 1
v 5 2
v 6 6
v 7 6
e 0 1 0
e 0 3 0
e 0 6 0
e 0 7 0
e 1 2 0
e 1 4 0
e 1 5 0
e 3 6 0
f 220
p 215
t # 49
v 0 1
v 1 1
v 2 4
v 3 7
v 4 7
v 5 1
v 6 7
e 0 1 0
e 0 3 0
e 0 6 0
e 1 2 0
e 1 5 0
e 3 4 0
e 4 6 0
f 260
p 261
t # 50
v 0 0
v 1 1
v 2 1
v 3 1
v 4 6
v 5 6
v 6 6
v 7 4
e 0 1 0
e 1 2 0
e 2 3 0
e 2 7 0
e 3 4 0
e 3 6 0
e 4 5 0
e 5 6 0
f 280
p 279
t # 51
v 0 0
v 1 1
v 2 1
v 3 1
v 4 1
v 5 7
v 6 7
v 7 6
e 0 1 0
e 1 2 0
e 2 3 0
e 3 4 0
e 3 7 0
e 4 5 0
e 4 6 0
e 5 6 0
f 260
p 257
t # 52
v 0 1
v 1 7
v 2 7
v 3 7
v 4 1
e 0 1 0
e 0 2 0
e 0 3 0
e 0 4 0
e 1 2 0
e 1 3 0
e 2 3 0
f 280
p 283
t # 53
v 0 0
v 1 1
v 2 1
v 3 1
v 4 1
v 5 1
v 6 8
v 7 8
e 0 1 0
e 0 6 0
e 0 7 0
e 1 2 0
e 2 3 0
e 3 4 0
e 4 5 0
e 6 7 0
f 240
p 239
t # 54
v 0 0
v 1 1
v 2 1
v 3 1
v 4 6
v 5 6
v 6 6
v 7 4
e 0 1 0
e 1 2 0
e 2 3 0
e 2 7 0
e 3 4 0
e 3 6 0
e 4 5 0
e 5 6 0
f 280
p 279
t # 55
v 0 0
v 1 1
v 2 1
v 3 1
v 4 1
v 5 7
v 6 7
v 7 4
v 8 4
e 0 1 0
e 0 5 0
e 0 6 0
e 1 2 0
e 2 3 0
e 2 7 0
e 2 8 0
e 3 4 0
e 5 6 0
f 260
p 262
t # 56
v 0 0
v 1 1
v 2 1
v 3 1
v 4 6
v 5 6
v 6 6
v 7 4
e 0 1 0
e 1 2 0
e 2 3 0
e 2 7 0
e 3 4 0
e 3 6 0
e 4 5 0
e 5 6 0
f 280
p 279
t # 57
v 0 0
v 1 1
v 2 1
v 3 1
v 4 4
v 5 8
v 6 8
v 7 4
v 8 1
e 0 1 0
e 0 5 0
e 0 6 0
e 1 2 0
e 2 3 0
e 3 4 0
e 3 7 0
e 3 8 0
e 5 6 0
f 220
p 216
t # 58
v 0 0
v 1 1
v 2 1
v 3 1
v 4 1
v 5 0
v 6 1
v 7 8
v 8 8
e 0 1 0
e 0 7 0
e 1 2 0
e 2 3 0
e 3 4 0
e 4 5 0
e 5 6 0
e 7 8 0
f 240
p 238
t # 59
v 0 0
v 1 1
v 2 1
v 3 1
v 4 1
v 5 7
v 6 7
v 7 7
v 8 4
e 0 1 0
e 1 2 0
e 2 3 0
e 3 4 0
e 3 8 0
e 4 5 0
e 4 6 0
e 5 6 0
e 5 7 0
f 260
p 265
t # 60
v 0 0
v 1 1
v 2 1
v 3 1
v 4 4
v 5 6
v 6 6
v 7 6
e 0 1 0
e 0 4 0
e 1 2 0
e 2 3 0
e 3 5 0
e 3 7 0
e 5 6 0
e 6 7 0
f 280
p 279
t # 61
v 0 0
v 1 6
v 2 6
v 3 1
v 4 1
v 5 1
v 6 1
v 7 0
v 8 1
e 0 1 0
e 1 2 0
e 2 3 0
e 3 4 0
e 3 7 0
e 4 5 0
e 5 6 0
e 7 8 0
f 20
p 40
t # 62
v 0 0
v 1 1
v 2 1
v 3 1
v 4 6
v 5 6
v 6 6
v 7 4
e 0 1 0
e 1 2 0
e 2 3 0
e 2 7 0
e 3 4 0
e 3 6 0
e 4 5 0
e 5 6 0
f 280
p 279
t # 63
v 0 1
v 1 1
v 2 1
v 3 4
v 4 7
v 5 7
v 6 7
e 0 1 0
e 0 4 0
e 1 2 0
e 2 3 0
e 4 5 0
e 5 6 0
f 280
p 264
t # 64
v 0 1
v 1 1
v 2 4
v 3 7
v 4 7
v 5 1
v 6 1
v 7 7
e 0 1 0
e 0 3 0
e 0 7 0
e 1 2 0
e 1 5 0
e 1 6 0
e 3 4 0
e 4 7 0
f 260
p 260
t # 65
v 0 0
v 1 1
v 2 1
v 3 1
v 4 1
v 5 8
v 6 8
v 7 4
e 0 1 0
e 0 5 0
e 0 6 0
e 1 2 0
e 2 3 0
e 2 7 0
e 3 4 0
e 5 6 0
f 220
p 223
t # 66
v 0 0
v 1 1
v 2 1
v 3 1
v 4 1
v 5 4
v 6 6
v 7 6
v 8 6
e 0 1 0
e 0 5 0
e 1 2 0
e 2 3 0
e 3 4 0
e 4 6 0
e 4 7 0
e 6 7 0
e 6 8 0
e 7 8 0
f 280
p 283
t # 67
v 0 0
v 1 1
v 2 1
v 3 1
v 4 1
v 5 7
v 6 7
v 7 7
v 8 4
e 0 1 0
e 1 2 0
e 2 3 0
e 3 4 0
e 3 8 0
e 4 5 0
e 4 6 0
e 4 7 0
e 5 6 0
e 5 7 0
e 6 7 0
f 260
p 260
t # 68
v 0 0
v 1 1
v 2 1
v 3 1
v 4 1
v 5 1
v 6 8
v 7 8
e 0 1 0
e 0 6 0
e 0 7 0
e 1 2 0
e 2 3 0
e 3 4 0
e 4 5 0
e 6 7 0
f 240
p 239
t # 69
v 0 0
v 1 1
v 2 1
v 3 1
v 4 6
v 5 6
v 6 6
v 7 4
e 0 1 0
e 1 2 0
e 2 3 0
e 2 7 0
e 3 4 0
e 3 6 0
e 4 5 0
e 5 6 0
f 280
p 279
t # 70
v 0 1
v 1 1
v 2 4
v 3 6
v 4 1
v 5 2
v 6 6
v 7 6
e 0 1 0
e 0 3 0
e 0 6 0
e 0 7 0
e 1 2 0
e 1 4 0
e 1 5 0
e 3 6 0
e 3 7 0
e 6 7 0
f 220
p 223
t # 71
v 0 0
v 1 1
v 2 1
v 3 1
v 4 4
v 5 8
v 6 8
v 7 4
e 0 1 0
e 0 5 0
e 0 6 0
e 1 2 0
e 2 3 0
e 3 4 0
e 3 7 0
e 5 6 0
f 220
p 220
t # 72
v 0 0
v 1 1
v 2 1
v 3 1
v 4 1
v 5 6
v 6 6
v 7 6
v 8 4
e 0 1 0
e 1 2 0
e 2 3 0
e 3 4 0
e 3 8 0
e 4 5 0
e 4 6 0
e 4 7 0
e 5 6 0
e 5 7 0
f 280
p 277
t # 73
v 0 1
v 1 1
v 2 4
v 3 7
v 4 7
v 5 1
v 6 1
v 7 7
e 0 1 0
e 0 3 0
e 0 7 0
e 1 2 0
e 1 5 0
e 1 6 0
e 3 4 0
e 4 7 0
f 260
p 260
t # 74
v 0 0
v 1 1
v 2 1
v 3 1
v 4 4
v 5 6
v 6 6
v 7 6
v 8 4
e 0 1 0
e 0 4 0
e 1 2 0
e 2 3 0
e 2 8 0
e 3 5 0
e 3 6 0
e 3 7 0
e 5 6 0
e 5 7 0
f 280
p 282
t # 75
v 0 0
v 1 1
v 2 1
v 3 1
v 4 1
v 5 4
v 6 8
v 7 8
e 0 1 0
e 0 6 0
e 0 7 0
e 1 2 0
e 2 3 0
e 3 4 0
e 4 5 0
e 6 7 0
f 220
p 224
t # 76
v 0 0
v 1 1
v 2 1
v 3 1
v 4 1
v 5 6
v 6 6
v 7 6
e 0 1 0
e 1 2 0
e 2 3 0
e 3 4 0
e 4 5 0
e 4 7 0
e 5 6 0
e 6 7 0
f 280
p 280
t # 77
v 0 0
v 1 1
v 2 1
v 3 1
v 4 1
v 5 7
v 6 7
v 7 6
e 0 1 0
e 1 2 0
e 2 3 0
e 3 4 0
e 3 7 0
e 4 5 0
e 4 6 0
e 5 6 0
f 260
p 257
t # 78
v 0 0
v 1 1
v 2 1
v 3 1
v 4 1
v 5 4
v 6 7
v 7 7
v 8 7
e 0 1 0
e 0 5 0
e 1 2 0
e 2 3 0
e 3 4 0
e 4 6 0
e 6 7 0
e 6 8 0
e 7 8 0
f 280
p 279
t # 79
v 0 0
v 1 1
v 2 1
v 3 1
v 4 1
v 5 7
v 6 7
v 7 7
v 8 4
e 0 1 0
e 1 2 0
e 2 3 0
e 3 4 0
e 3 8 0
e 4 5 0
e 4 6 0
e 4 7 0
e 5 6 0
e 5 7 0
e 6 7 0
f 260
p 260
t # 80
v 0 1
v 1 1
v 2 4
v 3 7
v 4 7
v 5 1
v 6 1
v 7 7
e 0 1 0
e 0 3 0
e 0 7 0
e 1 2 0
e 1 5 0
e 1 6 0
e 3 4 0
e 4 7 0
f 260
p 260
t # 81
v 0 0
v 1 1
v 2 1
v 3 1
v 4 1
v 5 1
v 6 2
v 7 8
v 8 8
e 0 1 0
e 0 7 0
e 1 2 0
e 2 3 0
e 3 4 0
e 4 5 0
e 5 6 0
e 7 8 0
f 240
p 242
t # 82
v 0 0
v 1 1
v 2 1
v 3 1
v 4 1
v 5 4
v 6 6
v 7 6
v 8 6
e 0 1 0
e 0 5 0
e 1 2 0
e 2 3 0
e 3 4 0
e 4 6 0
e 6 7 0
e 7 8 0
f 280
p 264
t # 83
v 0 1
v 1 1
v 2 4
v 3 7
v 4 7
v 5 1
v 6 1
v 7 7
e 0 1 0
e 0 3 0
e 0 7 0
e 1 2 0
e 1 5 0
e 1 6 0
e 3 4 0
e 4 7 0
f 260
p 260
t # 84
v 0 1
v 1 1
v 2 1
v 3 1
v 4 6
v 5 6
v 6 6
v 7 7
e 0 1 0
e 0 7 0
e 1 2 0
e 2 3 0
e 3 4 0
e 4 5 0
e 5 6 0
f 260
p 269
t # 85
v 0 1
v 1 1
v 2 4
v 3 7
v 4 7
v 5 1
v 6 1
v 7 7
e 0 1 0
e 0 3 0
e 0 7 0
e 1 2 0
e 1 5 0
e 1 6 0
e 3 4 0
e 4 7 0
f 260
p 260
t # 86
v 0 0
v 1 1
v 2 1
v 3 1
v 4 1
v 5 4
v 6 8
v 7 8
e 0 1 0
e 0 6 0
e 1 2 0
e 2 3 0
e 3 4 0
e 4 5 0
e 6 7 0
f 220
p 226
t # 87
v 0 0
v 1 1
v 2 1
v 3 1
v 4 1
v 5 7
v 6 7
v 7 7
e 0 1 0
e 1 2 0
e 2 3 0
e 3 4 0
e 4 5 0
e 4 6 0
e 5 6 0
e 5 7 0
f 280
p 279
t # 88
v 0 1
v 1 1
v 2 4
v 3 7
v 4 7
v 5 1
v 6 1
v 7 7
e 0 1 0
e 0 3 0
e 0 7 0
e 1 2 0
e 1 5 0
e 1 6 0
e 3 4 0
e 4 7 0
f 260
p 260
t # 89
v 0 0
v 1 1
v 2 1
v 3 1
v 4 1
v 5 7
v 6 7
v 7 7
v 8 4
e 0 1 0
e 1 2 0
e 2 3 0
e 3 4 0
e 3 8 0
e 4 5 0
e 4 6 0
e 4 7 0
e 5 6 0
e 5 7 0
e 6 7 0
f 260
p 260
t # 90
v 0 0
v 1 1
v 2 1
v 3 1
v 4 1
v 5 6
v 6 6
v 7 6
e 0 1 0
e 1 2 0
e 2 3 0
e 3 4 0
e 4 5 0
e 4 6 0
e 4 7 0
e 5 6 0
e 5 7 0
f 280
p 278
t # 91
v 0 0
v 1 1
v 2 1
v 3 1
v 4 4
v 5 6
v 6 6
v 7 4
e 0 1 0
e 0 4 0
e 1 2 0
e 2 3 0
e 2 7 0
e 3 5 0
e 3 6 0
e 5 6 0
f 280
p 278
t # 92
v 0 0
v 1 6
v 2 1
v 3 1
v 4 1
v 5 1
v 6 2
v 7 1
v 8 6
e 0 1 0
e 0 3 0
e 0 7 0
e 1 2 0
e 1 8 0
e 2 4 0
e 3 6 0
e 4 5 0
f 20
p 34
t # 93
v 0 0
v 1 1
v 2 1
v 3 1
v 4 6
v 5 6
v 6 6
v 7 4
e 0 1 0
e 1 2 0
e 2 3 0
e 2 7 0
e 3 4 0
e 3 6 0
e 4 5 0
e 5 6 0
f 280
p 279
t # 94
v 0 0
v 1 1
v 2 1
v 3 1
v 4 1
v 5 4
v 6 7
v 7 7
v 8 7
e 0 1 0
e 0 5 0
e 1 2 0
e 2 3 0
e 3 4 0
e 4 6 0
e 6 7 0
e 6 8 0
e 7 8 0
f 280
p 279
t # 95
v 0 0
v 1 1
v 2 1
v 3 1
v 4 1
v 5 4
v 6 7
v 7 7
v 8 7
e 0 1 0
e 0 5 0
e 1 2 0
e 2 3 0
e 3 4 0
e 4 6 0
e 6 7 0
e 7 8 0
f 280
p 278
t # 96
v 0 1
v 1 1
v 2 1
v 3 1
v 4 1
v 5 2
v 6 7
v 7 7
e 0 1 0
e 0 6 0
e 1 2 0
e 2 3 0
e 3 4 0
e 4 5 0
e 6 7 0
f 280
p 239
t # 97
v 0 0
v 1 1
v 2 1
v 3 1
v 4 1
v 5 7
v 6 7
v 7 7
v 8 4
e 0 1 0
e 1 2 0
e 2 3 0
e 3 4 0
e 3 8 0
e 4 5 0
e 4 6 0
e 5 6 0
e 5 7 0
e 6 7 0
f 260
p 262
t # 98
v 0 1
v 1 1
v 2 1
v 3 1
v 4 1
v 5 2
v 6 7
v 7 7
v 8 7
e 0 1 0
e 0 6 0
e 1 2 0
e 2 3 0
e 3 4 0
e 4 5 0
e 6 7 0
e 7 8 0
f 280
p 279
t # 99
v 0 0
v 1 1
v 2 1
v 3 1
v 4 1
v 5 0
v 6 1
v 7 8
v 8 8
e 0 1 0
e 0 7 0
e 1 2 0
e 2 3 0
e 3 4 0
e 4 5 0
e 5 6 0
e 7 8 0
f 240
p 238
t # 100
v 0 0
v 1 1
v 2 1
v 3 1
v 4 6
v 5 6
v 6 6
v 7 4
e 0 1 0
e 1 2 0
e 2 3 0
e 2 7 0
e 3 4 0
e 3 6 0
e 4 5 0
e 5 6 0
f 280
p 279
t # 101
v 0 0
v 1 1
v 2 1
v 3 1
v 4 1
v 5 4
v 6 7
v 7 7
v 8 7
e 0 1 0
e 0 5 0
e 1 2 0
e 2 3 0
e 3 4 0
e 4 6 0
e 6 7 0
e 6 8 0
e 7 8 0
f 280
p 279
t # 102
v 0 0
v 1 1
v 2 1
v 3 1
v 4 1
v 5 1
v 6 4
v 7 7
v 8 7
e 0 1 0
e 0 6 0
e 1 2 0
e 2 3 0
e 3 4 0
e 4 5 0
e 5 7 0
e 5 8 0
e 7 8 0
f 260
p 266
t # 103
v 0 1
v 1 1
v 2 1
v 3 1
v 4 7
v 5 7
v 6 7
e 0 1 0
e 1 2 0
e 2 3 0
e 3 4 0
e 4 5 0
e 5 6 0
f 280
p 285
t # 104
v 0 0
v 1 1
v 2 1
v 3 1
v 4 1
v 5 7
v 6 7
v 7 7
v 8 4
e 0 1 0
e 1 2 0
e 2 3 0
e 3 4 0
e 3 8 0
e 4 5 0
e 4 6 0
e 4 7 0
e 5 6 0
e 5 7 0
e 6 7 0
f 260
p 260
t # 105
v 0 0
v 1 1
v 2 1
v 3 1
v 4 4
v 5 6
v 6 4
v 7 6
v 8 1
e 0 1 0
e 0 4 0
e 1 2 0
e 1 6 0
e 2 3 0
e 3 5 0
e 3 7 0
e 3 8 0
e 5 7 0
f 260
p 253
t # 106
v 0 1
v 1 1
v 2 4
v 3 7
v 4 7
v 5 1
v 6 1
v 7 7
e 0 1 0
e 0 3 0
e 0 7 0
e 1 2 0
e 1 5 0
e 1 6 0
e 3 4 0
e 4 7 0
f 260
p 260
t # 107
v 0 0
v 1 1
v 2 1
v 3 1
v 4 4
v 5 6
v 6 6
v 7 6
e 0 1 0
e 0 4 0
e 1 2 0
e 2 3 0
e 3 5 0
e 5 6 0
e 6 7 0
f 280
p 268
t # 108
v 0 0
v 1 1
v 2 1
v 3 1
v 4 6
v 5 6
v 6 6
v 7 4
e 0 1 0
e 1 2 0
e 2 3 0
e 2 7 0
e 3 4 0
e 3 6 0
e 4 5 0
e 5 6 0
f 280
p 279
t # 109
v 0 1
v 1 1
v 2 4
v 3 7
v 4 7
v 5 1
v 6 1
v 7 7
e 0 1 0
e 0 3 0
e 0 7 0
e 1 2 0
e 1 5 0
e 1 6 0
e 3 4 0
e 4 7 0
f 260
p 260
t # 110
v 0 1
v 1 7
v 2 7
v 3 7
e 0 1 0
e 0 2 0
e 0 3 0
e 1 2 0
e 1 3 0
e 2 3 0
f 280
p 279
t # 111
v 0 0
v 1 1
v 2 1
v 3 1
v 4 1
v 5 1
v 6 7
v 7 7
v 8 4
e 0 1 0
e 1 2 0
e 2 3 0
e 3 4 0
e 3 8 0
e 4 5 0
e 5 6 0
e 5 7 0
e 6 7 0
f 260
p 259
t # 112
v 0 0
v 1 1
v 2 1
v 3 6
v 4 6
v 5 6
v 6 1
e 0 1 0
e 1 2 0
e 2 3 0
e 3 4 0
e 4 5 0
e 4 6 0
e 5 6 0
f 20
p 14
t # 113
v 0 0
v 1 1
v 2 1
v 3 1
v 4 0
v 5 4
v 6 7
v 7 7
v 8 4
e 0 1 0
e 0 6 0
e 0 7 0
e 1 2 0
e 2 3 0
e 2 8 0
e 3 4 0
e 4 5 0
e 6 7 0
f 260
p 252
t # 114
v 0 0
v 1 1
v 2 1
v 3 1
v 4 1
v 5 6
v 6 6
v 7 6
v 8 4
e 0 1 0
e 1 2 0
e 2 3 0
e 3 4 0
e 3 8 0
e 4 5 0
e 4 6 0
e 4 7 0
e 5 6 0
e 5 7 0
e 6 7 0
f 280
p 275
t # 115
v 0 1
v 1 1
v 2 6
v 3 6
v 4 7
v 5 7
v 6 7
e 0 1 0
e 0 4 0
e 1 2 0
e 2 3 0
e 4 5 0
e 5 6 0
f 260
p 289
t # 116
v 0 0
v 1 1
v 2 1
v 3 1
v 4 1
v 5 6
v 6 6
v 7 6
v 8 4
e 0 1 0
e 1 2 0
e 2 3 0
e 3 4 0
e 3 8 0
e 4 5 0
e 5 6 0
e 5 7 0
e 6 7 0
f 280
p 278
t # 117
v 0 0
v 1 1
v 2 1
v 3 1
v 4 4
v 5 6
v 6 6
v 7 6
v 8 4
e 0 1 0
e 0 4 0
e 1 2 0
e 1 8 0
e 2 3 0
e 3 5 0
e 3 6 0
e 5 6 0
e 5 7 0
f 280
p 280
t # 118
v 0 0
v 1 1
v 2 1
v 3 1
v 4 4
v 5 6
v 6 6
v 7 1
v 8 4
e 0 1 0
e 0 4 0
e 1 2 0
e 2 3 0
e 2 8 0
e 3 5 0
e 3 6 0
e 3 7 0
e 5 6 0
f 260
p 259
t # 119
v 0 0
v 1 1
v 2 1
v 3 1
v 4 6
v 5 6
v 6 6
v 7 4
e 0 1 0
e 1 2 0
e 2 3 0
e 2 7 0
e 3 4 0
e 3 5 0
e 3 6 0
e 4 5 0
f 280
p 283
t # 120
v 0 0
v 1 6
v 2 6
v 3 1
v 4 1
v 5 1
v 6 4
v 7 1
v 8 2
e 0 1 0
e 1 2 0
e 2 3 0
e 2 7 0
e 3 4 0
e 3 8 0
e 4 5 0
e 5 6 0
f 20
p 33
t # 121
v 0 0
v 1 1
v 2 1
v 3 6
v 4 6
v 5 6
v 6 1
e 0 1 0
e 1 2 0
e 2 3 0
e 3 4 0
e 4 5 0
e 4 6 0
e 5 6 0
f 20
p 14
t # 122
v 0 0
v 1 1
v 2 1
v 3 1
v 4 6
v 5 6
v 6 6
e 0 1 0
e 1 2 0
e 2 3 0
e 3 4 0
e 3 5 0
e 3 6 0
e 4 5 0
e 4 6 0
e 5 6 0
f 280
p 280
t # 123
v 0 1
v 1 1
v 2 4
v 3 6
v 4 1
v 5 1
v 6 6
v 7 6
e 0 1 0
e 0 3 0
e 0 6 0
e 0 7 0
e 1 2 0
e 1 4 0
e 1 5 0
e 3 6 0
e 3 7 0
e 6 7 0
f 280
p 280
t # 124
v 0 0
v 1 1
v 2 1
v 3 1
v 4 4
v 5 7
v 6 7
v 7 0
v 8 4
e 0 1 0
e 0 5 0
e 0 6 0
e 1 2 0
e 2 3 0
e 2 8 0
e 3 4 0
e 3 7 0
e 5 6 0
f 260
p 257
t # 125
v 0 1
v 1 6
v 2 6
v 3 6
v 4 1
e 0 1 0
e 0 2 0
e 0 3 0
e 0 4 0
e 1 2 0
e 1 3 0
e 2 3 0
f 280
p 278
t # 126
v 0 0
v 1 1
v 2 1
v 3 1
v 4 4
v 5 6
v 6 6
v 7 6
e 0 1 0
e 0 4 0
e 1 2 0
e 2 3 0
e 3 5 0
e 3 6 0
e 5 6 0
e 5 7 0
f 280
p 279
t # 127
v 0 1
v 1 1
v 2 1
v 3 6
v 4 6
v 5 6
v 6 6
v 7 6
v 8 6
e 0 1 0
e 0 4 0
e 1 2 0
e 2 3 0
e 3 5 0
e 4 6 0
e 5 7 0
e 6 8 0
f 260
p 296
t # 128
v 0 1
v 1 1
v 2 4
v 3 6
v 4 6
v 5 6
v 6 1
v 7 1
e 0 1 0
e 0 3 0
e 0 4 0
e 1 2 0
e 1 6 0
e 1 7 0
e 3 4 0
e 3 5 0
e 4 5 0
f 280
p 280
t # 129
v 0 0
v 1 1
v 2 1
v 3 6
v 4 6
v 5 6
v 6 1
e 0 1 0
e 1 2 0
e 2 3 0
e 3 4 0
e 4 5 0
e 4 6 0
e 5 6 0
f 20
p 14
t # 130
v 0 0
v 1 1
v 2 1
v 3 1
v 4 1
v 5 6
v 6 6
v 7 6
v 8 4
e 0 1 0
e 1 2 0
e 2 3 0
e 3 4 0
e 3 8 0
e 4 5 0
e 4 7 0
e 5 6 0
e 6 7 0
f 280
p 279
t # 131
v 0 0
v 1 1
v 2 1
v 3 1
v 4 1
v 5 6
v 6 6
v 7 6
e 0 1 0
e 1 2 0
e 2 3 0
e 3 4 0
e 4 5 0
e 5 6 0
e 5 7 0
e 6 7 0
f 280
p 277
t # 132
v 0 1
v 1 1
v 2 4
v 3 7
v 4 7
v 5 1
v 6 1
v 7 7
e 0 1 0
e 0 3 0
e 0 7 0
e 1 2 0
e 1 5 0
e 1 6 0
e 3 4 0
e 4 7 0
f 260
p 260
t # 133
v 0 0
v 1 1
v 2 1
v 3 1
v 4 4
v 5 8
v 6 8
v 7 4
v 8 4
e 0 1 0
e 0 5 0
e 0 6 0
e 1 2 0
e 2 3 0
e 2 7 0
e 2 8 0
e 3 4 0
e 5 6 0
f 220
p 220
t # 134
v 0 0
v 1 1
v 2 1
v 3 1
v 4 6
v 5 6
v 6 6
v 7 4
e 0 1 0
e 1 2 0
e 2 3 0
e 2 7 0
e 3 4 0
e 3 6 0
e 4 5 0
e 5 6 0
f 280
p 279
t # 135
v 0 0
v 1 1
v 2 1
v 3 1
v 4 1
v 5 4
v 6 6
v 7 6
v 8 4
e 0 1 0
e 0 5 0
e 1 2 0
e 2 3 0
e 3 4 0
e 3 8 0
e 4 6 0
e 4 7 0
e 6 7 0
f 280
p 283
t # 136
v 0 0
v 1 1
v 2 1
v 3 1
v 4 1
v 5 4
v 6 6
v 7 6
v 8 6
e 0 1 0
e 0 5 0
e 1 2 0
e 2 3 0
e 3 4 0
e 4 6 0
e 4 7 0
e 4 8 0
e 6 7 0
f 280
p 282
t # 137
v 0 1
v 1 1
v 2 4
v 3 6
v 4 6
v 5 1
v 6 2
v 7 6
e 0 1 0
e 0 3 0
e 0 7 0
e 1 2 0
e 1 5 0
e 1 6 0
e 3 4 0
e 4 7 0
f 220
p 222
t # 138
v 0 1
v 1 1
v 2 4
v 3 7
v 4 7
v 5 1
v 6 1
v 7 7
e 0 1 0
e 0 3 0
e 0 7 0
e 1 2 0
e 1 5 0
e 1 6 0
e 3 4 0
e 4 7 0
f 260
p 260
t # 139
v 0 0
v 1 1
v 2 1
v 3 1
v 4 1
v 5 4
v 6 6
v 7 6
v 8 4
e 0 1 0
e 0 5 0
e 1 2 0
e 2 3 0
e 2 8 0
e 3 4 0
e 4 6 0
e 4 7 0
e 6 7 0
f 280
p 285
t # 140
v 0 0
v 1 1
v 2 1
v 3 1
v 4 4
v 5 8
v 6 8
v 7 1
v 8 4
e 0 1 0
e 0 5 0
e 0 6 0
e 1 2 0
e 2 3 0
e 2 8 0
e 3 4 0
e 3 7 0
e 5 6 0
f 220
p 219
t # 141
v 0 0
v 1 1
v 2 1
v 3 1
v 4 4
v 5 8
v 6 8
v 7 4
v 8 4
e 0 1 0
e 0 5 0
e 0 6 0
e 1 2 0
e 2 3 0
e 2 8 0
e 3 4 0
e 3 7 0
e 5 6 0
f 220
p 221
t # 142
v 0 1
v 1 1
v 2 4
v 3 6
v 4 6
v 5 6
v 6 2
e 0 1 0
e 0 3 0
e 0 4 0
e 1 2 0
e 1 6 0
e 3 4 0
e 3 5 0
e 4 5 0
f 220
p 219
t # 143
v 0 0
v 1 1
v 2 1
v 3 1
v 4 1
v 5 7
v 6 7
v 7 7
e 0 1 0
e 1 2 0
e 2 3 0
e 3 4 0
e 4 5 0
e 4 6 0
e 4 7 0
e 5 6 0
e 5 7 0
e 6 7 0
f 280
p 276
t # 144
v 0 1
v 1 1
v 2 1
v 3 7
v 4 7
v 5 7
e 0 1 0
e 0 4 0
e 1 2 0
e 2 3 0
e 3 5 0
f 260
p 221
t # 145
v 0 0
v 1 1
v 2 1
v 3 1
v 4 6
v 5 6
v 6 6
v 7 4
e 0 1 0
e 1 2 0
e 2 3 0
e 2 7 0
e 3 4 0
e 3 5 0
e 3 6 0
e 4 5 0
e 4 6 0
e 5 6 0
f 280
p 277
t # 146
v 0 0
v 1 1
v 2 1
v 3 1
v 4 1
v 5 7
v 6 7
v 7 4
e 0 1 0
e 1 2 0
e 2 3 0
e 2 7 0
e 3 4 0
e 4 5 0
e 4 6 0
e 5 6 0
f 280
p 269
t # 147
v 0 0
v 1 1
v 2 1
v 3 1
v 4 6
v 5 6
v 6 6
v 7 4
e 0 1 0
e 1 2 0
e 2 3 0
e 2 7 0
e 3 4 0
e 3 6 0
e 4 5 0
e 5 6 0
f 280
p 279
t # 148
v 0 0
v 1 1
v 2 1
v 3 1
v 4 0
v 5 7
v 6 7
v 7 4
e 0 1 0
e 1 2 0
e 2 3 0
e 2 7 0
e 3 4 0
e 4 5 0
e 4 6 0
e 5 6 0
f 260
p 247
t # 149
v 0 0
v 1 1
v 2 1
v 3 1
v 4 0
v 5 1
v 6 2
v 7 7
v 8 7
e 0 1 0
e 0 7 0
e 0 8 0
e 1 2 0
e 2 3 0
e 3 4 0
e 4 5 0
e 5 6 0
e 7 8 0
f 280
p 279
t # 150
v 0 0
v 1 1
v 2 1
v 3 1
v 4 6
v 5 6
v 6 6
v 7 4
e 0 1 0
e 1 2 0
e 2 3 0
e 2 7 0
e 3 4 0
e 3 6 0
e 4 5 0
e 5 6 0
f 280
p 279
t # 151
v 0 0
v 1 1
v 2 1
v 3 4
v 4 4
v 5 4
v 6 4
v 7 4
v 8 4
e 0 1 0
e 0 4 0
e 0 5 0
e 1 2 0
e 1 7 0
e 1 8 0
e 2 3 0
e 2 6 0
f 240
p 241
t # 152
v 0 0
v 1 1
v 2 1
v 3 1
v 4 4
v 5 6
v 6 6
v 7 6
e 0 1 0
e 0 4 0
e 1 2 0
e 2 3 0
e 3 5 0
e 5 6 0
e 5 7 0
e 6 7 0
f 280
p 280
t # 153
v 0 1
v 1 1
v 2 4
v 3 6
v 4 6
v 5 1
v 6 1
v 7 6
e 0 1 0
e 0 3 0
e 0 7 0
e 1 2 0
e 1 5 0
e 1 6 0
e 3 4 0
e 4 7 0
f 280
p 280
t # 154
v 0 0
v 1 1
v 2 1
v 3 1
v 4 1
v 5 7
v 6 7
v 7 4
v 8 4
e 0 1 0
e 1 2 0
e 2 3 0
e 2 8 0
e 3 4 0
e 3 7 0
e 4 5 0
e 4 6 0
e 5 6 0
f 260
p 262
t # 155
v 0 0
v 1 1
v 2 1
v 3 1
v 4 4
v 5 6
v 6 4
v 7 6
e 0 1 0
e 0 4 0
e 1 2 0
e 1 6 0
e 2 3 0
e 3 5 0
e 3 7 0
e 5 7 0
f 280
p 279
t # 156
v 0 1
v 1 1
v 2 4
v 3 7
v 4 7
v 5 1
v 6 1
v 7 7
e 0 1 0
e 0 3 0
e 0 7 0
e 1 2 0
e 1 5 0
e 1 6 0
e 3 4 0
e 4 7 0
f 260
p 260
t # 157
v 0 0
v 1 1
v 2 1
v 3 1
v 4 1
v 5 7
v 6 7
v 7 7
v 8 4
e 0 1 0
e 1 2 0
e 2 3 0
e 3 4 0
e 3 8 0
e 4 5 0
e 4 6 0
e 4 7 0
e 5 6 0
e 5 7 0
e 6 7 0
f 260
p 260
t # 158
v 0 1
v 1 1
v 2 4
v 3 6
v 4 1
v 5 6
v 6 6
e 0 1 0
e 0 3 0
e 0 5 0
e 0 6 0
e 1 2 0
e 1 4 0
e 3 5 0
e 3 6 0
f 280
p 277
t # 159
v 0 0
v 1 1
v 2 1
v 3 1
v 4 1
v 5 6
v 6 6
v 7 6
v 8 4
e 0 1 0
e 1 2 0
e 2 3 0
e 2 8 0
e 3 4 0
e 4 5 0
e 4 6 0
e 4 7 0
e 5 6 0
e 5 7 0
f 280
p 281
t # 160
v 0 0
v 1 1
v 2 1
v 3 1
v 4 4
v 5 7
v 6 7
v 7 4
v 8 4
e 0 1 0
e 0 5 0
e 0 6 0
e 1 2 0
e 2 3 0
e 2 7 0
e 2 8 0
e 3 4 0
e 5 6 0
f 260
p 261
t # 161
v 0 0
v 1 1
v 2 1
v 3 1
v 4 1
v 5 7
v 6 7
v 7 6
e 0 1 0
e 1 2 0
e 2 3 0
e 3 4 0
e 3 7 0
e 4 5 0
e 4 6 0
e 5 6 0
f 260
p 257
t # 162
v 0 0
v 1 1
v 2 1
v 3 1
v 4 1
v 5 7
v 6 7
v 7 7
e 0 1 0
e 1 2 0
e 2 3 0
e 3 4 0
e 4 5 0
e 4 6 0
e 4 7 0
e 5 6 0
e 5 7 0
f 280
p 274
t # 163
v 0 0
v 1 1
v 2 1
v 3 1
v 4 1
v 5 1
v 6 8
v 7 8
e 0 1 0
e 0 6 0
e 0 7 0
e 1 2 0
e 2 3 0
e 3 4 0
e 4 5 0
e 6 7 0
f 240
p 239
t # 164
v 0 1
v 1 1
v 2 4
v 3 6
v 4 6
v 5 6
v 6 2
e 0 1 0
e 0 3 0
e 0 4 0
e 1 2 0
e 1 6 0
e 3 4 0
e 3 5 0
e 4 5 0
f 220
p 219
t # 165
v 0 0
v 1 1
v 2 1
v 3 1
v 4 6
v 5 6
v 6 6
v 7 4
e 0 1 0
e 1 2 0
e 2 3 0
e 2 7 0
e 3 4 0
e 4 5 0
e 4 6 0
e 5 6 0
f 280
p 279
t # 166
v 0 0
v 1 1
v 2 0
v 3 1
v 4 1
v 5 4
v 6 5
v 7 5
v 8 4
e 0 1 0
e 0 6 0
e 1 2 0
e 2 3 0
e 3 4 0
e 3 8 0
e 4 5 0
e 6 7 0
f 200
p 201
t # 167
v 0 0
v 1 1
v 2 1
v 3 1
v 4 0
v 5 4
v 6 7
v 7 7
v 8 4
e 0 1 0
e 0 6 0
e 0 7 0
e 1 2 0
e 2 3 0
e 3 4 0
e 3 8 0
e 4 5 0
e 6 7 0
f 260
p 254
t # 168
v 0 0
v 1 1
v 2 1
v 3 1
v 4 1
v 5 6
v 6 6
v 7 6
v 8 4
e 0 1 0
e 1 2 0
e 2 3 0
e 2 8 0
e 3 4 0
e 4 5 0
e 4 6 0
e 5 6 0
e 5 7 0
e 6 7 0
f 280
p 280
t # 169
v 0 0
v 1 1
v 2 1
v 3 1
v 4 1
v 5 1
v 6 7
v 7 7
v 8 7
e 0 1 0
e 1 2 0
e 2 3 0
e 3 4 0
e 4 5 0
e 5 6 0
e 6 7 0
e 6 8 0
e 7 8 0
f 260
p 270
t # 170
v 0 0
v 1 1
v 2 1
v 3 1
v 4 6
v 5 6
v 6 6
v 7 4
e 0 1 0
e 1 2 0
e 2 3 0
e 2 7 0
e 3 4 0
e 3 6 0
e 4 5 0
e 5 6 0
f 280
p 279
t # 171
v 0 1
v 1 1
v 2 4
v 3 7
v 4 7
v 5 7
v 6 1
e 0 1 0
e 0 3 0
e 1 2 0
e 1 6 0
e 3 4 0
e 3 5 0
e 4 5 0
f 260
p 259
t # 172
v 0 0
v 1 1
v 2 1
v 3 1
v 4 1
v 5 4
v 6 7
v 7 7
v 8 4
e 0 1 0
e 0 5 0
e 1 2 0
e 2 3 0
e 2 8 0
e 3 4 0
e 4 6 0
e 4 7 0
e 6 7 0
f 280
p 277
t # 173
v 0 0
v 1 1
v 2 1
v 3 4
v 4 4
v 5 4
v 6 4
v 7 4
v 8 4
e 0 1 0
e 0 4 0
e 0 5 0
e 0 6 0
e 1 2 0
e 1 7 0
e 1 8 0
e 2 3 0
f 240
p 256
t # 174
v 0 0
v 1 1
v 2 1
v 3 1
v 4 1
v 5 7
v 6 7
v 7 6
v 8 6
e 0 1 0
e 1 2 0
e 2 3 0
e 3 4 0
e 3 7 0
e 3 8 0
e 4 5 0
e 5 6 0
e 7 8 0
f 260
p 266
t # 175
v 0 0
v 1 1
v 2 1
v 3 1
v 4 6
v 5 6
v 6 6
v 7 4
e 0 1 0
e 1 2 0
e 2 3 0
e 2 7 0
e 3 4 0
e 3 6 0
e 4 5 0
e 5 6 0
f 280
p 279
t # 176
v 0 0
v 1 1
v 2 1
v 3 1
v 4 6
v 5 6
v 6 6
v 7 4
e 0 1 0
e 1 2 0
e 2 3 0
e 2 7 0
e 3 4 0
e 3 6 0
e 4 5 0
e 5 6 0
f 280
p 279
t # 177
v 0 0
v 1 1
v 2 1
v 3 1
v 4 6
v 5 6
v 6 6
v 7 4
e 0 1 0
e 1 2 0
e 2 3 0
e 2 7 0
e 3 4 0
e 3 6 0
e 4 5 0
e 5 6 0
f 280
p 279
t # 178
v 0 0
v 1 1
v 2 1
v 3 1
v 4 1
v 5 7
v 6 7
v 7 6
e 0 1 0
e 1 2 0
e 2 3 0
e 3 4 0
e 3 7 0
e 4 5 0
e 4 6 0
e 5 6 0
f 260
p 257
t # 179
v 0 1
v 1 1
v 2 1
v 3 7
v 4 7
v 5 7
e 0 1 0
e 1 2 0
e 2 3 0
e 3 4 0
e 4 5 0
f 280
p 274
t # 180
v 0 1
v 1 1
v 2 4
v 3 7
v 4 7
v 5 1
v 6 1
v 7 7
e 0 1 0
e 0 3 0
e 0 7 0
e 1 2 0
e 1 5 0
e 1 6 0
e 3 4 0
e 4 7 0
f 260
p 260
t # 181
v 0 0
v 1 1
v 2 1
v 3 1
v 4 1
v 5 6
v 6 6
v 7 6
v 8 4
e 0 1 0
e 1 2 0
e 2 3 0
e 3 4 0
e 3 8 0
e 4 5 0
e 4 6 0
e 5 6 0
e 5 7 0
f 280
p 278
t # 182
v 0 1
v 1 1
v 2 4
v 3 7
v 4 7
v 5 1
v 6 1
v 7 7
e 0 1 0
e 0 3 0
e 0 7 0
e 1 2 0
e 1 5 0
e 1 6 0
e 3 4 0
e 4 7 0
f 260
p 260
t # 183
v 0 1
v 1 1
v 2 4
v 3 7
v 4 7
v 5 1
v 6 1
v 7 7
e 0 1 0
e 0 3 0
e 0 7 0
e 1 2 0
e 1 5 0
e 1 6 0
e 3 4 0
e 4 7 0
f 260
p 260
t # 184
v 0 0
v 1 1
v 2 1
v 3 1
v 4 1
v 5 7
v 6 7
v 7 7
e 0 1 0
e 1 2 0
e 2 3 0
e 3 4 0
e 4 5 0
e 4 6 0
e 5 6 0
e 5 7 0
e 6 7 0
f 280
p 276
t # 185
v 0 0
v 1 6
v 2 1
v 3 1
v 4 1
v 5 6
v 6 6
v 7 6
v 8 4
e 0 1 0
e 1 2 0
e 1 6 0
e 1 7 0
e 2 3 0
e 3 4 0
e 3 8 0
e 4 5 0
f 20
p 14
t # 186
v 0 0
v 1 1
v 2 1
v 3 1
v 4 6
v 5 6
v 6 6
e 0 1 0
e 1 2 0
e 2 3 0
e 3 4 0
e 4 5 0
e 4 6 0
e 5 6 0
f 280
p 280
t # 187
v 0 1
v 1 1
v 2 4
v 3 6
v 4 6
v 5 6
v 6 1
e 0 1 0
e 0 3 0
e 0 4 0
e 1 2 0
e 1 6 0
e 3 4 0
e 3 5 0
e 4 5 0
f 280
p 276
t # 188
v 0 0
v 1 1
v 2 1
v 3 1
v 4 1
v 5 4
v 6 7
v 7 7
v 8 7
e 0 1 0
e 0 5 0
e 1 2 0
e 2 3 0
e 3 4 0
e 4 6 0
e 6 7 0
e 6 8 0
e 7 8 0
f 280
p 279
t # 189
v 0 0
v 1 1
v 2 1
v 3 1
v 4 1
v 5 6
v 6 6
v 7 6
e 0 1 0
e 1 2 0
e 2 3 0
e 3 4 0
e 4 5 0
e 4 6 0
e 5 6 0
e 5 7 0
e 6 7 0
f 280
p 278
t # 190
v 0 0
v 1 1
v 2 1
v 3 1
v 4 4
v 5 8
v 6 8
e 0 1 0
e 0 5 0
e 1 2 0
e 2 3 0
e 3 4 0
e 5 6 0
f 220
p 218
t # 191
v 0 1
v 1 1
v 2 4
v 3 6
v 4 6
v 5 6
v 6 2
e 0 1 0
e 0 3 0
e 0 4 0
e 1 2 0
e 1 6 0
e 3 4 0
e 3 5 0
e 4 5 0
f 220
p 219
t # 192
v 0 0
v 1 1
v 2 1
v 3 1
v 4 1
v 5 6
v 6 6
v 7 6
e 0 1 0
e 1 2 0
e 2 3 0
e 3 4 0
e 4 5 0
e 4 6 0
e 4 7 0
e 5 6 0
e 5 7 0
e 6 7 0
f 280
p 276
t # 193
v 0 1
v 1 1
v 2 1
v 3 1
v 4 6
v 5 6
v 6 6
v 7 7
e 0 1 0
e 0 7 0
e 1 2 0
e 2 3 0
e 3 4 0
e 4 5 0
e 5 6 0
f 260
p 269
t # 194
v 0 0
v 1 1
v 2 1
v 3 1
v 4 6
v 5 6
v 6 6
v 7 4
e 0 1 0
e 1 2 0
e 2 3 0
e 2 7 0
e 3 4 0
e 3 6 0
e 4 5 0
e 5 6 0
f 280
p 279
t # 195
v 0 0
v 1 1
v 2 1
v 3 1
v 4 1
v 5 1
v 6 8
v 7 8
v 8 4
e 0 1 0
e 0 6 0
e 0 7 0
e 1 2 0
e 2 3 0
e 3 4 0
e 3 8 0
e 4 5 0
e 6 7 0
f 220
p 225
t # 196
v 0 0
v 1 1
v 2 0
v 3 1
v 4 4
v 5 5
v 6 5
v 7 4
v 8 4
e 0 1 0
e 0 5 0
e 1 2 0
e 2 3 0
e 2 8 0
e 3 4 0
e 3 7 0
e 5 6 0
f 200
p 198
t # 197
v 0 0
v 1 1
v 2 1
v 3 1
v 4 6
v 5 6
v 6 6
v 7 4
e 0 1 0
e 1 2 0
e 2 3 0
e 2 7 0
e 3 4 0
e 3 6 0
e 4 5 0
e 5 6 0
f 280
p 279
t # 198
v 0 0
v 1 1
v 2 1
v 3 1
v 4 6
v 5 6
v 6 6
v 7 4
e 0 1 0
e 1 2 0
e 2 3 0
e 2 7 0
e 3 4 0
e 3 6 0
e 4 5 0
e 5 6 0
f 280
p 279
t # 199
v 0 0
v 1 1
v 2 1
v 3 1
v 4 6
v 5 6
v 6 6
v 7 4
e 0 1 0
e 1 2 0
e 2 3 0
e 2 7 0
e 3 4 0
e 3 6 0
e 4 5 0
e 5 6 0
f 280
p 279
t # 200
v 0 0
v 1 1
v 2 1
v 3 1
v 4 6
v 5 6
v 6 6
v 7 4
e 0 1 0
e 1 2 0
e 2 3 0
e 2 7 0
e 3 4 0
e 3 6 0
e 4 5 0
e 5 6 0
f 280
p 279
t # 201
v 0 1
v 1 1
v 2 4
v 3 7
v 4 7
v 5 1
v 6 1
v 7 7
e 0 1 0
e 0 3 0
e 0 7 0
e 1 2 0
e 1 5 0
e 1 6 0
e 3 4 0
e 4 7 0
f 260
p 260
t # 202
v 0 1
v 1 1
v 2 4
v 3 7
v 4 7
v 5 1
v 6 1
v 7 7
e 0 1 0
e 0 3 0
e 0 7 0
e 1 2 0
e 1 5 0
e 1 6 0
e 3 4 0
e 4 7 0
f 260
p 260
t # 203
v 0 0
v 1 1
v 2 1
v 3 1
v 4 1
v 5 0
v 6 1
v 7 8
v 8 8
e 0 1 0
e 0 7 0
e 1 2 0
e 2 3 0
e 3 4 0
e 4 5 0
e 5 6 0
e 7 8 0
f 240
p 238
t # 204
v 0 0
v 1 1
v 2 1
v 3 6
v 4 6
v 5 6
v 6 1
e 0 1 0
e 1 2 0
e 2 3 0
e 3 4 0
e 4 5 0
e 4 6 0
e 5 6 0
f 20
p 14
t # 205
v 0 1
v 1 1
v 2 4
v 3 6
v 4 6
v 5 6
v 6 2
e 0 1 0
e 0 3 0
e 0 4 0
e 1 2 0
e 1 6 0
e 3 4 0
e 3 5 0
e 4 5 0
f 220
p 219
t # 206
v 0 0
v 1 1
v 2 1
v 3 4
v 4 8
v 5 8
v 6 4
e 0 1 0
e 0 4 0
e 0 5 0
e 1 2 0
e 2 3 0
e 2 6 0
e 4 5 0
f 220
p 219
t # 207
v 0 0
v 1 1
v 2 1
v 3 1
v 4 1
v 5 7
v 6 7
v 7 7
v 8 6
e 0 1 0
e 1 2 0
e 2 3 0
e 3 4 0
e 3 8 0
e 4 5 0
e 5 6 0
e 5 7 0
e 6 7 0
f 260
p 264
t # 208
v 0 0
v 1 1
v 2 1
v 3 1
v 4 1
v 5 6
v 6 6
v 7 6
e 0 1 0
e 1 2 0
e 2 3 0
e 3 4 0
e 4 5 0
e 4 6 0
e 5 6 0
e 5 7 0
f 280
p 279
t # 209
v 0 1
v 1 1
v 2 4
v 3 6
v 4 6
v 5 1
v 6 1
v 7 6
e 0 1 0
e 0 3 0
e 0 7 0
e 1 2 0
e 1 5 0
e 1 6 0
e 3 4 0
e 4 7 0
f 280
p 280
t # 210
v 0 1
v 1 1
v 2 4
v 3 7
v 4 7
v 5 1
v 6 1
v 7 7
e 0 1 0
e 0 3 0
e 0 7 0
e 1 2 0
e 1 5 0
e 1 6 0
e 3 4 0
e 4 7 0
f 260
p 260
t # 211
v 0 1
v 1 1
v 2 4
v 3 7
v 4 7
v 5 1
v 6 1
v 7 7
e 0 1 0
e 0 3 0
e 0 7 0
e 1 2 0
e 1 5 0
e 1 6 0
e 3 4 0
e 4 7 0
f 260
p 260
t # 212
v 0 0
v 1 1
v 2 1
v 3 1
v 4 6
v 5 6
v 6 6
v 7 4
e 0 1 0
e 1 2 0
e 2 3 0
e 2 7 0
e 3 4 0
e 3 6 0
e 4 5 0
e 5 6 0
f 280
p 279
t # 213
v 0 0
v 1 1
v 2 1
v 3 1
v 4 6
v 5 6
v 6 6
v 7 4
e 0 1 0
e 1 2 0
e 2 3 0
e 2 7 0
e 3 4 0
e 3 6 0
e 4 5 0
e 5 6 0
f 280
p 279
t # 214
v 0 0
v 1 1
v 2 1
v 3 1
v 4 0
v 5 1
v 6 7
v 7 7
v 8 4
e 0 1 0
e 0 6 0
e 0 7 0
e 1 2 0
e 2 3 0
e 3 4 0
e 3 8 0
e 4 5 0
e 6 7 0
f 260
p 260
t # 215
v 0 0
v 1 1
v 2 1
v 3 4
v 4 8
v 5 8
v 6 4
v 7 1
e 0 1 0
e 0 4 0
e 0 5 0
e 1 2 0
e 2 3 0
e 2 6 0
e 2 7 0
e 4 5 0
f 220
p 222
t # 216
v 0 1
v 1 7
v 2 7
v 3 7
e 0 1 0
e 0 2 0
e 1 2 0
e 1 3 0
e 2 3 0
f 280
p 206
t # 217
v 0 0
v 1 1
v 2 1
v 3 1
v 4 1
v 5 0
v 6 7
v 7 7
v 8 4
e 0 1 0
e 1 2 0
e 2 3 0
e 3 4 0
e 3 8 0
e 4 5 0
e 5 6 0
e 5 7 0
e 6 7 0
f 260
p 258
t # 218
v 0 1
v 1 1
v 2 1
v 3 6
v 4 6
v 5 6
v 6 6
v 7 6
e 0 1 0
e 0 4 0
e 1 2 0
e 2 3 0
e 3 5 0
e 4 6 0
e 5 7 0
f 280
p 259
t # 219
v 0 0
v 1 1
v 2 1
v 3 1
v 4 1
v 5 1
v 6 7
v 7 7
v 8 7
e 0 1 0
e 1 2 0
e 2 3 0
e 3 4 0
e 4 5 0
e 5 6 0
e 6 7 0
e 7 8 0
f 260
p 268
t # 220
v 0 0
v 1 1
v 2 1
v 3 1
v 4 1
v 5 1
v 6 7
v 7 7
v 8 7
e 0 1 0
e 1 2 0
e 2 3 0
e 3 4 0
e 4 5 0
e 5 6 0
e 5 7 0
e 6 7 0
e 6 8 0
e 7 8 0
f 260
p 267
t # 221
v 0 0
v 1 1
v 2 1
v 3 1
v 4 1
v 5 4
v 6 7
v 7 7
v 8 7
e 0 1 0
e 0 5 0
e 1 2 0
e 2 3 0
e 3 4 0
e 4 6 0
e 6 7 0
e 6 8 0
e 7 8 0
f 280
p 279
t # 222
v 0 1
v 1 1
v 2 1
v 3 1
v 4 4
v 5 7
v 6 7
v 7 7
e 0 1 0
e 0 5 0
e 1 2 0
e 2 3 0
e 3 4 0
e 5 6 0
e 6 7 0
f 280
p 270
t # 223
v 0 1
v 1 1
v 2 4
v 3 6
v 4 6
v 5 6
v 6 1
v 7 2
e 0 1 0
e 0 3 0
e 0 4 0
e 1 2 0
e 1 6 0
e 1 7 0
e 3 4 0
e 3 5 0
f 220
p 222
t # 224
v 0 1
v 1 1
v 2 4
v 3 6
v 4 1
v 5 6
v 6 6
e 0 1 0
e 0 3 0
e 0 5 0
e 0 6 0
e 1 2 0
e 1 4 0
e 3 5 0
f 280
p 281
t # 225
v 0 1
v 1 1
v 2 6
v 3 7
v 4 7
v 5 7
e 0 1 0
e 0 3 0
e 1 2 0
e 3 4 0
e 4 5 0
f 260
p 259
t # 226
v 0 1
v 1 1
v 2 6
v 3 6
v 4 7
v 5 7
e 0 1 0
e 0 4 0
e 1 2 0
e 2 3 0
e 4 5 0
f 260
p 249
t # 227
v 0 0
v 1 1
v 2 1
v 3 1
v 4 1
v 5 1
v 6 8
v 7 8
e 0 1 0
e 0 6 0
e 0 7 0
e 1 2 0
e 2 3 0
e 3 4 0
e 4 5 0
e 6 7 0
f 240
p 239
t # 228
v 0 0
v 1 1
v 2 1
v 3 1
v 4 1
v 5 7
v 6 7
v 7 6
e 0 1 0
e 1 2 0
e 2 3 0
e 3 4 0
e 3 7 0
e 4 5 0
e 4 6 0
e 5 6 0
f 260
p 257
t # 229
v 0 0
v 1 1
v 2 1
v 3 1
v 4 1
v 5 1
v 6 7
v 7 7
v 8 7
e 0 1 0
e 1 2 0
e 2 3 0
e 3 4 0
e 4 5 0
e 5 6 0
e 5 7 0
e 5 8 0
e 6 7 0
f 260
p 271
t # 230
v 0 0
v 1 1
v 2 1
v 3 1
v 4 6
v 5 6
v 6 6
v 7 4
e 0 1 0
e 1 2 0
e 2 3 0
e 2 7 0
e 3 4 0
e 3 6 0
e 4 5 0
e 5 6 0
f 280
p 279
t # 231
v 0 1
v 1 1
v 2 4
v 3 7
v 4 7
v 5 7
e 0 1 0
e 0 3 0
e 0 4 0
e 1 2 0
e 3 4 0
e 3 5 0
f 260
p 262
t # 232
v 0 1
v 1 1
v 2 4
v 3 7
v 4 7
v 5 1
v 6 1
v 7 7
e 0 1 0
e 0 3 0
e 0 7 0
e 1 2 0
e 1 5 0
e 1 6 0
e 3 4 0
e 4 7 0
f 260
p 260
t # 233
v 0 0
v 1 1
v 2 1
v 3 1
v 4 1
v 5 0
v 6 4
v 7 8
v 8 8
e 0 1 0
e 0 7 0
e 0 8 0
e 1 2 0
e 2 3 0
e 3 4 0
e 4 5 0
e 5 6 0
e 7 8 0
f 220
p 223
t # 234
v 0 0
v 1 1
v 2 1
v 3 4
v 4 7
v 5 7
v 6 4
e 0 1 0
e 0 4 0
e 1 2 0
e 2 3 0
e 2 6 0
e 4 5 0
f 260
p 259
t # 235
v 0 0
v 1 1
v 2 1
v 3 1
v 4 6
v 5 6
v 6 6
v 7 4
e 0 1 0
e 1 2 0
e 2 3 0
e 2 7 0
e 3 4 0
e 3 5 0
e 3 6 0
e 4 5 0
e 4 6 0
f 280
p 278
t # 236
v 0 0
v 1 1
v 2 1
v 3 1
v 4 1
v 5 6
v 6 6
v 7 6
v 8 4
e 0 1 0
e 1 2 0
e 2 3 0
e 2 8 0
e 3 4 0
e 4 5 0
e 4 6 0
e 4 7 0
e 5 6 0
e 5 7 0
e 6 7 0
f 280
p 280
t # 237
v 0 0
v 1 1
v 2 1
v 3 1
v 4 6
v 5 6
v 6 6
v 7 4
e 0 1 0
e 1 2 0
e 2 3 0
e 2 7 0
e 3 4 0
e 3 6 0
e 4 5 0
e 5 6 0
f 280
p 279
t # 238
v 0 0
v 1 1
v 2 1
v 3 1
v 4 4
v 5 6
v 6 6
v 7 6
v 8 4
e 0 1 0
e 0 4 0
e 1 2 0
e 2 3 0
e 2 8 0
e 3 5 0
e 3 6 0
e 3 7 0
e 5 6 0
e 5 7 0
e 6 7 0
f 280
p 281
t # 239
v 0 1
v 1 1
v 2 1
v 3 1
v 4 2
v 5 6
v 6 6
v 7 6
e 0 1 0
e 0 5 0
e 1 2 0
e 2 3 0
e 3 4 0
e 5 6 0
e 6 7 0
f 280
p 266
t # 240
v 0 0
v 1 1
v 2 1
v 3 1
v 4 6
v 5 6
v 6 6
v 7 4
e 0 1 0
e 1 2 0
e 2 3 0
e 2 7 0
e 3 4 0
e 3 6 0
e 4 5 0
e 5 6 0
f 280
p 279
t # 241
v 0 1
v 1 1
v 2 4
v 3 7
v 4 7
v 5 7
v 6 1
v 7 1
e 0 1 0
e 0 3 0
e 0 4 0
e 1 2 0
e 1 6 0
e 1 7 0
e 3 4 0
e 3 5 0
f 260
p 260
t # 242
v 0 0
v 1 1
v 2 1
v 3 1
v 4 1
v 5 1
v 6 8
v 7 8
e 0 1 0
e 0 6 0
e 0 7 0
e 1 2 0
e 2 3 0
e 3 4 0
e 4 5 0
e 6 7 0
f 240
p 239
t # 243
v 0 1
v 1 1
v 2 4
v 3 7
v 4 7
v 5 7
e 0 1 0
e 0 3 0
e 1 2 0
e 3 4 0
e 3 5 0
e 4 5 0
f 260
p 255
t # 244
v 0 1
v 1 1
v 2 4
v 3 6
v 4 6
v 5 6
e 0 1 0
e 0 3 0
e 1 2 0
e 3 4 0
e 3 5 0
e 4 5 0
f 280
p 282
t # 245
v 0 0
v 1 6
v 2 6
v 3 6
v 4 1
v 5 1
v 6 1
v 7 0
v 8 1
e 0 1 0
e 0 5 0
e 1 2 0
e 2 3 0
e 2 6 0
e 2 4 0
e 3 4 0
e 6 7 0
e 6 8 0
f 20
p 5
t # 246
v 0 0
v 1 1
v 2 1
v 3 1
v 4 6
v 5 6
v 6 6
v 7 4
e 0 1 0
e 1 2 0
e 2 3 0
e 2 7 0
e 3 4 0
e 3 6 0
e 4 5 0
e 5 6 0
f 280
p 279
t # 247
v 0 0
v 1 1
v 2 1
v 3 1
v 4 4
v 5 6
v 6 6
v 7 1
v 8 4
e 0 1 0
e 0 4 0
e 1 2 0
e 2 3 0
e 2 8 0
e 3 5 0
e 3 6 0
e 3 7 0
e 5 6 0
f 260
p 259
t # 248
v 0 1
v 1 1
v 2 4
v 3 7
v 4 7
v 5 1
v 6 1
v 7 7
e 0 1 0
e 0 3 0
e 0 7 0
e 1 2 0
e 1 5 0
e 1 6 0
e 3 4 0
e 4 7 0
f 260
p 260
t # 249
v 0 0
v 1 1
v 2 1
v 3 1
v 4 6
v 5 6
v 6 6
e 0 1 0
e 1 2 0
e 2 3 0
e 3 4 0
e 3 6 0
e 4 5 0
e 5 6 0
f 280
p 280
t # 250
v 0 0
v 1 1
v 2 1
v 3 4
v 4 8
v 5 8
v 6 4
v 7 1
e 0 1 0
e 0 4 0
e 1 2 0
e 2 3 0
e 2 6 0
e 2 7 0
e 4 5 0
f 220
p 223
t # 251
v 0 0
v 1 1
v 2 1
v 3 1
v 4 1
v 5 6
v 6 6
v 7 6
e 0 1 0
e 1 2 0
e 2 3 0
e 3 4 0
e 4 5 0
e 4 7 0
e 5 6 0
e 6 7 0
f 280
p 280
t # 252
v 0 1
v 1 1
v 2 1
v 3 1
v 4 4
v 5 7
v 6 7
v 7 7
e 0 1 0
e 0 5 0
e 1 2 0
e 2 3 0
e 3 4 0
e 5 6 0
e 6 7 0
f 280
p 270
t # 253
v 0 0
v 1 1
v 2 1
v 3 1
v 4 6
v 5 6
v 6 1
v 7 7
v 8 7
e 0 1 0
e 1 2 0
e 2 3 0
e 3 4 0
e 3 6 0
e 4 5 0
e 6 7 0
e 6 8 0
e 7 8 0
f 260
p 293
t # 254
v 0 1
v 1 1
v 2 4
v 3 7
v 4 7
v 5 1
v 6 1
v 7 7
e 0 1 0
e 0 3 0
e 0 7 0
e 1 2 0
e 1 5 0
e 1 6 0
e 3 4 0
e 4 7 0
f 260
p 260
t # 255
v 0 0
v 1 1
v 2 1
v 3 1
v 4 1
v 5 0
v 6 1
v 7 8
v 8 8
e 0 1 0
e 0 7 0
e 1 2 0
e 2 3 0
e 3 4 0
e 4 5 0
e 5 6 0
e 7 8 0
f 240
p 238
t # 256
v 0 0
v 1 1
v 2 1
v 3 1
v 4 1
v 5 1
v 6 2
v 7 8
v 8 8
e 0 1 0
e 0 7 0
e 0 8 0
e 1 2 0
e 2 3 0
e 3 4 0
e 4 5 0
e 5 6 0
e 7 8 0
f 240
p 241
t # 257
v 0 0
v 1 1
v 2 1
v 3 1
v 4 1
v 5 1
v 6 8
v 7 8
e 0 1 0
e 0 6 0
e 0 7 0
e 1 2 0
e 2 3 0
e 3 4 0
e 4 5 0
e 6 7 0
f 240
p 239
t # 258
v 0 0
v 1 1
v 2 1
v 3 1
v 4 1
v 5 7
v 6 7
v 7 6
e 0 1 0
e 1 2 0
e 2 3 0
e 3 4 0
e 3 7 0
e 4 5 0
e 4 6 0
e 5 6 0
f 260
p 257
t # 259
v 0 1
v 1 1
v 2 4
v 3 6
v 4 6
v 5 6
e 0 1 0
e 0 3 0
e 1 2 0
e 3 4 0
e 4 5 0
f 280
p 277
t # 260
v 0 0
v 1 1
v 2 1
v 3 6
v 4 6
v 5 6
v 6 1
e 0 1 0
e 1 2 0
e 2 3 0
e 3 4 0
e 4 5 0
e 4 6 0
e 5 6 0
f 20
p 14
t # 261
v 0 0
v 1 1
v 2 1
v 3 1
v 4 4
v 5 7
v 6 7
v 7 4
e 0 1 0
e 0 5 0
e 0 6 0
e 1 2 0
e 2 3 0
e 2 7 0
e 3 4 0
e 5 6 0
f 260
p 258
t # 262
v 0 1
v 1 1
v 2 1
v 3 1
v 4 6
v 5 7
v 6 7
e 0 1 0
e 0 5 0
e 1 2 0
e 2 3 0
e 3 4 0
e 5 6 0
f 260
p 225
t # 263
v 0 1
v 1 1
v 2 4
v 3 7
v 4 7
v 5 1
v 6 1
v 7 7
e 0 1 0
e 0 3 0
e 0 7 0
e 1 2 0
e 1 5 0
e 1 6 0
e 3 4 0
e 4 7 0
f 260
p 260
t # 264
v 0 0
v 1 1
v 2 1
v 3 1
v 4 6
v 5 6
v 6 6
v 7 4
e 0 1 0
e 1 2 0
e 2 3 0
e 2 7 0
e 3 4 0
e 3 6 0
e 4 5 0
e 5 6 0
f 280
p 279
t # 265
v 0 0
v 1 1
v 2 1
v 3 6
v 4 6
v 5 6
v 6 1
e 0 1 0
e 1 2 0
e 2 3 0
e 3 4 0
e 4 5 0
e 4 6 0
e 5 6 0
f 20
p 14
t # 266
v 0 0
v 1 1
v 2 1
v 3 1
v 4 4
v 5 8
v 6 8
v 7 1
v 8 4
e 0 1 0
e 0 5 0
e 0 6 0
e 1 2 0
e 2 3 0
e 2 8 0
e 3 4 0
e 3 7 0
e 5 6 0
f 220
p 219
t # 267
v 0 0
v 1 1
v 2 1
v 3 1
v 4 4
v 5 6
v 6 6
v 7 6
v 8 4
e 0 1 0
e 0 4 0
e 1 2 0
e 2 3 0
e 2 8 0
e 3 5 0
e 5 6 0
e 5 7 0
e 6 7 0
f 280
p 283
t # 268
v 0 0
v 1 1
v 2 1
v 3 1
v 4 1
v 5 7
v 6 7
v 7 7
v 8 4
e 0 1 0
e 1 2 0
e 2 3 0
e 3 4 0
e 3 8 0
e 4 5 0
e 4 6 0
e 4 7 0
e 5 6 0
e 5 7 0
e 6 7 0
f 260
p 260
t # 269
v 0 0
v 1 1
v 2 1
v 3 1
v 4 1
v 5 7
v 6 7
v 7 7
v 8 4
e 0 1 0
e 1 2 0
e 2 3 0
e 3 4 0
e 3 8 0
e 4 5 0
e 4 6 0
e 4 7 0
e 5 6 0
e 5 7 0
e 6 7 0
f 260
p 260
t # 270
v 0 1
v 1 1
v 2 4
v 3 7
v 4 7
v 5 1
v 6 1
v 7 7
e 0 1 0
e 0 3 0
e 0 7 0
e 1 2 0
e 1 5 0
e 1 6 0
e 3 4 0
e 4 7 0
f 260
p 260
t # 271
v 0 1
v 1 1
v 2 4
v 3 7
v 4 7
v 5 1
v 6 1
v 7 7
e 0 1 0
e 0 3 0
e 0 7 0
e 1 2 0
e 1 5 0
e 1 6 0
e 3 4 0
e 4 7 0
f 260
p 260
t # 272
v 0 0
v 1 1
v 2 1
v 3 1
v 4 4
v 5 6
v 6 6
v 7 6
v 8 4
e 0 1 0
e 0 4 0
e 1 2 0
e 2 3 0
e 2 8 0
e 3 5 0
e 3 7 0
e 5 6 0
e 6 7 0
f 280
p 284
t # 273
v 0 1
v 1 1
v 2 4
v 3 7
v 4 7
v 5 1
v 6 1
v 7 7
e 0 1 0
e 0 3 0
e 0 7 0
e 1 2 0
e 1 5 0
e 1 6 0
e 3 4 0
e 4 7 0
f 260
p 260
t # 274
v 0 0
v 1 1
v 2 1
v 3 1
v 4 1
v 5 7
v 6 7
v 7 7
e 0 1 0
e 1 2 0
e 2 3 0
e 3 4 0
e 4 5 0
e 4 6 0
e 4 7 0
e 5 6 0
f 280
p 276
t # 275
v 0 1
v 1 1
v 2 4
v 3 7
v 4 7
v 5 1
v 6 1
v 7 7
e 0 1 0
e 0 3 0
e 0 7 0
e 1 2 0
e 1 5 0
e 1 6 0
e 3 4 0
e 4 7 0
f 260
p 260
t # 276
v 0 0
v 1 1
v 2 1
v 3 6
v 4 6
v 5 6
v 6 1
e 0 1 0
e 1 2 0
e 2 3 0
e 3 4 0
e 4 5 0
e 4 6 0
e 5 6 0
f 20
p 14
t # 277
v 0 0
v 1 1
v 2 1
v 3 1
v 4 6
v 5 6
v 6 6
e 0 1 0
e 1 2 0
e 2 3 0
e 3 4 0
e 3 5 0
e 3 6 0
e 4 5 0
e 4 6 0
f 280
p 280
t # 278
v 0 0
v 1 1
v 2 1
v 3 1
v 4 1
v 5 4
v 6 8
v 7 8
v 8 4
e 0 1 0
e 0 6 0
e 0 7 0
e 1 2 0
e 2 3 0
e 3 4 0
e 3 8 0
e 4 5 0
e 6 7 0
f 220
p 218
t # 279
v 0 0
v 1 1
v 2 1
v 3 1
v 4 6
v 5 6
v 6 6
e 0 1 0
e 1 2 0
e 2 3 0
e 3 4 0
e 3 5 0
e 3 6 0
e 4 5 0
e 4 6 0
f 280
p 280
t # 280
v 0 0
v 1 1
v 2 1
v 3 1
v 4 1
v 5 7
v 6 7
v 7 4
e 0 1 0
e 1 2 0
e 2 3 0
e 3 4 0
e 3 7 0
e 4 5 0
e 4 6 0
e 5 6 0
f 260
p 251
t # 281
v 0 0
v 1 1
v 2 1
v 3 1
v 4 1
v 5 6
v 6 6
v 7 6
v 8 4
e 0 1 0
e 1 2 0
e 2 3 0
e 2 8 0
e 3 4 0
e 4 5 0
e 4 6 0
e 5 6 0
e 5 7 0
f 280
p 279
t # 282
v 0 0
v 1 1
v 2 1
v 3 1
v 4 1
v 5 6
v 6 6
v 7 6
v 8 4
e 0 1 0
e 1 2 0
e 2 3 0
e 2 8 0
e 3 4 0
e 4 5 0
e 4 7 0
e 5 6 0
e 6 7 0
f 280
p 280
t # 283
v 0 0
v 1 1
v 2 1
v 3 1
v 4 1
v 5 4
v 6 7
v 7 7
v 8 4
e 0 1 0
e 0 5 0
e 1 2 0
e 2 3 0
e 3 4 0
e 3 8 0
e 4 6 0
e 4 7 0
e 6 7 0
f 260
p 259
t # 284
v 0 1
v 1 1
v 2 4
v 3 7
v 4 7
v 5 1
v 6 1
v 7 7
e 0 1 0
e 0 3 0
e 0 7 0
e 1 2 0
e 1 5 0
e 1 6 0
e 3 4 0
e 4 7 0
f 260
p 260
t # 285
v 0 0
v 1 1
v 2 1
v 3 1
v 4 6
v 5 6
v 6 6
v 7 4
e 0 1 0
e 1 2 0
e 2 3 0
e 2 7 0
e 3 4 0
e 3 6 0
e 4 5 0
e 5 6 0
f 280
p 279
t # 286
v 0 0
v 1 1
v 2 1
v 3 1
v 4 1
v 5 7
v 6 7
v 7 7
v 8 4
e 0 1 0
e 1 2 0
e 2 3 0
e 3 4 0
e 3 8 0
e 4 5 0
e 4 6 0
e 4 7 0
e 5 6 0
e 5 7 0
e 6 7 0
f 260
p 260
t # 287
v 0 0
v 1 1
v 2 1
v 3 1
v 4 1
v 5 6
v 6 6
v 7 6
e 0 1 0
e 1 2 0
e 2 3 0
e 3 4 0
e 4 5 0
e 4 6 0
e 4 7 0
e 5 6 0
f 280
p 278
t # 288
v 0 1
v 1 1
v 2 4
v 3 7
v 4 7
v 5 1
v 6 1
v 7 7
e 0 1 0
e 0 3 0
e 0 7 0
e 1 2 0
e 1 5 0
e 1 6 0
e 3 4 0
e 4 7 0
f 260
p 260
t # 289
v 0 0
v 1 1
v 2 1
v 3 1
v 4 4
v 5 8
v 6 8
v 7 1
e 0 1 0
e 0 5 0
e 0 6 0
e 1 2 0
e 2 3 0
e 3 4 0
e 3 7 0
e 5 6 0
f 220
p 217
t # 290
v 0 1
v 1 1
v 2 1
v 3 6
v 4 6
v 5 6
v 6 6
e 0 1 0
e 0 4 0
e 1 2 0
e 2 3 0
e 3 5 0
e 5 6 0
f 280
p 207
t # 291
v 0 0
v 1 1
v 2 1
v 3 1
v 4 6
v 5 6
v 6 6
v 7 4
e 0 1 0
e 1 2 0
e 2 3 0
e 2 7 0
e 3 4 0
e 3 6 0
e 4 5 0
e 5 6 0
f 280
p 279
t # 292
v 0 0
v 1 1
v 2 1
v 3 4
v 4 7
v 5 7
v 6 4
e 0 1 0
e 0 4 0
e 0 5 0
e 1 2 0
e 2 3 0
e 2 6 0
e 4 5 0
f 260
p 259
t # 293
v 0 0
v 1 1
v 2 1
v 3 1
v 4 1
v 5 4
v 6 7
v 7 7
v 8 7
e 0 1 0
e 0 5 0
e 1 2 0
e 2 3 0
e 3 4 0
e 4 6 0
e 6 7 0
e 6 8 0
e 7 8 0
f 280
p 279
t # 294
v 0 0
v 1 1
v 2 1
v 3 4
v 4 7
v 5 7
v 6 4
v 7 1
e 0 1 0
e 0 4 0
e 0 5 0
e 1 2 0
e 2 3 0
e 2 6 0
e 2 7 0
e 4 5 0
f 260
p 259
t # 295
v 0 1
v 1 1
v 2 4
v 3 7
v 4 7
v 5 1
v 6 1
v 7 7
e 0 1 0
e 0 3 0
e 0 7 0
e 1 2 0
e 1 5 0
e 1 6 0
e 3 4 0
e 4 7 0
f 260
p 260
t # 296
v 0 0
v 1 1
v 2 1
v 3 1
v 4 6
v 5 6
v 6 6
v 7 4
e 0 1 0
e 1 2 0
e 2 3 0
e 2 7 0
e 3 4 0
e 3 6 0
e 4 5 0
e 5 6 0
f 280
p 279
t # 297
v 0 0
v 1 1
v 2 1
v 3 1
v 4 6
v 5 6
v 6 6
e 0 1 0
e 1 2 0
e 2 3 0
e 3 4 0
e 3 5 0
e 4 5 0
e 4 6 0
f 280
p 280
t # 298
v 0 0
v 1 1
v 2 1
v 3 1
v 4 4
v 5 6
v 6 6
v 7 6
v 8 4
e 0 1 0
e 0 4 0
e 1 2 0
e 1 8 0
e 2 3 0
e 3 5 0
e 3 6 0
e 5 6 0
e 5 7 0
e 6 7 0
f 280
p 279
t # 299
v 0 0
v 1 1
v 2 1
v 3 1
v 4 6
v 5 6
v 6 6
v 7 4
e 0 1 0
e 1 2 0
e 2 3 0
e 2 7 0
e 3 4 0
e 3 6 0
e 4 5 0
e 5 6 0
f 280
p 279
t # 300
v 0 1
v 1 1
v 2 4
v 3 6
v 4 6
v 5 6
v 6 2
e 0 1 0
e 0 3 0
e 0 4 0
e 1 2 0
e 1 6 0
e 3 4 0
e 3 5 0
e 4 5 0
f 220
p 219
t # 301
v 0 0
v 1 1
v 2 1
v 3 6
v 4 6
v 5 6
v 6 1
e 0 1 0
e 1 2 0
e 2 3 0
e 3 4 0
e 4 5 0
e 4 6 0
e 5 6 0
f 20
p 14
t # 302
v 0 1
v 1 7
v 2 7
v 3 7
v 4 1
e 0 1 0
e 0 2 0
e 0 4 0
e 1 3 0
e 1 2 0
f 280
p 280
t # 303
v 0 1
v 1 1
v 2 4
v 3 6
v 4 6
v 5 1
v 6 1
v 7 6
e 0 1 0
e 0 3 0
e 0 7 0
e 1 2 0
e 1 5 0
e 1 6 0
e 3 4 0
e 4 7 0
f 280
p 280
t # 304
v 0 0
v 1 1
v 2 1
v 3 1
v 4 1
v 5 6
v 6 6
v 7 6
v 8 4
e 0 1 0
e 1 2 0
e 2 3 0
e 3 4 0
e 3 8 0
e 4 5 0
e 4 6 0
e 4 7 0
e 5 6 0
f 280
p 281
t # 305
v 0 0
v 1 1
v 2 1
v 3 1
v 4 6
v 5 6
v 6 6
e 0 1 0
e 1 2 0
e 2 3 0
e 3 4 0
e 3 5 0
e 4 5 0
e 4 6 0
f 280
p 280
t # 306
v 0 0
v 1 1
v 2 1
v 3 1
v 4 1
v 5 7
v 6 7
v 7 7
v 8 4
e 0 1 0
e 1 2 0
e 2 3 0
e 2 8 0
e 3 4 0
e 4 5 0
e 4 6 0
e 5 6 0
e 5 7 0
f 280
p 278
t # 307
v 0 1
v 1 7
v 2 7
v 3 7
v 4 1
e 0 1 0
e 0 2 0
e 0 4 0
e 1 3 0
e 2 3 0
f 280
p 280
t # 308
v 0 0
v 1 1
v 2 1
v 3 1
v 4 4
v 5 8
v 6 8
v 7 1
v 8 4
e 0 1 0
e 0 5 0
e 0 6 0
e 1 2 0
e 2 3 0
e 2 8 0
e 3 4 0
e 3 7 0
e 5 6 0
f 220
p 219
t # 309
v 0 1
v 1 1
v 2 4
v 3 7
v 4 7
v 5 7
v 6 1
v 7 1
e 0 1 0
e 0 3 0
e 1 2 0
e 1 6 0
e 1 7 0
e 3 4 0
e 3 5 0
e 4 5 0
f 260
p 263
t # 310
v 0 1
v 1 1
v 2 4
v 3 7
v 4 7
v 5 7
v 6 1
e 0 1 0
e 0 3 0
e 0 4 0
e 1 2 0
e 1 6 0
e 3 4 0
e 3 5 0
e 4 5 0
f 260
p 259
t # 311
v 0 1
v 1 1
v 2 4
v 3 7
v 4 7
v 5 1
v 6 1
v 7 7
e 0 1 0
e 0 3 0
e 0 7 0
e 1 2 0
e 1 5 0
e 1 6 0
e 3 4 0
e 4 7 0
f 260
p 260
t # 312
v 0 1
v 1 1
v 2 4
v 3 7
v 4 7
v 5 1
v 6 1
v 7 7
e 0 1 0
e 0 3 0
e 0 7 0
e 1 2 0
e 1 5 0
e 1 6 0
e 3 4 0
e 4 7 0
f 260
p 260
t # 313
v 0 0
v 1 1
v 2 1
v 3 1
v 4 1
v 5 4
v 6 7
v 7 7
v 8 7
e 0 1 0
e 0 5 0
e 1 2 0
e 2 3 0
e 3 4 0
e 4 6 0
e 6 7 0
e 6 8 0
e 7 8 0
f 280
p 279
t # 314
v 0 1
v 1 1
v 2 4
v 3 7
v 4 7
v 5 1
v 6 1
v 7 7
e 0 1 0
e 0 3 0
e 0 7 0
e 1 2 0
e 1 5 0
e 1 6 0
e 3 4 0
e 4 7 0
f 260
p 260
t # 315
v 0 0
v 1 1
v 2 1
v 3 1
v 4 1
v 5 1
v 6 8
v 7 8
e 0 1 0
e 0 6 0
e 0 7 0
e 1 2 0
e 2 3 0
e 3 4 0
e 4 5 0
e 6 7 0
f 240
p 239
t # 316
v 0 0
v 1 1
v 2 1
v 3 1
v 4 1
v 5 6
v 6 6
v 7 6
v 8 4
e 0 1 0
e 1 2 0
e 2 3 0
e 2 8 0
e 3 4 0
e 4 5 0
e 4 6 0
e 4 7 0
e 5 6 0
f 280
p 280
t # 317
v 0 1
v 1 1
v 2 4
v 3 6
v 4 6
v 5 6
e 0 1 0
e 0 3 0
e 0 5 0
e 1 2 0
e 3 4 0
e 4 5 0
f 280
p 278
t # 318
v 0 0
v 1 1
v 2 1
v 3 1
v 4 1
v 5 4
v 6 7
v 7 4
v 8 7
e 0 1 0
e 0 5 0
e 1 2 0
e 1 7 0
e 2 3 0
e 3 4 0
e 4 6 0
e 4 8 0
e 6 8 0
f 280
p 281
t # 319
v 0 1
v 1 1
v 2 4
v 3 7
v 4 7
v 5 1
v 6 1
v 7 7
e 0 1 0
e 0 3 0
e 0 7 0
e 1 2 0
e 1 5 0
e 1 6 0
e 3 4 0
e 4 7 0
f 260
p 260
t # 320
v 0 0
v 1 1
v 2 1
v 3 1
v 4 6
v 5 6
v 6 6
e 0 1 0
e 1 2 0
e 2 3 0
e 3 4 0
e 3 5 0
e 4 5 0
e 4 6 0
f 280
p 280
t # 321
v 0 0
v 1 1
v 2 1
v 3 1
v 4 1
v 5 0
v 6 1
v 7 8
v 8 8
e 0 1 0
e 0 7 0
e 1 2 0
e 2 3 0
e 3 4 0
e 4 5 0
e 5 6 0
e 7 8 0
f 240
p 238
t # 322
v 0 0
v 1 1
v 2 1
v 3 1
v 4 1
v 5 2
v 6 7
v 7 7
v 8 4
e 0 1 0
e 0 6 0
e 0 7 0
e 1 2 0
e 2 3 0
e 2 8 0
e 3 4 0
e 4 5 0
e 6 7 0
f 260
p 266
t # 323
v 0 1
v 1 1
v 2 4
v 3 7
v 4 7
v 5 1
v 6 1
v 7 7
e 0 1 0
e 0 3 0
e 0 7 0
e 1 2 0
e 1 5 0
e 1 6 0
e 3 4 0
e 4 7 0
f 260
p 260
t # 324
v 0 1
v 1 1
v 2 2
v 3 4
v 4 6
v 5 6
v 6 6
e 0 1 0
e 0 4 0
e 1 2 0
e 2 3 0
e 4 5 0
e 5 6 0
f 220
p 220
t # 325
v 0 1
v 1 1
v 2 1
v 3 7
v 4 7
v 5 7
v 6 7
e 0 1 0
e 0 4 0
e 1 2 0
e 2 3 0
e 3 5 0
e 5 6 0
f 260
p 262
t # 326
v 0 0
v 1 1
v 2 1
v 3 1
v 4 0
v 5 4
v 6 7
v 7 7
v 8 1
e 0 1 0
e 0 6 0
e 0 7 0
e 1 2 0
e 2 3 0
e 3 4 0
e 4 5 0
e 4 8 0
e 6 7 0
f 260
p 270
t # 327
v 0 0
v 1 1
v 2 1
v 3 1
v 4 4
v 5 6
v 6 6
v 7 6
e 0 1 0
e 0 4 0
e 1 2 0
e 2 3 0
e 3 5 0
e 3 6 0
e 3 7 0
e 5 6 0
e 5 7 0
e 6 7 0
f 280
p 279
t # 328
v 0 1
v 1 1
v 2 4
v 3 7
v 4 7
v 5 1
v 6 1
v 7 7
e 0 1 0
e 0 3 0
e 0 7 0
e 1 2 0
e 1 5 0
e 1 6 0
e 3 4 0
e 4 7 0
f 260
p 260
t # 329
v 0 0
v 1 1
v 2 1
v 3 1
v 4 1
v 5 1
v 6 7
v 7 7
v 8 7
e 0 1 0
e 1 2 0
e 2 3 0
e 3 4 0
e 4 5 0
e 5 6 0
e 5 7 0
e 6 7 0
e 6 8 0
f 260
p 270
t # 330
v 0 1
v 1 1
v 2 4
v 3 6
v 4 6
v 5 6
v 6 1
v 7 1
e 0 1 0
e 0 3 0
e 0 4 0
e 1 2 0
e 1 6 0
e 1 7 0
e 3 4 0
e 3 5 0
f 280
p 278
t # 331
v 0 0
v 1 1
v 2 1
v 3 1
v 4 4
v 5 6
v 6 6
v 7 6
e 0 1 0
e 0 4 0
e 1 2 0
e 2 3 0
e 3 5 0
e 3 6 0
e 3 7 0
e 5 6 0
e 5 7 0
f 280
p 279
t # 332
v 0 0
v 1 1
v 2 1
v 3 1
v 4 1
v 5 4
v 6 7
v 7 7
v 8 7
e 0 1 0
e 0 5 0
e 1 2 0
e 2 3 0
e 3 4 0
e 4 6 0
e 4 8 0
e 6 7 0
e 7 8 0
f 280
p 282
t # 333
v 0 1
v 1 1
v 2 4
v 3 7
v 4 7
v 5 1
v 6 1
v 7 7
e 0 1 0
e 0 3 0
e 0 7 0
e 1 2 0
e 1 5 0
e 1 6 0
e 3 4 0
e 4 7 0
f 260
p 260
t # 334
v 0 0
v 1 1
v 2 1
v 3 1
v 4 4
v 5 6
v 6 4
v 7 6
v 8 6
e 0 1 0
e 0 4 0
e 1 2 0
e 1 6 0
e 2 3 0
e 3 5 0
e 3 7 0
e 3 8 0
e 5 7 0
e 5 8 0
f 280
p 280
t # 335
v 0 0
v 1 1
v 2 1
v 3 1
v 4 4
v 5 6
v 6 6
v 7 6
v 8 4
e 0 1 0
e 0 4 0
e 1 2 0
e 2 3 0
e 2 8 0
e 3 5 0
e 3 6 0
e 5 6 0
e 5 7 0
e 6 7 0
f 280
p 282
t # 336
v 0 0
v 1 1
v 2 1
v 3 1
v 4 1
v 5 1
v 6 7
v 7 7
v 8 7
e 0 1 0
e 1 2 0
e 2 3 0
e 3 4 0
e 4 5 0
e 5 6 0
e 6 7 0
e 7 8 0
f 260
p 268
t # 337
v 0 0
v 1 1
v 2 1
v 3 1
v 4 1
v 5 6
v 6 6
v 7 6
v 8 4
e 0 1 0
e 1 2 0
e 2 3 0
e 2 8 0
e 3 4 0
e 4 5 0
e 4 6 0
e 5 6 0
e 5 7 0
f 280
p 279
t # 338
v 0 0
v 1 1
v 2 1
v 3 1
v 4 1
v 5 6
v 6 6
v 7 6
e 0 1 0
e 1 2 0
e 2 3 0
e 3 4 0
e 4 5 0
e 5 6 0
e 6 7 0
f 280
p 261
t # 339
v 0 0
v 1 1
v 2 1
v 3 1
v 4 6
v 5 6
v 6 6
v 7 4
e 0 1 0
e 1 2 0
e 2 3 0
e 2 7 0
e 3 4 0
e 3 6 0
e 4 5 0
e 5 6 0
f 280
p 279
t # 340
v 0 0
v 1 6
v 2 1
v 3 1
v 4 1
v 5 1
v 6 6
v 7 6
v 8 4
e 0 1 0
e 1 2 0
e 1 6 0
e 2 3 0
e 2 7 0
e 2 6 0
e 3 4 0
e 3 8 0
e 4 5 0
f 20
p 23
t # 341
v 0 0
v 1 1
v 2 1
v 3 1
v 4 1
v 5 1
v 6 8
v 7 8
e 0 1 0
e 0 6 0
e 0 7 0
e 1 2 0
e 2 3 0
e 3 4 0
e 4 5 0
e 6 7 0
f 240
p 239
t # 342
v 0 0
v 1 1
v 2 1
v 3 1
v 4 1
v 5 0
v 6 4
v 7 7
v 8 7
e 0 1 0
e 0 7 0
e 0 8 0
e 1 2 0
e 2 3 0
e 3 4 0
e 4 5 0
e 5 6 0
e 7 8 0
f 260
p 263
t # 343
v 0 0
v 1 1
v 2 1
v 3 1
v 4 1
v 5 1
v 6 0
v 7 8
v 8 8
e 0 1 0
e 1 2 0
e 2 3 0
e 3 4 0
e 4 5 0
e 5 6 0
e 6 7 0
e 6 8 0
e 7 8 0
f 240
p 232
t # 344
v 0 0
v 1 1
v 2 1
v 3 1
v 4 6
v 5 6
v 6 6
v 7 4
e 0 1 0
e 1 2 0
e 2 3 0
e 2 7 0
e 3 4 0
e 3 6 0
e 4 5 0
e 5 6 0
f 280
p 279
t # 345
v 0 0
v 1 1
v 2 1
v 3 1
v 4 6
v 5 6
v 6 6
v 7 4
e 0 1 0
e 1 2 0
e 2 3 0
e 2 7 0
e 3 4 0
e 3 6 0
e 4 5 0
e 5 6 0
f 280
p 279
t # 346
v 0 0
v 1 1
v 2 1
v 3 1
v 4 1
v 5 6
v 6 6
v 7 6
e 0 1 0
e 1 2 0
e 2 3 0
e 3 4 0
e 4 5 0
e 4 7 0
e 5 6 0
e 6 7 0
f 280
p 280
t # 347
v 0 0
v 1 1
v 2 1
v 3 4
v 4 8
v 5 8
v 6 1
e 0 1 0
e 0 4 0
e 0 5 0
e 1 2 0
e 2 3 0
e 2 6 0
e 4 5 0
f 220
p 217
t # 348
v 0 1
v 1 1
v 2 1
v 3 7
v 4 7
v 5 7
v 6 7
e 0 1 0
e 0 4 0
e 1 2 0
e 2 3 0
e 3 5 0
e 4 6 0
f 260
p 268
t # 349
v 0 0
v 1 1
v 2 1
v 3 1
v 4 1
v 5 4
v 6 7
v 7 7
v 8 6
e 0 1 0
e 0 5 0
e 1 2 0
e 2 3 0
e 3 4 0
e 3 8 0
e 4 6 0
e 4 7 0
e 6 7 0
f 260
p 262
t # 350
v 0 0
v 1 1
v 2 1
v 3 1
v 4 1
v 5 4
v 6 6
v 7 6
v 8 6
e 0 1 0
e 0 5 0
e 1 2 0
e 2 3 0
e 3 4 0
e 4 6 0
e 4 7 0
e 4 8 0
e 6 7 0
e 6 8 0
f 280
p 282
t # 351
v 0 0
v 1 1
v 2 1
v 3 1
v 4 4
v 5 8
v 6 8
e 0 1 0
e 0 5 0
e 0 6 0
e 1 2 0
e 2 3 0
e 3 4 0
e 5 6 0
f 220
p 217
t # 352
v 0 0
v 1 1
v 2 1
v 3 1
v 4 1
v 5 4
v 6 7
v 7 7
v 8 7
e 0 1 0
e 0 5 0
e 1 2 0
e 2 3 0
e 3 4 0
e 4 6 0
e 6 7 0
e 6 8 0
e 7 8 0
f 280
p 279
t # 353
v 0 0
v 1 1
v 2 1
v 3 1
v 4 6
v 5 6
v 6 6
v 7 4
e 0 1 0
e 1 2 0
e 2 3 0
e 2 7 0
e 3 4 0
e 3 6 0
e 4 5 0
e 5 6 0
f 280
p 279
t # 354
v 0 0
v 1 1
v 2 1
v 3 1
v 4 4
v 5 7
v 6 7
v 7 1
e 0 1 0
e 0 5 0
e 0 6 0
e 1 2 0
e 2 3 0
e 3 4 0
e 3 7 0
e 5 6 0
f 260
p 256
t # 355
v 0 0
v 1 1
v 2 1
v 3 1
v 4 6
v 5 6
v 6 6
v 7 4
e 0 1 0
e 1 2 0
e 2 3 0
e 2 7 0
e 3 4 0
e 3 5 0
e 4 5 0
e 4 6 0
f 280
p 278
t # 356
v 0 1
v 1 1
v 2 4
v 3 7
v 4 7
v 5 1
v 6 1
v 7 7
e 0 1 0
e 0 3 0
e 0 7 0
e 1 2 0
e 1 5 0
e 1 6 0
e 3 4 0
e 4 7 0
f 260
p 260
t # 357
v 0 0
v 1 1
v 2 1
v 3 1
v 4 1
v 5 1
v 6 8
v 7 8
e 0 1 0
e 0 6 0
e 1 2 0
e 2 3 0
e 3 4 0
e 4 5 0
e 6 7 0
f 240
p 240
t # 358
v 0 0
v 1 1
v 2 1
v 3 1
v 4 4
v 5 8
v 6 8
v 7 1
v 8 4
e 0 1 0
e 0 5 0
e 0 6 0
e 1 2 0
e 2 3 0
e 2 8 0
e 3 4 0
e 3 7 0
e 5 6 0
f 220
p 219
t # 359
v 0 1
v 1 1
v 2 4
v 3 6
v 4 6
v 5 6
v 6 1
e 0 1 0
e 0 3 0
e 0 4 0
e 1 2 0
e 1 6 0
e 3 4 0
e 3 5 0
f 280
p 276
t # 360
v 0 0
v 1 1
v 2 1
v 3 1
v 4 1
v 5 7
v 6 7
v 7 6
v 8 4
e 0 1 0
e 1 2 0
e 2 3 0
e 2 8 0
e 3 4 0
e 3 7 0
e 4 5 0
e 4 6 0
e 5 6 0
f 260
p 269
t # 361
v 0 0
v 1 1
v 2 1
v 3 1
v 4 1
v 5 6
v 6 6
v 7 1
v 8 7
e 0 1 0
e 1 2 0
e 2 3 0
e 3 4 0
e 4 5 0
e 4 7 0
e 4 6 0
e 5 6 0
e 7 8 0
f 240
p 229
t # 362
v 0 1
v 1 1
v 2 1
v 3 1
v 4 6
v 5 6
v 6 7
e 0 1 0
e 0 6 0
e 1 2 0
e 2 3 0
e 3 4 0
e 4 5 0
f 260
p 234
t # 363
v 0 1
v 1 1
v 2 4
v 3 7
v 4 7
v 5 1
v 6 1
v 7 7
e 0 1 0
e 0 3 0
e 0 7 0
e 1 2 0
e 1 5 0
e 1 6 0
e 3 4 0
e 4 7 0
f 260
p 260
t # 364
v 0 1
v 1 1
v 2 4
v 3 7
v 4 7
v 5 1
v 6 1
v 7 7
e 0 1 0
e 0 3 0
e 0 7 0
e 1 2 0
e 1 5 0
e 1 6 0
e 3 4 0
e 4 7 0
f 260
p 260
t # 365
v 0 0
v 1 1
v 2 1
v 3 1
v 4 6
v 5 6
v 6 6
v 7 4
e 0 1 0
e 1 2 0
e 2 3 0
e 2 7 0
e 3 4 0
e 3 6 0
e 4 5 0
e 5 6 0
f 280
p 279
t # 366
v 0 0
v 1 1
v 2 1
v 3 1
v 4 6
v 5 6
v 6 6
v 7 4
e 0 1 0
e 1 2 0
e 2 3 0
e 2 7 0
e 3 4 0
e 3 6 0
e 4 5 0
e 5 6 0
f 280
p 279
t # 367
v 0 0
v 1 1
v 2 1
v 3 1
v 4 1
v 5 4
v 6 8
v 7 8
v 8 4
e 0 1 0
e 0 6 0
e 0 7 0
e 1 2 0
e 2 3 0
e 2 8 0
e 3 4 0
e 4 5 0
e 6 7 0
f 220
p 222
t # 368
v 0 0
v 1 1
v 2 1
v 3 1
v 4 4
v 5 6
v 6 6
v 7 6
e 0 1 0
e 0 4 0
e 1 2 0
e 2 3 0
e 3 5 0
e 3 6 0
e 3 7 0
e 5 6 0
f 280
p 277
t # 369
v 0 0
v 1 1
v 2 1
v 3 1
v 4 1
v 5 1
v 6 8
v 7 8
v 8 4
e 0 1 0
e 0 6 0
e 0 7 0
e 1 2 0
e 2 3 0
e 2 8 0
e 3 4 0
e 4 5 0
e 6 7 0
f 220
p 236
t # 370
v 0 0
v 1 1
v 2 0
v 3 1
v 4 1
v 5 4
v 6 5
v 7 5
v 8 4
e 0 1 0
e 0 6 0
e 0 7 0
e 1 2 0
e 2 3 0
e 2 8 0
e 3 4 0
e 4 5 0
e 6 7 0
f 200
p 201
t # 371
v 0 1
v 1 1
v 2 4
v 3 6
v 4 1
v 5 2
v 6 6
v 7 6
e 0 1 0
e 0 3 0
e 0 6 0
e 0 7 0
e 1 2 0
e 1 4 0
e 1 5 0
e 3 6 0
e 3 7 0
f 220
p 222
t # 372
v 0 1
v 1 1
v 2 4
v 3 7
v 4 7
v 5 1
v 6 1
v 7 7
e 0 1 0
e 0 3 0
e 0 7 0
e 1 2 0
e 1 5 0
e 1 6 0
e 3 4 0
e 4 7 0
f 260
p 260
t # 373
v 0 0
v 1 1
v 2 1
v 3 1
v 4 1
v 5 6
v 6 6
v 7 6
e 0 1 0
e 1 2 0
e 2 3 0
e 3 4 0
e 4 5 0
e 4 6 0
e 4 7 0
e 5 6 0
e 5 7 0
f 280
p 278
t # 374
v 0 0
v 1 1
v 2 1
v 3 1
v 4 1
v 5 0
v 6 4
v 7 7
v 8 7
e 0 1 0
e 0 7 0
e 1 2 0
e 2 3 0
e 3 4 0
e 4 5 0
e 5 6 0
e 7 8 0
f 260
p 263
t # 375
v 0 0
v 1 1
v 2 1
v 3 1
v 4 1
v 5 7
v 6 7
v 7 4
v 8 4
e 0 1 0
e 1 2 0
e 2 3 0
e 2 7 0
e 2 8 0
e 3 4 0
e 4 5 0
e 4 6 0
e 5 6 0
f 260
p 262
t # 376
v 0 0
v 1 1
v 2 1
v 3 1
v 4 1
v 5 1
v 6 8
v 7 8
e 0 1 0
e 0 6 0
e 0 7 0
e 1 2 0
e 2 3 0
e 3 4 0
e 4 5 0
e 6 7 0
f 240
p 239
t # 377
v 0 1
v 1 1
v 2 1
v 3 1
v 4 6
v 5 6
v 6 7
v 7 7
e 0 1 0
e 0 6 0
e 1 2 0
e 2 3 0
e 3 4 0
e 4 5 0
e 6 7 0
f 260
p 279
t # 378
v 0 1
v 1 1
v 2 4
v 3 7
v 4 7
v 5 7
e 0 1 0
e 0 3 0
e 1 2 0
e 3 4 0
e 4 5 0
f 260
p 259
t # 379
v 0 1
v 1 6
v 2 6
v 3 6
v 4 1
e 0 1 0
e 0 2 0
e 0 4 0
e 1 3 0
e 1 2 0
e 2 3 0
f 280
p 274
t # 380
v 0 0
v 1 6
v 2 1
v 3 1
v 4 1
v 5 1
v 6 6
v 7 6
v 8 4
e 0 1 0
e 1 2 0
e 1 6 0
e 2 3 0
e 2 7 0
e 2 6 0
e 3 4 0
e 3 8 0
e 4 5 0
f 20
p 23
t # 381
v 0 0
v 1 1
v 2 1
v 3 1
v 4 1
v 5 4
v 6 7
v 7 7
v 8 7
e 0 1 0
e 0 5 0
e 1 2 0
e 2 3 0
e 3 4 0
e 4 6 0
e 6 7 0
e 6 8 0
e 7 8 0
f 280
p 279
t # 382
v 0 0
v 1 1
v 2 1
v 3 1
v 4 1
v 5 1
v 6 0
v 7 8
v 8 8
e 0 1 0
e 1 2 0
e 2 3 0
e 3 4 0
e 4 5 0
e 5 6 0
e 6 7 0
e 7 8 0
f 240
p 233
t # 383
v 0 0
v 1 1
v 2 1
v 3 1
v 4 0
v 5 1
v 6 7
v 7 7
v 8 4
e 0 1 0
e 0 6 0
e 0 7 0
e 1 2 0
e 2 3 0
e 3 4 0
e 3 8 0
e 4 5 0
e 6 7 0
f 260
p 260
t # 384
v 0 1
v 1 1
v 2 1
v 3 1
v 4 1
v 5 7
v 6 7
v 7 7
e 0 1 0
e 1 2 0
e 2 3 0
e 3 4 0
e 4 5 0
e 5 6 0
e 6 7 0
f 280
p 277
t # 385
v 0 0
v 1 1
v 2 1
v 3 1
v 4 6
v 5 6
v 6 6
v 7 4
e 0 1 0
e 1 2 0
e 2 3 0
e 2 7 0
e 3 4 0
e 3 6 0
e 4 5 0
e 5 6 0
f 280
p 279
t # 386
v 0 0
v 1 1
v 2 1
v 3 1
v 4 6
v 5 6
v 6 6
v 7 4
e 0 1 0
e 1 2 0
e 2 3 0
e 2 7 0
e 3 4 0
e 3 6 0
e 4 5 0
e 5 6 0
f 280
p 279
t # 387
v 0 0
v 1 1
v 2 1
v 3 4
v 4 4
v 5 4
v 6 4
v 7 4
v 8 4
e 0 1 0
e 0 4 0
e 0 5 0
e 0 6 0
e 1 2 0
e 1 8 0
e 2 3 0
e 2 7 0
f 260
p 260
t # 388
v 0 0
v 1 1
v 2 1
v 3 1
v 4 1
v 5 4
v 6 7
v 7 7
v 8 7
e 0 1 0
e 0 5 0
e 1 2 0
e 2 3 0
e 3 4 0
e 4 6 0
e 4 7 0
e 4 8 0
e 6 7 0
e 6 8 0
f 280
p 277
t # 389
v 0 0
v 1 1
v 2 1
v 3 1
v 4 1
v 5 1
v 6 7
v 7 7
v 8 6
e 0 1 0
e 1 2 0
e 2 3 0
e 3 4 0
e 4 5 0
e 4 8 0
e 5 6 0
e 5 7 0
e 6 7 0
f 240
p 249
t # 390
v 0 0
v 1 1
v 2 1
v 3 4
v 4 8
v 5 8
v 6 4
e 0 1 0
e 0 4 0
e 1 2 0
e 2 3 0
e 2 6 0
e 4 5 0
f 220
p 220
t # 391
v 0 1
v 1 1
v 2 4
v 3 7
v 4 7
v 5 1
v 6 1
v 7 7
e 0 1 0
e 0 3 0
e 0 7 0
e 1 2 0
e 1 5 0
e 1 6 0
e 3 4 0
e 4 7 0
f 260
p 260
t # 392
v 0 1
v 1 1
v 2 4
v 3 6
v 4 6
v 5 6
v 6 1
v 7 1
e 0 1 0
e 0 3 0
e 1 2 0
e 1 6 0
e 1 7 0
e 3 4 0
e 3 5 0
e 4 5 0
f 280
p 277
t # 393
v 0 1
v 1 1
v 2 4
v 3 7
v 4 7
v 5 1
v 6 1
v 7 7
e 0 1 0
e 0 3 0
e 0 7 0
e 1 2 0
e 1 5 0
e 1 6 0
e 3 4 0
e 4 7 0
f 260
p 260
t # 394
v 0 0
v 1 1
v 2 0
v 3 1
v 4 1
v 5 4
v 6 5
v 7 5
v 8 4
e 0 1 0
e 0 6 0
e 0 7 0
e 1 2 0
e 2 3 0
e 3 4 0
e 3 8 0
e 4 5 0
e 6 7 0
f 200
p 200
t # 395
v 0 0
v 1 1
v 2 1
v 3 1
v 4 1
v 5 6
v 6 6
v 7 6
v 8 4
e 0 1 0
e 1 2 0
e 2 3 0
e 3 4 0
e 3 8 0
e 4 5 0
e 4 6 0
e 5 6 0
e 5 7 0
e 6 7 0
f 280
p 277
t # 396
v 0 0
v 1 1
v 2 1
v 3 1
v 4 6
v 5 6
v 6 6
v 7 4
e 0 1 0
e 1 2 0
e 2 3 0
e 2 7 0
e 3 4 0
e 3 6 0
e 4 5 0
e 5 6 0
f 280
p 279
t # 397
v 0 0
v 1 1
v 2 1
v 3 1
v 4 1
v 5 4
v 6 7
v 7 7
v 8 7
e 0 1 0
e 0 5 0
e 1 2 0
e 2 3 0
e 3 4 0
e 4 6 0
e 6 7 0
e 6 8 0
e 7 8 0
f 280
p 279
t # 398
v 0 0
v 1 1
v 2 1
v 3 1
v 4 6
v 5 6
v 6 1
v 7 7
v 8 7
e 0 1 0
e 1 2 0
e 2 3 0
e 3 4 0
e 3 6 0
e 3 5 0
e 4 5 0
e 6 7 0
e 6 8 0
f 260
p 253
t # 399
v 0 0
v 1 1
v 2 1
v 3 1
v 4 6
v 5 6
v 6 6
v 7 4
e 0 1 0
e 1 2 0
e 2 3 0
e 2 7 0
e 3 4 0
e 3 6 0
e 4 5 0
e 5 6 0
f 280
p 279
t # 400
v 0 1
v 1 1
v 2 4
v 3 7
v 4 7
v 5 1
v 6 1
v 7 7
e 0 1 0
e 0 3 0
e 0 7 0
e 1 2 0
e 1 5 0
e 1 6 0
e 3 4 0
e 4 7 0
f 260
p 260
t # 401
v 0 0
v 1 6
v 2 6
v 3 1
v 4 1
v 5 2
v 6 4
v 7 6
v 8 1
e 0 1 0
e 0 6 0
e 1 2 0
e 1 7 0
e 2 3 0
e 2 7 0
e 3 4 0
e 3 7 0
e 4 5 0
e 4 8 0
f 20
p 11
t # 402
v 0 0
v 1 1
v 2 1
v 3 1
v 4 1
v 5 7
v 6 7
v 7 7
e 0 1 0
e 1 2 0
e 2 3 0
e 3 4 0
e 4 5 0
e 5 6 0
e 6 7 0
f 280
p 275
t # 403
v 0 0
v 1 1
v 2 1
v 3 1
v 4 6
v 5 6
v 6 6
v 7 4
e 0 1 0
e 1 2 0
e 2 3 0
e 2 7 0
e 3 4 0
e 3 6 0
e 4 5 0
e 5 6 0
f 280
p 279
t # 404
v 0 0
v 1 1
v 2 1
v 3 1
v 4 1
v 5 0
v 6 1
v 7 8
v 8 8
e 0 1 0
e 0 7 0
e 1 2 0
e 2 3 0
e 3 4 0
e 4 5 0
e 5 6 0
e 7 8 0
f 240
p 238
t # 405
v 0 1
v 1 1
v 2 4
v 3 6
v 4 6
v 5 6
v 6 2
e 0 1 0
e 0 3 0
e 0 4 0
e 1 2 0
e 1 6 0
e 3 4 0
e 3 5 0
e 4 5 0
f 220
p 219
t # 406
v 0 0
v 1 1
v 2 1
v 3 1
v 4 1
v 5 7
v 6 7
v 7 7
v 8 4
e 0 1 0
e 1 2 0
e 2 3 0
e 3 4 0
e 3 8 0
e 4 5 0
e 4 6 0
e 4 7 0
e 5 6 0
e 5 7 0
e 6 7 0
f 260
p 260
t # 407
v 0 0
v 1 1
v 2 1
v 3 1
v 4 6
v 5 6
v 6 1
v 7 7
e 0 1 0
e 1 2 0
e 2 3 0
e 3 4 0
e 3 6 0
e 3 5 0
e 4 5 0
e 6 7 0
f 260
p 225
t # 408
v 0 0
v 1 1
v 2 1
v 3 1
v 4 1
v 5 6
v 6 6
v 7 6
v 8 4
e 0 1 0
e 1 2 0
e 2 3 0
e 2 8 0
e 3 4 0
e 4 5 0
e 4 6 0
e 5 6 0
e 5 7 0
f 280
p 279
t # 409
v 0 0
v 1 1
v 2 1
v 3 1
v 4 4
v 5 6
v 6 6
v 7 6
v 8 4
e 0 1 0
e 0 4 0
e 1 2 0
e 1 8 0
e 2 3 0
e 3 5 0
e 5 6 0
e 5 7 0
e 6 7 0
f 280
p 280
t # 410
v 0 0
v 1 1
v 2 1
v 3 1
v 4 1
v 5 0
v 6 8
v 7 8
v 8 4
e 0 1 0
e 1 2 0
e 2 3 0
e 2 8 0
e 3 4 0
e 4 5 0
e 5 6 0
e 5 7 0
e 6 7 0
f 220
p 220
t # 411
v 0 0
v 1 1
v 2 1
v 3 1
v 4 1
v 5 4
v 6 7
v 7 7
v 8 7
e 0 1 0
e 0 5 0
e 1 2 0
e 2 3 0
e 3 4 0
e 4 6 0
e 4 7 0
e 6 7 0
e 6 8 0
f 280
p 281
t # 412
v 0 1
v 1 1
v 2 4
v 3 6
v 4 2
v 5 6
v 6 6
e 0 1 0
e 0 3 0
e 0 5 0
e 0 6 0
e 1 2 0
e 1 4 0
e 3 5 0
e 3 6 0
f 220
p 218
t # 413
v 0 0
v 1 1
v 2 1
v 3 1
v 4 0
v 5 1
v 6 7
v 7 7
v 8 4
e 0 1 0
e 0 6 0
e 0 7 0
e 1 2 0
e 2 3 0
e 3 4 0
e 3 8 0
e 4 5 0
e 6 7 0
f 260
p 260
t # 414
v 0 0
v 1 1
v 2 1
v 3 1
v 4 1
v 5 7
v 6 7
v 7 7
v 8 4
e 0 1 0
e 1 2 0
e 2 3 0
e 2 8 0
e 3 4 0
e 4 5 0
e 5 6 0
e 5 7 0
e 6 7 0
f 280
p 276
t # 415
v 0 0
v 1 1
v 2 1
v 3 1
v 4 1
v 5 1
v 6 8
v 7 8
e 0 1 0
e 0 6 0
e 0 7 0
e 1 2 0
e 2 3 0
e 3 4 0
e 4 5 0
e 6 7 0
f 240
p 239
t # 416
v 0 0
v 1 1
v 2 1
v 3 1
v 4 4
v 5 6
v 6 4
v 7 6
v 8 6
e 0 1 0
e 0 4 0
e 1 2 0
e 1 6 0
e 2 3 0
e 3 5 0
e 3 7 0
e 3 8 0
e 5 7 0
f 280
p 281
t # 417
v 0 0
v 1 1
v 2 1
v 3 1
v 4 1
v 5 4
v 6 7
v 7 7
v 8 7
e 0 1 0
e 0 5 0
e 1 2 0
e 2 3 0
e 3 4 0
e 4 6 0
e 6 7 0
e 6 8 0
e 7 8 0
f 280
p 279
t # 418
v 0 0
v 1 1
v 2 1
v 3 1
v 4 1
v 5 7
v 6 7
v 7 7
v 8 4
e 0 1 0
e 1 2 0
e 2 3 0
e 3 4 0
e 3 8 0
e 4 5 0
e 4 7 0
e 5 6 0
e 6 7 0
f 260
p 264
t # 419
v 0 0
v 1 1
v 2 1
v 3 1
v 4 4
v 5 8
v 6 8
v 7 1
v 8 4
e 0 1 0
e 0 5 0
e 0 6 0
e 1 2 0
e 2 3 0
e 2 8 0
e 3 4 0
e 3 7 0
e 5 6 0
f 220
p 219
t # 420
v 0 0
v 1 1
v 2 1
v 3 1
v 4 1
v 5 4
v 6 7
v 7 7
v 8 7
e 0 1 0
e 0 5 0
e 1 2 0
e 2 3 0
e 3 4 0
e 4 6 0
e 4 7 0
e 4 8 0
e 6 7 0
e 6 8 0
e 7 8 0
f 280
p 279
t # 421
v 0 1
v 1 1
v 2 4
v 3 6
v 4 6
v 5 6
v 6 2
e 0 1 0
e 0 3 0
e 0 4 0
e 1 2 0
e 1 6 0
e 3 4 0
e 3 5 0
e 4 5 0
f 220
p 219
t # 422
v 0 0
v 1 1
v 2 1
v 3 1
v 4 1
v 5 1
v 6 8
v 7 8
e 0 1 0
e 0 6 0
e 0 7 0
e 1 2 0
e 2 3 0
e 3 4 0
e 4 5 0
e 6 7 0
f 240
p 239
t # 423
v 0 0
v 1 1
v 2 1
v 3 4
v 4 8
v 5 8
v 6 1
e 0 1 0
e 0 4 0
e 1 2 0
e 2 3 0
e 2 6 0
e 4 5 0
f 220
p 217
t # 424
v 0 0
v 1 6
v 2 6
v 3 1
v 4 1
v 5 1
v 6 2
v 7 1
v 8 2
e 0 1 0
e 0 4 0
e 0 7 0
e 1 2 0
e 2 3 0
e 2 5 0
e 4 5 0
e 5 6 0
e 7 8 0
f 20
p 6
t # 425
v 0 0
v 1 1
v 2 1
v 3 1
v 4 1
v 5 6
v 6 6
v 7 1
v 8 4
e 0 1 0
e 1 2 0
e 2 3 0
e 3 4 0
e 3 8 0
e 4 5 0
e 4 6 0
e 4 7 0
e 5 6 0
f 240
p 244
t # 426
v 0 0
v 1 1
v 2 1
v 3 1
v 4 6
v 5 6
v 6 6
v 7 4
e 0 1 0
e 1 2 0
e 2 3 0
e 2 7 0
e 3 4 0
e 3 6 0
e 4 5 0
e 5 6 0
f 280
p 279
t # 427
v 0 1
v 1 1
v 2 4
v 3 7
v 4 7
v 5 1
v 6 1
v 7 7
e 0 1 0
e 0 3 0
e 0 7 0
e 1 2 0
e 1 5 0
e 1 6 0
e 3 4 0
e 4 7 0
f 260
p 260
t # 428
v 0 0
v 1 1
v 2 1
v 3 1
v 4 6
v 5 6
v 6 6
v 7 4
e 0 1 0
e 1 2 0
e 2 3 0
e 2 7 0
e 3 4 0
e 3 6 0
e 4 5 0
e 5 6 0
f 280
p 279
t # 429
v 0 1
v 1 1
v 2 1
v 3 1
v 4 6
v 5 7
v 6 7
v 7 7
e 0 1 0
e 0 5 0
e 1 2 0
e 2 3 0
e 3 4 0
e 5 6 0
e 6 7 0
f 260
p 265
t # 430
v 0 1
v 1 1
v 2 4
v 3 7
v 4 7
v 5 7
v 6 1
e 0 1 0
e 0 3 0
e 0 4 0
e 1 2 0
e 1 6 0
e 3 4 0
e 3 5 0
f 260
p 261
t # 431
v 0 0
v 1 1
v 2 1
v 3 1
v 4 1
v 5 4
v 6 7
v 7 7
v 8 7
e 0 1 0
e 0 5 0
e 1 2 0
e 2 3 0
e 3 4 0
e 4 6 0
e 4 7 0
e 6 7 0
e 6 8 0
e 7 8 0
f 280
p 278
t # 432
v 0 0
v 1 1
v 2 1
v 3 1
v 4 6
v 5 6
v 6 6
v 7 4
e 0 1 0
e 1 2 0
e 2 3 0
e 2 7 0
e 3 4 0
e 3 6 0
e 4 5 0
e 5 6 0
f 280
p 279
t # 433
v 0 0
v 1 6
v 2 1
v 3 1
v 4 1
v 5 1
v 6 6
v 7 1
v 8 1
e 0 1 0
e 0 3 0
e 1 2 0
e 1 6 0
e 2 4 0
e 3 7 0
e 4 5 0
e 4 8 0
e 6 7 0
f 20
p 0
t # 434
v 0 0
v 1 1
v 2 1
v 3 1
v 4 1
v 5 7
v 6 7
v 7 7
v 8 4
e 0 1 0
e 1 2 0
e 2 3 0
e 3 4 0
e 3 8 0
e 4 5 0
e 5 6 0
e 5 7 0
e 6 7 0
f 260
p 265
t # 435
v 0 1
v 1 1
v 2 4
v 3 6
v 4 6
v 5 1
v 6 1
v 7 6
e 0 1 0
e 0 3 0
e 0 7 0
e 1 2 0
e 1 5 0
e 1 6 0
e 3 4 0
e 4 7 0
f 280
p 280
t # 436
v 0 1
v 1 1
v 2 1
v 3 1
v 4 6
v 5 6
v 6 6
v 7 7
e 0 1 0
e 0 7 0
e 1 2 0
e 2 3 0
e 3 4 0
e 4 5 0
e 5 6 0
f 260
p 269
t # 437
v 0 0
v 1 1
v 2 1
v 3 1
v 4 6
v 5 6
v 6 6
v 7 4
e 0 1 0
e 1 2 0
e 2 3 0
e 2 7 0
e 3 4 0
e 3 6 0
e 4 5 0
e 5 6 0
f 280
p 279
t # 438
v 0 0
v 1 1
v 2 1
v 3 1
v 4 1
v 5 1
v 6 8
v 7 8
e 0 1 0
e 0 6 0
e 0 7 0
e 1 2 0
e 2 3 0
e 3 4 0
e 4 5 0
e 6 7 0
f 240
p 239
t # 439
v 0 0
v 1 1
v 2 1
v 3 1
v 4 1
v 5 4
v 6 7
v 7 7
v 8 7
e 0 1 0
e 0 5 0
e 1 2 0
e 2 3 0
e 3 4 0
e 4 6 0
e 6 7 0
e 6 8 0
e 7 8 0
f 280
p 279
t # 440
v 0 0
v 1 1
v 2 1
v 3 1
v 4 6
v 5 6
v 6 6
e 0 1 0
e 1 2 0
e 2 3 0
e 3 4 0
e 3 5 0
e 4 5 0
e 4 6 0
e 5 6 0
f 280
p 280
t # 441
v 0 0
v 1 1
v 2 1
v 3 1
v 4 1
v 5 4
v 6 7
v 7 7
v 8 7
e 0 1 0
e 0 5 0
e 1 2 0
e 2 3 0
e 3 4 0
e 4 6 0
e 6 7 0
e 6 8 0
e 7 8 0
f 280
p 279
t # 442
v 0 0
v 1 1
v 2 1
v 3 1
v 4 1
v 5 7
v 6 7
v 7 7
v 8 6
e 0 1 0
e 1 2 0
e 2 3 0
e 3 4 0
e 3 8 0
e 4 5 0
e 4 6 0
e 5 6 0
e 5 7 0
e 6 7 0
f 260
p 265
t # 443
v 0 0
v 1 1
v 2 1
v 3 1
v 4 4
v 5 6
v 6 6
v 7 6
v 8 4
e 0 1 0
e 0 4 0
e 1 2 0
e 1 8 0
e 2 3 0
e 3 5 0
e 3 6 0
e 5 6 0
e 5 7 0
f 280
p 280
t # 444
v 0 1
v 1 1
v 2 7
v 3 7
v 4 7
e 0 1 0
e 1 2 0
e 2 3 0
e 3 4 0
f 280
p 273
t # 445
v 0 0
v 1 1
v 2 1
v 3 1
v 4 6
v 5 6
v 6 1
v 7 7
v 8 4
e 0 1 0
e 1 2 0
e 2 3 0
e 2 8 0
e 3 4 0
e 3 6 0
e 3 5 0
e 4 5 0
e 6 7 0
f 260
p 258
t # 446
v 0 1
v 1 1
v 2 4
v 3 6
v 4 6
v 5 6
v 6 1
e 0 1 0
e 0 3 0
e 0 4 0
e 1 2 0
e 1 6 0
e 3 4 0
e 3 5 0
f 280
p 276
t # 447
v 0 0
v 1 1
v 2 1
v 3 1
v 4 1
v 5 6
v 6 6
v 7 6
v 8 4
e 0 1 0
e 1 2 0
e 2 3 0
e 2 8 0
e 3 4 0
e 4 5 0
e 4 6 0
e 5 6 0
e 5 7 0
e 6 7 0
f 280
p 280
t # 448
v 0 0
v 1 1
v 2 1
v 3 1
v 4 6
v 5 6
v 6 6
e 0 1 0
e 1 2 0
e 2 3 0
e 3 4 0
e 3 5 0
e 4 5 0
e 4 6 0
f 280
p 280
t # 449
v 0 0
v 1 1
v 2 1
v 3 1
v 4 1
v 5 1
v 6 8
v 7 8
e 0 1 0
e 0 6 0
e 0 7 0
e 1 2 0
e 2 3 0
e 3 4 0
e 4 5 0
e 6 7 0
f 240
p 239
t # 450
v 0 0
v 1 1
v 2 1
v 3 1
v 4 6
v 5 6
v 6 6
v 7 4
e 0 1 0
e 1 2 0
e 2 3 0
e 2 7 0
e 3 4 0
e 3 6 0
e 4 5 0
e 5 6 0
f 280
p 279
t # 451
v 0 0
v 1 1
v 2 1
v 3 1
v 4 1
v 5 7
v 6 7
v 7 7
v 8 4
e 0 1 0
e 1 2 0
e 2 3 0
e 2 8 0
e 3 4 0
e 4 5 0
e 4 6 0
e 4 7 0
e 5 6 0
e 5 7 0
e 6 7 0
f 280
p 277
t # 452
v 0 0
v 1 1
v 2 1
v 3 1
v 4 1
v 5 1
v 6 7
v 7 7
v 8 4
e 0 1 0
e 1 2 0
e 2 3 0
e 2 8 0
e 3 4 0
e 4 5 0
e 5 6 0
e 5 7 0
e 6 7 0
f 260
p 262
t # 453
v 0 0
v 1 1
v 2 1
v 3 1
v 4 1
v 5 4
v 6 6
v 7 6
v 8 6
e 0 1 0
e 0 5 0
e 1 2 0
e 2 3 0
e 3 4 0
e 4 6 0
e 4 7 0
e 4 8 0
e 6 7 0
e 6 8 0
e 7 8 0
f 280
p 281
t # 454
v 0 1
v 1 1
v 2 4
v 3 7
v 4 7
v 5 7
v 6 1
v 7 1
e 0 1 0
e 0 3 0
e 0 4 0
e 1 2 0
e 1 6 0
e 1 7 0
e 3 4 0
e 3 5 0
e 4 5 0
f 260
p 261
t # 455
v 0 1
v 1 1
v 2 4
v 3 6
v 4 6
v 5 6
v 6 2
e 0 1 0
e 0 3 0
e 0 4 0
e 1 2 0
e 1 6 0
e 3 4 0
e 3 5 0
e 4 5 0
f 220
p 219
t # 456
v 0 0
v 1 1
v 2 1
v 3 1
v 4 6
v 5 6
v 6 6
e 0 1 0
e 1 2 0
e 2 3 0
e 3 4 0
e 3 5 0
e 4 5 0
e 4 6 0
f 280
p 280
t # 457
v 0 1
v 1 1
v 2 4
v 3 6
v 4 2
v 5 6
v 6 6
e 0 1 0
e 0 3 0
e 0 5 0
e 0 6 0
e 1 2 0
e 1 4 0
e 3 5 0
f 220
p 223
t # 458
v 0 0
v 1 1
v 2 1
v 3 1
v 4 1
v 5 4
v 6 8
v 7 8
v 8 1
e 0 1 0
e 0 6 0
e 0 7 0
e 1 2 0
e 2 3 0
e 3 4 0
e 4 5 0
e 4 8 0
e 6 7 0
f 220
p 225
t # 459
v 0 0
v 1 1
v 2 1
v 3 1
v 4 6
v 5 6
v 6 6
v 7 4
e 0 1 0
e 1 2 0
e 2 3 0
e 2 7 0
e 3 4 0
e 3 6 0
e 4 5 0
e 5 6 0
f 280
p 279
t # 460
v 0 0
v 1 1
v 2 1
v 3 1
v 4 4
v 5 8
v 6 8
v 7 1
v 8 4
e 0 1 0
e 0 5 0
e 0 6 0
e 1 2 0
e 2 3 0
e 2 8 0
e 3 4 0
e 3 7 0
e 5 6 0
f 220
p 219
t # 461
v 0 0
v 1 1
v 2 1
v 3 1
v 4 1
v 5 1
v 6 8
v 7 8
e 0 1 0
e 0 6 0
e 0 7 0
e 1 2 0
e 2 3 0
e 3 4 0
e 4 5 0
e 6 7 0
f 240
p 239
t # 462
v 0 0
v 1 1
v 2 1
v 3 1
v 4 6
v 5 6
v 6 6
e 0 1 0
e 1 2 0
e 2 3 0
e 3 4 0
e 3 5 0
e 3 6 0
e 4 5 0
e 4 6 0
f 280
p 280
t # 463
v 0 1
v 1 1
v 2 4
v 3 7
v 4 7
v 5 1
v 6 1
v 7 7
e 0 1 0
e 0 3 0
e 0 7 0
e 1 2 0
e 1 5 0
e 1 6 0
e 3 4 0
e 4 7 0
f 260
p 260
t # 464
v 0 0
v 1 1
v 2 1
v 3 1
v 4 1
v 5 0
v 6 7
v 7 7
v 8 4
e 0 1 0
e 1 2 0
e 2 3 0
e 2 8 0
e 3 4 0
e 4 5 0
e 5 6 0
e 5 7 0
e 6 7 0
f 260
p 259
t # 465
v 0 0
v 1 1
v 2 1
v 3 1
v 4 1
v 5 4
v 6 6
v 7 6
v 8 6
e 0 1 0
e 0 5 0
e 1 2 0
e 2 3 0
e 3 4 0
e 4 6 0
e 4 7 0
e 6 7 0
e 6 8 0
f 280
p 283
t # 466
v 0 1
v 1 1
v 2 1
v 3 1
v 4 4
v 5 7
v 6 7
v 7 7
e 0 1 0
e 0 5 0
e 1 2 0
e 2 3 0
e 3 4 0
e 5 6 0
e 6 7 0
f 280
p 270
t # 467
v 0 0
v 1 1
v 2 1
v 3 1
v 4 4
v 5 6
v 6 6
v 7 1
v 8 4
e 0 1 0
e 0 4 0
e 1 2 0
e 2 3 0
e 2 8 0
e 3 5 0
e 3 6 0
e 3 7 0
e 5 6 0
f 260
p 259
t # 468
v 0 0
v 1 1
v 2 1
v 3 1
v 4 1
v 5 4
v 6 6
v 7 6
v 8 1
e 0 1 0
e 0 5 0
e 1 2 0
e 2 3 0
e 3 4 0
e 4 6 0
e 4 7 0
e 4 8 0
e 6 7 0
f 240
p 242
t # 469
v 0 0
v 1 1
v 2 1
v 3 1
v 4 1
v 5 0
v 6 1
v 7 8
v 8 8
e 0 1 0
e 0 7 0
e 1 2 0
e 2 3 0
e 3 4 0
e 4 5 0
e 5 6 0
e 7 8 0
f 240
p 238
t # 470
v 0 0
v 1 1
v 2 1
v 3 1
v 4 6
v 5 6
v 6 6
v 7 4
e 0 1 0
e 1 2 0
e 2 3 0
e 2 7 0
e 3 4 0
e 3 6 0
e 4 5 0
e 5 6 0
f 280
p 279
t # 471
v 0 0
v 1 1
v 2 1
v 3 1
v 4 4
v 5 6
v 6 6
v 7 6
e 0 1 0
e 0 4 0
e 1 2 0
e 2 3 0
e 3 5 0
e 3 6 0
e 5 6 0
e 5 7 0
e 6 7 0
f 280
p 279
t # 472
v 0 0
v 1 1
v 2 1
v 3 1
v 4 1
v 5 0
v 6 1
v 7 8
v 8 8
e 0 1 0
e 0 7 0
e 1 2 0
e 2 3 0
e 3 4 0
e 4 5 0
e 5 6 0
e 7 8 0
f 240
p 238
t # 473
v 0 0
v 1 1
v 2 1
v 3 4
v 4 8
v 5 8
v 6 4
v 7 1
e 0 1 0
e 0 4 0
e 0 5 0
e 1 2 0
e 2 3 0
e 2 6 0
e 2 7 0
f 220
p 219
t # 474
v 0 0
v 1 1
v 2 1
v 3 1
v 4 1
v 5 7
v 6 7
v 7 7
v 8 4
e 0 1 0
e 1 2 0
e 2 3 0
e 2 8 0
e 3 4 0
e 4 5 0
e 4 6 0
e 4 7 0
e 5 6 0
f 280
p 281
t # 475
v 0 1
v 1 1
v 2 4
v 3 6
v 4 6
v 5 6
v 6 1
e 0 1 0
e 0 3 0
e 1 2 0
e 1 6 0
e 3 4 0
e 3 5 0
e 4 5 0
f 280
p 279
t # 476
v 0 0
v 1 1
v 2 1
v 3 1
v 4 6
v 5 6
v 6 6
e 0 1 0
e 1 2 0
e 2 3 0
e 3 4 0
e 3 5 0
e 3 6 0
e 4 5 0
e 4 6 0
f 280
p 280
t # 477
v 0 1
v 1 1
v 2 4
v 3 7
v 4 7
v 5 1
v 6 1
v 7 7
e 0 1 0
e 0 3 0
e 0 7 0
e 1 2 0
e 1 5 0
e 1 6 0
e 3 4 0
e 4 7 0
f 260
p 260
t # 478
v 0 0
v 1 1
v 2 1
v 3 1
v 4 1
v 5 7
v 6 7
v 7 4
e 0 1 0
e 0 5 0
e 0 6 0
e 1 2 0
e 2 3 0
e 2 7 0
e 3 4 0
e 5 6 0
f 260
p 263
t # 479
v 0 1
v 1 1
v 2 4
v 3 7
v 4 7
v 5 1
v 6 1
v 7 7
e 0 1 0
e 0 3 0
e 0 7 0
e 1 2 0
e 1 5 0
e 1 6 0
e 3 4 0
e 4 7 0
f 260
p 260
t # 480
v 0 0
v 1 1
v 2 1
v 3 1
v 4 6
v 5 6
v 6 6
v 7 4
e 0 1 0
e 1 2 0
e 2 3 0
e 2 7 0
e 3 4 0
e 3 6 0
e 4 5 0
e 5 6 0
f 280
p 279
t # 481
v 0 1
v 1 1
v 2 4
v 3 7
v 4 7
v 5 1
v 6 1
v 7 7
e 0 1 0
e 0 3 0
e 0 7 0
e 1 2 0
e 1 5 0
e 1 6 0
e 3 4 0
e 4 7 0
f 260
p 260
t # 482
v 0 0
v 1 6
v 2 6
v 3 6
v 4 1
v 5 1
v 6 1
v 7 0
v 8 1
e 0 1 0
e 0 5 0
e 1 2 0
e 2 3 0
e 2 6 0
e 2 4 0
e 3 4 0
e 6 7 0
e 6 8 0
f 20
p 5
t # 483
v 0 0
v 1 6
v 2 6
v 3 1
v 4 1
v 5 1
v 6 2
v 7 4
v 8 6
e 0 1 0
e 0 4 0
e 1 2 0
e 2 3 0
e 3 6 0
e 4 5 0
e 5 7 0
e 6 8 0
f 20
p 15
t # 484
v 0 0
v 1 1
v 2 1
v 3 1
v 4 4
v 5 7
v 6 7
v 7 0
v 8 1
e 0 1 0
e 0 5 0
e 0 6 0
e 1 2 0
e 2 3 0
e 3 4 0
e 3 7 0
e 3 8 0
e 5 6 0
f 260
p 260
t # 485
v 0 0
v 1 1
v 2 1
v 3 1
v 4 1
v 5 4
v 6 7
v 7 7
v 8 7
e 0 1 0
e 0 5 0
e 1 2 0
e 2 3 0
e 3 4 0
e 4 6 0
e 4 7 0
e 4 8 0
e 6 7 0
f 280
p 280
t # 486
v 0 0
v 1 1
v 2 1
v 3 1
v 4 6
v 5 6
v 6 6
v 7 4
e 0 1 0
e 1 2 0
e 2 3 0
e 2 7 0
e 3 4 0
e 3 5 0
e 4 5 0
e 4 6 0
e 5 6 0
f 280
p 277
t # 487
v 0 0
v 1 1
v 2 1
v 3 1
v 4 4
v 5 8
v 6 8
v 7 1
v 8 4
e 0 1 0
e 0 5 0
e 0 6 0
e 1 2 0
e 2 3 0
e 2 8 0
e 3 4 0
e 3 7 0
e 5 6 0
f 220
p 219
t # 488
v 0 0
v 1 1
v 2 1
v 3 1
v 4 1
v 5 4
v 6 8
v 7 8
v 8 0
e 0 1 0
e 0 6 0
e 0 7 0
e 1 2 0
e 2 3 0
e 3 4 0
e 4 5 0
e 4 8 0
e 6 7 0
f 220
p 224
t # 489
v 0 0
v 1 1
v 2 1
v 3 1
v 4 1
v 5 4
v 6 7
v 7 7
v 8 7
e 0 1 0
e 0 5 0
e 1 2 0
e 2 3 0
e 3 4 0
e 4 6 0
e 6 7 0
e 6 8 0
e 7 8 0
f 280
p 279
t # 490
v 0 0
v 1 1
v 2 1
v 3 1
v 4 4
v 5 6
v 6 4
v 7 6
v 8 6
e 0 1 0
e 0 4 0
e 1 2 0
e 1 6 0
e 2 3 0
e 3 5 0
e 3 7 0
e 3 8 0
e 5 7 0
e 5 8 0
e 7 8 0
f 280
p 279
t # 491
v 0 0
v 1 1
v 2 0
v 3 1
v 4 1
v 5 4
v 6 5
v 7 5
v 8 4
e 0 1 0
e 0 6 0
e 1 2 0
e 2 3 0
e 3 4 0
e 3 8 0
e 4 5 0
e 6 7 0
f 200
p 201
t # 492
v 0 1
v 1 1
v 2 4
v 3 7
v 4 7
v 5 7
e 0 1 0
e 0 3 0
e 0 4 0
e 1 2 0
e 3 4 0
e 3 5 0
e 4 5 0
f 260
p 257
t # 493
v 0 0
v 1 1
v 2 1
v 3 1
v 4 1
v 5 6
v 6 6
v 7 1
v 8 4
e 0 1 0
e 1 2 0
e 2 3 0
e 2 8 0
e 3 4 0
e 4 5 0
e 4 6 0
e 4 7 0
e 5 6 0
f 240
p 243
t # 494
v 0 1
v 1 1
v 2 4
v 3 7
v 4 7
v 5 1
v 6 1
v 7 7
e 0 1 0
e 0 3 0
e 0 7 0
e 1 2 0
e 1 5 0
e 1 6 0
e 3 4 0
e 4 7 0
f 260
p 260
t # 495
v 0 1
v 1 1
v 2 4
v 3 7
v 4 7
v 5 1
v 6 1
v 7 7
e 0 1 0
e 0 3 0
e 0 7 0
e 1 2 0
e 1 5 0
e 1 6 0
e 3 4 0
e 4 7 0
f 260
p 260
t # 496
v 0 0
v 1 1
v 2 1
v 3 1
v 4 1
v 5 6
v 6 6
v 7 6
v 8 4
e 0 1 0
e 1 2 0
e 2 3 0
e 2 8 0
e 3 4 0
e 4 5 0
e 5 6 0
e 5 7 0
e 6 7 0
f 280
p 274
t # 497
v 0 0
v 1 1
v 2 1
v 3 1
v 4 6
v 5 6
v 6 1
v 7 7
v 8 7
e 0 1 0
e 1 2 0
e 2 3 0
e 3 4 0
e 3 6 0
e 3 5 0
e 4 5 0
e 6 7 0
e 6 8 0
e 7 8 0
f 260
p 277
t # 498
v 0 0
v 1 6
v 2 6
v 3 1
v 4 4
v 5 6
v 6 1
v 7 1
e 0 1 0
e 0 4 0
e 1 2 0
e 1 5 0
e 2 3 0
e 2 6 0
e 3 5 0
e 6 7 0
f 20
p 14
t # 499
v 0 0
v 1 1
v 2 1
v 3 1
v 4 6
v 5 6
v 6 6
v 7 4
e 0 1 0
e 1 2 0
e 2 3 0
e 2 7 0
e 3 4 0
e 3 6 0
e 4 5 0
e 5 6 0
f 280
p 279
t # 500
v 0 0
v 1 1
v 2 1
v 3 1
v 4 1
v 5 7
v 6 7
v 7 7
v 8 4
e 0 1 0
e 1 2 0
e 2 3 0
e 2 8 0
e 3 4 0
e 4 5 0
e 4 6 0
e 5 6 0
e 5 7 0
e 6 7 0
f 280
p 275
t # 501
v 0 0
v 1 1
v 2 1
v 3 1
v 4 1
v 5 0
v 6 1
v 7 8
v 8 8
e 0 1 0
e 0 7 0
e 1 2 0
e 2 3 0
e 3 4 0
e 4 5 0
e 5 6 0
e 7 8 0
f 240
p 238
t # 502
v 0 0
v 1 1
v 2 1
v 3 4
v 4 7
v 5 7
v 6 4
v 7 1
e 0 1 0
e 0 4 0
e 1 2 0
e 2 3 0
e 2 6 0
e 2 7 0
e 4 5 0
f 260
p 258
t # 503
v 0 0
v 1 1
v 2 1
v 3 1
v 4 1
v 5 4
v 6 7
v 7 7
v 8 7
e 0 1 0
e 0 5 0
e 1 2 0
e 2 3 0
e 3 4 0
e 4 6 0
e 6 7 0
e 6 8 0
e 7 8 0
f 280
p 279
t # 504
v 0 1
v 1 7
v 2 7
v 3 7
v 4 1
e 0 1 0
e 0 2 0
e 0 3 0
e 0 4 0
e 1 2 0
e 1 3 0
f 280
p 278
