t # 0
v 0 0
v 1 0
v 2 4
v 3 1
v 4 4
v 5 3
v 6 1
e 0 1 0
e 1 2 0
e 2 3 0
e 3 4 0
e 4 5 0
e 4 6 0
f 91
p 84
t # 1
v 0 0
v 1 0
v 2 0
v 3 0
v 4 1
v 5 29
e 0 1 0
e 1 2 0
e 2 3 0
e 3 4 0
e 4 5 0
f 117
p 111
t # 2
v 0 0
v 1 16
v 2 1
v 3 0
v 4 4
e 0 1 0
e 0 4 0
e 1 2 0
e 2 3 0
f 123
p 117
t # 3
v 0 0
v 1 1
v 2 4
v 3 0
v 4 4
v 5 4
v 6 1
e 0 1 0
e 1 2 0
e 2 3 0
e 3 4 0
e 4 5 0
e 4 6 0
f 107
p 100
t # 4
v 0 0
v 1 3
v 2 0
v 3 18
e 0 1 0
e 1 2 0
e 2 3 0
f 290
p 174
t # 5
v 0 0
v 1 17
v 2 1
v 3 0
v 4 3
e 0 1 0
e 1 2 0
e 2 3 0
e 3 4 0
f 86
p 94
t # 6
v 0 0
v 1 16
v 2 0
v 3 1
v 4 0
v 5 0
e 0 1 0
e 1 2 0
e 2 3 0
e 3 4 0
e 4 5 0
f 105
p 103
t # 7
v 0 0
v 1 11
v 2 0
v 3 1
v 4 4
e 0 1 0
e 1 2 0
e 2 3 0
e 3 4 0
f 104
p 108
t # 8
v 0 0
v 1 19
v 2 0
v 3 0
v 4 1
v 5 1
e 0 1 0
e 0 4 0
e 1 2 0
e 2 3 0
e 3 5 0
f 86
p 77
t # 9
v 0 0
v 1 3
v 2 4
v 3 1
v 4 4
v 5 0
v 6 0
v 7 0
e 0 1 0
e 1 2 0
e 2 3 0
e 3 4 0
e 4 5 0
e 5 6 0
e 6 7 0
f 112
p 105
t # 10
v 0 0
v 1 17
v 2 1
v 3 0
e 0 1 0
e 1 2 0
e 2 3 0
f 392
p 396
t # 11
v 0 0
v 1 0
v 2 1
v 3 0
v 4 0
v 5 18
e 0 1 0
e 1 2 0
e 2 3 0
e 3 4 0
e 4 5 0
f 113
p 107
t # 12
v 0 0
v 1 17
v 2 3
v 3 0
v 4 4
e 0 1 0
e 0 4 0
e 1 2 0
e 2 3 0
f 84
p 87
t # 13
v 0 0
v 1 11
v 2 3
v 3 1
v 4 0
e 0 1 0
e 1 2 0
e 2 3 0
e 3 4 0
f 93
p 87
t # 14
v 0 0
v 1 13
v 2 1
v 3 3
e 0 1 0
e 1 2 0
e 2 3 0
f 177
p 176
t # 15
v 0 0
v 1 0
v 2 1
v 3 20
v 4 3
e 0 1 0
e 0 3 0
e 1 2 0
e 3 4 0
f 95
p 91
t # 16
v 0 0
v 1 16
v 2 3
v 3 4
e 0 1 0
e 0 2 0
e 2 3 0
f 177
p 171
t # 17
v 0 0
v 1 11
v 2 2
v 3 4
e 0 1 0
e 0 3 0
e 1 2 0
f 116
p 107
t # 18
v 0 0
v 1 13
v 2 3
v 3 3
e 0 1 0
e 1 2 0
e 2 3 0
f 121
p 116
t # 19
v 0 0
v 1 0
v 2 1
v 3 4
v 4 15
e 0 1 0
e 1 2 0
e 2 3 0
e 3 4 0
f 110
p 108
t # 20
v 0 0
v 1 3
v 2 28
e 0 1 0
e 0 2 0
f 571
p 546
t # 21
v 0 0
v 1 13
v 2 3
v 3 0
e 0 1 0
e 1 2 0
e 1 3 0
f 104
p 104
t # 22
v 0 0
v 1 3
v 2 0
v 3 0
v 4 22
e 0 1 0
e 1 2 0
e 2 3 0
e 3 4 0
f 137
p 132
t # 23
v 0 0
v 1 8
v 2 4
v 3 0
v 4 4
e 0 1 0
e 1 2 0
e 2 3 0
e 3 4 0
f 86
p 85
t # 24
v 0 0
v 1 3
v 2 0
v 3 0
v 4 0
v 5 1
v 6 0
v 7 4
v 8 4
e 0 1 0
e 1 2 0
e 2 3 0
e 3 4 0
e 4 5 0
e 5 6 0
e 6 7 0
e 7 8 0
f 85
p 87
t # 25
v 0 0
v 1 0
v 2 1
v 3 25
e 0 1 0
e 0 3 0
e 1 2 0
f 444
p 431
t # 26
v 0 0
v 1 11
v 2 4
v 3 0
v 4 4
e 0 1 0
e 1 2 0
e 2 3 0
e 3 4 0
f 91
p 85
t # 27
v 0 0
v 1 0
v 2 0
v 3 1
v 4 26
e 0 1 0
e 1 2 0
e 2 3 0
e 3 4 0
f 224
p 223
t # 28
v 0 0
v 1 13
v 2 2
v 3 3
e 0 1 0
e 0 3 0
e 1 2 0
f 113
p 114
t # 29
v 0 0
v 1 13
v 2 0
v 3 3
v 4 0
e 0 1 0
e 1 2 0
e 2 3 0
e 3 4 0
f 114
p 115
t # 30
v 0 0
v 1 13
v 2 0
v 3 3
v 4 1
e 0 1 0
e 1 2 0
e 2 3 0
e 3 4 0
f 92
p 88
t # 31
v 0 0
v 1 3
v 2 4
v 3 2
v 4 4
v 5 1
e 0 1 0
e 1 2 0
e 2 3 0
e 3 4 0
e 4 5 0
f 149
p 119
t # 32
v 0 0
v 1 0
v 2 16
v 3 1
v 4 1
e 0 1 0
e 1 2 0
e 1 4 0
e 2 3 0
f 95
p 98
t # 33
v 0 0
v 1 13
v 2 2
v 3 0
v 4 0
e 0 1 0
e 1 2 0
e 2 3 0
e 3 4 0
f 107
p 103
t # 34
v 0 0
v 1 3
v 2 4
v 3 0
v 4 19
e 0 1 0
e 0 4 0
e 1 2 0
e 2 3 0
f 81
p 86
t # 35
v 0 0
v 1 0
v 2 0
v 3 0
v 4 0
v 5 23
e 0 1 0
e 1 2 0
e 2 3 0
e 3 4 0
e 4 5 0
f 144
p 136
t # 36
v 0 0
v 1 10
v 2 4
v 3 0
v 4 4
e 0 1 0
e 0 4 0
e 1 2 0
e 2 3 0
f 84
p 79
t # 37
v 0 0
v 1 8
v 2 1
v 3 4
v 4 0
e 0 1 0
e 1 2 0
e 2 3 0
e 3 4 0
f 129
p 122
t # 38
v 0 0
v 1 19
v 2 0
v 3 0
v 4 1
e 0 1 0
e 0 4 0
e 1 2 0
e 2 3 0
f 210
p 104
t # 39
v 0 0
v 1 13
v 2 13
e 0 1 0
e 0 2 0
f 111
p 103
t # 40
v 0 0
v 1 16
v 2 1
v 3 4
e 0 1 0
e 1 2 0
e 2 3 0
f 214
p 203
t # 41
v 0 0
v 1 16
v 2 4
v 3 0
v 4 1
e 0 1 0
e 1 2 0
e 2 3 0
e 3 4 0
f 81
p 100
t # 42
v 0 0
v 1 18
v 2 0
v 3 3
v 4 0
e 0 1 0
e 1 2 0
e 2 3 0
e 2 4 0
f 88
p 127
t # 43
v 0 0
v 1 11
v 2 1
v 3 1
v 4 1
e 0 1 0
e 0 4 0
e 1 2 0
e 2 3 0
f 80
p 78
t # 44
v 0 0
v 1 19
v 2 1
v 3 0
v 4 2
e 0 1 0
e 0 4 0
e 1 2 0
e 2 3 0
f 88
p 84
t # 45
v 0 0
v 1 3
v 2 4
v 3 3
v 4 4
v 5 0
e 0 1 0
e 1 2 0
e 2 3 0
e 3 4 0
e 4 5 0
f 212
p 121
t # 46
v 0 0
v 1 17
v 2 0
v 3 0
v 4 0
v 5 4
e 0 1 0
e 1 2 0
e 2 3 0
e 3 4 0
e 4 5 0
f 88
p 102
t # 47
v 0 0
v 1 0
v 2 16
v 3 1
e 0 1 0
e 1 2 0
e 2 3 0
f 366
p 357
t # 48
v 0 0
v 1 11
v 2 0
v 3 0
v 4 0
v 5 4
e 0 1 0
e 0 5 0
e 1 2 0
e 2 3 0
e 3 4 0
f 81
p 92
t # 49
v 0 0
v 1 1
v 2 0
v 3 14
v 4 3
e 0 1 0
e 1 2 0
e 2 3 0
e 3 4 0
f 99
p 97
t # 50
v 0 0
v 1 15
v 2 0
v 3 4
v 4 3
e 0 1 0
e 1 2 0
e 2 3 0
e 3 4 0
f 85
p 111
t # 51
v 0 0
v 1 17
v 2 2
e 0 1 0
e 1 2 0
f 468
p 470
t # 52
v 0 0
v 1 0
v 2 4
v 3 0
v 4 4
v 5 4
v 6 2
e 0 1 0
e 1 2 0
e 2 3 0
e 3 4 0
e 4 5 0
e 5 6 0
f 125
p 93
t # 53
v 0 0
v 1 17
v 2 1
v 3 1
v 4 0
e 0 1 0
e 1 2 0
e 2 3 0
e 3 4 0
f 134
p 126
t # 54
v 0 0
v 1 10
v 2 1
v 3 0
v 4 3
e 0 1 0
e 1 2 0
e 2 3 0
e 3 4 0
f 105
p 94
t # 55
v 0 0
v 1 20
v 2 0
v 3 0
v 4 1
e 0 1 0
e 1 2 0
e 2 3 0
e 2 4 0
f 116
p 112
t # 56
v 0 0
v 1 1
v 2 0
v 3 3
v 4 28
e 0 1 0
e 0 4 0
e 1 2 0
e 2 3 0
f 123
p 113
t # 57
v 0 0
v 1 11
v 2 1
v 3 1
v 4 1
e 0 1 0
e 1 2 0
e 2 3 0
e 3 4 0
f 81
p 75
t # 58
v 0 0
v 1 0
v 2 27
v 3 0
e 0 1 0
e 1 2 0
e 1 3 0
f 194
p 182
t # 59
v 0 0
v 1 0
v 2 4
v 3 0
v 4 4
v 5 4
v 6 3
e 0 1 0
e 1 2 0
e 2 3 0
e 3 4 0
e 4 5 0
e 5 6 0
f 164
p 105
t # 60
v 0 0
v 1 15
v 2 1
v 3 0
v 4 0
v 5 0
e 0 1 0
e 1 2 0
e 2 3 0
e 3 4 0
e 4 5 0
f 87
p 101
t # 61
v 0 0
v 1 15
v 2 1
v 3 2
v 4 0
e 0 1 0
e 1 2 0
e 2 3 0
e 3 4 0
f 80
p 77
t # 62
v 0 0
v 1 11
v 2 3
v 3 3
e 0 1 0
e 0 3 0
e 1 2 0
f 148
p 141
t # 63
v 0 0
v 1 16
v 2 0
v 3 0
v 4 2
e 0 1 0
e 1 2 0
e 2 3 0
e 3 4 0
f 93
p 105
t # 64
v 0 0
v 1 16
v 2 0
v 3 1
v 4 3
e 0 1 0
e 1 2 0
e 2 3 0
e 3 4 0
f 100
p 97
t # 65
v 0 0
v 1 3
v 2 1
v 3 1
v 4 4
v 5 1
v 6 4
e 0 1 0
e 1 2 0
e 2 3 0
e 3 4 0
e 4 5 0
e 5 6 0
f 108
p 111
t # 66
v 0 0
v 1 3
v 2 0
v 3 4
v 4 0
v 5 0
v 6 4
v 7 0
v 8 0
e 0 1 0
e 1 2 0
e 2 3 0
e 3 4 0
e 4 5 0
e 5 6 0
e 6 7 0
e 7 8 0
f 81
p 99
t # 67
v 0 0
v 1 16
v 2 4
v 3 3
e 0 1 0
e 0 2 0
e 2 3 0
f 169
p 158
t # 68
v 0 0
v 1 16
v 2 3
v 3 4
e 0 1 0
e 0 2 0
e 0 3 0
f 106
p 82
t # 69
v 0 0
v 1 1
v 2 1
v 3 23
e 0 1 0
e 1 2 0
e 2 3 0
f 296
p 282
t # 70
v 0 0
v 1 0
v 2 10
v 3 1
v 4 0
e 0 1 0
e 1 2 0
e 2 3 0
e 2 4 0
f 99
p 102
t # 71
v 0 0
v 1 17
v 2 0
v 3 0
v 4 0
v 5 1
e 0 1 0
e 0 4 0
e 1 2 0
e 2 3 0
e 3 5 0
f 93
p 93
t # 72
v 0 0
v 1 17
v 2 1
v 3 1
v 4 4
e 0 1 0
e 0 3 0
e 1 2 0
e 3 4 0
f 95
p 90
t # 73
v 0 0
v 1 0
v 2 1
v 3 1
v 4 0
v 5 23
e 0 1 0
e 0 5 0
e 1 2 0
e 2 3 0
e 3 4 0
f 106
p 103
t # 74
v 0 0
v 1 18
v 2 0
v 3 0
v 4 0
e 0 1 0
e 1 2 0
e 2 3 0
e 2 4 0
f 98
p 93
t # 75
v 0 0
v 1 3
v 2 1
v 3 3
v 4 0
v 5 4
v 6 4
e 0 1 0
e 1 2 0
e 2 3 0
e 3 4 0
e 4 5 0
e 5 6 0
f 111
p 101
t # 76
v 0 0
v 1 17
v 2 0
v 3 1
v 4 4
e 0 1 0
e 0 4 0
e 1 2 0
e 2 3 0
f 117
p 107
t # 77
v 0 0
v 1 1
v 2 0
v 3 4
v 4 4
v 5 3
v 6 4
e 0 1 0
e 1 2 0
e 2 3 0
e 3 4 0
e 4 5 0
e 5 6 0
f 85
p 84
t # 78
v 0 0
v 1 4
v 2 4
v 3 4
v 4 1
v 5 4
v 6 0
e 0 1 0
e 1 2 0
e 2 3 0
e 3 4 0
e 4 5 0
e 5 6 0
f 95
p 137
t # 79
v 0 0
v 1 12
v 2 0
v 3 3
e 0 1 0
e 1 2 0
e 2 3 0
f 277
p 269
t # 80
v 0 0
v 1 4
v 2 0
v 3 3
v 4 15
e 0 1 0
e 1 2 0
e 2 3 0
e 3 4 0
f 85
p 82
t # 81
v 0 0
v 1 16
v 2 1
v 3 1
v 4 1
e 0 1 0
e 0 4 0
e 1 2 0
e 2 3 0
f 102
p 102
t # 82
v 0 0
v 1 0
v 2 0
v 3 13
v 4 4
e 0 1 0
e 1 2 0
e 2 3 0
e 3 4 0
f 159
p 154
t # 83
v 0 0
v 1 0
v 2 4
v 3 4
v 4 4
v 5 1
v 6 0
e 0 1 0
e 1 2 0
e 2 3 0
e 2 6 0
e 3 4 0
e 4 5 0
f 121
p 114
t # 84
v 0 0
v 1 1
v 2 4
v 3 0
v 4 4
v 5 1
v 6 4
e 0 1 0
e 1 2 0
e 2 3 0
e 2 6 0
e 3 4 0
e 4 5 0
f 105
p 101
t # 85
v 0 0
v 1 0
v 2 4
v 3 22
v 4 0
e 0 1 0
e 1 2 0
e 2 3 0
e 2 4 0
f 85
p 84
t # 86
v 0 0
v 1 0
v 2 4
v 3 0
v 4 4
v 5 4
v 6 1
v 7 1
e 0 1 0
e 1 2 0
e 2 3 0
e 3 4 0
e 4 5 0
e 5 6 0
e 6 7 0
f 93
p 90
t # 87
v 0 0
v 1 0
v 2 0
v 3 1
v 4 4
v 5 4
v 6 4
v 7 0
e 0 1 0
e 1 2 0
e 2 3 0
e 3 4 0
e 4 5 0
e 5 6 0
e 5 7 0
f 83
p 87
t # 88
v 0 0
v 1 13
v 2 1
v 3 1
v 4 0
e 0 1 0
e 1 2 0
e 2 3 0
e 3 4 0
f 126
p 128
t # 89
v 0 0
v 1 17
v 2 0
v 3 1
v 4 1
e 0 1 0
e 0 4 0
e 1 2 0
e 2 3 0
f 103
p 116
t # 90
v 0 0
v 1 13
v 2 13
e 0 1 0
e 1 2 0
f 161
p 150
t # 91
v 0 0
v 1 13
v 2 1
v 3 4
e 0 1 0
e 1 2 0
e 2 3 0
f 225
p 216
t # 92
v 0 0
v 1 13
v 2 4
v 3 3
e 0 1 0
e 0 3 0
e 1 2 0
f 154
p 147
t # 93
v 0 0
v 1 15
v 2 3
v 3 0
v 4 4
e 0 1 0
e 0 4 0
e 1 2 0
e 2 3 0
f 92
p 94
t # 94
v 0 0
v 1 4
v 2 0
v 3 1
v 4 17
e 0 1 0
e 1 2 0
e 2 3 0
e 3 4 0
f 125
p 119
t # 95
v 0 0
v 1 9
v 2 3
v 3 3
e 0 1 0
e 1 2 0
e 2 3 0
f 107
p 106
t # 96
v 0 0
v 1 1
v 2 4
v 3 3
v 4 3
v 5 4
e 0 1 0
e 1 2 0
e 2 3 0
e 2 5 0
e 3 4 0
f 98
p 91
t # 97
v 0 0
v 1 0
v 2 1
v 3 4
v 4 18
e 0 1 0
e 1 2 0
e 2 3 0
e 3 4 0
f 114
p 110
t # 98
v 0 0
v 1 4
v 2 2
v 3 4
v 4 4
v 5 0
e 0 1 0
e 1 2 0
e 2 3 0
e 3 4 0
e 3 5 0
f 117
p 110
t # 99
v 0 0
v 1 1
v 2 0
v 3 4
v 4 4
v 5 0
v 6 3
v 7 1
e 0 1 0
e 1 2 0
e 2 3 0
e 3 4 0
e 4 5 0
e 5 6 0
e 6 7 0
f 95
p 99
t # 100
v 0 0
v 1 1
v 2 1
v 3 1
v 4 19
e 0 1 0
e 1 2 0
e 2 3 0
e 3 4 0
f 120
p 71
t # 101
v 0 0
v 1 1
v 2 4
v 3 4
v 4 4
v 5 4
e 0 1 0
e 1 2 0
e 2 3 0
e 2 5 0
e 3 4 0
f 94
p 94
t # 102
v 0 0
v 1 19
v 2 0
v 3 0
v 4 0
v 5 1
e 0 1 0
e 0 4 0
e 1 2 0
e 2 3 0
e 3 5 0
f 89
p 86
t # 103
v 0 0
v 1 16
v 2 0
v 3 0
v 4 4
e 0 1 0
e 0 4 0
e 1 2 0
e 2 3 0
f 155
p 134
t # 104
v 0 0
v 1 16
v 2 0
e 0 1 0
e 1 2 0
f 653
p 630
t # 105
v 0 0
v 1 2
v 2 26
e 0 1 0
e 0 2 0
f 503
p 492
t # 106
v 0 0
v 1 0
v 2 4
v 3 4
v 4 0
v 5 4
v 6 0
v 7 0
e 0 1 0
e 1 2 0
e 2 3 0
e 2 7 0
e 3 4 0
e 4 5 0
e 5 6 0
f 82
p 85
t # 107
v 0 0
v 1 2
v 2 23
e 0 1 0
e 1 2 0
f 431
p 422
t # 108
v 0 0
v 1 4
v 2 3
v 3 20
e 0 1 0
e 1 2 0
e 2 3 0
f 143
p 141
t # 109
v 0 0
v 1 0
v 2 1
v 3 13
v 4 3
e 0 1 0
e 0 3 0
e 1 2 0
e 3 4 0
f 116
p 142
t # 110
v 0 0
v 1 8
v 2 4
v 3 1
v 4 0
e 0 1 0
e 1 2 0
e 2 3 0
e 3 4 0
f 98
p 94
t # 111
v 0 0
v 1 2
v 2 4
v 3 19
e 0 1 0
e 0 3 0
e 1 2 0
f 132
p 122
t # 112
v 0 0
v 1 1
v 2 4
v 3 1
v 4 4
v 5 3
v 6 0
e 0 1 0
e 1 2 0
e 2 3 0
e 3 4 0
e 4 5 0
e 4 6 0
f 88
p 83
t # 113
v 0 0
v 1 13
v 2 1
v 3 2
e 0 1 0
e 1 2 0
e 2 3 0
f 150
p 153
t # 114
v 0 0
v 1 8
v 2 1
v 3 4
v 4 1
e 0 1 0
e 0 3 0
e 1 2 0
e 3 4 0
f 90
p 89
t # 115
v 0 0
v 1 0
v 2 0
v 3 1
v 4 1
v 5 24
e 0 1 0
e 0 5 0
e 1 2 0
e 2 3 0
e 3 4 0
f 81
p 96
t # 116
v 0 0
v 1 15
v 2 4
v 3 1
v 4 0
e 0 1 0
e 0 2 0
e 0 4 0
e 2 3 0
f 81
p 88
t # 117
v 0 0
v 1 3
v 2 1
v 3 0
v 4 4
v 5 0
v 6 1
v 7 4
e 0 1 0
e 1 2 0
e 2 3 0
e 3 4 0
e 4 5 0
e 5 6 0
e 6 7 0
f 92
p 101
t # 118
v 0 0
v 1 0
v 2 4
v 3 0
v 4 4
v 5 1
v 6 0
v 7 4
e 0 1 0
e 1 2 0
e 2 3 0
e 2 7 0
e 3 4 0
e 4 5 0
e 5 6 0
f 86
p 86
t # 119
v 0 0
v 1 17
v 2 0
v 3 0
v 4 0
e 0 1 0
e 0 4 0
e 1 2 0
e 2 3 0
f 155
p 178
t # 120
v 0 0
v 1 9
v 2 4
v 3 3
e 0 1 0
e 1 2 0
e 2 3 0
f 141
p 136
t # 121
v 0 0
v 1 11
v 2 2
v 3 0
e 0 1 0
e 1 2 0
e 2 3 0
f 182
p 176
t # 122
v 0 0
v 1 3
v 2 0
v 3 19
e 0 1 0
e 1 2 0
e 2 3 0
f 284
p 277
t # 123
v 0 0
v 1 1
v 2 1
v 3 4
v 4 1
v 5 4
v 6 1
v 7 0
e 0 1 0
e 1 2 0
e 2 3 0
e 3 4 0
e 4 5 0
e 5 6 0
e 6 7 0
f 83
p 80
t # 124
v 0 0
v 1 13
v 2 4
v 3 0
e 0 1 0
e 1 2 0
e 1 3 0
f 105
p 84
t # 125
v 0 0
v 1 13
v 2 1
v 3 0
e 0 1 0
e 1 2 0
e 1 3 0
f 128
p 125
t # 126
v 0 0
v 1 0
v 2 0
v 3 0
v 4 1
v 5 25
e 0 1 0
e 0 5 0
e 1 2 0
e 2 3 0
e 3 4 0
f 126
p 108
t # 127
v 0 0
v 1 16
v 2 4
v 3 2
e 0 1 0
e 1 2 0
e 2 3 0
f 118
p 114
t # 128
v 0 0
v 1 0
v 2 0
v 3 4
v 4 0
v 5 28
e 0 1 0
e 1 2 0
e 2 3 0
e 3 4 0
e 4 5 0
f 84
p 113
t # 129
v 0 0
v 1 4
v 2 4
v 3 3
v 4 1
v 5 3
e 0 1 0
e 1 2 0
e 2 3 0
e 3 4 0
e 4 5 0
f 167
p 130
t # 130
v 0 0
v 1 9
v 2 9
e 0 1 0
e 1 2 0
f 175
p 138
t # 131
v 0 0
v 1 17
v 2 4
v 3 4
e 0 1 0
e 0 3 0
e 1 2 0
f 189
p 179
t # 132
v 0 0
v 1 15
v 2 3
v 3 2
e 0 1 0
e 1 2 0
e 2 3 0
f 97
p 94
t # 133
v 0 0
v 1 4
v 2 4
v 3 1
v 4 4
v 5 1
v 6 0
e 0 1 0
e 1 2 0
e 2 3 0
e 2 5 0
e 3 4 0
e 5 6 0
f 100
p 95
t # 134
v 0 0
v 1 15
v 2 0
v 3 0
v 4 0
v 5 0
e 0 1 0
e 0 4 0
e 1 2 0
e 2 3 0
e 3 5 0
f 113
p 119
t # 135
v 0 0
v 1 20
v 2 0
v 3 0
v 4 0
e 0 1 0
e 1 2 0
e 2 3 0
e 2 4 0
f 85
p 84
t # 136
v 0 0
v 1 16
v 2 1
v 3 4
v 4 1
e 0 1 0
e 0 3 0
e 1 2 0
e 3 4 0
f 91
p 88
t # 137
v 0 0
v 1 0
v 2 0
v 3 4
v 4 1
v 5 18
e 0 1 0
e 0 5 0
e 1 2 0
e 2 3 0
e 3 4 0
f 80
p 80
t # 138
v 0 0
v 1 19
v 2 0
v 3 0
v 4 1
e 0 1 0
e 1 2 0
e 2 3 0
e 2 4 0
f 122
p 120
t # 139
v 0 0
v 1 1
v 2 4
v 3 23
e 0 1 0
e 0 3 0
e 1 2 0
f 271
p 258
t # 140
v 0 0
v 1 13
v 2 0
v 3 0
v 4 1
e 0 1 0
e 1 2 0
e 2 3 0
e 3 4 0
f 187
p 194
t # 141
v 0 0
v 1 0
v 2 1
v 3 27
e 0 1 0
e 0 3 0
e 1 2 0
f 448
p 428
t # 142
v 0 0
v 1 3
v 2 4
v 3 0
v 4 0
v 5 4
v 6 1
v 7 0
e 0 1 0
e 1 2 0
e 2 3 0
e 3 4 0
e 4 5 0
e 5 6 0
e 5 7 0
f 84
p 102
t # 143
v 0 0
v 1 1
v 2 0
v 3 26
v 4 0
e 0 1 0
e 1 2 0
e 2 3 0
e 2 4 0
f 138
p 133
t # 144
v 0 0
v 1 4
v 2 4
v 3 3
v 4 4
v 5 0
v 6 1
e 0 1 0
e 1 2 0
e 2 3 0
e 3 4 0
e 4 5 0
e 5 6 0
f 84
p 87
t # 145
v 0 0
v 1 16
v 2 0
v 3 3
v 4 0
e 0 1 0
e 1 2 0
e 2 3 0
e 3 4 0
f 144
p 137
t # 146
v 0 0
v 1 12
v 2 1
v 3 1
v 4 0
e 0 1 0
e 1 2 0
e 2 3 0
e 2 4 0
f 99
p 95
t # 147
v 0 0
v 1 9
v 2 1
v 3 0
v 4 3
e 0 1 0
e 1 2 0
e 2 3 0
e 3 4 0
f 109
p 107
t # 148
v 0 0
v 1 16
v 2 3
v 3 1
e 0 1 0
e 1 2 0
e 2 3 0
f 181
p 175
t # 149
v 0 0
v 1 11
v 2 3
v 3 0
v 4 1
e 0 1 0
e 0 4 0
e 1 2 0
e 2 3 0
f 89
p 92
t # 150
v 0 0
v 1 0
v 2 4
v 3 2
v 4 1
v 5 4
v 6 4
e 0 1 0
e 1 2 0
e 2 3 0
e 3 4 0
e 4 5 0
e 5 6 0
f 97
p 93
t # 151
v 0 0
v 1 15
v 2 0
e 0 1 0
e 1 2 0
f 615
p 597
t # 152
v 0 0
v 1 3
v 2 4
v 3 0
v 4 0
v 5 1
v 6 1
v 7 4
e 0 1 0
e 1 2 0
e 2 3 0
e 3 4 0
e 4 5 0
e 5 6 0
e 6 7 0
f 94
p 86
t # 153
v 0 0
v 1 16
v 2 2
v 3 3
e 0 1 0
e 1 2 0
e 2 3 0
f 87
p 84
t # 154
v 0 0
v 1 0
v 2 3
v 3 26
e 0 1 0
e 0 3 0
e 1 2 0
f 331
p 254
t # 155
v 0 0
v 1 15
v 2 0
v 3 0
v 4 1
e 0 1 0
e 0 4 0
e 1 2 0
e 2 3 0
f 185
p 136
t # 156
v 0 0
v 1 13
v 2 0
e 0 1 0
e 1 2 0
f 637
p 569
t # 157
v 0 0
v 1 11
v 2 2
v 3 0
v 4 0
e 0 1 0
e 1 2 0
e 2 3 0
e 3 4 0
f 90
p 90
t # 158
v 0 0
v 1 11
v 2 0
v 3 4
v 4 4
e 0 1 0
e 1 2 0
e 2 3 0
e 3 4 0
f 90
p 92
t # 159
v 0 0
v 1 11
v 2 1
v 3 0
e 0 1 0
e 1 2 0
e 1 3 0
f 141
p 140
t # 160
v 0 0
v 1 16
v 2 2
v 3 4
e 0 1 0
e 1 2 0
e 2 3 0
f 117
p 113
t # 161
v 0 0
v 1 15
v 2 4
v 3 1
e 0 1 0
e 0 2 0
e 2 3 0
f 272
p 267
t # 162
v 0 0
v 1 10
v 2 1
v 3 0
e 0 1 0
e 1 2 0
e 1 3 0
f 138
p 136
t # 163
v 0 0
v 1 11
v 2 0
v 3 3
v 4 0
e 0 1 0
e 1 2 0
e 2 3 0
e 2 4 0
f 86
p 86
t # 164
v 0 0
v 1 3
v 2 4
v 3 17
e 0 1 0
e 1 2 0
e 2 3 0
f 150
p 153
t # 165
v 0 0
v 1 13
v 2 0
v 3 0
v 4 1
v 5 0
e 0 1 0
e 1 2 0
e 2 3 0
e 3 4 0
e 4 5 0
f 84
p 93
t # 166
v 0 0
v 1 0
v 2 0
v 3 29
v 4 0
e 0 1 0
e 1 2 0
e 2 3 0
e 2 4 0
f 120
p 118
t # 167
v 0 0
v 1 23
e 0 1 0
f 1375
p 637
t # 168
v 0 0
v 1 18
v 2 1
v 3 0
v 4 1
e 0 1 0
e 0 4 0
e 1 2 0
e 2 3 0
f 148
p 144
t # 169
v 0 0
v 1 0
v 2 4
v 3 4
v 4 2
v 5 4
v 6 0
e 0 1 0
e 1 2 0
e 2 3 0
e 3 4 0
e 4 5 0
e 5 6 0
f 104
p 96
t # 170
v 0 0
v 1 0
v 2 2
v 3 26
e 0 1 0
e 0 3 0
e 1 2 0
f 260
p 176
t # 171
v 0 0
v 1 2
v 2 4
v 3 4
v 4 4
v 5 0
e 0 1 0
e 1 2 0
e 2 3 0
e 3 4 0
e 3 5 0
f 120
p 117
t # 172
v 0 0
v 1 17
v 2 4
v 3 3
e 0 1 0
e 0 3 0
e 1 2 0
f 166
p 156
t # 173
v 0 0
v 1 3
v 2 0
v 3 3
v 4 1
v 5 4
v 6 4
e 0 1 0
e 1 2 0
e 2 3 0
e 3 4 0
e 4 5 0
e 5 6 0
f 93
p 89
t # 174
v 0 0
v 1 1
v 2 21
v 3 0
e 0 1 0
e 1 2 0
e 1 3 0
f 142
p 134
t # 175
v 0 0
v 1 15
v 2 0
v 3 4
v 4 1
e 0 1 0
e 1 2 0
e 2 3 0
e 3 4 0
f 134
p 120
t # 176
v 0 0
v 1 2
v 2 4
v 3 4
v 4 4
v 5 1
e 0 1 0
e 1 2 0
e 2 3 0
e 2 5 0
e 3 4 0
f 85
p 91
t # 177
v 0 0
v 1 17
v 2 0
v 3 1
v 4 3
e 0 1 0
e 1 2 0
e 2 3 0
e 3 4 0
f 116
p 99
t # 178
v 0 0
v 1 16
v 2 1
v 3 1
v 4 4
e 0 1 0
e 0 3 0
e 1 2 0
e 3 4 0
f 82
p 92
t # 179
v 0 0
v 1 11
v 2 1
v 3 1
v 4 1
e 0 1 0
e 0 3 0
e 1 2 0
e 3 4 0
f 102
p 93
t # 180
v 0 0
v 1 1
v 2 16
v 3 2
e 0 1 0
e 0 2 0
e 2 3 0
f 179
p 130
t # 181
v 0 0
v 1 13
v 2 0
v 3 3
e 0 1 0
e 1 2 0
e 2 3 0
f 246
p 245
t # 182
v 0 0
v 1 15
v 2 4
v 3 4
e 0 1 0
e 1 2 0
e 2 3 0
f 163
p 156
t # 183
v 0 0
v 1 3
v 2 4
v 3 4
v 4 0
v 5 1
v 6 0
v 7 1
e 0 1 0
e 1 2 0
e 2 3 0
e 3 4 0
e 4 5 0
e 5 6 0
e 6 7 0
f 81
p 80
t # 184
v 0 0
v 1 0
v 2 4
v 3 0
v 4 4
v 5 4
v 6 3
e 0 1 0
e 1 2 0
e 2 3 0
e 2 6 0
e 3 4 0
e 4 5 0
f 99
p 95
t # 185
v 0 0
v 1 2
v 2 4
v 3 0
v 4 0
v 5 4
v 6 0
v 7 0
e 0 1 0
e 1 2 0
e 2 3 0
e 2 7 0
e 3 4 0
e 4 5 0
e 5 6 0
f 80
p 79
t # 186
v 0 0
v 1 15
v 2 2
v 3 3
e 0 1 0
e 0 2 0
e 2 3 0
f 104
p 94
t # 187
v 0 0
v 1 0
v 2 4
v 3 1
v 4 3
v 5 4
v 6 2
e 0 1 0
e 1 2 0
e 2 3 0
e 3 4 0
e 4 5 0
e 5 6 0
f 82
p 78
t # 188
v 0 0
v 1 0
v 2 0
v 3 0
v 4 15
v 5 1
e 0 1 0
e 1 2 0
e 2 3 0
e 3 4 0
e 4 5 0
f 89
p 120
t # 189
v 0 0
v 1 15
v 2 4
v 3 2
e 0 1 0
e 0 2 0
e 2 3 0
f 124
p 101
t # 190
v 0 0
v 1 14
v 2 0
v 3 0
v 4 0
e 0 1 0
e 1 2 0
e 2 3 0
e 2 4 0
f 84
p 82
t # 191
v 0 0
v 1 17
v 2 0
v 3 1
v 4 0
e 0 1 0
e 1 2 0
e 2 3 0
e 3 4 0
f 187
p 190
t # 192
v 0 0
v 1 13
v 2 2
v 3 4
e 0 1 0
e 1 2 0
e 2 3 0
f 90
p 89
t # 193
v 0 0
v 1 2
v 2 20
v 3 3
e 0 1 0
e 1 2 0
e 2 3 0
f 99
p 98
t # 194
v 0 0
v 1 15
v 2 0
v 3 0
v 4 1
v 5 0
e 0 1 0
e 0 4 0
e 1 2 0
e 2 3 0
e 4 5 0
f 94
p 89
t # 195
v 0 0
v 1 11
v 2 0
v 3 0
v 4 4
e 0 1 0
e 1 2 0
e 2 3 0
e 2 4 0
f 112
p 93
t # 196
v 0 0
v 1 17
v 2 17
e 0 1 0
e 0 2 0
f 126
p 126
t # 197
v 0 0
v 1 17
v 2 1
v 3 0
v 4 3
e 0 1 0
e 0 4 0
e 1 2 0
e 2 3 0
f 95
p 93
t # 198
v 0 0
v 1 22
e 0 1 0
f 1386
p 758
t # 199
v 0 0
v 1 0
v 2 4
v 3 18
v 4 1
e 0 1 0
e 1 2 0
e 2 3 0
e 3 4 0
f 117
p 111
t # 200
v 0 0
v 1 1
v 2 4
v 3 3
v 4 1
v 5 1
v 6 4
e 0 1 0
e 1 2 0
e 2 3 0
e 3 4 0
e 4 5 0
e 5 6 0
f 92
p 85
t # 201
v 0 0
v 1 16
v 2 0
v 3 3
v 4 1
e 0 1 0
e 1 2 0
e 2 3 0
e 3 4 0
f 96
p 87
t # 202
v 0 0
v 1 11
v 2 3
v 3 4
v 4 0
e 0 1 0
e 1 2 0
e 2 3 0
e 3 4 0
f 81
p 111
t # 203
v 0 0
v 1 11
v 2 0
v 3 3
v 4 0
e 0 1 0
e 1 2 0
e 2 3 0
e 3 4 0
f 135
p 133
t # 204
v 0 0
v 1 0
v 2 4
v 3 1
v 4 0
v 5 4
v 6 4
v 7 0
e 0 1 0
e 1 2 0
e 2 3 0
e 3 4 0
e 4 5 0
e 5 6 0
e 6 7 0
f 130
p 119
t # 205
v 0 0
v 1 2
v 2 0
v 3 27
e 0 1 0
e 1 2 0
e 2 3 0
f 245
p 242
t # 206
v 0 0
v 1 2
v 2 16
v 3 1
e 0 1 0
e 1 2 0
e 2 3 0
f 149
p 145
t # 207
v 0 0
v 1 4
v 2 4
v 3 1
v 4 1
v 5 0
v 6 3
e 0 1 0
e 1 2 0
e 2 3 0
e 2 5 0
e 3 4 0
e 5 6 0
f 90
p 86
t # 208
v 0 0
v 1 9
v 2 4
v 3 1
e 0 1 0
e 1 2 0
e 1 3 0
f 142
p 140
t # 209
v 0 0
v 1 11
v 2 4
v 3 1
e 0 1 0
e 1 2 0
e 2 3 0
f 212
p 203
t # 210
v 0 0
v 1 0
v 2 4
v 3 1
v 4 0
v 5 4
v 6 0
v 7 4
e 0 1 0
e 1 2 0
e 2 3 0
e 2 7 0
e 3 4 0
e 4 5 0
e 5 6 0
f 86
p 99
t # 211
v 0 0
v 1 11
v 2 1
v 3 4
e 0 1 0
e 1 2 0
e 2 3 0
f 198
p 191
t # 212
v 0 0
v 1 0
v 2 0
v 3 4
v 4 4
v 5 4
v 6 0
v 7 0
e 0 1 0
e 1 2 0
e 2 3 0
e 3 4 0
e 3 7 0
e 4 5 0
e 5 6 0
f 82
p 109
t # 213
v 0 0
v 1 1
v 2 1
v 3 3
v 4 26
e 0 1 0
e 0 4 0
e 1 2 0
e 2 3 0
f 84
p 94
t # 214
v 0 0
v 1 12
v 2 0
v 3 0
v 4 1
e 0 1 0
e 1 2 0
e 2 3 0
e 2 4 0
f 121
p 110
t # 215
v 0 0
v 1 11
v 2 4
v 3 0
e 0 1 0
e 1 2 0
e 1 3 0
f 96
p 96
t # 216
v 0 0
v 1 17
v 2 0
v 3 1
v 4 0
v 5 1
e 0 1 0
e 1 2 0
e 2 3 0
e 3 4 0
e 4 5 0
f 81
p 84
t # 217
v 0 0
v 1 15
v 2 0
v 3 4
e 0 1 0
e 1 2 0
e 2 3 0
f 304
p 303
t # 218
v 0 0
v 1 13
v 2 0
v 3 0
v 4 1
e 0 1 0
e 1 2 0
e 2 3 0
e 2 4 0
f 115
p 112
t # 219
v 0 0
v 1 0
v 2 20
v 3 1
e 0 1 0
e 1 2 0
e 2 3 0
f 430
p 414
t # 220
v 0 0
v 1 1
v 2 4
v 3 25
e 0 1 0
e 1 2 0
e 2 3 0
f 226
p 218
t # 221
v 0 0
v 1 3
v 2 1
v 3 0
v 4 14
e 0 1 0
e 0 4 0
e 1 2 0
e 2 3 0
f 115
p 112
t # 222
v 0 0
v 1 17
v 2 0
v 3 0
v 4 2
e 0 1 0
e 1 2 0
e 2 3 0
e 3 4 0
f 124
p 113
t # 223
v 0 0
v 1 1
v 2 0
v 3 1
v 4 0
v 5 18
e 0 1 0
e 1 2 0
e 2 3 0
e 3 4 0
e 4 5 0
f 81
p 85
t # 224
v 0 0
v 1 13
v 2 2
v 3 0
v 4 0
e 0 1 0
e 0 4 0
e 1 2 0
e 2 3 0
f 96
p 94
t # 225
v 0 0
v 1 4
v 2 0
v 3 2
v 4 26
e 0 1 0
e 0 4 0
e 1 2 0
e 2 3 0
f 83
p 93
t # 226
v 0 0
v 1 17
v 2 1
v 3 1
v 4 0
e 0 1 0
e 1 2 0
e 2 3 0
e 2 4 0
f 88
p 87
t # 227
v 0 0
v 1 4
v 2 0
v 3 1
v 4 4
v 5 2
v 6 4
e 0 1 0
e 1 2 0
e 2 3 0
e 3 4 0
e 4 5 0
e 5 6 0
f 86
p 85
t # 228
v 0 0
v 1 1
v 2 14
v 3 3
e 0 1 0
e 0 2 0
e 2 3 0
f 189
p 181
t # 229
v 0 0
v 1 16
v 2 0
v 3 4
v 4 1
e 0 1 0
e 1 2 0
e 2 3 0
e 3 4 0
f 109
p 107
t # 230
v 0 0
v 1 13
v 2 0
v 3 1
v 4 1
e 0 1 0
e 1 2 0
e 2 3 0
e 3 4 0
f 127
p 132
t # 231
v 0 0
v 1 0
v 2 4
v 3 4
v 4 4
v 5 0
v 6 0
e 0 1 0
e 1 2 0
e 2 3 0
e 2 6 0
e 3 4 0
e 4 5 0
f 140
p 113
t # 232
v 0 0
v 1 15
v 2 0
v 3 0
e 0 1 0
e 1 2 0
e 2 3 0
f 441
p 427
t # 233
v 0 0
v 1 4
v 2 1
v 3 1
v 4 1
v 5 3
v 6 3
e 0 1 0
e 1 2 0
e 2 3 0
e 3 4 0
e 4 5 0
e 5 6 0
f 85
p 82
t # 234
v 0 0
v 1 17
v 2 0
v 3 4
v 4 1
e 0 1 0
e 1 2 0
e 2 3 0
e 3 4 0
f 112
p 112
t # 235
v 0 0
v 1 13
v 2 3
v 3 0
v 4 1
e 0 1 0
e 1 2 0
e 2 3 0
e 3 4 0
f 104
p 97
t # 236
v 0 0
v 1 16
v 2 1
v 3 1
v 4 0
e 0 1 0
e 1 2 0
e 2 3 0
e 3 4 0
f 124
p 127
t # 237
v 0 0
v 1 0
v 2 4
v 3 4
v 4 11
e 0 1 0
e 0 4 0
e 1 2 0
e 2 3 0
f 107
p 98
t # 238
v 0 0
v 1 3
v 2 4
v 3 13
e 0 1 0
e 0 3 0
e 1 2 0
f 160
p 151
t # 239
v 0 0
v 1 13
v 2 0
v 3 0
v 4 0
v 5 0
e 0 1 0
e 1 2 0
e 2 3 0
e 3 4 0
e 4 5 0
f 137
p 118
t # 240
v 0 0
v 1 15
v 2 3
v 3 0
e 0 1 0
e 1 2 0
e 1 3 0
f 95
p 96
t # 241
v 0 0
v 1 0
v 2 1
v 3 20
v 4 2
e 0 1 0
e 1 2 0
e 2 3 0
e 3 4 0
f 84
p 88
t # 242
v 0 0
v 1 15
v 2 3
v 3 0
e 0 1 0
e 1 2 0
e 2 3 0
f 277
p 263
t # 243
v 0 0
v 1 17
v 2 4
v 3 1
e 0 1 0
e 1 2 0
e 2 3 0
f 240
p 242
t # 244
v 0 0
v 1 4
v 2 1
v 3 20
e 0 1 0
e 1 2 0
e 2 3 0
f 253
p 147
t # 245
v 0 0
v 1 3
v 2 4
v 3 26
e 0 1 0
e 1 2 0
e 2 3 0
f 161
p 157
t # 246
v 0 0
v 1 17
v 2 0
v 3 1
v 4 1
e 0 1 0
e 1 2 0
e 2 3 0
e 3 4 0
f 155
p 152
t # 247
v 0 0
v 1 13
v 2 4
v 3 0
e 0 1 0
e 1 2 0
e 2 3 0
f 278
p 286
t # 248
v 0 0
v 1 16
v 2 1
v 3 1
v 4 1
e 0 1 0
e 0 3 0
e 1 2 0
e 3 4 0
f 110
p 102
t # 249
v 0 0
v 1 11
v 2 11
e 0 1 0
e 1 2 0
f 178
p 172
t # 250
v 0 0
v 1 11
v 2 0
v 3 2
v 4 0
e 0 1 0
e 1 2 0
e 2 3 0
e 3 4 0
f 99
p 95
t # 251
v 0 0
v 1 4
v 2 0
v 3 3
v 4 20
e 0 1 0
e 0 4 0
e 1 2 0
e 2 3 0
f 81
p 79
t # 252
v 0 0
v 1 16
v 2 1
v 3 0
v 4 4
e 0 1 0
e 1 2 0
e 2 3 0
e 3 4 0
f 114
p 113
t # 253
v 0 0
v 1 17
v 2 0
v 3 1
v 4 0
v 5 0
e 0 1 0
e 1 2 0
e 2 3 0
e 3 4 0
e 4 5 0
f 103
p 94
t # 254
v 0 0
v 1 4
v 2 18
v 3 3
e 0 1 0
e 0 2 0
e 2 3 0
f 176
p 168
t # 255
v 0 0
v 1 4
v 2 4
v 3 0
v 4 1
v 5 3
v 6 0
e 0 1 0
e 1 2 0
e 2 3 0
e 2 6 0
e 3 4 0
e 4 5 0
f 122
p 106
t # 256
v 0 0
v 1 17
v 2 2
v 3 4
e 0 1 0
e 0 3 0
e 1 2 0
f 135
p 132
t # 257
v 0 0
v 1 3
v 2 4
v 3 0
v 4 4
v 5 4
v 6 0
e 0 1 0
e 1 2 0
e 2 3 0
e 3 4 0
e 4 5 0
e 4 6 0
f 84
p 119
t # 258
v 0 0
v 1 3
v 2 0
v 3 1
v 4 4
v 5 4
v 6 1
e 0 1 0
e 1 2 0
e 2 3 0
e 3 4 0
e 4 5 0
e 5 6 0
f 157
p 114
t # 259
v 0 0
v 1 15
v 2 2
v 3 4
e 0 1 0
e 0 2 0
e 1 3 0
f 122
p 127
t # 260
v 0 0
v 1 15
v 2 4
v 3 3
e 0 1 0
e 0 2 0
e 2 3 0
f 175
p 173
t # 261
v 0 0
v 1 1
v 2 1
v 3 1
v 4 23
e 0 1 0
e 0 4 0
e 1 2 0
e 2 3 0
f 105
p 97
t # 262
v 0 0
v 1 17
v 2 3
e 0 1 0
e 1 2 0
f 576
p 544
t # 263
v 0 0
v 1 13
v 2 1
v 3 0
v 4 3
e 0 1 0
e 1 2 0
e 2 3 0
e 3 4 0
f 80
p 85
t # 264
v 0 0
v 1 18
v 2 0
v 3 0
v 4 3
e 0 1 0
e 1 2 0
e 2 3 0
e 3 4 0
f 139
p 124
t # 265
v 0 0
v 1 1
v 2 4
v 3 4
v 4 4
v 5 4
e 0 1 0
e 1 2 0
e 2 3 0
e 3 4 0
e 4 5 0
f 184
p 160
t # 266
v 0 0
v 1 3
v 2 4
v 3 0
v 4 4
v 5 1
v 6 0
v 7 0
e 0 1 0
e 1 2 0
e 2 3 0
e 3 4 0
e 4 5 0
e 5 6 0
e 6 7 0
f 116
p 107
t # 267
v 0 0
v 1 0
v 2 13
v 3 13
e 0 1 0
e 1 2 0
e 2 3 0
f 82
p 115
t # 268
v 0 0
v 1 0
v 2 4
v 3 4
v 4 0
v 5 1
v 6 4
v 7 1
e 0 1 0
e 1 2 0
e 2 3 0
e 3 4 0
e 4 5 0
e 5 6 0
e 6 7 0
f 80
p 96
t # 269
v 0 0
v 1 15
v 2 0
v 3 0
v 4 0
e 0 1 0
e 1 2 0
e 2 3 0
e 2 4 0
f 85
p 83
t # 270
v 0 0
v 1 9
v 2 1
v 3 3
v 4 0
e 0 1 0
e 1 2 0
e 2 3 0
e 3 4 0
f 92
p 89
t # 271
v 0 0
v 1 0
v 2 0
v 3 4
v 4 27
e 0 1 0
e 1 2 0
e 2 3 0
e 3 4 0
f 176
p 155
t # 272
v 0 0
v 1 3
v 2 0
v 3 0
v 4 4
v 5 3
v 6 3
e 0 1 0
e 1 2 0
e 2 3 0
e 3 4 0
e 4 5 0
e 5 6 0
f 96
p 104
t # 273
v 0 0
v 1 13
v 2 3
v 3 0
v 4 0
e 0 1 0
e 1 2 0
e 2 3 0
e 3 4 0
f 133
p 128
t # 274
v 0 0
v 1 16
v 2 1
v 3 2
e 0 1 0
e 0 3 0
e 1 2 0
f 158
p 150
t # 275
v 0 0
v 1 11
v 2 1
v 3 0
v 4 4
e 0 1 0
e 1 2 0
e 2 3 0
e 3 4 0
f 116
p 116
t # 276
v 0 0
v 1 3
v 2 0
v 3 1
v 4 14
e 0 1 0
e 0 4 0
e 1 2 0
e 2 3 0
f 110
p 79
t # 277
v 0 0
v 1 11
v 2 2
v 3 3
e 0 1 0
e 1 2 0
e 2 3 0
f 86
p 84
t # 278
v 0 0
v 1 15
v 2 3
v 3 2
e 0 1 0
e 0 2 0
e 2 3 0
f 101
p 98
t # 279
v 0 0
v 1 4
v 2 1
v 3 4
v 4 3
v 5 1
v 6 1
e 0 1 0
e 1 2 0
e 2 3 0
e 3 4 0
e 4 5 0
e 5 6 0
f 103
p 94
t # 280
v 0 0
v 1 9
v 2 0
v 3 1
v 4 4
e 0 1 0
e 1 2 0
e 2 3 0
e 3 4 0
f 114
p 111
t # 281
v 0 0
v 1 2
v 2 0
v 3 1
v 4 21
e 0 1 0
e 1 2 0
e 2 3 0
e 3 4 0
f 86
p 83
t # 282
v 0 0
v 1 13
v 2 1
v 3 2
e 0 1 0
e 0 3 0
e 1 2 0
f 152
p 143
t # 283
v 0 0
v 1 3
v 2 3
v 3 25
e 0 1 0
e 0 3 0
e 1 2 0
f 117
p 113
t # 284
v 0 0
v 1 4
v 2 1
v 3 4
v 4 0
v 5 3
v 6 1
e 0 1 0
e 1 2 0
e 2 3 0
e 3 4 0
e 3 6 0
e 4 5 0
f 83
p 80
t # 285
v 0 0
v 1 9
v 2 1
v 3 1
v 4 4
e 0 1 0
e 0 4 0
e 1 2 0
e 2 3 0
f 105
p 97
t # 286
v 0 0
v 1 9
v 2 4
v 3 4
e 0 1 0
e 0 3 0
e 1 2 0
f 174
p 168
t # 287
v 0 0
v 1 0
v 2 4
v 3 4
v 4 22
e 0 1 0
e 1 2 0
e 2 3 0
e 3 4 0
f 92
p 101
t # 288
v 0 0
v 1 13
v 2 1
v 3 0
e 0 1 0
e 1 2 0
e 2 3 0
f 356
p 345
t # 289
v 0 0
v 1 3
v 2 1
v 3 1
v 4 4
v 5 4
v 6 0
e 0 1 0
e 1 2 0
e 2 3 0
e 3 4 0
e 4 5 0
e 5 6 0
f 164
p 125
t # 290
v 0 0
v 1 4
v 2 4
v 3 4
v 4 1
v 5 0
e 0 1 0
e 1 2 0
e 2 3 0
e 3 4 0
e 3 5 0
f 244
p 135
t # 291
v 0 0
v 1 4
v 2 4
v 3 0
v 4 1
v 5 3
v 6 3
e 0 1 0
e 1 2 0
e 2 3 0
e 3 4 0
e 4 5 0
e 5 6 0
f 97
p 98
t # 292
v 0 0
v 1 2
v 2 27
e 0 1 0
e 0 2 0
f 519
p 479
t # 293
v 0 0
v 1 1
v 2 4
v 3 26
e 0 1 0
e 1 2 0
e 2 3 0
f 243
p 235
t # 294
v 0 0
v 1 1
v 2 4
v 3 0
v 4 4
v 5 4
v 6 2
e 0 1 0
e 1 2 0
e 2 3 0
e 3 4 0
e 4 5 0
e 5 6 0
f 81
p 94
t # 295
v 0 0
v 1 11
v 2 0
v 3 0
v 4 2
e 0 1 0
e 1 2 0
e 2 3 0
e 3 4 0
f 126
p 121
t # 296
v 0 0
v 1 1
v 2 0
v 3 4
v 4 0
v 5 1
v 6 4
v 7 3
e 0 1 0
e 1 2 0
e 2 3 0
e 3 4 0
e 4 5 0
e 5 6 0
e 6 7 0
f 97
p 90
t # 297
v 0 0
v 1 15
v 2 1
v 3 2
e 0 1 0
e 0 3 0
e 1 2 0
f 158
p 155
t # 298
v 0 0
v 1 19
v 2 0
v 3 0
v 4 0
e 0 1 0
e 1 2 0
e 2 3 0
e 2 4 0
f 84
p 84
t # 299
v 0 0
v 1 16
v 2 4
v 3 3
e 0 1 0
e 1 2 0
e 2 3 0
f 140
p 136
t # 300
v 0 0
v 1 4
v 2 14
v 3 0
e 0 1 0
e 1 2 0
e 1 3 0
f 113
p 113
t # 301
v 0 0
v 1 10
v 2 0
v 3 1
v 4 1
e 0 1 0
e 1 2 0
e 2 3 0
e 3 4 0
f 144
p 138
t # 302
v 0 0
v 1 0
v 2 0
v 3 1
v 4 0
v 5 29
e 0 1 0
e 0 5 0
e 1 2 0
e 2 3 0
e 3 4 0
f 121
p 111
t # 303
v 0 0
v 1 0
v 2 2
v 3 26
e 0 1 0
e 1 2 0
e 2 3 0
f 208
p 205
t # 304
v 0 0
v 1 17
v 2 0
v 3 0
v 4 0
v 5 4
e 0 1 0
e 0 5 0
e 1 2 0
e 2 3 0
e 3 4 0
f 85
p 82
t # 305
v 0 0
v 1 0
v 2 4
v 3 4
v 4 0
v 5 4
v 6 1
v 7 0
e 0 1 0
e 1 2 0
e 2 3 0
e 3 4 0
e 4 5 0
e 5 6 0
e 6 7 0
f 124
p 124
t # 306
v 0 0
v 1 0
v 2 1
v 3 1
v 4 26
e 0 1 0
e 1 2 0
e 2 3 0
e 3 4 0
f 148
p 143
t # 307
v 0 0
v 1 0
v 2 0
v 3 0
v 4 1
v 5 21
e 0 1 0
e 1 2 0
e 2 3 0
e 3 4 0
e 4 5 0
f 102
p 92
t # 308
v 0 0
v 1 16
v 2 0
v 3 0
v 4 4
e 0 1 0
e 1 2 0
e 2 3 0
e 2 4 0
f 83
p 82
t # 309
v 0 0
v 1 12
v 2 2
v 3 0
e 0 1 0
e 1 2 0
e 2 3 0
f 216
p 89
t # 310
v 0 0
v 1 3
v 2 1
v 3 4
v 4 1
v 5 4
v 6 4
e 0 1 0
e 1 2 0
e 2 3 0
e 3 4 0
e 4 5 0
e 5 6 0
f 85
p 90
t # 311
v 0 0
v 1 17
v 2 0
v 3 0
v 4 1
v 5 0
e 0 1 0
e 0 4 0
e 1 2 0
e 2 3 0
e 4 5 0
f 95
p 92
t # 312
v 0 0
v 1 4
v 2 3
v 3 3
v 4 4
v 5 0
e 0 1 0
e 1 2 0
e 2 3 0
e 2 5 0
e 3 4 0
f 126
p 125
t # 313
v 0 0
v 1 16
v 2 0
v 3 1
v 4 2
e 0 1 0
e 0 4 0
e 1 2 0
e 2 3 0
f 83
p 81
t # 314
v 0 0
v 1 0
v 2 0
v 3 22
v 4 2
e 0 1 0
e 1 2 0
e 2 3 0
e 3 4 0
f 106
p 132
t # 315
v 0 0
v 1 4
v 2 2
v 3 4
v 4 3
v 5 0
e 0 1 0
e 1 2 0
e 2 3 0
e 3 4 0
e 3 5 0
f 108
p 103
t # 316
v 0 0
v 1 0
v 2 4
v 3 4
v 4 4
v 5 1
v 6 3
e 0 1 0
e 1 2 0
e 2 3 0
e 3 4 0
e 4 5 0
e 5 6 0
f 116
p 119
t # 317
v 0 0
v 1 0
v 2 4
v 3 0
v 4 3
v 5 4
v 6 3
e 0 1 0
e 1 2 0
e 2 3 0
e 3 4 0
e 4 5 0
e 5 6 0
f 125
p 90
t # 318
v 0 0
v 1 4
v 2 1
v 3 1
v 4 4
v 5 3
v 6 0
e 0 1 0
e 1 2 0
e 2 3 0
e 3 4 0
e 4 5 0
e 4 6 0
f 102
p 96
t # 319
v 0 0
v 1 21
v 2 0
v 3 0
v 4 0
e 0 1 0
e 0 4 0
e 1 2 0
e 2 3 0
f 166
p 154
t # 320
v 0 0
v 1 16
v 2 4
v 3 0
v 4 0
e 0 1 0
e 1 2 0
e 2 3 0
e 3 4 0
f 136
p 133
t # 321
v 0 0
v 1 0
v 2 0
v 3 4
v 4 0
v 5 21
e 0 1 0
e 0 5 0
e 1 2 0
e 2 3 0
e 3 4 0
f 84
p 95
t # 322
v 0 0
v 1 9
v 2 4
v 3 0
v 4 4
e 0 1 0
e 0 4 0
e 1 2 0
e 2 3 0
f 94
p 89
t # 323
v 0 0
v 1 1
v 2 4
v 3 0
v 4 26
e 0 1 0
e 0 4 0
e 1 2 0
e 2 3 0
f 126
p 119
t # 324
v 0 0
v 1 2
v 2 22
v 3 0
e 0 1 0
e 1 2 0
e 1 3 0
f 80
p 79
t # 325
v 0 0
v 1 2
v 2 26
e 0 1 0
e 1 2 0
f 447
p 426
t # 326
v 0 0
v 1 12
v 2 1
v 3 1
v 4 0
e 0 1 0
e 0 3 0
e 1 2 0
e 1 4 0
f 82
p 79
t # 327
v 0 0
v 1 1
v 2 1
v 3 0
v 4 19
e 0 1 0
e 1 2 0
e 2 3 0
e 3 4 0
f 157
p 148
t # 328
v 0 0
v 1 0
v 2 4
v 3 0
v 4 25
e 0 1 0
e 0 4 0
e 1 2 0
e 2 3 0
f 163
p 163
t # 329
v 0 0
v 1 17
v 2 1
v 3 2
v 4 0
e 0 1 0
e 1 2 0
e 2 3 0
e 3 4 0
f 84
p 85
t # 330
v 0 0
v 1 13
v 2 3
v 3 0
v 4 0
v 5 0
e 0 1 0
e 1 2 0
e 2 3 0
e 3 4 0
e 4 5 0
f 80
p 107
t # 331
v 0 0
v 1 15
v 2 1
v 3 4
e 0 1 0
e 0 2 0
e 2 3 0
f 244
p 213
t # 332
v 0 0
v 1 15
v 2 15
e 0 1 0
e 0 2 0
f 116
p 116
t # 333
v 0 0
v 1 0
v 2 1
v 3 23
v 4 1
e 0 1 0
e 1 2 0
e 2 3 0
e 2 4 0
f 93
p 91
t # 334
v 0 0
v 1 11
v 2 4
v 3 2
e 0 1 0
e 1 2 0
e 2 3 0
f 127
p 120
t # 335
v 0 0
v 1 15
v 2 1
v 3 0
v 4 3
e 0 1 0
e 1 2 0
e 2 3 0
e 3 4 0
f 90
p 91
t # 336
v 0 0
v 1 7
v 2 4
v 3 0
v 4 4
e 0 1 0
e 1 2 0
e 2 3 0
e 3 4 0
f 83
p 80
t # 337
v 0 0
v 1 0
v 2 1
v 3 12
v 4 4
e 0 1 0
e 0 3 0
e 1 2 0
e 3 4 0
f 108
p 107
t # 338
v 0 0
v 1 12
v 2 0
v 3 0
v 4 1
e 0 1 0
e 1 2 0
e 2 3 0
e 3 4 0
f 183
p 165
t # 339
v 0 0
v 1 13
v 2 1
v 3 1
e 0 1 0
e 0 3 0
e 1 2 0
f 273
p 267
t # 340
v 0 0
v 1 1
v 2 0
v 3 27
e 0 1 0
e 1 2 0
e 2 3 0
f 427
p 428
t # 341
v 0 0
v 1 0
v 2 0
v 3 1
v 4 0
v 5 29
e 0 1 0
e 1 2 0
e 2 3 0
e 3 4 0
e 4 5 0
f 113
p 103
t # 342
v 0 0
v 1 11
v 2 1
v 3 0
v 4 2
e 0 1 0
e 1 2 0
e 2 3 0
e 3 4 0
f 82
p 80
t # 343
v 0 0
v 1 4
v 2 1
v 3 4
v 4 2
v 5 1
v 6 0
e 0 1 0
e 1 2 0
e 2 3 0
e 3 4 0
e 4 5 0
e 4 6 0
f 90
p 84
t # 344
v 0 0
v 1 4
v 2 0
v 3 1
v 4 1
v 5 4
v 6 1
v 7 1
e 0 1 0
e 1 2 0
e 2 3 0
e 3 4 0
e 4 5 0
e 5 6 0
e 6 7 0
f 84
p 87
t # 345
v 0 0
v 1 11
v 2 0
v 3 0
v 4 1
v 5 0
e 0 1 0
e 1 2 0
e 2 3 0
e 3 4 0
e 4 5 0
f 96
p 101
t # 346
v 0 0
v 1 4
v 2 1
v 3 27
v 4 0
e 0 1 0
e 1 2 0
e 2 3 0
e 2 4 0
f 82
p 74
t # 347
v 0 0
v 1 17
v 2 0
v 3 1
v 4 2
e 0 1 0
e 0 4 0
e 1 2 0
e 2 3 0
f 83
p 78
t # 348
v 0 0
v 1 1
v 2 1
v 3 4
v 4 19
e 0 1 0
e 1 2 0
e 2 3 0
e 3 4 0
f 88
p 79
t # 349
v 0 0
v 1 0
v 2 13
v 3 4
v 4 0
e 0 1 0
e 1 2 0
e 2 3 0
e 2 4 0
f 83
p 84
t # 350
v 0 0
v 1 0
v 2 3
v 3 1
v 4 4
v 5 4
v 6 3
e 0 1 0
e 1 2 0
e 2 3 0
e 3 4 0
e 4 5 0
e 5 6 0
f 88
p 95
t # 351
v 0 0
v 1 3
v 2 0
v 3 4
v 4 4
v 5 0
v 6 1
e 0 1 0
e 1 2 0
e 2 3 0
e 3 4 0
e 3 6 0
e 4 5 0
f 127
p 116
t # 352
v 0 0
v 1 2
v 2 1
v 3 18
e 0 1 0
e 0 3 0
e 1 2 0
f 168
p 168
t # 353
v 0 0
v 1 0
v 2 1
v 3 4
v 4 4
v 5 0
v 6 1
v 7 4
e 0 1 0
e 1 2 0
e 2 3 0
e 3 4 0
e 4 5 0
e 5 6 0
e 6 7 0
f 103
p 99
t # 354
v 0 0
v 1 0
v 2 1
v 3 24
v 4 0
e 0 1 0
e 1 2 0
e 2 3 0
e 2 4 0
f 84
p 125
t # 355
v 0 0
v 1 17
v 2 4
e 0 1 0
e 1 2 0
f 663
p 630
t # 356
v 0 0
v 1 2
v 2 2
v 3 16
e 0 1 0
e 1 2 0
e 2 3 0
f 81
p 79
t # 357
v 0 0
v 1 0
v 2 18
v 3 1
v 4 0
e 0 1 0
e 1 2 0
e 2 3 0
e 3 4 0
f 227
p 208
t # 358
v 0 0
v 1 0
v 2 0
v 3 0
v 4 0
v 5 27
e 0 1 0
e 1 2 0
e 2 3 0
e 3 4 0
e 4 5 0
f 144
p 140
t # 359
v 0 0
v 1 0
v 2 3
v 3 23
e 0 1 0
e 1 2 0
e 2 3 0
f 285
p 281
t # 360
v 0 0
v 1 15
v 2 1
v 3 0
v 4 4
e 0 1 0
e 0 4 0
e 1 2 0
e 2 3 0
f 121
p 115
t # 361
v 0 0
v 1 17
v 2 2
v 3 0
v 4 1
e 0 1 0
e 1 2 0
e 2 3 0
e 3 4 0
f 85
p 82
t # 362
v 0 0
v 1 4
v 2 4
v 3 2
v 4 4
v 5 1
e 0 1 0
e 1 2 0
e 2 3 0
e 3 4 0
e 4 5 0
f 143
p 117
t # 363
v 0 0
v 1 21
v 2 2
v 3 0
v 4 0
e 0 1 0
e 0 4 0
e 1 2 0
e 2 3 0
f 102
p 100
t # 364
v 0 0
v 1 1
v 2 1
v 3 18
v 4 0
e 0 1 0
e 1 2 0
e 2 3 0
e 2 4 0
f 82
p 77
t # 365
v 0 0
v 1 13
v 2 4
v 3 0
v 4 4
e 0 1 0
e 1 2 0
e 2 3 0
e 3 4 0
f 85
p 85
t # 366
v 0 0
v 1 17
v 2 3
v 3 1
v 4 0
e 0 1 0
e 1 2 0
e 2 3 0
e 3 4 0
f 96
p 102
t # 367
v 0 0
v 1 3
v 2 0
v 3 4
v 4 3
v 5 1
v 6 4
e 0 1 0
e 1 2 0
e 2 3 0
e 3 4 0
e 4 5 0
e 5 6 0
f 83
p 99
t # 368
v 0 0
v 1 0
v 2 1
v 3 2
v 4 17
e 0 1 0
e 1 2 0
e 2 3 0
e 3 4 0
f 81
p 82
t # 369
v 0 0
v 1 15
v 2 0
v 3 1
v 4 0
e 0 1 0
e 1 2 0
e 2 3 0
e 3 4 0
f 179
p 172
t # 370
v 0 0
v 1 16
v 2 0
v 3 0
v 4 0
v 5 1
e 0 1 0
e 0 5 0
e 1 2 0
e 2 3 0
e 3 4 0
f 117
p 98
t # 371
v 0 0
v 1 1
v 2 0
v 3 2
v 4 26
e 0 1 0
e 1 2 0
e 2 3 0
e 3 4 0
f 83
p 83
t # 372
v 0 0
v 1 14
v 2 0
v 3 2
v 4 0
e 0 1 0
e 1 2 0
e 2 3 0
e 3 4 0
f 102
p 103
t # 373
v 0 0
v 1 9
v 2 3
v 3 4
e 0 1 0
e 1 2 0
e 2 3 0
f 162
p 158
t # 374
v 0 0
v 1 18
v 2 4
v 3 1
v 4 1
e 0 1 0
e 0 4 0
e 1 2 0
e 2 3 0
f 96
p 87
t # 375
v 0 0
v 1 19
v 2 2
v 3 4
e 0 1 0
e 0 3 0
e 1 2 0
f 135
p 122
t # 376
v 0 0
v 1 10
v 2 0
v 3 1
v 4 0
v 5 0
e 0 1 0
e 1 2 0
e 2 3 0
e 3 4 0
e 4 5 0
f 103
p 103
t # 377
v 0 0
v 1 0
v 2 4
v 3 1
v 4 16
e 0 1 0
e 1 2 0
e 2 3 0
e 3 4 0
f 119
p 117
t # 378
v 0 0
v 1 16
v 2 1
v 3 0
v 4 1
e 0 1 0
e 1 2 0
e 2 3 0
e 3 4 0
f 146
p 139
t # 379
v 0 0
v 1 4
v 2 0
v 3 4
v 4 1
v 5 3
v 6 0
e 0 1 0
e 1 2 0
e 2 3 0
e 3 4 0
e 3 6 0
e 4 5 0
f 121
p 107
t # 380
v 0 0
v 1 4
v 2 4
v 3 0
v 4 4
v 5 1
v 6 3
e 0 1 0
e 1 2 0
e 2 3 0
e 3 4 0
e 4 5 0
e 5 6 0
f 122
p 134
t # 381
v 0 0
v 1 4
v 2 22
v 3 0
e 0 1 0
e 1 2 0
e 1 3 0
f 113
p 105
t # 382
v 0 0
v 1 0
v 2 1
v 3 4
v 4 24
e 0 1 0
e 0 4 0
e 1 2 0
e 2 3 0
f 129
p 124
t # 383
v 0 0
v 1 12
v 2 0
v 3 0
v 4 0
e 0 1 0
e 1 2 0
e 2 3 0
e 2 4 0
f 82
p 81
t # 384
v 0 0
v 1 16
v 2 3
v 3 2
e 0 1 0
e 1 2 0
e 2 3 0
f 110
p 102
t # 385
v 0 0
v 1 15
v 2 0
v 3 0
v 4 0
e 0 1 0
e 1 2 0
e 2 3 0
e 3 4 0
f 262
p 252
t # 386
v 0 0
v 1 10
v 2 4
v 3 1
v 4 0
e 0 1 0
e 1 2 0
e 2 3 0
e 3 4 0
f 127
p 111
t # 387
v 0 0
v 1 3
v 2 3
v 3 4
v 4 4
v 5 3
e 0 1 0
e 1 2 0
e 2 3 0
e 3 4 0
e 4 5 0
f 97
p 102
t # 388
v 0 0
v 1 0
v 2 1
v 3 14
v 4 4
e 0 1 0
e 1 2 0
e 2 3 0
e 3 4 0
f 120
p 114
t # 389
v 0 0
v 1 15
v 2 0
v 3 0
v 4 2
e 0 1 0
e 1 2 0
e 2 3 0
e 3 4 0
f 104
p 110
t # 390
v 0 0
v 1 0
v 2 1
v 3 13
v 4 4
e 0 1 0
e 0 3 0
e 1 2 0
e 3 4 0
f 113
p 116
t # 391
v 0 0
v 1 11
v 2 2
v 3 1
e 0 1 0
e 1 2 0
e 2 3 0
f 152
p 147
t # 392
v 0 0
v 1 0
v 2 1
v 3 1
v 4 0
v 5 28
e 0 1 0
e 1 2 0
e 2 3 0
e 3 4 0
e 4 5 0
f 82
p 88
t # 393
v 0 0
v 1 16
v 2 1
v 3 3
v 4 0
e 0 1 0
e 1 2 0
e 2 3 0
e 3 4 0
f 81
p 84
t # 394
v 0 0
v 1 17
v 2 0
v 3 2
e 0 1 0
e 1 2 0
e 2 3 0
f 223
p 210
t # 395
v 0 0
v 1 3
v 2 4
v 3 0
v 4 0
v 5 0
v 6 0
v 7 4
v 8 0
e 0 1 0
e 1 2 0
e 2 3 0
e 3 4 0
e 4 5 0
e 5 6 0
e 6 7 0
e 7 8 0
f 87
p 79
t # 396
v 0 0
v 1 17
v 2 2
v 3 0
v 4 0
e 0 1 0
e 0 4 0
e 1 2 0
e 2 3 0
f 121
p 113
t # 397
v 0 0
v 1 1
v 2 0
v 3 4
v 4 0
v 5 3
v 6 4
v 7 1
e 0 1 0
e 1 2 0
e 2 3 0
e 3 4 0
e 4 5 0
e 5 6 0
e 6 7 0
f 86
p 83
t # 398
v 0 0
v 1 17
v 2 3
v 3 0
v 4 1
e 0 1 0
e 0 4 0
e 1 2 0
e 2 3 0
f 95
p 93
t # 399
v 0 0
v 1 2
v 2 1
v 3 0
v 4 27
e 0 1 0
e 0 4 0
e 1 2 0
e 2 3 0
f 83
p 83
t # 400
v 0 0
v 1 4
v 2 0
v 3 4
v 4 17
e 0 1 0
e 1 2 0
e 2 3 0
e 3 4 0
f 80
p 76
t # 401
v 0 0
v 1 4
v 2 4
v 3 1
v 4 3
v 5 1
v 6 0
e 0 1 0
e 1 2 0
e 2 3 0
e 2 6 0
e 3 4 0
e 4 5 0
f 86
p 91
t # 402
v 0 0
v 1 15
v 2 0
v 3 1
v 4 1
e 0 1 0
e 1 2 0
e 2 3 0
e 3 4 0
f 128
p 118
t # 403
v 0 0
v 1 15
v 2 3
e 0 1 0
e 1 2 0
f 574
p 569
t # 404
v 0 0
v 1 4
v 2 18
e 0 1 0
e 1 2 0
f 685
p 634
t # 405
v 0 0
v 1 12
v 2 3
e 0 1 0
e 1 2 0
f 557
p 523
t # 406
v 0 0
v 1 0
v 2 4
v 3 0
v 4 17
v 5 1
e 0 1 0
e 0 4 0
e 1 2 0
e 2 3 0
e 4 5 0
f 80
p 83
t # 407
v 0 0
v 1 3
v 2 0
v 3 0
v 4 26
e 0 1 0
e 1 2 0
e 2 3 0
e 3 4 0
f 160
p 165
t # 408
v 0 0
v 1 21
e 0 1 0
f 1453
p 694
t # 409
v 0 0
v 1 13
v 2 0
v 3 1
v 4 3
e 0 1 0
e 0 4 0
e 1 2 0
e 2 3 0
f 98
p 97
t # 410
v 0 0
v 1 0
v 2 1
v 3 17
v 4 4
e 0 1 0
e 1 2 0
e 2 3 0
e 3 4 0
f 110
p 106
t # 411
v 0 0
v 1 16
v 2 2
v 3 3
e 0 1 0
e 0 3 0
e 1 2 0
f 93
p 98
t # 412
v 0 0
v 1 22
v 2 0
v 3 0
v 4 0
e 0 1 0
e 0 4 0
e 1 2 0
e 2 3 0
f 156
p 151
t # 413
v 0 0
v 1 4
v 2 3
v 3 3
v 4 1
v 5 1
v 6 0
e 0 1 0
e 1 2 0
e 2 3 0
e 3 4 0
e 3 6 0
e 4 5 0
f 80
p 80
t # 414
v 0 0
v 1 16
v 2 4
v 3 0
e 0 1 0
e 1 2 0
e 2 3 0
f 290
p 273
t # 415
v 0 0
v 1 3
v 2 2
v 3 28
e 0 1 0
e 0 3 0
e 1 2 0
f 124
p 120
t # 416
v 0 0
v 1 4
v 2 11
v 3 2
e 0 1 0
e 1 2 0
e 2 3 0
f 114
p 109
t # 417
v 0 0
v 1 14
v 2 0
v 3 0
v 4 1
e 0 1 0
e 1 2 0
e 2 3 0
e 2 4 0
f 115
p 105
t # 418
v 0 0
v 1 0
v 2 4
v 3 0
v 4 1
v 5 1
v 6 3
v 7 4
e 0 1 0
e 1 2 0
e 2 3 0
e 3 4 0
e 4 5 0
e 5 6 0
e 6 7 0
f 83
p 87
t # 419
v 0 0
v 1 4
v 2 0
v 3 3
v 4 4
v 5 1
v 6 4
e 0 1 0
e 1 2 0
e 2 3 0
e 3 4 0
e 4 5 0
e 5 6 0
f 120
p 93
t # 420
v 0 0
v 1 10
v 2 4
v 3 1
v 4 1
e 0 1 0
e 0 4 0
e 1 2 0
e 2 3 0
f 82
p 79
t # 421
v 0 0
v 1 17
v 2 0
v 3 0
v 4 1
e 0 1 0
e 1 2 0
e 2 3 0
e 2 4 0
f 132
p 120
t # 422
v 0 0
v 1 17
v 2 1
v 3 2
e 0 1 0
e 0 3 0
e 1 2 0
f 166
p 141
t # 423
v 0 0
v 1 15
v 2 2
v 3 1
e 0 1 0
e 1 2 0
e 2 3 0
f 139
p 133
t # 424
v 0 0
v 1 14
v 2 1
v 3 4
e 0 1 0
e 0 3 0
e 1 2 0
f 238
p 235
t # 425
v 0 0
v 1 15
v 2 3
v 3 0
v 4 1
e 0 1 0
e 1 2 0
e 2 3 0
e 3 4 0
f 83
p 90
t # 426
v 0 0
v 1 9
v 2 0
v 3 9
e 0 1 0
e 1 2 0
e 2 3 0
f 88
p 106
t # 427
v 0 0
v 1 9
v 2 4
v 3 0
v 4 4
e 0 1 0
e 1 2 0
e 2 3 0
e 3 4 0
f 85
p 92
t # 428
v 0 0
v 1 13
v 2 2
v 3 1
e 0 1 0
e 1 2 0
e 2 3 0
f 159
p 164
t # 429
v 0 0
v 1 17
v 2 4
v 3 1
v 4 0
e 0 1 0
e 1 2 0
e 2 3 0
e 3 4 0
f 117
p 117
t # 430
v 0 0
v 1 15
v 2 0
v 3 2
v 4 0
e 0 1 0
e 1 2 0
e 2 3 0
e 3 4 0
f 96
p 91
t # 431
v 0 0
v 1 17
v 2 1
v 3 1
e 0 1 0
e 1 2 0
e 2 3 0
f 294
p 180
t # 432
v 0 0
v 1 3
v 2 4
v 3 0
v 4 0
v 5 0
v 6 4
v 7 0
e 0 1 0
e 1 2 0
e 2 3 0
e 3 4 0
e 4 5 0
e 5 6 0
e 6 7 0
f 152
p 85
t # 433
v 0 0
v 1 15
v 2 4
v 3 0
v 4 4
e 0 1 0
e 0 4 0
e 1 2 0
e 2 3 0
f 88
p 97
t # 434
v 0 0
v 1 18
v 2 0
v 3 1
v 4 0
e 0 1 0
e 1 2 0
e 2 3 0
e 3 4 0
f 204
p 191
t # 435
v 0 0
v 1 1
v 2 4
v 3 1
v 4 3
v 5 4
v 6 0
e 0 1 0
e 1 2 0
e 2 3 0
e 2 6 0
e 3 4 0
e 4 5 0
f 83
p 80
t # 436
v 0 0
v 1 1
v 2 4
v 3 1
v 4 12
e 0 1 0
e 1 2 0
e 2 3 0
e 3 4 0
f 88
p 84
t # 437
v 0 0
v 1 0
v 2 4
v 3 0
v 4 4
v 5 4
v 6 3
e 0 1 0
e 1 2 0
e 2 3 0
e 3 4 0
e 4 5 0
e 4 6 0
f 97
p 94
t # 438
v 0 0
v 1 15
v 2 2
v 3 4
e 0 1 0
e 0 3 0
e 1 2 0
f 137
p 125
t # 439
v 0 0
v 1 1
v 2 0
v 3 4
v 4 21
e 0 1 0
e 1 2 0
e 2 3 0
e 3 4 0
f 139
p 134
t # 440
v 0 0
v 1 14
v 2 1
v 3 0
e 0 1 0
e 1 2 0
e 1 3 0
f 121
p 115
t # 441
v 0 0
v 1 0
v 2 1
v 3 4
v 4 14
e 0 1 0
e 0 4 0
e 1 2 0
e 2 3 0
f 137
p 131
t # 442
v 0 0
v 1 13
v 2 0
v 3 0
v 4 3
e 0 1 0
e 0 4 0
e 1 2 0
e 2 3 0
f 148
p 133
t # 443
v 0 0
v 1 2
v 2 4
v 3 4
v 4 3
v 5 1
e 0 1 0
e 1 2 0
e 2 3 0
e 3 4 0
e 3 5 0
f 89
p 87
t # 444
v 0 0
v 1 16
v 2 1
e 0 1 0
e 1 2 0
f 742
p 705
t # 445
v 0 0
v 1 2
v 2 18
e 0 1 0
e 1 2 0
f 473
p 468
t # 446
v 0 0
v 1 3
v 2 0
v 3 0
v 4 4
v 5 4
v 6 4
e 0 1 0
e 1 2 0
e 2 3 0
e 2 5 0
e 3 4 0
e 5 6 0
f 85
p 83
t # 447
v 0 0
v 1 3
v 2 1
v 3 4
v 4 1
v 5 1
v 6 4
e 0 1 0
e 1 2 0
e 2 3 0
e 3 4 0
e 4 5 0
e 5 6 0
f 90
p 87
t # 448
v 0 0
v 1 1
v 2 0
v 3 3
v 4 26
e 0 1 0
e 1 2 0
e 2 3 0
e 3 4 0
f 112
p 98
t # 449
v 0 0
v 1 0
v 2 4
v 3 4
v 4 0
v 5 3
v 6 4
e 0 1 0
e 1 2 0
e 2 3 0
e 3 4 0
e 4 5 0
e 5 6 0
f 160
p 151
t # 450
v 0 0
v 1 1
v 2 1
v 3 26
e 0 1 0
e 1 2 0
e 2 3 0
f 283
p 278
t # 451
v 0 0
v 1 0
v 2 0
v 3 0
v 4 0
v 5 25
e 0 1 0
e 1 2 0
e 2 3 0
e 3 4 0
e 4 5 0
f 140
p 118
t # 452
v 0 0
v 1 9
v 2 1
v 3 4
v 4 0
e 0 1 0
e 1 2 0
e 2 3 0
e 3 4 0
f 117
p 113
t # 453
v 0 0
v 1 4
v 2 3
v 3 4
v 4 3
v 5 2
e 0 1 0
e 1 2 0
e 2 3 0
e 3 4 0
e 4 5 0
f 98
p 107
t # 454
v 0 0
v 1 0
v 2 2
v 3 22
e 0 1 0
e 1 2 0
e 2 3 0
f 254
p 237
t # 455
v 0 0
v 1 16
v 2 2
e 0 1 0
e 1 2 0
f 451
p 444
t # 456
v 0 0
v 1 15
v 2 1
v 3 2
e 0 1 0
e 0 2 0
e 1 3 0
f 150
p 146
t # 457
v 0 0
v 1 1
v 2 1
v 3 4
v 4 14
e 0 1 0
e 1 2 0
e 2 3 0
e 3 4 0
f 88
p 87
t # 458
v 0 0
v 1 17
v 2 0
v 3 3
v 4 0
e 0 1 0
e 1 2 0
e 2 3 0
e 3 4 0
f 133
p 129
t # 459
v 0 0
v 1 0
v 2 11
v 3 3
v 4 4
e 0 1 0
e 1 2 0
e 2 3 0
e 3 4 0
f 82
p 143
t # 460
v 0 0
v 1 4
v 2 0
v 3 3
v 4 21
e 0 1 0
e 1 2 0
e 2 3 0
e 3 4 0
f 87
p 90
t # 461
v 0 0
v 1 1
v 2 0
v 3 3
v 4 29
e 0 1 0
e 1 2 0
e 2 3 0
e 3 4 0
f 95
p 96
t # 462
v 0 0
v 1 2
v 2 1
v 3 25
e 0 1 0
e 1 2 0
e 2 3 0
f 155
p 150
t # 463
v 0 0
v 1 0
v 2 0
v 3 0
v 4 4
v 5 18
e 0 1 0
e 1 2 0
e 2 3 0
e 3 4 0
e 4 5 0
f 84
p 87
t # 464
v 0 0
v 1 1
v 2 4
v 3 0
v 4 14
e 0 1 0
e 0 4 0
e 1 2 0
e 2 3 0
f 124
p 119
t # 465
v 0 0
v 1 8
v 2 0
v 3 4
v 4 1
e 0 1 0
e 1 2 0
e 2 3 0
e 3 4 0
f 105
p 99
t # 466
v 0 0
v 1 16
v 2 4
v 3 4
e 0 1 0
e 0 2 0
e 2 3 0
f 198
p 137
t # 467
v 0 0
v 1 0
v 2 4
v 3 1
v 4 16
e 0 1 0
e 0 4 0
e 1 2 0
e 2 3 0
f 129
p 128
t # 468
v 0 0
v 1 9
v 2 4
v 3 0
e 0 1 0
e 1 2 0
e 1 3 0
f 112
p 115
t # 469
v 0 0
v 1 11
v 2 3
v 3 0
e 0 1 0
e 1 2 0
e 2 3 0
f 282
p 197
t # 470
v 0 0
v 1 3
v 2 12
v 3 1
e 0 1 0
e 1 2 0
e 2 3 0
f 191
p 191
t # 471
v 0 0
v 1 0
v 2 1
v 3 4
v 4 4
v 5 4
v 6 0
v 7 1
e 0 1 0
e 1 2 0
e 2 3 0
e 3 4 0
e 4 5 0
e 5 6 0
e 6 7 0
f 96
p 90
t # 472
v 0 0
v 1 1
v 2 4
v 3 0
v 4 1
v 5 4
v 6 1
v 7 0
e 0 1 0
e 1 2 0
e 2 3 0
e 2 7 0
e 3 4 0
e 4 5 0
e 5 6 0
f 80
p 79
t # 473
v 0 0
v 1 18
v 2 1
v 3 1
v 4 0
e 0 1 0
e 1 2 0
e 2 3 0
e 2 4 0
f 89
p 86
t # 474
v 0 0
v 1 0
v 2 0
v 3 18
v 4 1
v 5 0
e 0 1 0
e 1 2 0
e 2 3 0
e 3 4 0
e 4 5 0
f 122
p 116
t # 475
v 0 0
v 1 9
v 2 1
v 3 0
v 4 4
e 0 1 0
e 1 2 0
e 2 3 0
e 3 4 0
f 124
p 122
t # 476
v 0 0
v 1 16
v 2 0
v 3 1
e 0 1 0
e 1 2 0
e 2 3 0
f 410
p 390
t # 477
v 0 0
v 1 17
v 2 0
v 3 2
v 4 1
e 0 1 0
e 1 2 0
e 2 3 0
e 3 4 0
f 85
p 85
t # 478
v 0 0
v 1 15
v 2 3
v 3 0
v 4 0
e 0 1 0
e 1 2 0
e 2 3 0
e 3 4 0
f 125
p 123
t # 479
v 0 0
v 1 16
v 2 3
v 3 0
v 4 1
e 0 1 0
e 0 4 0
e 1 2 0
e 2 3 0
f 102
p 102
t # 480
v 0 0
v 1 3
v 2 29
e 0 1 0
e 1 2 0
f 560
p 265
t # 481
v 0 0
v 1 13
v 2 0
v 3 0
e 0 1 0
e 1 2 0
e 2 3 0
f 461
p 449
t # 482
v 0 0
v 1 3
v 2 4
v 3 3
v 4 4
v 5 4
e 0 1 0
e 1 2 0
e 2 3 0
e 3 4 0
e 4 5 0
f 96
p 101
t # 483
v 0 0
v 1 17
v 2 1
v 3 0
v 4 4
e 0 1 0
e 0 4 0
e 1 2 0
e 2 3 0
f 130
p 126
t # 484
v 0 0
v 1 17
v 2 1
v 3 4
v 4 1
e 0 1 0
e 0 3 0
e 1 2 0
e 3 4 0
f 87
p 94
t # 485
v 0 0
v 1 1
v 2 0
v 3 18
v 4 0
e 0 1 0
e 1 2 0
e 1 4 0
e 2 3 0
f 81
p 78
t # 486
v 0 0
v 1 17
v 2 0
v 3 4
e 0 1 0
e 1 2 0
e 2 3 0
f 315
p 311
t # 487
v 0 0
v 1 16
v 2 4
v 3 1
v 4 0
e 0 1 0
e 1 2 0
e 2 3 0
e 3 4 0
f 116
p 110
t # 488
v 0 0
v 1 11
v 2 0
v 3 0
v 4 0
v 5 1
e 0 1 0
e 0 4 0
e 1 2 0
e 2 3 0
e 3 5 0
f 90
p 95
t # 489
v 0 0
v 1 15
v 2 4
v 3 0
e 0 1 0
e 1 2 0
e 2 3 0
f 310
p 294
t # 490
v 0 0
v 1 0
v 2 4
v 3 4
v 4 23
e 0 1 0
e 0 4 0
e 1 2 0
e 2 3 0
f 110
p 163
t # 491
v 0 0
v 1 16
v 2 3
v 3 3
e 0 1 0
e 0 2 0
e 2 3 0
f 109
p 109
t # 492
v 0 0
v 1 0
v 2 0
v 3 1
v 4 0
v 5 25
e 0 1 0
e 0 5 0
e 1 2 0
e 2 3 0
e 3 4 0
f 102
p 98
t # 493
v 0 0
v 1 4
v 2 0
v 3 4
v 4 0
v 5 3
v 6 0
v 7 1
e 0 1 0
e 1 2 0
e 2 3 0
e 3 4 0
e 3 6 0
e 4 5 0
e 6 7 0
f 82
p 67
t # 494
v 0 0
v 1 3
v 2 3
v 3 4
v 4 4
v 5 0
e 0 1 0
e 1 2 0
e 2 3 0
e 3 4 0
e 3 5 0
f 126
p 127
t # 495
v 0 0
v 1 3
v 2 21
e 0 1 0
e 1 2 0
f 593
p 556
t # 496
v 0 0
v 1 17
v 2 1
v 3 3
e 0 1 0
e 0 3 0
e 1 2 0
f 212
p 145
t # 497
v 0 0
v 1 13
v 2 0
v 3 2
v 4 0
e 0 1 0
e 1 2 0
e 2 3 0
e 3 4 0
f 96
p 97
t # 498
v 0 0
v 1 1
v 2 3
v 3 4
v 4 4
v 5 3
e 0 1 0
e 1 2 0
e 2 3 0
e 3 4 0
e 3 5 0
f 84
p 82
t # 499
v 0 0
v 1 9
v 2 2
v 3 4
e 0 1 0
e 1 2 0
e 2 3 0
f 109
p 107
t # 500
v 0 0
v 1 11
v 2 0
v 3 0
v 4 1
e 0 1 0
e 1 2 0
e 2 3 0
e 2 4 0
f 131
p 127
t # 501
v 0 0
v 1 3
v 2 4
v 3 4
v 4 1
v 5 0
v 6 3
e 0 1 0
e 1 2 0
e 2 3 0
e 3 4 0
e 4 5 0
e 5 6 0
f 94
p 99
t # 502
v 0 0
v 1 15
v 2 0
v 3 0
v 4 0
v 5 0
e 0 1 0
e 1 2 0
e 2 3 0
e 3 4 0
e 4 5 0
f 136
p 135
t # 503
v 0 0
v 1 4
v 2 4
v 3 1
v 4 3
v 5 4
e 0 1 0
e 1 2 0
e 2 3 0
e 2 5 0
e 3 4 0
f 108
p 109
t # 504
v 0 0
v 1 13
v 2 4
v 3 1
e 0 1 0
e 1 2 0
e 2 3 0
f 232
p 236
t # 505
v 0 0
v 1 15
v 2 0
v 3 3
v 4 1
e 0 1 0
e 1 2 0
e 2 3 0
e 3 4 0
f 83
p 79
t # 506
v 0 0
v 1 21
v 2 0
v 3 0
v 4 0
v 5 0
e 0 1 0
e 0 4 0
e 1 2 0
e 2 3 0
e 3 5 0
f 121
p 119
t # 507
v 0 0
v 1 17
v 2 0
v 3 0
v 4 2
e 0 1 0
e 0 4 0
e 1 2 0
e 2 3 0
f 105
p 103
t # 508
v 0 0
v 1 3
v 2 0
v 3 0
v 4 4
v 5 4
v 6 4
e 0 1 0
e 1 2 0
e 2 3 0
e 2 6 0
e 3 4 0
e 4 5 0
f 86
p 81
t # 509
v 0 0
v 1 3
v 2 1
v 3 0
v 4 25
e 0 1 0
e 1 2 0
e 2 3 0
e 3 4 0
f 105
p 102
t # 510
v 0 0
v 1 4
v 2 17
v 3 2
e 0 1 0
e 1 2 0
e 2 3 0
f 115
p 138
t # 511
v 0 0
v 1 13
v 2 3
v 3 0
e 0 1 0
e 1 2 0
e 2 3 0
f 266
p 255
t # 512
v 0 0
v 1 15
v 2 1
v 3 1
v 4 4
e 0 1 0
e 0 2 0
e 1 4 0
e 2 3 0
f 86
p 83
t # 513
v 0 0
v 1 16
v 2 4
v 3 3
e 0 1 0
e 0 3 0
e 1 2 0
f 155
p 151
t # 514
v 0 0
v 1 1
v 2 0
v 3 1
v 4 18
e 0 1 0
e 0 4 0
e 1 2 0
e 2 3 0
f 168
p 147
t # 515
v 0 0
v 1 4
v 2 4
v 3 4
v 4 1
v 5 0
e 0 1 0
e 1 2 0
e 1 5 0
e 2 3 0
e 2 4 0
f 93
p 94
t # 516
v 0 0
v 1 0
v 2 20
v 3 1
v 4 4
e 0 1 0
e 1 2 0
e 2 3 0
e 3 4 0
f 112
p 124
t # 517
v 0 0
v 1 11
v 2 3
v 3 3
e 0 1 0
e 1 2 0
e 2 3 0
f 106
p 106
t # 518
v 0 0
v 1 17
v 2 0
v 3 0
v 4 1
e 0 1 0
e 1 2 0
e 2 3 0
e 3 4 0
f 219
p 223
t # 519
v 0 0
v 1 17
v 2 0
v 3 0
v 4 4
e 0 1 0
e 1 2 0
e 2 3 0
e 2 4 0
f 93
p 91
t # 520
v 0 0
v 1 15
v 2 2
v 3 0
v 4 0
e 0 1 0
e 1 2 0
e 2 3 0
e 3 4 0
f 107
p 109
t # 521
v 0 0
v 1 2
v 2 17
v 3 4
e 0 1 0
e 1 2 0
e 2 3 0
f 133
p 129
t # 522
v 0 0
v 1 15
v 2 1
v 3 1
v 4 1
e 0 1 0
e 0 2 0
e 2 3 0
e 3 4 0
f 99
p 80
t # 523
v 0 0
v 1 16
v 2 4
v 3 4
e 0 1 0
e 1 2 0
e 2 3 0
f 168
p 165
t # 524
v 0 0
v 1 0
v 2 3
v 3 23
e 0 1 0
e 0 3 0
e 1 2 0
f 329
p 313
t # 525
v 0 0
v 1 17
v 2 2
v 3 3
e 0 1 0
e 1 2 0
e 2 3 0
f 97
p 98
t # 526
v 0 0
v 1 16
v 2 1
v 3 0
e 0 1 0
e 1 2 0
e 2 3 0
f 396
p 398
t # 527
v 0 0
v 1 13
v 2 0
v 3 0
v 4 0
e 0 1 0
e 1 2 0
e 2 3 0
e 3 4 0
f 249
p 225
t # 528
v 0 0
v 1 3
v 2 24
e 0 1 0
e 1 2 0
f 534
p 506
t # 529
v 0 0
v 1 13
v 2 4
v 3 1
v 4 1
e 0 1 0
e 1 2 0
e 2 3 0
e 3 4 0
f 80
p 96
t # 530
v 0 0
v 1 4
v 2 4
v 3 0
v 4 4
v 5 4
e 0 1 0
e 1 2 0
e 2 3 0
e 2 5 0
e 3 4 0
f 129
p 141
t # 531
v 0 0
v 1 0
v 2 0
v 3 1
v 4 1
v 5 29
e 0 1 0
e 0 5 0
e 1 2 0
e 2 3 0
e 3 4 0
f 95
p 98
t # 532
v 0 0
v 1 0
v 2 1
v 3 1
v 4 19
e 0 1 0
e 0 4 0
e 1 2 0
e 2 3 0
f 172
p 170
t # 533
v 0 0
v 1 12
v 2 3
v 3 3
e 0 1 0
e 1 2 0
e 2 3 0
f 122
p 133
t # 534
v 0 0
v 1 1
v 2 4
v 3 4
v 4 4
v 5 0
v 6 1
e 0 1 0
e 1 2 0
e 2 3 0
e 3 4 0
e 3 6 0
e 4 5 0
f 81
p 101
t # 535
v 0 0
v 1 2
v 2 14
v 3 3
e 0 1 0
e 1 2 0
e 2 3 0
f 97
p 107
t # 536
v 0 0
v 1 0
v 2 16
v 3 1
v 4 0
e 0 1 0
e 1 2 0
e 2 3 0
e 3 4 0
f 187
p 138
t # 537
v 0 0
v 1 15
v 2 1
v 3 4
e 0 1 0
e 1 2 0
e 2 3 0
f 206
p 195
t # 538
v 0 0
v 1 2
v 2 4
v 3 3
v 4 4
v 5 0
v 6 0
e 0 1 0
e 1 2 0
e 2 3 0
e 3 4 0
e 4 5 0
e 5 6 0
f 105
p 95
t # 539
v 0 0
v 1 4
v 2 21
e 0 1 0
e 1 2 0
f 687
p 666
t # 540
v 0 0
v 1 3
v 2 4
v 3 0
v 4 3
v 5 4
v 6 1
e 0 1 0
e 1 2 0
e 2 3 0
e 3 4 0
e 4 5 0
e 5 6 0
f 96
p 98
t # 541
v 0 0
v 1 1
v 2 0
v 3 4
v 4 0
v 5 1
v 6 4
v 7 0
v 8 1
e 0 1 0
e 1 2 0
e 2 3 0
e 3 4 0
e 4 5 0
e 5 6 0
e 6 7 0
e 7 8 0
f 92
p 92
t # 542
v 0 0
v 1 3
v 2 3
v 3 3
v 4 0
v 5 4
v 6 0
e 0 1 0
e 1 2 0
e 2 3 0
e 3 4 0
e 4 5 0
e 5 6 0
f 85
p 83
t # 543
v 0 0
v 1 1
v 2 0
v 3 14
v 4 4
e 0 1 0
e 1 2 0
e 2 3 0
e 3 4 0
f 128
p 112
t # 544
v 0 0
v 1 18
v 2 0
v 3 0
v 4 0
v 5 0
e 0 1 0
e 1 2 0
e 2 3 0
e 3 4 0
e 4 5 0
f 135
p 120
t # 545
v 0 0
v 1 17
v 2 0
v 3 0
v 4 0
e 0 1 0
e 1 2 0
e 2 3 0
e 3 4 0
f 258
p 241
t # 546
v 0 0
v 1 14
v 2 0
v 3 3
v 4 1
e 0 1 0
e 1 2 0
e 2 3 0
e 3 4 0
f 93
p 92
t # 547
v 0 0
v 1 0
v 2 0
v 3 0
v 4 4
v 5 17
e 0 1 0
e 1 2 0
e 2 3 0
e 3 4 0
e 4 5 0
f 82
p 77
t # 548
v 0 0
v 1 15
v 2 1
v 3 1
e 0 1 0
e 0 3 0
e 1 2 0
f 280
p 265
t # 549
v 0 0
v 1 15
v 2 0
v 3 4
v 4 0
e 0 1 0
e 1 2 0
e 2 3 0
e 3 4 0
f 142
p 140
t # 550
v 0 0
v 1 15
v 2 2
v 3 3
e 0 1 0
e 1 2 0
e 2 3 0
f 81
p 86
t # 551
v 0 0
v 1 0
v 2 0
v 3 3
v 4 24
e 0 1 0
e 1 2 0
e 2 3 0
e 3 4 0
f 142
p 139
t # 552
v 0 0
v 1 10
v 2 1
v 3 0
v 4 0
v 5 0
e 0 1 0
e 1 2 0
e 2 3 0
e 3 4 0
e 4 5 0
f 100
p 94
t # 553
v 0 0
v 1 16
v 2 2
v 3 0
e 0 1 0
e 1 2 0
e 2 3 0
f 223
p 213
t # 554
v 0 0
v 1 0
v 2 4
v 3 4
v 4 0
v 5 4
v 6 0
v 7 1
e 0 1 0
e 1 2 0
e 2 3 0
e 3 4 0
e 3 7 0
e 4 5 0
e 5 6 0
f 80
p 93
t # 555
v 0 0
v 1 17
v 2 0
v 3 1
v 4 4
e 0 1 0
e 1 2 0
e 2 3 0
e 3 4 0
f 114
p 117
t # 556
v 0 0
v 1 15
v 2 0
v 3 1
v 4 0
v 5 0
e 0 1 0
e 1 2 0
e 2 3 0
e 3 4 0
e 4 5 0
f 90
p 95
t # 557
v 0 0
v 1 13
v 2 0
v 3 4
v 4 3
e 0 1 0
e 1 2 0
e 2 3 0
e 3 4 0
f 87
p 100
t # 558
v 0 0
v 1 0
v 2 1
v 3 1
v 4 23
e 0 1 0
e 0 4 0
e 1 2 0
e 2 3 0
f 184
p 168
t # 559
v 0 0
v 1 2
v 2 2
v 3 18
e 0 1 0
e 0 3 0
e 1 2 0
f 85
p 85
t # 560
v 0 0
v 1 14
v 2 0
v 3 0
v 4 4
e 0 1 0
e 1 2 0
e 2 3 0
e 2 4 0
f 80
p 79
t # 561
v 0 0
v 1 16
v 2 1
v 3 4
v 4 0
e 0 1 0
e 1 2 0
e 2 3 0
e 3 4 0
f 100
p 98
t # 562
v 0 0
v 1 16
v 2 0
v 3 0
v 4 2
e 0 1 0
e 0 4 0
e 1 2 0
e 2 3 0
f 85
p 89
t # 563
v 0 0
v 1 17
v 2 0
v 3 1
e 0 1 0
e 1 2 0
e 2 3 0
f 373
p 362
t # 564
v 0 0
v 1 12
v 2 0
v 3 0
v 4 0
v 5 4
e 0 1 0
e 1 2 0
e 2 3 0
e 3 4 0
e 4 5 0
f 82
p 84
t # 565
v 0 0
v 1 3
v 2 4
v 3 0
v 4 0
v 5 4
v 6 0
v 7 4
e 0 1 0
e 1 2 0
e 2 3 0
e 3 4 0
e 4 5 0
e 5 6 0
e 6 7 0
f 95
p 101
t # 566
v 0 0
v 1 16
v 2 3
v 3 4
e 0 1 0
e 1 2 0
e 2 3 0
f 149
p 147
t # 567
v 0 0
v 1 17
v 2 0
v 3 0
v 4 0
v 5 0
e 0 1 0
e 1 2 0
e 2 3 0
e 3 4 0
e 4 5 0
f 119
p 117
t # 568
v 0 0
v 1 19
v 2 1
v 3 4
e 0 1 0
e 0 3 0
e 1 2 0
f 245
p 224
t # 569
v 0 0
v 1 0
v 2 1
v 3 1
v 4 0
v 5 27
e 0 1 0
e 1 2 0
e 2 3 0
e 3 4 0
e 4 5 0
f 82
p 80
t # 570
v 0 0
v 1 1
v 2 1
v 3 25
e 0 1 0
e 0 3 0
e 1 2 0
f 301
p 295
t # 571
v 0 0
v 1 11
v 2 1
v 3 0
v 4 0
e 0 1 0
e 1 2 0
e 1 4 0
e 2 3 0
f 83
p 87
t # 572
v 0 0
v 1 4
v 2 4
v 3 18
e 0 1 0
e 1 2 0
e 2 3 0
f 167
p 144
t # 573
v 0 0
v 1 16
v 2 0
v 3 0
v 4 4
e 0 1 0
e 1 2 0
e 2 3 0
e 3 4 0
f 151
p 149
t # 574
v 0 0
v 1 4
v 2 0
v 3 1
v 4 18
e 0 1 0
e 1 2 0
e 2 3 0
e 3 4 0
f 131
p 121
t # 575
v 0 0
v 1 16
v 2 0
v 3 0
e 0 1 0
e 1 2 0
e 1 3 0
f 93
p 91
t # 576
v 0 0
v 1 3
v 2 1
v 3 0
v 4 28
e 0 1 0
e 0 4 0
e 1 2 0
e 2 3 0
f 92
p 96
t # 577
v 0 0
v 1 20
v 2 0
v 3 2
e 0 1 0
e 1 2 0
e 2 3 0
f 216
p 209
t # 578
v 0 0
v 1 0
v 2 2
v 3 1
v 4 23
e 0 1 0
e 0 4 0
e 1 2 0
e 2 3 0
f 97
p 99
t # 579
v 0 0
v 1 12
v 2 1
v 3 1
v 4 0
v 5 0
e 0 1 0
e 1 2 0
e 2 3 0
e 3 4 0
e 4 5 0
f 81
p 74
t # 580
v 0 0
v 1 18
v 2 1
v 3 0
v 4 0
e 0 1 0
e 1 2 0
e 2 3 0
e 3 4 0
f 226
p 238
t # 581
v 0 0
v 1 3
v 2 13
v 3 3
e 0 1 0
e 1 2 0
e 2 3 0
f 83
p 87
t # 582
v 0 0
v 1 3
v 2 4
v 3 0
v 4 0
v 5 4
v 6 1
v 7 0
e 0 1 0
e 1 2 0
e 2 3 0
e 3 4 0
e 4 5 0
e 5 6 0
e 6 7 0
f 127
p 121
t # 583
v 0 0
v 1 17
v 2 1
v 3 3
v 4 0
e 0 1 0
e 1 2 0
e 2 3 0
e 3 4 0
f 111
p 105
t # 584
v 0 0
v 1 3
v 2 4
v 3 11
e 0 1 0
e 1 2 0
e 2 3 0
f 161
p 157
t # 585
v 0 0
v 1 3
v 2 0
v 3 4
v 4 4
v 5 4
v 6 0
e 0 1 0
e 1 2 0
e 2 3 0
e 3 4 0
e 3 6 0
e 4 5 0
f 94
p 117
t # 586
v 0 0
v 1 13
v 2 1
v 3 0
v 4 1
e 0 1 0
e 1 2 0
e 2 3 0
e 3 4 0
f 121
p 120
t # 587
v 0 0
v 1 3
v 2 4
v 3 4
v 4 0
v 5 1
v 6 4
e 0 1 0
e 1 2 0
e 2 3 0
e 3 4 0
e 4 5 0
e 5 6 0
f 106
p 107
t # 588
v 0 0
v 1 0
v 2 0
v 3 1
v 4 25
e 0 1 0
e 1 2 0
e 2 3 0
e 3 4 0
f 218
p 156
t # 589
v 0 0
v 1 14
v 2 1
v 3 1
v 4 4
e 0 1 0
e 0 4 0
e 1 2 0
e 2 3 0
f 80
p 75
t # 590
v 0 0
v 1 17
v 2 1
v 3 0
v 4 2
e 0 1 0
e 0 4 0
e 1 2 0
e 2 3 0
f 86
p 80
t # 591
v 0 0
v 1 17
v 2 1
v 3 4
e 0 1 0
e 1 2 0
e 2 3 0
f 230
p 226
t # 592
v 0 0
v 1 1
v 2 0
v 3 13
v 4 4
e 0 1 0
e 1 2 0
e 2 3 0
e 3 4 0
f 100
p 98
t # 593
v 0 0
v 1 0
v 2 1
v 3 12
v 4 4
e 0 1 0
e 1 2 0
e 2 3 0
e 3 4 0
f 113
p 106
t # 594
v 0 0
v 1 17
v 2 2
v 3 0
v 4 0
e 0 1 0
e 1 2 0
e 2 3 0
e 3 4 0
f 118
p 121
t # 595
v 0 0
v 1 1
v 2 1
v 3 19
v 4 0
e 0 1 0
e 1 2 0
e 2 3 0
e 2 4 0
f 100
p 79
t # 596
v 0 0
v 1 13
v 2 0
v 3 0
v 4 4
e 0 1 0
e 1 2 0
e 2 3 0
e 3 4 0
f 143
p 144
t # 597
v 0 0
v 1 15
v 2 1
v 3 3
e 0 1 0
e 0 3 0
e 1 2 0
f 172
p 162
t # 598
v 0 0
v 1 1
v 2 0
v 3 2
v 4 20
e 0 1 0
e 1 2 0
e 2 3 0
e 3 4 0
f 82
p 75
t # 599
v 0 0
v 1 0
v 2 15
v 3 1
v 4 1
e 0 1 0
e 1 2 0
e 2 3 0
e 3 4 0
f 133
p 127
t # 600
v 0 0
v 1 3
v 2 0
v 3 0
v 4 4
v 5 0
v 6 4
v 7 1
e 0 1 0
e 1 2 0
e 2 3 0
e 3 4 0
e 4 5 0
e 5 6 0
e 6 7 0
f 160
p 130
t # 601
v 0 0
v 1 17
v 2 2
v 3 0
e 0 1 0
e 1 2 0
e 2 3 0
f 234
p 216
t # 602
v 0 0
v 1 17
v 2 1
v 3 3
e 0 1 0
e 1 2 0
e 2 3 0
f 207
p 198
t # 603
v 0 0
v 1 13
v 2 1
v 3 1
v 4 1
e 0 1 0
e 1 2 0
e 2 3 0
e 3 4 0
f 96
p 90
t # 604
v 0 0
v 1 13
v 2 0
v 3 0
v 4 2
e 0 1 0
e 1 2 0
e 2 3 0
e 3 4 0
f 116
p 109
t # 605
v 0 0
v 1 4
v 2 1
v 3 1
v 4 24
e 0 1 0
e 1 2 0
e 2 3 0
e 3 4 0
f 85
p 81
t # 606
v 0 0
v 1 0
v 2 4
v 3 0
v 4 1
v 5 1
v 6 4
v 7 4
e 0 1 0
e 1 2 0
e 2 3 0
e 3 4 0
e 4 5 0
e 5 6 0
e 6 7 0
f 99
p 92
t # 607
v 0 0
v 1 13
v 2 0
v 3 1
v 4 4
e 0 1 0
e 0 4 0
e 1 2 0
e 2 3 0
f 123
p 105
t # 608
v 0 0
v 1 10
v 2 0
v 3 0
v 4 3
e 0 1 0
e 1 2 0
e 2 3 0
e 3 4 0
f 135
p 162
t # 609
v 0 0
v 1 3
v 2 24
v 3 0
e 0 1 0
e 1 2 0
e 1 3 0
f 95
p 91
t # 610
v 0 0
v 1 0
v 2 3
v 3 25
e 0 1 0
e 0 3 0
e 1 2 0
f 301
p 279
t # 611
v 0 0
v 1 16
v 2 1
v 3 0
v 4 1
e 0 1 0
e 0 4 0
e 1 2 0
e 2 3 0
f 149
p 135
t # 612
v 0 0
v 1 4
v 2 4
v 3 0
v 4 3
v 5 1
v 6 0
e 0 1 0
e 1 2 0
e 2 3 0
e 2 6 0
e 3 4 0
e 4 5 0
f 109
p 93
t # 613
v 0 0
v 1 3
v 2 4
v 3 4
v 4 3
v 5 3
e 0 1 0
e 1 2 0
e 2 3 0
e 3 4 0
e 4 5 0
f 93
p 112
t # 614
v 0 0
v 1 16
v 2 1
v 3 0
v 4 0
v 5 1
e 0 1 0
e 0 5 0
e 1 2 0
e 2 3 0
e 3 4 0
f 82
p 85
t # 615
v 0 0
v 1 2
v 2 1
v 3 23
e 0 1 0
e 0 3 0
e 1 2 0
f 153
p 146
t # 616
v 0 0
v 1 12
v 2 4
v 3 3
e 0 1 0
e 1 2 0
e 2 3 0
f 160
p 155
t # 617
v 0 0
v 1 16
v 2 0
v 3 0
v 4 0
e 0 1 0
e 1 2 0
e 2 3 0
e 3 4 0
f 247
p 231
t # 618
v 0 0
v 1 15
v 2 0
v 3 1
e 0 1 0
e 1 2 0
e 2 3 0
f 339
p 329
t # 619
v 0 0
v 1 11
v 2 0
v 3 0
v 4 4
v 5 0
e 0 1 0
e 1 2 0
e 2 3 0
e 3 4 0
e 4 5 0
f 81
p 102
t # 620
v 0 0
v 1 0
v 2 4
v 3 0
v 4 0
v 5 4
v 6 1
v 7 0
v 8 0
e 0 1 0
e 1 2 0
e 2 3 0
e 3 4 0
e 4 5 0
e 5 6 0
e 5 8 0
e 6 7 0
f 83
p 80
t # 621
v 0 0
v 1 2
v 2 0
v 3 0
v 4 20
e 0 1 0
e 0 4 0
e 1 2 0
e 2 3 0
f 126
p 120
t # 622
v 0 0
v 1 17
v 2 4
v 3 0
v 4 0
e 0 1 0
e 1 2 0
e 2 3 0
e 3 4 0
f 149
p 142
t # 623
v 0 0
v 1 3
v 2 4
v 3 0
v 4 1
v 5 0
v 6 1
v 7 4
e 0 1 0
e 1 2 0
e 2 3 0
e 3 4 0
e 4 5 0
e 5 6 0
e 6 7 0
f 82
p 84
t # 624
v 0 0
v 1 4
v 2 1
v 3 4
v 4 0
v 5 4
v 6 4
e 0 1 0
e 1 2 0
e 2 3 0
e 3 4 0
e 4 5 0
e 5 6 0
f 118
p 118
t # 625
v 0 0
v 1 2
v 2 4
v 3 24
e 0 1 0
e 1 2 0
e 2 3 0
f 114
p 111
t # 626
v 0 0
v 1 13
v 2 0
v 3 2
e 0 1 0
e 1 2 0
e 2 3 0
f 199
p 188
t # 627
v 0 0
v 1 11
v 2 0
v 3 4
e 0 1 0
e 1 2 0
e 2 3 0
f 300
p 290
t # 628
v 0 0
v 1 4
v 2 4
v 3 4
v 4 1
v 5 0
v 6 1
e 0 1 0
e 1 2 0
e 2 3 0
e 2 5 0
e 3 4 0
e 5 6 0
f 96
p 95
t # 629
v 0 0
v 1 11
v 2 0
v 3 0
v 4 0
v 5 1
e 0 1 0
e 1 2 0
e 2 3 0
e 3 4 0
e 4 5 0
f 107
p 103
t # 630
v 0 0
v 1 2
v 2 0
v 3 1
v 4 20
e 0 1 0
e 0 4 0
e 1 2 0
e 2 3 0
f 93
p 91
t # 631
v 0 0
v 1 1
v 2 1
v 3 0
v 4 18
e 0 1 0
e 1 2 0
e 2 3 0
e 3 4 0
f 142
p 144
t # 632
v 0 0
v 1 1
v 2 1
v 3 0
v 4 4
v 5 4
v 6 4
v 7 0
e 0 1 0
e 1 2 0
e 2 3 0
e 3 4 0
e 4 5 0
e 5 6 0
e 6 7 0
f 88
p 126
t # 633
v 0 0
v 1 1
v 2 4
v 3 0
v 4 20
e 0 1 0
e 0 4 0
e 1 2 0
e 2 3 0
f 123
p 130
t # 634
v 0 0
v 1 13
v 2 1
v 3 0
v 4 0
e 0 1 0
e 1 2 0
e 2 3 0
e 3 4 0
f 199
p 181
t # 635
v 0 0
v 1 3
v 2 18
e 0 1 0
e 0 2 0
f 602
p 581
t # 636
v 0 0
v 1 1
v 2 4
v 3 0
v 4 15
e 0 1 0
e 1 2 0
e 2 3 0
e 3 4 0
f 147
p 137
t # 637
v 0 0
v 1 11
v 2 4
v 3 0
v 4 1
e 0 1 0
e 1 2 0
e 2 3 0
e 3 4 0
f 112
p 104
t # 638
v 0 0
v 1 0
v 2 4
v 3 4
v 4 1
v 5 4
v 6 1
e 0 1 0
e 1 2 0
e 2 3 0
e 3 4 0
e 3 6 0
e 4 5 0
f 91
p 87
t # 639
v 0 0
v 1 15
v 2 1
v 3 4
v 4 0
e 0 1 0
e 1 2 0
e 2 3 0
e 3 4 0
f 115
p 108
t # 640
v 0 0
v 1 1
v 2 4
v 3 19
v 4 1
e 0 1 0
e 1 2 0
e 2 3 0
e 3 4 0
f 80
p 83
t # 641
v 0 0
v 1 4
v 2 1
v 3 4
v 4 0
v 5 1
v 6 4
e 0 1 0
e 1 2 0
e 2 3 0
e 3 4 0
e 3 6 0
e 4 5 0
f 85
p 84
t # 642
v 0 0
v 1 17
v 2 3
v 3 0
e 0 1 0
e 1 2 0
e 2 3 0
f 278
p 264
t # 643
v 0 0
v 1 17
v 2 0
v 3 0
v 4 0
v 5 0
e 0 1 0
e 0 4 0
e 1 2 0
e 2 3 0
e 3 5 0
f 118
p 117
t # 644
v 0 0
v 1 18
v 2 1
v 3 3
v 4 1
e 0 1 0
e 0 3 0
e 1 2 0
e 3 4 0
f 80
p 110
t # 645
v 0 0
v 1 1
v 2 4
v 3 4
v 4 2
v 5 4
e 0 1 0
e 1 2 0
e 2 3 0
e 2 5 0
e 3 4 0
f 90
p 79
t # 646
v 0 0
v 1 16
v 2 1
v 3 0
v 4 3
e 0 1 0
e 0 4 0
e 1 2 0
e 2 3 0
f 101
p 100
t # 647
v 0 0
v 1 0
v 2 0
v 3 24
v 4 4
e 0 1 0
e 1 2 0
e 2 3 0
e 2 4 0
f 90
p 88
t # 648
v 0 0
v 1 3
v 2 1
v 3 27
e 0 1 0
e 1 2 0
e 2 3 0
f 191
p 187
t # 649
v 0 0
v 1 13
v 2 4
v 3 0
v 4 1
e 0 1 0
e 1 2 0
e 2 3 0
e 3 4 0
f 106
p 94
t # 650
v 0 0
v 1 16
v 2 0
v 3 0
v 4 0
v 5 1
e 0 1 0
e 1 2 0
e 2 3 0
e 3 4 0
e 4 5 0
f 105
p 102
t # 651
v 0 0
v 1 2
v 2 1
v 3 4
v 4 0
v 5 4
v 6 4
e 0 1 0
e 1 2 0
e 2 3 0
e 3 4 0
e 4 5 0
e 5 6 0
f 83
p 85
t # 652
v 0 0
v 1 3
v 2 0
v 3 0
v 4 1
v 5 4
v 6 4
v 7 0
e 0 1 0
e 1 2 0
e 2 3 0
e 3 4 0
e 4 5 0
e 5 6 0
e 6 7 0
f 119
p 117
t # 653
v 0 0
v 1 0
v 2 0
v 3 0
v 4 1
v 5 27
e 0 1 0
e 0 5 0
e 1 2 0
e 2 3 0
e 3 4 0
f 135
p 134
t # 654
v 0 0
v 1 13
v 2 1
v 3 3
v 4 0
e 0 1 0
e 1 2 0
e 2 3 0
e 3 4 0
f 85
p 87
t # 655
v 0 0
v 1 2
v 2 1
v 3 27
e 0 1 0
e 0 3 0
e 1 2 0
f 175
p 160
t # 656
v 0 0
v 1 15
v 2 3
v 3 3
e 0 1 0
e 1 2 0
e 2 3 0
f 113
p 112
t # 657
v 0 0
v 1 0
v 2 0
v 3 1
v 4 4
v 5 1
v 6 4
v 7 4
e 0 1 0
e 1 2 0
e 2 3 0
e 3 4 0
e 4 5 0
e 5 6 0
e 6 7 0
f 85
p 83
t # 658
v 0 0
v 1 17
v 2 1
v 3 1
v 4 1
e 0 1 0
e 1 2 0
e 2 3 0
e 3 4 0
f 94
p 90
t # 659
v 0 0
v 1 3
v 2 1
v 3 0
v 4 27
e 0 1 0
e 1 2 0
e 2 3 0
e 3 4 0
f 116
p 114
t # 660
v 0 0
v 1 4
v 2 3
v 3 1
v 4 1
v 5 1
v 6 4
e 0 1 0
e 1 2 0
e 2 3 0
e 3 4 0
e 4 5 0
e 5 6 0
f 94
p 88
t # 661
v 0 0
v 1 11
v 2 4
v 3 0
v 4 0
e 0 1 0
e 1 2 0
e 2 3 0
e 3 4 0
f 163
p 135
t # 662
v 0 0
v 1 17
v 2 1
v 3 0
v 4 0
e 0 1 0
e 1 2 0
e 2 3 0
e 3 4 0
f 197
p 193
t # 663
v 0 0
v 1 13
v 2 0
v 3 1
v 4 0
e 0 1 0
e 1 2 0
e 2 3 0
e 3 4 0
f 200
p 184
t # 664
v 0 0
v 1 11
v 2 4
v 3 0
v 4 0
v 5 0
e 0 1 0
e 1 2 0
e 2 3 0
e 3 4 0
e 4 5 0
f 82
p 100
t # 665
v 0 0
v 1 3
v 2 0
v 3 1
v 4 23
e 0 1 0
e 0 4 0
e 1 2 0
e 2 3 0
f 113
p 103
t # 666
v 0 0
v 1 0
v 2 1
v 3 0
v 4 23
e 0 1 0
e 0 4 0
e 1 2 0
e 2 3 0
f 221
p 216
t # 667
v 0 0
v 1 13
v 2 0
v 3 4
v 4 0
e 0 1 0
e 1 2 0
e 2 3 0
e 3 4 0
f 141
p 132
t # 668
v 0 0
v 1 15
v 2 0
v 3 0
v 4 2
e 0 1 0
e 0 4 0
e 1 2 0
e 2 3 0
f 104
p 96
t # 669
v 0 0
v 1 4
v 2 0
v 3 2
v 4 4
v 5 1
v 6 3
e 0 1 0
e 1 2 0
e 2 3 0
e 3 4 0
e 4 5 0
e 5 6 0
f 89
p 85
t # 670
v 0 0
v 1 0
v 2 4
v 3 1
v 4 3
v 5 4
v 6 3
e 0 1 0
e 1 2 0
e 2 3 0
e 3 4 0
e 4 5 0
e 5 6 0
f 95
p 95
t # 671
v 0 0
v 1 3
v 2 3
v 3 0
v 4 0
v 5 4
v 6 4
e 0 1 0
e 1 2 0
e 2 3 0
e 3 4 0
e 4 5 0
e 5 6 0
f 117
p 96
t # 672
v 0 0
v 1 2
v 2 2
v 3 21
e 0 1 0
e 0 3 0
e 1 2 0
f 89
p 87
t # 673
v 0 0
v 1 4
v 2 0
v 3 3
v 4 17
e 0 1 0
e 0 4 0
e 1 2 0
e 2 3 0
f 84
p 82
t # 674
v 0 0
v 1 0
v 2 4
v 3 0
v 4 0
v 5 4
v 6 3
v 7 1
e 0 1 0
e 1 2 0
e 2 3 0
e 3 4 0
e 4 5 0
e 5 6 0
e 6 7 0
f 113
p 95
t # 675
v 0 0
v 1 15
v 2 3
v 3 1
e 0 1 0
e 0 2 0
e 2 3 0
f 182
p 181
t # 676
v 0 0
v 1 3
v 2 1
v 3 28
e 0 1 0
e 1 2 0
e 2 3 0
f 181
p 175
t # 677
v 0 0
v 1 12
v 2 4
v 3 0
v 4 0
e 0 1 0
e 1 2 0
e 2 3 0
e 3 4 0
f 160
p 154
t # 678
v 0 0
v 1 15
v 2 2
v 3 4
e 0 1 0
e 0 2 0
e 2 3 0
f 140
p 113
t # 679
v 0 0
v 1 2
v 2 4
v 3 0
v 4 11
e 0 1 0
e 0 4 0
e 1 2 0
e 2 3 0
f 83
p 83
t # 680
v 0 0
v 1 2
v 2 17
v 3 1
e 0 1 0
e 1 2 0
e 2 3 0
f 169
p 161
t # 681
v 0 0
v 1 1
v 2 4
v 3 19
e 0 1 0
e 0 3 0
e 1 2 0
f 241
p 235
t # 682
v 0 0
v 1 17
v 2 0
v 3 0
v 4 0
e 0 1 0
e 1 2 0
e 2 3 0
e 2 4 0
f 88
p 98
t # 683
v 0 0
v 1 0
v 2 11
v 3 1
v 4 4
e 0 1 0
e 1 2 0
e 2 3 0
e 3 4 0
f 107
p 103
t # 684
v 0 0
v 1 10
v 2 4
v 3 0
e 0 1 0
e 1 2 0
e 1 3 0
f 91
p 90
t # 685
v 0 0
v 1 0
v 2 4
v 3 4
v 4 4
v 5 3
v 6 0
e 0 1 0
e 1 2 0
e 2 3 0
e 3 4 0
e 3 6 0
e 4 5 0
f 80
p 96
t # 686
v 0 0
v 1 15
v 2 2
v 3 3
e 0 1 0
e 0 2 0
e 1 3 0
f 119
p 119
t # 687
v 0 0
v 1 13
v 2 1
v 3 0
v 4 1
e 0 1 0
e 0 4 0
e 1 2 0
e 2 3 0
f 128
p 118
t # 688
v 0 0
v 1 4
v 2 4
v 3 0
v 4 3
v 5 4
v 6 0
e 0 1 0
e 1 2 0
e 2 3 0
e 3 4 0
e 4 5 0
e 5 6 0
f 137
p 127
t # 689
v 0 0
v 1 15
v 2 3
v 3 1
v 4 0
e 0 1 0
e 1 2 0
e 2 3 0
e 3 4 0
f 98
p 96
t # 690
v 0 0
v 1 0
v 2 0
v 3 4
v 4 0
v 5 19
e 0 1 0
e 0 5 0
e 1 2 0
e 2 3 0
e 3 4 0
f 95
p 107
t # 691
v 0 0
v 1 28
e 0 1 0
f 1369
p 663
t # 692
v 0 0
v 1 15
v 2 1
e 0 1 0
e 1 2 0
f 728
p 693
t # 693
v 0 0
v 1 14
v 2 0
v 3 1
v 4 1
e 0 1 0
e 1 2 0
e 2 3 0
e 3 4 0
f 134
p 85
t # 694
v 0 0
v 1 17
v 2 0
v 3 3
e 0 1 0
e 1 2 0
e 2 3 0
f 276
p 220
t # 695
v 0 0
v 1 1
v 2 1
v 3 4
v 4 1
v 5 4
v 6 4
e 0 1 0
e 1 2 0
e 2 3 0
e 3 4 0
e 4 5 0
e 5 6 0
f 116
p 88
t # 696
v 0 0
v 1 11
v 2 0
v 3 11
e 0 1 0
e 1 2 0
e 2 3 0
f 89
p 90
t # 697
v 0 0
v 1 0
v 2 4
v 3 4
v 4 18
e 0 1 0
e 0 4 0
e 1 2 0
e 2 3 0
f 97
p 95
t # 698
v 0 0
v 1 12
v 2 0
v 3 1
v 4 2
e 0 1 0
e 0 4 0
e 1 2 0
e 2 3 0
f 83
p 80
t # 699
v 0 0
v 1 13
v 2 4
v 3 4
e 0 1 0
e 1 2 0
e 2 3 0
f 167
p 170
t # 700
v 0 0
v 1 0
v 2 4
v 3 4
v 4 1
v 5 2
v 6 4
e 0 1 0
e 1 2 0
e 2 3 0
e 3 4 0
e 4 5 0
e 5 6 0
f 96
p 85
t # 701
v 0 0
v 1 3
v 2 1
v 3 0
v 4 1
v 5 4
v 6 0
v 7 4
e 0 1 0
e 1 2 0
e 2 3 0
e 3 4 0
e 4 5 0
e 5 6 0
e 6 7 0
f 88
p 84
t # 702
v 0 0
v 1 18
v 2 1
v 3 1
v 4 4
e 0 1 0
e 0 3 0
e 1 2 0
e 3 4 0
f 89
p 99
t # 703
v 0 0
v 1 0
v 2 4
v 3 17
e 0 1 0
e 1 2 0
e 2 3 0
f 329
p 323
t # 704
v 0 0
v 1 9
v 2 1
v 3 1
v 4 4
e 0 1 0
e 1 2 0
e 2 3 0
e 3 4 0
f 92
p 93
t # 705
v 0 0
v 1 4
v 2 1
v 3 2
v 4 4
v 5 3
e 0 1 0
e 1 2 0
e 2 3 0
e 3 4 0
e 4 5 0
f 134
p 81
t # 706
v 0 0
v 1 16
v 2 1
v 3 3
e 0 1 0
e 1 2 0
e 2 3 0
f 192
p 172
t # 707
v 0 0
v 1 4
v 2 4
v 3 3
v 4 3
v 5 0
e 0 1 0
e 1 2 0
e 2 3 0
e 3 4 0
e 3 5 0
f 147
p 139
t # 708
v 0 0
v 1 0
v 2 0
v 3 0
v 4 0
v 5 26
e 0 1 0
e 1 2 0
e 2 3 0
e 3 4 0
e 4 5 0
f 127
p 139
t # 709
v 0 0
v 1 15
v 2 0
v 3 0
v 4 1
v 5 0
e 0 1 0
e 1 2 0
e 2 3 0
e 3 4 0
e 4 5 0
f 94
p 98
t # 710
v 0 0
v 1 16
v 2 3
v 3 3
e 0 1 0
e 1 2 0
e 2 3 0
f 102
p 99
t # 711
v 0 0
v 1 16
v 2 0
v 3 0
v 4 0
v 5 3
e 0 1 0
e 0 5 0
e 1 2 0
e 2 3 0
e 3 4 0
f 83
p 85
t # 712
v 0 0
v 1 0
v 2 3
v 3 4
v 4 4
v 5 1
v 6 3
e 0 1 0
e 1 2 0
e 2 3 0
e 3 4 0
e 4 5 0
e 5 6 0
f 87
p 123
t # 713
v 0 0
v 1 9
v 2 0
v 3 0
v 4 1
e 0 1 0
e 1 2 0
e 1 4 0
e 2 3 0
f 95
p 84
t # 714
v 0 0
v 1 13
v 2 0
v 3 4
v 4 1
e 0 1 0
e 1 2 0
e 2 3 0
e 3 4 0
f 101
p 97
t # 715
v 0 0
v 1 15
v 2 0
v 3 1
v 4 3
e 0 1 0
e 1 2 0
e 2 3 0
e 3 4 0
f 99
p 97
t # 716
v 0 0
v 1 0
v 2 22
v 3 2
e 0 1 0
e 1 2 0
e 2 3 0
f 227
p 211
t # 717
v 0 0
v 1 4
v 2 0
v 3 17
v 4 3
e 0 1 0
e 1 2 0
e 2 3 0
e 3 4 0
f 94
p 91
t # 718
v 0 0
v 1 0
v 2 1
v 3 2
v 4 22
e 0 1 0
e 0 4 0
e 1 2 0
e 2 3 0
f 96
p 86
t # 719
v 0 0
v 1 11
v 2 1
v 3 0
v 4 4
e 0 1 0
e 0 4 0
e 1 2 0
e 2 3 0
f 117
p 115
t # 720
v 0 0
v 1 0
v 2 1
v 3 2
v 4 19
e 0 1 0
e 0 4 0
e 1 2 0
e 2 3 0
f 101
p 102
t # 721
v 0 0
v 1 0
v 2 1
v 3 16
v 4 4
e 0 1 0
e 1 2 0
e 2 3 0
e 3 4 0
f 102
p 98
t # 722
v 0 0
v 1 17
v 2 0
v 3 1
v 4 3
e 0 1 0
e 0 4 0
e 1 2 0
e 2 3 0
f 89
p 89
t # 723
v 0 0
v 1 11
v 2 0
v 3 1
v 4 0
v 5 0
e 0 1 0
e 1 2 0
e 2 3 0
e 3 4 0
e 4 5 0
f 98
p 100
t # 724
v 0 0
v 1 2
v 2 4
v 3 14
e 0 1 0
e 1 2 0
e 2 3 0
f 141
p 137
t # 725
v 0 0
v 1 12
v 2 0
v 3 0
v 4 1
v 5 0
e 0 1 0
e 1 2 0
e 2 3 0
e 3 4 0
e 4 5 0
f 89
p 100
t # 726
v 0 0
v 1 15
v 2 0
v 3 3
v 4 0
e 0 1 0
e 1 2 0
e 2 3 0
e 2 4 0
f 84
p 83
t # 727
v 0 0
v 1 3
v 2 0
v 3 4
v 4 4
v 5 4
v 6 0
e 0 1 0
e 1 2 0
e 2 3 0
e 2 6 0
e 3 4 0
e 4 5 0
f 98
p 89
t # 728
v 0 0
v 1 1
v 2 4
v 3 0
v 4 19
e 0 1 0
e 1 2 0
e 2 3 0
e 3 4 0
f 127
p 123
t # 729
v 0 0
v 1 3
v 2 0
v 3 1
v 4 24
e 0 1 0
e 0 4 0
e 1 2 0
e 2 3 0
f 108
p 105
t # 730
v 0 0
v 1 0
v 2 4
v 3 0
v 4 4
v 5 4
v 6 0
v 7 1
e 0 1 0
e 1 2 0
e 2 3 0
e 3 4 0
e 4 5 0
e 5 6 0
e 6 7 0
f 134
p 117
t # 731
v 0 0
v 1 0
v 2 3
v 3 22
e 0 1 0
e 1 2 0
e 2 3 0
f 260
p 258
t # 732
v 0 0
v 1 0
v 2 0
v 3 18
v 4 4
e 0 1 0
e 1 2 0
e 2 3 0
e 3 4 0
f 174
p 164
t # 733
v 0 0
v 1 17
v 2 0
v 3 3
v 4 0
e 0 1 0
e 1 2 0
e 2 3 0
e 2 4 0
f 80
p 88
t # 734
v 0 0
v 1 0
v 2 0
v 3 28
v 4 0
e 0 1 0
e 1 2 0
e 2 3 0
e 2 4 0
f 118
p 115
t # 735
v 0 0
v 1 11
v 2 0
v 3 0
v 4 3
e 0 1 0
e 1 2 0
e 2 3 0
e 3 4 0
f 135
p 142
t # 736
v 0 0
v 1 15
v 2 1
v 3 4
e 0 1 0
e 0 2 0
e 1 3 0
f 242
p 232
t # 737
v 0 0
v 1 3
v 2 0
v 3 1
v 4 0
v 5 4
v 6 0
v 7 0
v 8 4
e 0 1 0
e 1 2 0
e 2 3 0
e 3 4 0
e 4 5 0
e 5 6 0
e 6 7 0
e 7 8 0
f 86
p 87
t # 738
v 0 0
v 1 13
v 2 1
v 3 0
v 4 4
e 0 1 0
e 1 2 0
e 2 3 0
e 3 4 0
f 112
p 105
t # 739
v 0 0
v 1 15
v 2 2
e 0 1 0
e 1 2 0
f 437
p 437
t # 740
v 0 0
v 1 15
v 2 1
v 3 2
e 0 1 0
e 1 2 0
e 2 3 0
f 158
p 160
t # 741
v 0 0
v 1 0
v 2 1
v 3 0
v 4 20
e 0 1 0
e 1 2 0
e 2 3 0
e 3 4 0
f 235
p 223
t # 742
v 0 0
v 1 0
v 2 10
v 3 4
v 4 0
e 0 1 0
e 1 2 0
e 2 3 0
e 3 4 0
f 133
p 122
t # 743
v 0 0
v 1 2
v 2 26
v 3 0
e 0 1 0
e 1 2 0
e 1 3 0
f 88
p 156
t # 744
v 0 0
v 1 0
v 2 0
v 3 25
v 4 4
e 0 1 0
e 1 2 0
e 2 3 0
e 2 4 0
f 99
p 100
t # 745
v 0 0
v 1 13
v 2 2
e 0 1 0
e 1 2 0
f 452
p 436
t # 746
v 0 0
v 1 11
v 2 0
v 3 0
v 4 1
e 0 1 0
e 1 2 0
e 2 3 0
e 3 4 0
f 198
p 203
t # 747
v 0 0
v 1 13
v 2 1
v 3 0
v 4 3
e 0 1 0
e 0 4 0
e 1 2 0
e 2 3 0
f 89
p 92
t # 748
v 0 0
v 1 4
v 2 0
v 3 3
v 4 14
e 0 1 0
e 1 2 0
e 2 3 0
e 3 4 0
f 81
p 79
t # 749
v 0 0
v 1 15
v 2 0
v 3 0
v 4 1
e 0 1 0
e 1 2 0
e 2 3 0
e 3 4 0
f 192
p 202
t # 750
v 0 0
v 1 11
v 2 3
v 3 1
e 0 1 0
e 1 2 0
e 2 3 0
f 193
p 171
t # 751
v 0 0
v 1 15
v 2 0
v 3 0
v 4 3
e 0 1 0
e 1 2 0
e 2 3 0
e 3 4 0
f 144
p 125
t # 752
v 0 0
v 1 0
v 2 4
v 3 1
v 4 13
e 0 1 0
e 0 4 0
e 1 2 0
e 2 3 0
f 131
p 125
t # 753
v 0 0
v 1 16
v 2 0
v 3 0
v 4 1
e 0 1 0
e 1 2 0
e 2 3 0
e 3 4 0
f 195
p 192
t # 754
v 0 0
v 1 1
v 2 1
v 3 19
v 4 1
e 0 1 0
e 1 2 0
e 2 3 0
e 3 4 0
f 94
p 89
t # 755
v 0 0
v 1 16
v 2 1
v 3 4
e 0 1 0
e 0 3 0
e 1 2 0
f 229
p 225
t # 756
v 0 0
v 1 0
v 2 1
v 3 4
v 4 27
e 0 1 0
e 1 2 0
e 2 3 0
e 3 4 0
f 122
p 122
t # 757
v 0 0
v 1 3
v 2 4
v 3 4
v 4 0
v 5 0
v 6 4
e 0 1 0
e 1 2 0
e 2 3 0
e 3 4 0
e 4 5 0
e 4 6 0
f 92
p 82
t # 758
v 0 0
v 1 11
v 2 0
v 3 3
e 0 1 0
e 1 2 0
e 2 3 0
f 272
p 268
t # 759
v 0 0
v 1 11
v 2 0
v 3 0
v 4 0
v 5 1
e 0 1 0
e 0 5 0
e 1 2 0
e 2 3 0
e 3 4 0
f 99
p 89
t # 760
v 0 0
v 1 1
v 2 21
e 0 1 0
e 1 2 0
f 829
p 641
t # 761
v 0 0
v 1 4
v 2 0
v 3 4
v 4 0
v 5 4
v 6 0
v 7 1
e 0 1 0
e 1 2 0
e 2 3 0
e 3 4 0
e 4 5 0
e 5 6 0
e 6 7 0
f 102
p 93
t # 762
v 0 0
v 1 15
v 2 3
v 3 0
v 4 0
e 0 1 0
e 0 4 0
e 1 2 0
e 2 3 0
f 130
p 110
t # 763
v 0 0
v 1 18
v 2 3
v 3 2
e 0 1 0
e 1 2 0
e 2 3 0
f 87
p 88
t # 764
v 0 0
v 1 0
v 2 13
v 3 1
v 4 0
e 0 1 0
e 1 2 0
e 2 3 0
e 2 4 0
f 94
p 94
t # 765
v 0 0
v 1 11
v 2 0
v 3 0
v 4 0
v 5 0
e 0 1 0
e 1 2 0
e 2 3 0
e 3 4 0
e 4 5 0
f 143
p 110
t # 766
v 0 0
v 1 17
v 2 0
v 3 0
v 4 4
e 0 1 0
e 0 4 0
e 1 2 0
e 2 3 0
f 169
p 138
t # 767
v 0 0
v 1 8
v 2 4
v 3 0
e 0 1 0
e 1 2 0
e 1 3 0
f 88
p 88
t # 768
v 0 0
v 1 0
v 2 20
v 3 1
v 4 1
e 0 1 0
e 1 2 0
e 2 3 0
e 3 4 0
f 163
p 151
t # 769
v 0 0
v 1 0
v 2 1
v 3 27
v 4 1
e 0 1 0
e 1 2 0
e 2 3 0
e 2 4 0
f 80
p 80
t # 770
v 0 0
v 1 0
v 2 4
v 3 1
v 4 23
e 0 1 0
e 0 4 0
e 1 2 0
e 2 3 0
f 151
p 149
t # 771
v 0 0
v 1 0
v 2 4
v 3 0
v 4 0
v 5 4
v 6 0
v 7 4
e 0 1 0
e 1 2 0
e 2 3 0
e 2 7 0
e 3 4 0
e 4 5 0
e 5 6 0
f 80
p 79
t # 772
v 0 0
v 1 3
v 2 0
v 3 4
v 4 4
v 5 1
v 6 4
e 0 1 0
e 1 2 0
e 2 3 0
e 3 4 0
e 4 5 0
e 5 6 0
f 101
p 109
t # 773
v 0 0
v 1 2
v 2 25
v 3 0
e 0 1 0
e 1 2 0
e 1 3 0
f 84
p 82
t # 774
v 0 0
v 1 3
v 2 0
v 3 4
v 4 12
e 0 1 0
e 0 4 0
e 1 2 0
e 2 3 0
f 80
p 78
t # 775
v 0 0
v 1 0
v 2 1
v 3 11
v 4 3
e 0 1 0
e 0 3 0
e 1 2 0
e 3 4 0
f 100
p 105
t # 776
v 0 0
v 1 4
v 2 1
v 3 4
v 4 0
v 5 1
v 6 4
e 0 1 0
e 1 2 0
e 2 3 0
e 3 4 0
e 4 5 0
e 5 6 0
f 169
p 94
t # 777
v 0 0
v 1 0
v 2 4
v 3 0
v 4 3
v 5 1
v 6 4
v 7 1
e 0 1 0
e 1 2 0
e 2 3 0
e 3 4 0
e 4 5 0
e 5 6 0
e 6 7 0
f 81
p 77
t # 778
v 0 0
v 1 3
v 2 1
v 3 0
v 4 4
v 5 4
v 6 0
v 7 1
e 0 1 0
e 1 2 0
e 2 3 0
e 3 4 0
e 4 5 0
e 5 6 0
e 6 7 0
f 83
p 95
t # 779
v 0 0
v 1 3
v 2 1
v 3 4
v 4 0
v 5 1
v 6 4
e 0 1 0
e 1 2 0
e 2 3 0
e 3 4 0
e 3 6 0
e 4 5 0
f 96
p 88
t # 780
v 0 0
v 1 0
v 2 4
v 3 4
v 4 4
v 5 0
v 6 1
e 0 1 0
e 1 2 0
e 2 3 0
e 3 4 0
e 3 6 0
e 4 5 0
f 95
p 92
t # 781
v 0 0
v 1 29
e 0 1 0
f 1340
p 755
t # 782
v 0 0
v 1 4
v 2 0
v 3 4
v 4 1
v 5 4
v 6 0
e 0 1 0
e 1 2 0
e 1 6 0
e 2 3 0
e 3 4 0
e 4 5 0
f 93
p 86
t # 783
v 0 0
v 1 11
v 2 1
v 3 4
v 4 0
e 0 1 0
e 1 2 0
e 2 3 0
e 3 4 0
f 96
p 96
t # 784
v 0 0
v 1 17
v 2 0
v 3 4
v 4 3
e 0 1 0
e 0 4 0
e 1 2 0
e 2 3 0
f 84
p 78
t # 785
v 0 0
v 1 1
v 2 17
v 3 1
v 4 1
e 0 1 0
e 1 2 0
e 2 3 0
e 3 4 0
f 99
p 89
t # 786
v 0 0
v 1 0
v 2 0
v 3 4
v 4 0
v 5 25
e 0 1 0
e 0 5 0
e 1 2 0
e 2 3 0
e 3 4 0
f 99
p 110
t # 787
v 0 0
v 1 3
v 2 3
v 3 4
v 4 0
v 5 1
v 6 3
e 0 1 0
e 1 2 0
e 2 3 0
e 3 4 0
e 4 5 0
e 5 6 0
f 82
p 80
t # 788
v 0 0
v 1 2
v 2 3
v 3 24
e 0 1 0
e 0 3 0
e 1 2 0
f 93
p 93
t # 789
v 0 0
v 1 9
v 2 3
v 3 1
e 0 1 0
e 1 2 0
e 1 3 0
f 121
p 118
t # 790
v 0 0
v 1 16
v 2 1
v 3 1
v 4 0
e 0 1 0
e 0 3 0
e 1 2 0
e 1 4 0
f 88
p 91
t # 791
v 0 0
v 1 17
v 2 1
v 3 1
v 4 1
e 0 1 0
e 0 3 0
e 1 2 0
e 3 4 0
f 101
p 101
t # 792
v 0 0
v 1 17
v 2 3
v 3 3
e 0 1 0
e 1 2 0
e 2 3 0
f 96
p 107
t # 793
v 0 0
v 1 4
v 2 3
v 3 25
e 0 1 0
e 0 3 0
e 1 2 0
f 174
p 166
t # 794
v 0 0
v 1 3
v 2 2
v 3 4
v 4 0
v 5 1
v 6 4
e 0 1 0
e 1 2 0
e 2 3 0
e 3 4 0
e 4 5 0
e 5 6 0
f 89
p 84
t # 795
v 0 0
v 1 4
v 2 0
v 3 15
v 4 3
e 0 1 0
e 1 2 0
e 2 3 0
e 3 4 0
f 81
p 86
t # 796
v 0 0
v 1 13
v 2 3
v 3 0
v 4 0
e 0 1 0
e 0 4 0
e 1 2 0
e 2 3 0
f 137
p 123
t # 797
v 0 0
v 1 15
v 2 4
v 3 2
e 0 1 0
e 1 2 0
e 2 3 0
f 104
p 101
t # 798
v 0 0
v 1 17
v 2 0
v 3 0
v 4 1
v 5 0
e 0 1 0
e 1 2 0
e 2 3 0
e 3 4 0
e 4 5 0
f 107
p 102
t # 799
v 0 0
v 1 10
v 2 1
v 3 4
e 0 1 0
e 1 2 0
e 2 3 0
f 213
p 207
t # 800
v 0 0
v 1 0
v 2 2
v 3 1
v 4 26
e 0 1 0
e 1 2 0
e 2 3 0
e 3 4 0
f 85
p 126
t # 801
v 0 0
v 1 15
v 2 4
v 3 0
v 4 1
e 0 1 0
e 0 4 0
e 1 2 0
e 2 3 0
f 114
p 102
t # 802
v 0 0
v 1 4
v 2 15
v 3 3
e 0 1 0
e 1 2 0
e 2 3 0
f 162
p 157
t # 803
v 0 0
v 1 1
v 2 1
v 3 1
v 4 23
e 0 1 0
e 1 2 0
e 2 3 0
e 3 4 0
f 106
p 101
t # 804
v 0 0
v 1 17
v 2 4
v 3 2
e 0 1 0
e 1 2 0
e 2 3 0
f 145
p 137
t # 805
v 0 0
v 1 4
v 2 2
v 3 20
e 0 1 0
e 0 3 0
e 1 2 0
f 127
p 119
t # 806
v 0 0
v 1 3
v 2 0
v 3 0
v 4 24
e 0 1 0
e 0 4 0
e 1 2 0
e 2 3 0
f 139
p 130
t # 807
v 0 0
v 1 3
v 2 18
v 3 1
v 4 0
e 0 1 0
e 1 2 0
e 2 3 0
e 3 4 0
f 97
p 90
t # 808
v 0 0
v 1 4
v 2 1
v 3 4
v 4 3
v 5 1
v 6 0
e 0 1 0
e 1 2 0
e 2 3 0
e 3 4 0
e 3 6 0
e 4 5 0
f 87
p 92
t # 809
v 0 0
v 1 1
v 2 4
v 3 4
v 4 4
v 5 0
v 6 0
e 0 1 0
e 1 2 0
e 2 3 0
e 3 4 0
e 3 6 0
e 4 5 0
f 132
p 123
t # 810
v 0 0
v 1 3
v 2 0
v 3 1
v 4 15
e 0 1 0
e 1 2 0
e 2 3 0
e 3 4 0
f 98
p 100
t # 811
v 0 0
v 1 1
v 2 13
v 3 3
e 0 1 0
e 0 2 0
e 2 3 0
f 210
p 197
t # 812
v 0 0
v 1 1
v 2 4
v 3 14
v 4 1
e 0 1 0
e 1 2 0
e 2 3 0
e 3 4 0
f 82
p 89
t # 813
v 0 0
v 1 1
v 2 12
v 3 3
e 0 1 0
e 1 2 0
e 2 3 0
f 195
p 193
t # 814
v 0 0
v 1 15
v 2 1
v 3 0
v 4 0
e 0 1 0
e 1 2 0
e 2 3 0
e 3 4 0
f 188
p 178
t # 815
v 0 0
v 1 0
v 2 0
v 3 4
v 4 0
v 5 14
e 0 1 0
e 1 2 0
e 2 3 0
e 3 4 0
e 4 5 0
f 89
p 83
t # 816
v 0 0
v 1 0
v 2 13
v 3 4
e 0 1 0
e 1 2 0
e 2 3 0
f 317
p 306
t # 817
v 0 0
v 1 9
v 2 1
v 3 4
v 4 1
e 0 1 0
e 0 3 0
e 1 2 0
e 3 4 0
f 94
p 90
t # 818
v 0 0
v 1 15
v 2 4
e 0 1 0
e 1 2 0
f 628
p 604
t # 819
v 0 0
v 1 13
v 2 0
v 3 1
v 4 2
e 0 1 0
e 1 2 0
e 2 3 0
e 3 4 0
f 86
p 85
t # 820
v 0 0
v 1 0
v 2 23
v 3 1
e 0 1 0
e 1 2 0
e 2 3 0
f 404
p 386
t # 821
v 0 0
v 1 16
v 2 3
v 3 0
e 0 1 0
e 1 2 0
e 2 3 0
f 264
p 263
t # 822
v 0 0
v 1 20
v 2 0
v 3 0
v 4 1
e 0 1 0
e 0 4 0
e 1 2 0
e 2 3 0
f 196
p 187
t # 823
v 0 0
v 1 16
v 2 0
v 3 1
v 4 4
e 0 1 0
e 0 4 0
e 1 2 0
e 2 3 0
f 126
p 123
t # 824
v 0 0
v 1 0
v 2 4
v 3 0
v 4 17
e 0 1 0
e 0 4 0
e 1 2 0
e 2 3 0
f 210
p 178
t # 825
v 0 0
v 1 1
v 2 4
v 3 29
e 0 1 0
e 0 3 0
e 1 2 0
f 237
p 227
t # 826
v 0 0
v 1 11
v 2 0
v 3 0
v 4 1
v 5 0
e 0 1 0
e 0 4 0
e 1 2 0
e 2 3 0
e 4 5 0
f 102
p 100
t # 827
v 0 0
v 1 13
v 2 0
v 3 1
v 4 1
e 0 1 0
e 0 4 0
e 1 2 0
e 2 3 0
f 95
p 101
t # 828
v 0 0
v 1 1
v 2 4
v 3 3
v 4 4
v 5 1
v 6 0
e 0 1 0
e 1 2 0
e 2 3 0
e 3 4 0
e 4 5 0
e 4 6 0
f 81
p 90
t # 829
v 0 0
v 1 15
v 2 3
v 3 0
v 4 1
e 0 1 0
e 0 4 0
e 1 2 0
e 2 3 0
f 92
p 91
t # 830
v 0 0
v 1 4
v 2 0
v 3 4
v 4 3
v 5 1
v 6 2
e 0 1 0
e 1 2 0
e 2 3 0
e 3 4 0
e 4 5 0
e 5 6 0
f 84
p 85
t # 831
v 0 0
v 1 9
v 2 0
v 3 4
v 4 0
e 0 1 0
e 1 2 0
e 2 3 0
e 3 4 0
f 153
p 154
t # 832
v 0 0
v 1 3
v 2 0
v 3 4
v 4 21
e 0 1 0
e 0 4 0
e 1 2 0
e 2 3 0
f 106
p 99
t # 833
v 0 0
v 1 13
v 2 0
v 3 1
v 4 4
e 0 1 0
e 1 2 0
e 2 3 0
e 3 4 0
f 111
p 107
t # 834
v 0 0
v 1 11
v 2 0
v 3 2
e 0 1 0
e 1 2 0
e 2 3 0
f 220
p 215
t # 835
v 0 0
v 1 11
v 2 3
v 3 0
e 0 1 0
e 1 2 0
e 1 3 0
f 108
p 103
t # 836
v 0 0
v 1 16
v 2 0
v 3 2
e 0 1 0
e 1 2 0
e 2 3 0
f 219
p 208
t # 837
v 0 0
v 1 0
v 2 4
v 3 0
v 4 0
v 5 18
e 0 1 0
e 1 2 0
e 2 3 0
e 3 4 0
e 4 5 0
f 95
p 93
t # 838
v 0 0
v 1 15
v 2 4
v 3 0
v 4 4
e 0 1 0
e 1 2 0
e 2 3 0
e 3 4 0
f 86
p 92
t # 839
v 0 0
v 1 15
v 2 0
v 3 0
v 4 4
e 0 1 0
e 1 2 0
e 2 3 0
e 2 4 0
f 107
p 103
t # 840
v 0 0
v 1 18
v 2 0
v 3 0
v 4 0
v 5 1
e 0 1 0
e 0 5 0
e 1 2 0
e 2 3 0
e 3 4 0
f 92
p 86
t # 841
v 0 0
v 1 16
v 2 2
v 3 0
v 4 1
e 0 1 0
e 0 4 0
e 1 2 0
e 2 3 0
f 85
p 81
t # 842
v 0 0
v 1 4
v 2 4
v 3 4
v 4 1
v 5 3
e 0 1 0
e 1 2 0
e 2 3 0
e 3 4 0
e 4 5 0
f 209
p 162
t # 843
v 0 0
v 1 0
v 2 1
v 3 1
v 4 25
e 0 1 0
e 1 2 0
e 2 3 0
e 3 4 0
f 132
p 128
t # 844
v 0 0
v 1 17
v 2 0
v 3 3
v 4 1
e 0 1 0
e 1 2 0
e 2 3 0
e 3 4 0
f 96
p 96
t # 845
v 0 0
v 1 1
v 2 22
e 0 1 0
e 1 2 0
f 784
p 719
t # 846
v 0 0
v 1 0
v 2 4
v 3 1
v 4 22
e 0 1 0
e 1 2 0
e 2 3 0
e 3 4 0
f 122
p 115
t # 847
v 0 0
v 1 4
v 2 0
v 3 12
v 4 1
e 0 1 0
e 1 2 0
e 2 3 0
e 3 4 0
f 100
p 94
t # 848
v 0 0
v 1 17
v 2 3
v 3 0
v 4 1
e 0 1 0
e 1 2 0
e 2 3 0
e 3 4 0
f 107
p 100
t # 849
v 0 0
v 1 15
v 2 1
v 3 3
e 0 1 0
e 1 2 0
e 2 3 0
f 178
p 173
t # 850
v 0 0
v 1 4
v 2 4
v 3 0
v 4 3
v 5 4
v 6 0
e 0 1 0
e 1 2 0
e 2 3 0
e 3 4 0
e 3 6 0
e 4 5 0
f 82
p 85
t # 851
v 0 0
v 1 4
v 2 2
v 3 1
v 4 4
v 5 0
v 6 4
e 0 1 0
e 1 2 0
e 2 3 0
e 3 4 0
e 4 5 0
e 5 6 0
f 83
p 72
t # 852
v 0 0
v 1 12
v 2 1
v 3 2
e 0 1 0
e 0 3 0
e 1 2 0
f 167
p 163
t # 853
v 0 0
v 1 13
v 2 3
v 3 1
v 4 0
e 0 1 0
e 1 2 0
e 2 3 0
e 3 4 0
f 97
p 91
t # 854
v 0 0
v 1 11
v 2 2
v 3 4
e 0 1 0
e 1 2 0
e 2 3 0
f 88
p 95
t # 855
v 0 0
v 1 15
v 2 4
v 3 1
v 4 1
e 0 1 0
e 0 4 0
e 1 2 0
e 2 3 0
f 101
p 97
t # 856
v 0 0
v 1 0
v 2 4
v 3 1
v 4 21
e 0 1 0
e 1 2 0
e 2 3 0
e 3 4 0
f 137
p 128
t # 857
v 0 0
v 1 0
v 2 15
v 3 3
v 4 1
e 0 1 0
e 1 2 0
e 2 3 0
e 3 4 0
f 109
p 111
t # 858
v 0 0
v 1 4
v 2 4
v 3 1
v 4 1
v 5 4
e 0 1 0
e 1 2 0
e 2 3 0
e 2 5 0
e 3 4 0
f 122
p 92
t # 859
v 0 0
v 1 0
v 2 0
v 3 22
v 4 3
e 0 1 0
e 1 2 0
e 2 3 0
e 3 4 0
f 136
p 139
t # 860
v 0 0
v 1 18
v 2 3
v 3 0
v 4 4
e 0 1 0
e 0 4 0
e 1 2 0
e 2 3 0
f 80
p 80
t # 861
v 0 0
v 1 16
v 2 0
v 3 4
v 4 3
e 0 1 0
e 0 4 0
e 1 2 0
e 2 3 0
f 88
p 102
t # 862
v 0 0
v 1 13
v 2 0
v 3 4
e 0 1 0
e 1 2 0
e 2 3 0
f 304
p 304
t # 863
v 0 0
v 1 12
v 2 0
v 3 0
v 4 0
v 5 0
e 0 1 0
e 0 4 0
e 1 2 0
e 2 3 0
e 3 5 0
f 111
p 106
t # 864
v 0 0
v 1 1
v 2 1
v 3 0
v 4 28
e 0 1 0
e 1 2 0
e 2 3 0
e 3 4 0
f 139
p 132
t # 865
v 0 0
v 1 3
v 2 0
v 3 0
v 4 22
e 0 1 0
e 0 4 0
e 1 2 0
e 2 3 0
f 130
p 128
t # 866
v 0 0
v 1 13
v 2 0
v 3 0
v 4 0
v 5 1
e 0 1 0
e 1 2 0
e 2 3 0
e 3 4 0
e 4 5 0
f 98
p 107
t # 867
v 0 0
v 1 12
v 2 4
v 3 0
e 0 1 0
e 1 2 0
e 2 3 0
f 323
p 299
t # 868
v 0 0
v 1 15
v 2 1
v 3 1
v 4 4
e 0 1 0
e 0 2 0
e 2 3 0
e 3 4 0
f 91
p 89
t # 869
v 0 0
v 1 1
v 2 4
v 3 0
v 4 3
v 5 3
v 6 4
e 0 1 0
e 1 2 0
e 2 3 0
e 3 4 0
e 4 5 0
e 5 6 0
f 96
p 93
t # 870
v 0 0
v 1 4
v 2 1
v 3 4
v 4 0
v 5 3
v 6 2
e 0 1 0
e 1 2 0
e 2 3 0
e 3 4 0
e 4 5 0
e 5 6 0
f 88
p 84
t # 871
v 0 0
v 1 9
v 2 4
v 3 0
v 4 0
e 0 1 0
e 1 2 0
e 2 3 0
e 3 4 0
f 158
p 156
t # 872
v 0 0
v 1 18
v 2 0
v 3 0
v 4 3
e 0 1 0
e 0 4 0
e 1 2 0
e 2 3 0
f 134
p 131
t # 873
v 0 0
v 1 0
v 2 0
v 3 1
v 4 19
e 0 1 0
e 0 4 0
e 1 2 0
e 2 3 0
f 255
p 225
t # 874
v 0 0
v 1 0
v 2 0
v 3 0
v 4 1
v 5 18
e 0 1 0
e 1 2 0
e 2 3 0
e 3 4 0
e 4 5 0
f 119
p 113
t # 875
v 0 0
v 1 14
v 2 4
v 3 1
v 4 0
e 0 1 0
e 1 2 0
e 2 3 0
e 3 4 0
f 106
p 98
t # 876
v 0 0
v 1 11
v 2 4
v 3 3
e 0 1 0
e 1 2 0
e 2 3 0
f 161
p 160
t # 877
v 0 0
v 1 16
v 2 1
v 3 1
e 0 1 0
e 0 3 0
e 1 2 0
f 299
p 287
t # 878
v 0 0
v 1 3
v 2 10
v 3 2
e 0 1 0
e 1 2 0
e 2 3 0
f 96
p 82
t # 879
v 0 0
v 1 11
v 2 3
v 3 4
e 0 1 0
e 1 2 0
e 2 3 0
f 162
p 153
t # 880
v 0 0
v 1 0
v 2 0
v 3 3
v 4 4
v 5 4
v 6 0
v 7 4
e 0 1 0
e 1 2 0
e 2 3 0
e 3 4 0
e 4 5 0
e 5 6 0
e 6 7 0
f 89
p 88
t # 881
v 0 0
v 1 1
v 2 11
v 3 1
v 4 0
e 0 1 0
e 1 2 0
e 2 3 0
e 3 4 0
f 84
p 85
t # 882
v 0 0
v 1 0
v 2 0
v 3 0
v 4 26
e 0 1 0
e 1 2 0
e 2 3 0
e 3 4 0
f 302
p 245
t # 883
v 0 0
v 1 3
v 2 4
v 3 0
v 4 1
v 5 0
v 6 4
v 7 0
e 0 1 0
e 1 2 0
e 2 3 0
e 3 4 0
e 4 5 0
e 5 6 0
e 6 7 0
f 137
p 106
t # 884
v 0 0
v 1 13
v 2 1
v 3 0
v 4 0
v 5 0
e 0 1 0
e 1 2 0
e 2 3 0
e 3 4 0
e 4 5 0
f 97
p 92
t # 885
v 0 0
v 1 11
v 2 0
v 3 3
v 4 1
e 0 1 0
e 1 2 0
e 2 3 0
e 3 4 0
f 111
p 108
t # 886
v 0 0
v 1 15
v 2 1
v 3 1
v 4 1
e 0 1 0
e 0 3 0
e 1 2 0
e 3 4 0
f 107
p 97
t # 887
v 0 0
v 1 1
v 2 1
v 3 4
v 4 0
v 5 1
v 6 4
v 7 1
e 0 1 0
e 1 2 0
e 2 3 0
e 3 4 0
e 4 5 0
e 5 6 0
e 6 7 0
f 82
p 82
t # 888
v 0 0
v 1 3
v 2 4
v 3 4
v 4 0
v 5 0
v 6 0
v 7 0
v 8 0
e 0 1 0
e 1 2 0
e 2 3 0
e 3 4 0
e 4 5 0
e 5 6 0
e 6 7 0
e 7 8 0
f 82
p 82
t # 889
v 0 0
v 1 4
v 2 1
v 3 25
e 0 1 0
e 1 2 0
e 2 3 0
f 223
p 213
t # 890
v 0 0
v 1 3
v 2 2
v 3 23
e 0 1 0
e 1 2 0
e 2 3 0
f 101
p 99
t # 891
v 0 0
v 1 13
v 2 0
v 3 0
v 4 0
v 5 1
e 0 1 0
e 0 5 0
e 1 2 0
e 2 3 0
e 3 4 0
f 103
p 101
t # 892
v 0 0
v 1 1
v 2 4
v 3 1
v 4 4
v 5 1
v 6 3
e 0 1 0
e 1 2 0
e 2 3 0
e 3 4 0
e 4 5 0
e 5 6 0
f 105
p 97
t # 893
v 0 0
v 1 13
v 2 4
e 0 1 0
e 1 2 0
f 611
p 453
t # 894
v 0 0
v 1 16
v 2 0
v 3 0
v 4 3
e 0 1 0
e 0 4 0
e 1 2 0
e 2 3 0
f 147
p 120
t # 895
v 0 0
v 1 16
v 2 0
v 3 0
e 0 1 0
e 1 2 0
e 2 3 0
f 436
p 439
t # 896
v 0 0
v 1 4
v 2 0
v 3 1
v 4 13
e 0 1 0
e 1 2 0
e 2 3 0
e 3 4 0
f 109
p 105
t # 897
v 0 0
v 1 17
v 2 1
v 3 0
v 4 0
v 5 0
e 0 1 0
e 1 2 0
e 2 3 0
e 3 4 0
e 4 5 0
f 103
p 94
t # 898
v 0 0
v 1 13
v 2 3
v 3 0
v 4 1
e 0 1 0
e 0 4 0
e 1 2 0
e 2 3 0
f 96
p 95
t # 899
v 0 0
v 1 11
v 2 1
v 3 0
v 4 3
e 0 1 0
e 0 4 0
e 1 2 0
e 2 3 0
f 117
p 111
t # 900
v 0 0
v 1 16
v 2 1
v 3 0
v 4 3
e 0 1 0
e 1 2 0
e 2 3 0
e 3 4 0
f 99
p 100
t # 901
v 0 0
v 1 1
v 2 0
v 3 4
v 4 25
e 0 1 0
e 0 4 0
e 1 2 0
e 2 3 0
f 112
p 111
t # 902
v 0 0
v 1 0
v 2 1
v 3 0
v 4 21
v 5 1
e 0 1 0
e 1 2 0
e 2 3 0
e 3 4 0
e 4 5 0
f 85
p 83
t # 903
v 0 0
v 1 16
v 2 4
e 0 1 0
e 1 2 0
f 608
p 594
t # 904
v 0 0
v 1 18
v 2 3
v 3 1
e 0 1 0
e 1 2 0
e 2 3 0
f 198
p 188
t # 905
v 0 0
v 1 17
v 2 1
v 3 2
e 0 1 0
e 1 2 0
e 2 3 0
f 172
p 169
t # 906
v 0 0
v 1 3
v 2 4
v 3 1
v 4 4
v 5 1
v 6 0
e 0 1 0
e 1 2 0
e 2 3 0
e 2 6 0
e 3 4 0
e 4 5 0
f 99
p 93
t # 907
v 0 0
v 1 0
v 2 0
v 3 4
v 4 0
v 5 12
e 0 1 0
e 0 5 0
e 1 2 0
e 2 3 0
e 3 4 0
f 92
p 66
t # 908
v 0 0
v 1 0
v 2 4
v 3 14
v 4 1
e 0 1 0
e 1 2 0
e 2 3 0
e 3 4 0
f 109
p 104
t # 909
v 0 0
v 1 4
v 2 16
v 3 4
e 0 1 0
e 1 2 0
e 2 3 0
f 135
p 132
t # 910
v 0 0
v 1 2
v 2 17
v 3 0
e 0 1 0
e 1 2 0
e 1 3 0
f 89
p 85
t # 911
v 0 0
v 1 15
v 2 1
v 3 3
v 4 0
e 0 1 0
e 1 2 0
e 2 3 0
e 3 4 0
f 86
p 84
t # 912
v 0 0
v 1 17
v 2 1
v 3 0
v 4 1
e 0 1 0
e 0 4 0
e 1 2 0
e 2 3 0
f 140
p 137
t # 913
v 0 0
v 1 13
v 2 1
v 3 0
v 4 4
e 0 1 0
e 0 4 0
e 1 2 0
e 2 3 0
f 86
p 92
t # 914
v 0 0
v 1 11
v 2 0
v 3 1
v 4 3
e 0 1 0
e 0 4 0
e 1 2 0
e 2 3 0
f 92
p 101
t # 915
v 0 0
v 1 3
v 2 0
v 3 1
v 4 18
e 0 1 0
e 0 4 0
e 1 2 0
e 2 3 0
f 94
p 86
t # 916
v 0 0
v 1 0
v 2 4
v 3 11
v 4 3
e 0 1 0
e 0 3 0
e 1 2 0
e 3 4 0
f 89
p 85
t # 917
v 0 0
v 1 4
v 2 0
v 3 3
v 4 26
e 0 1 0
e 0 4 0
e 1 2 0
e 2 3 0
f 92
p 98
t # 918
v 0 0
v 1 3
v 2 4
v 3 22
e 0 1 0
e 1 2 0
e 2 3 0
f 162
p 151
t # 919
v 0 0
v 1 4
v 2 4
v 3 3
v 4 1
v 5 1
v 6 1
e 0 1 0
e 1 2 0
e 2 3 0
e 3 4 0
e 4 5 0
e 5 6 0
f 86
p 86
t # 920
v 0 0
v 1 15
v 2 1
v 3 0
v 4 0
v 5 1
e 0 1 0
e 0 5 0
e 1 2 0
e 2 3 0
e 3 4 0
f 80
p 74
t # 921
v 0 0
v 1 0
v 2 9
v 3 9
e 0 1 0
e 1 2 0
e 2 3 0
f 97
p 102
t # 922
v 0 0
v 1 3
v 2 3
v 3 3
v 4 4
v 5 1
e 0 1 0
e 1 2 0
e 2 3 0
e 3 4 0
e 4 5 0
f 120
p 113
t # 923
v 0 0
v 1 1
v 2 16
v 3 4
v 4 0
e 0 1 0
e 1 2 0
e 2 3 0
e 3 4 0
f 98
p 95
t # 924
v 0 0
v 1 9
v 2 4
v 3 4
e 0 1 0
e 1 2 0
e 2 3 0
f 161
p 156
t # 925
v 0 0
v 1 0
v 2 1
v 3 2
v 4 16
e 0 1 0
e 1 2 0
e 2 3 0
e 3 4 0
f 83
p 77
t # 926
v 0 0
v 1 1
v 2 1
v 3 27
e 0 1 0
e 1 2 0
e 2 3 0
f 324
p 323
t # 927
v 0 0
v 1 17
v 2 0
v 3 0
v 4 3
e 0 1 0
e 1 2 0
e 2 3 0
e 3 4 0
f 130
p 129
t # 928
v 0 0
v 1 9
v 2 2
v 3 3
e 0 1 0
e 1 2 0
e 2 3 0
f 96
p 87
t # 929
v 0 0
v 1 4
v 2 4
v 3 0
v 4 3
v 5 3
v 6 1
e 0 1 0
e 1 2 0
e 2 3 0
e 3 4 0
e 4 5 0
e 5 6 0
f 89
p 95
t # 930
v 0 0
v 1 16
v 2 0
v 3 0
v 4 1
e 0 1 0
e 1 2 0
e 2 3 0
e 2 4 0
f 134
p 115
t # 931
v 0 0
v 1 17
v 2 1
v 3 1
e 0 1 0
e 0 3 0
e 1 2 0
f 285
p 280
t # 932
v 0 0
v 1 15
v 2 4
v 3 0
v 4 1
e 0 1 0
e 1 2 0
e 2 3 0
e 3 4 0
f 98
p 94
t # 933
v 0 0
v 1 1
v 2 1
v 3 13
v 4 1
e 0 1 0
e 1 2 0
e 2 3 0
e 3 4 0
f 83
p 79
t # 934
v 0 0
v 1 0
v 2 0
v 3 2
v 4 19
e 0 1 0
e 1 2 0
e 2 3 0
e 3 4 0
f 101
p 71
t # 935
v 0 0
v 1 13
v 2 0
v 3 0
v 4 1
e 0 1 0
e 0 4 0
e 1 2 0
e 2 3 0
f 211
p 132
t # 936
v 0 0
v 1 11
v 2 0
v 3 0
v 4 4
e 0 1 0
e 1 2 0
e 2 3 0
e 3 4 0
f 169
p 155
t # 937
v 0 0
v 1 0
v 2 17
v 3 1
v 4 1
e 0 1 0
e 1 2 0
e 2 3 0
e 3 4 0
f 147
p 139
t # 938
v 0 0
v 1 4
v 2 4
v 3 25
e 0 1 0
e 0 3 0
e 1 2 0
f 178
p 174
t # 939
v 0 0
v 1 15
v 2 0
v 3 1
v 4 4
e 0 1 0
e 1 2 0
e 2 3 0
e 3 4 0
f 110
p 110
t # 940
v 0 0
v 1 16
v 2 16
e 0 1 0
e 0 2 0
f 120
p 116
t # 941
v 0 0
v 1 15
v 2 4
v 3 3
e 0 1 0
e 0 2 0
e 1 3 0
f 183
p 173
t # 942
v 0 0
v 1 15
v 2 4
v 3 0
e 0 1 0
e 1 2 0
e 1 3 0
f 103
p 100
t # 943
v 0 0
v 1 0
v 2 3
v 3 20
v 4 1
e 0 1 0
e 1 2 0
e 2 3 0
e 3 4 0
f 95
p 91
t # 944
v 0 0
v 1 4
v 2 0
v 3 4
v 4 23
e 0 1 0
e 0 4 0
e 1 2 0
e 2 3 0
f 97
p 96
t # 945
v 0 0
v 1 13
v 2 4
v 3 2
e 0 1 0
e 1 2 0
e 2 3 0
f 106
p 98
t # 946
v 0 0
v 1 3
v 2 0
v 3 0
v 4 17
e 0 1 0
e 1 2 0
e 2 3 0
e 3 4 0
f 138
p 144
t # 947
v 0 0
v 1 11
v 2 4
v 3 1
v 4 1
e 0 1 0
e 0 4 0
e 1 2 0
e 2 3 0
f 85
p 85
t # 948
v 0 0
v 1 0
v 2 0
v 3 4
v 4 0
v 5 19
e 0 1 0
e 1 2 0
e 2 3 0
e 3 4 0
e 4 5 0
f 83
p 93
t # 949
v 0 0
v 1 11
v 2 2
v 3 0
v 4 0
e 0 1 0
e 0 4 0
e 1 2 0
e 2 3 0
f 89
p 89
t # 950
v 0 0
v 1 4
v 2 1
v 3 4
v 4 4
v 5 1
v 6 0
e 0 1 0
e 1 2 0
e 2 3 0
e 3 4 0
e 4 5 0
e 4 6 0
f 94
p 97
t # 951
v 0 0
v 1 1
v 2 20
v 3 4
e 0 1 0
e 0 2 0
e 2 3 0
f 262
p 250
t # 952
v 0 0
v 1 11
v 2 1
v 3 3
e 0 1 0
e 1 2 0
e 2 3 0
f 193
p 189
t # 953
v 0 0
v 1 0
v 2 4
v 3 0
v 4 4
v 5 4
v 6 0
v 7 0
e 0 1 0
e 1 2 0
e 2 3 0
e 3 4 0
e 4 5 0
e 4 7 0
e 5 6 0
f 83
p 87
t # 954
v 0 0
v 1 15
v 2 2
v 3 3
e 0 1 0
e 0 3 0
e 1 2 0
f 101
p 97
t # 955
v 0 0
v 1 4
v 2 4
v 3 4
v 4 1
v 5 2
e 0 1 0
e 1 2 0
e 2 3 0
e 2 5 0
e 3 4 0
f 87
p 92
t # 956
v 0 0
v 1 4
v 2 1
v 3 1
v 4 17
e 0 1 0
e 1 2 0
e 2 3 0
e 3 4 0
f 93
p 90
t # 957
v 0 0
v 1 16
v 2 3
v 3 1
v 4 0
e 0 1 0
e 1 2 0
e 2 3 0
e 3 4 0
f 85
p 87
t # 958
v 0 0
v 1 14
v 2 0
v 3 2
e 0 1 0
e 1 2 0
e 2 3 0
f 223
p 217
t # 959
v 0 0
v 1 4
v 2 0
v 3 4
v 4 4
v 5 1
v 6 0
e 0 1 0
e 1 2 0
e 2 3 0
e 2 6 0
e 3 4 0
e 3 5 0
f 100
p 95
t # 960
v 0 0
v 1 16
v 2 0
v 3 0
v 4 1
v 5 0
e 0 1 0
e 0 4 0
e 1 2 0
e 2 3 0
e 4 5 0
f 96
p 95
t # 961
v 0 0
v 1 13
v 2 3
e 0 1 0
e 1 2 0
f 564
p 538
t # 962
v 0 0
v 1 3
v 2 4
v 3 0
v 4 12
e 0 1 0
e 0 4 0
e 1 2 0
e 2 3 0
f 80
p 91
t # 963
v 0 0
v 1 3
v 2 0
v 3 1
v 4 28
e 0 1 0
e 1 2 0
e 2 3 0
e 3 4 0
f 119
p 114
t # 964
v 0 0
v 1 0
v 2 19
v 3 1
v 4 2
e 0 1 0
e 1 2 0
e 2 3 0
e 3 4 0
f 88
p 87
t # 965
v 0 0
v 1 11
v 2 3
v 3 0
v 4 0
e 0 1 0
e 1 2 0
e 2 3 0
e 3 4 0
f 128
p 124
t # 966
v 0 0
v 1 16
v 2 1
v 3 3
e 0 1 0
e 0 3 0
e 1 2 0
f 206
p 202
t # 967
v 0 0
v 1 4
v 2 2
v 3 1
v 4 3
v 5 4
v 6 0
e 0 1 0
e 1 2 0
e 2 3 0
e 3 4 0
e 4 5 0
e 5 6 0
f 81
p 81
t # 968
v 0 0
v 1 2
v 2 15
v 3 1
e 0 1 0
e 1 2 0
e 2 3 0
f 153
p 139
t # 969
v 0 0
v 1 1
v 2 1
v 3 4
v 4 1
v 5 0
v 6 4
v 7 1
e 0 1 0
e 1 2 0
e 2 3 0
e 3 4 0
e 4 5 0
e 5 6 0
e 6 7 0
f 96
p 88
t # 970
v 0 0
v 1 13
v 2 0
v 3 1
v 4 3
e 0 1 0
e 1 2 0
e 2 3 0
e 3 4 0
f 94
p 92
t # 971
v 0 0
v 1 0
v 2 1
v 3 0
v 4 1
v 5 4
v 6 4
v 7 4
e 0 1 0
e 1 2 0
e 2 3 0
e 3 4 0
e 4 5 0
e 5 6 0
e 6 7 0
f 91
p 91
t # 972
v 0 0
v 1 11
v 2 0
v 3 1
v 4 4
e 0 1 0
e 0 4 0
e 1 2 0
e 2 3 0
f 107
p 95
t # 973
v 0 0
v 1 4
v 2 0
v 3 1
v 4 16
e 0 1 0
e 1 2 0
e 2 3 0
e 3 4 0
f 115
p 112
t # 974
v 0 0
v 1 16
v 2 0
v 3 0
v 4 0
e 0 1 0
e 1 2 0
e 2 3 0
e 2 4 0
f 85
p 81
t # 975
v 0 0
v 1 1
v 2 3
v 3 23
e 0 1 0
e 1 2 0
e 2 3 0
f 188
p 185
t # 976
v 0 0
v 1 15
v 2 4
v 3 4
e 0 1 0
e 0 3 0
e 1 2 0
f 175
p 178
t # 977
v 0 0
v 1 0
v 2 28
v 3 1
e 0 1 0
e 1 2 0
e 1 3 0
f 250
p 241
t # 978
v 0 0
v 1 3
v 2 1
v 3 21
e 0 1 0
e 1 2 0
e 2 3 0
f 215
p 206
t # 979
v 0 0
v 1 2
v 2 0
v 3 1
v 4 25
e 0 1 0
e 1 2 0
e 2 3 0
e 3 4 0
f 102
p 100
t # 980
v 0 0
v 1 11
v 2 1
v 3 0
v 4 2
e 0 1 0
e 0 4 0
e 1 2 0
e 2 3 0
f 91
p 92
t # 981
v 0 0
v 1 15
v 2 0
v 3 2
e 0 1 0
e 1 2 0
e 2 3 0
f 197
p 188
t # 982
v 0 0
v 1 17
v 2 3
v 3 0
v 4 0
e 0 1 0
e 1 2 0
e 2 3 0
e 3 4 0
f 148
p 139
t # 983
v 0 0
v 1 25
e 0 1 0
f 1392
p 723
t # 984
v 0 0
v 1 13
v 2 0
v 3 0
v 4 1
v 5 0
e 0 1 0
e 0 4 0
e 1 2 0
e 2 3 0
e 4 5 0
f 106
p 100
t # 985
v 0 0
v 1 4
v 2 11
v 3 4
e 0 1 0
e 1 2 0
e 2 3 0
f 141
p 136
t # 986
v 0 0
v 1 1
v 2 4
v 3 4
v 4 3
v 5 1
v 6 1
e 0 1 0
e 1 2 0
e 2 3 0
e 3 4 0
e 4 5 0
e 5 6 0
f 80
p 86
t # 987
v 0 0
v 1 17
v 2 3
v 3 3
e 0 1 0
e 0 3 0
e 1 2 0
f 134
p 130
t # 988
v 0 0
v 1 3
v 2 0
v 3 4
v 4 0
v 5 0
v 6 4
v 7 1
e 0 1 0
e 1 2 0
e 2 3 0
e 3 4 0
e 4 5 0
e 5 6 0
e 6 7 0
f 118
p 97
t # 989
v 0 0
v 1 15
v 2 4
v 3 1
v 4 0
e 0 1 0
e 0 2 0
e 2 3 0
e 2 4 0
f 86
p 86
t # 990
v 0 0
v 1 3
v 2 1
v 3 1
v 4 21
e 0 1 0
e 0 4 0
e 1 2 0
e 2 3 0
f 82
p 76
t # 991
v 0 0
v 1 4
v 2 0
v 3 10
v 4 4
e 0 1 0
e 1 2 0
e 2 3 0
e 3 4 0
f 80
p 76
t # 992
v 0 0
v 1 16
v 2 3
e 0 1 0
e 1 2 0
f 545
p 535
t # 993
v 0 0
v 1 3
v 2 0
v 3 4
v 4 4
v 5 0
v 6 4
e 0 1 0
e 1 2 0
e 2 3 0
e 3 4 0
e 4 5 0
e 5 6 0
f 176
p 138
t # 994
v 0 0
v 1 8
v 2 4
v 3 3
e 0 1 0
e 1 2 0
e 2 3 0
f 129
p 130
t # 995
v 0 0
v 1 16
v 2 0
v 3 1
v 4 0
e 0 1 0
e 1 2 0
e 2 3 0
e 3 4 0
f 199
p 203
t # 996
v 0 0
v 1 1
v 2 1
v 3 18
v 4 1
e 0 1 0
e 1 2 0
e 2 3 0
e 3 4 0
f 88
p 85
t # 997
v 0 0
v 1 15
v 2 1
v 3 4
e 0 1 0
e 0 3 0
e 1 2 0
f 252
p 244
t # 998
v 0 0
v 1 2
v 2 4
v 3 4
v 4 4
v 5 0
e 0 1 0
e 1 2 0
e 2 3 0
e 2 5 0
e 3 4 0
f 116
p 115
t # 999
v 0 0
v 1 15
v 2 1
v 3 3
e 0 1 0
e 0 2 0
e 2 3 0
f 222
p 209
t # 1000
v 0 0
v 1 13
v 2 3
v 3 1
e 0 1 0
e 1 2 0
e 2 3 0
f 205
p 204
t # 1001
v 0 0
v 1 4
v 2 3
v 3 14
e 0 1 0
e 1 2 0
e 2 3 0
f 150
p 143
t # 1002
v 0 0
v 1 0
v 2 1
v 3 4
v 4 4
v 5 1
v 6 0
v 7 4
e 0 1 0
e 1 2 0
e 2 3 0
e 3 4 0
e 4 5 0
e 5 6 0
e 6 7 0
f 92
p 90
t # 1003
v 0 0
v 1 0
v 2 0
v 3 23
e 0 1 0
e 1 2 0
e 2 3 0
f 572
p 543
t # 1004
v 0 0
v 1 13
v 2 4
v 3 0
v 4 1
e 0 1 0
e 0 4 0
e 1 2 0
e 2 3 0
f 98
p 97
t # 1005
v 0 0
v 1 18
v 2 0
v 3 0
v 4 4
v 5 0
e 0 1 0
e 0 4 0
e 1 2 0
e 2 3 0
e 4 5 0
f 87
p 82
t # 1006
v 0 0
v 1 0
v 2 4
v 3 0
v 4 21
e 0 1 0
e 0 4 0
e 1 2 0
e 2 3 0
f 179
p 156
t # 1007
v 0 0
v 1 4
v 2 1
v 3 4
v 4 4
v 5 1
e 0 1 0
e 1 2 0
e 2 3 0
e 3 4 0
e 3 5 0
f 196
p 85
t # 1008
v 0 0
v 1 15
v 2 0
v 3 3
e 0 1 0
e 1 2 0
e 2 3 0
f 228
p 202
t # 1009
v 0 0
v 1 3
v 2 4
v 3 4
v 4 3
v 5 1
e 0 1 0
e 1 2 0
e 2 3 0
e 3 4 0
e 4 5 0
f 154
p 144
t # 1010
v 0 0
v 1 0
v 2 0
v 3 4
v 4 0
v 5 26
e 0 1 0
e 1 2 0
e 2 3 0
e 3 4 0
e 4 5 0
f 105
p 97
t # 1011
v 0 0
v 1 11
v 2 0
v 3 4
v 4 0
e 0 1 0
e 1 2 0
e 2 3 0
e 3 4 0
f 146
p 146
t # 1012
v 0 0
v 1 4
v 2 4
v 3 1
v 4 4
v 5 2
e 0 1 0
e 1 2 0
e 2 3 0
e 2 5 0
e 3 4 0
f 81
p 87
t # 1013
v 0 0
v 1 1
v 2 4
v 3 4
v 4 0
v 5 1
v 6 4
v 7 0
e 0 1 0
e 1 2 0
e 2 3 0
e 3 4 0
e 4 5 0
e 5 6 0
e 6 7 0
f 92
p 94
t # 1014
v 0 0
v 1 15
v 2 2
v 3 4
e 0 1 0
e 1 2 0
e 2 3 0
f 107
p 102
t # 1015
v 0 0
v 1 4
v 2 0
v 3 1
v 4 1
v 5 1
v 6 4
v 7 1
e 0 1 0
e 1 2 0
e 2 3 0
e 3 4 0
e 4 5 0
e 5 6 0
e 6 7 0
f 87
p 83
t # 1016
v 0 0
v 1 1
v 2 4
v 3 4
v 4 0
v 5 4
v 6 2
e 0 1 0
e 1 2 0
e 2 3 0
e 3 4 0
e 4 5 0
e 5 6 0
f 101
p 97
t # 1017
v 0 0
v 1 0
v 2 14
v 3 4
v 4 0
e 0 1 0
e 1 2 0
e 2 3 0
e 3 4 0
f 172
p 164
t # 1018
v 0 0
v 1 0
v 2 0
v 3 4
v 4 3
v 5 4
v 6 4
e 0 1 0
e 1 2 0
e 2 3 0
e 3 4 0
e 4 5 0
e 5 6 0
f 138
p 86
t # 1019
v 0 0
v 1 11
v 2 0
v 3 0
v 4 3
e 0 1 0
e 0 4 0
e 1 2 0
e 2 3 0
f 140
p 125
t # 1020
v 0 0
v 1 12
v 2 2
v 3 0
e 0 1 0
e 1 2 0
e 1 3 0
f 84
p 82
t # 1021
v 0 0
v 1 12
v 2 0
v 3 4
v 4 1
e 0 1 0
e 1 2 0
e 2 3 0
e 3 4 0
f 105
p 101
t # 1022
v 0 0
v 1 15
v 2 3
v 3 4
e 0 1 0
e 0 2 0
e 0 3 0
f 90
p 90
t # 1023
v 0 0
v 1 4
v 2 3
v 3 16
e 0 1 0
e 1 2 0
e 2 3 0
f 146
p 145
t # 1024
v 0 0
v 1 0
v 2 1
v 3 18
v 4 1
e 0 1 0
e 1 2 0
e 2 3 0
e 3 4 0
f 133
p 125
t # 1025
v 0 0
v 1 16
v 2 0
v 3 1
v 4 4
e 0 1 0
e 1 2 0
e 2 3 0
e 3 4 0
f 129
p 127
t # 1026
v 0 0
v 1 0
v 2 1
v 3 3
v 4 26
e 0 1 0
e 0 4 0
e 1 2 0
e 2 3 0
f 128
p 130
t # 1027
v 0 0
v 1 9
v 2 3
v 3 0
v 4 1
e 0 1 0
e 1 2 0
e 2 3 0
e 3 4 0
f 103
p 99
t # 1028
v 0 0
v 1 21
v 2 1
v 3 2
e 0 1 0
e 0 3 0
e 1 2 0
f 178
p 164
t # 1029
v 0 0
v 1 17
v 2 0
v 3 1
v 4 1
v 5 0
e 0 1 0
e 1 2 0
e 2 3 0
e 3 4 0
e 4 5 0
f 84
p 89
t # 1030
v 0 0
v 1 1
v 2 0
v 3 1
v 4 22
e 0 1 0
e 0 4 0
e 1 2 0
e 2 3 0
f 155
p 163
t # 1031
v 0 0
v 1 4
v 2 1
v 3 3
v 4 4
v 5 1
v 6 0
e 0 1 0
e 1 2 0
e 2 3 0
e 3 4 0
e 4 5 0
e 4 6 0
f 90
p 81
t # 1032
v 0 0
v 1 4
v 2 0
v 3 4
v 4 9
e 0 1 0
e 1 2 0
e 2 3 0
e 3 4 0
f 87
p 92
t # 1033
v 0 0
v 1 3
v 2 0
v 3 16
v 4 0
e 0 1 0
e 1 2 0
e 2 3 0
e 2 4 0
f 87
p 84
t # 1034
v 0 0
v 1 16
v 2 0
v 3 2
v 4 0
e 0 1 0
e 1 2 0
e 2 3 0
e 3 4 0
f 109
p 103
t # 1035
v 0 0
v 1 3
v 2 1
v 3 4
v 4 4
v 5 0
v 6 3
e 0 1 0
e 1 2 0
e 2 3 0
e 3 4 0
e 4 5 0
e 5 6 0
f 96
p 93
t # 1036
v 0 0
v 1 16
v 2 4
v 3 1
e 0 1 0
e 1 2 0
e 2 3 0
f 229
p 206
t # 1037
v 0 0
v 1 11
v 2 2
v 3 3
e 0 1 0
e 0 3 0
e 1 2 0
f 105
p 103
t # 1038
v 0 0
v 1 15
v 2 2
v 3 0
v 4 0
e 0 1 0
e 0 4 0
e 1 2 0
e 2 3 0
f 94
p 92
t # 1039
v 0 0
v 1 9
v 2 0
v 3 1
v 4 3
e 0 1 0
e 1 2 0
e 2 3 0
e 3 4 0
f 103
p 99
t # 1040
v 0 0
v 1 13
v 2 4
v 3 4
e 0 1 0
e 0 3 0
e 1 2 0
f 169
p 163
t # 1041
v 0 0
v 1 0
v 2 17
v 3 1
e 0 1 0
e 1 2 0
e 2 3 0
f 429
p 422
t # 1042
v 0 0
v 1 16
v 2 0
v 3 0
v 4 0
v 5 4
e 0 1 0
e 1 2 0
e 2 3 0
e 3 4 0
e 4 5 0
f 81
p 97
t # 1043
v 0 0
v 1 17
v 2 1
v 3 0
v 4 4
e 0 1 0
e 1 2 0
e 2 3 0
e 3 4 0
f 121
p 111
t # 1044
v 0 0
v 1 11
v 2 4
v 3 0
e 0 1 0
e 1 2 0
e 2 3 0
f 322
p 325
t # 1045
v 0 0
v 1 10
v 2 4
v 3 1
e 0 1 0
e 1 2 0
e 2 3 0
f 252
p 247
t # 1046
v 0 0
v 1 0
v 2 1
v 3 4
v 4 4
v 5 4
v 6 0
v 7 0
e 0 1 0
e 1 2 0
e 2 3 0
e 3 4 0
e 4 5 0
e 5 6 0
e 6 7 0
f 128
p 88
t # 1047
v 0 0
v 1 16
v 2 1
v 3 0
v 4 1
v 5 0
e 0 1 0
e 0 4 0
e 1 2 0
e 2 3 0
e 4 5 0
f 80
p 82
t # 1048
v 0 0
v 1 17
v 2 1
v 3 1
v 4 1
e 0 1 0
e 0 4 0
e 1 2 0
e 2 3 0
f 101
p 97
t # 1049
v 0 0
v 1 16
v 2 3
v 3 0
v 4 0
e 0 1 0
e 1 2 0
e 2 3 0
e 3 4 0
f 123
p 122
t # 1050
v 0 0
v 1 17
v 2 4
v 3 0
v 4 1
e 0 1 0
e 0 4 0
e 1 2 0
e 2 3 0
f 98
p 93
t # 1051
v 0 0
v 1 17
v 2 0
v 3 2
v 4 0
e 0 1 0
e 1 2 0
e 2 3 0
e 3 4 0
f 107
p 103
t # 1052
v 0 0
v 1 21
v 2 0
v 3 1
v 4 1
e 0 1 0
e 0 4 0
e 1 2 0
e 2 3 0
f 80
p 76
t # 1053
v 0 0
v 1 0
v 2 0
v 3 0
v 4 0
v 5 19
e 0 1 0
e 1 2 0
e 2 3 0
e 3 4 0
e 4 5 0
f 146
p 129
t # 1054
v 0 0
v 1 1
v 2 20
e 0 1 0
e 0 2 0
f 806
p 707
t # 1055
v 0 0
v 1 4
v 2 3
v 3 3
v 4 4
v 5 1
e 0 1 0
e 1 2 0
e 2 3 0
e 3 4 0
e 3 5 0
f 90
p 96
t # 1056
v 0 0
v 1 1
v 2 0
v 3 4
v 4 3
v 5 3
v 6 3
e 0 1 0
e 1 2 0
e 2 3 0
e 3 4 0
e 4 5 0
e 5 6 0
f 87
p 79
t # 1057
v 0 0
v 1 15
v 2 0
v 3 0
v 4 0
e 0 1 0
e 0 4 0
e 1 2 0
e 2 3 0
f 148
p 159
t # 1058
v 0 0
v 1 4
v 2 1
v 3 27
e 0 1 0
e 1 2 0
e 2 3 0
f 274
p 263
t # 1059
v 0 0
v 1 19
v 2 1
v 3 1
v 4 0
e 0 1 0
e 1 2 0
e 2 3 0
e 2 4 0
f 85
p 87
t # 1060
v 0 0
v 1 3
v 2 0
v 3 4
v 4 0
v 5 1
v 6 4
v 7 1
e 0 1 0
e 1 2 0
e 2 3 0
e 3 4 0
e 4 5 0
e 5 6 0
e 6 7 0
f 99
p 95
t # 1061
v 0 0
v 1 16
v 2 0
v 3 3
v 4 4
e 0 1 0
e 1 2 0
e 2 3 0
e 3 4 0
f 88
p 115
t # 1062
v 0 0
v 1 3
v 2 4
v 3 4
v 4 3
v 5 0
e 0 1 0
e 1 2 0
e 2 3 0
e 3 4 0
e 3 5 0
f 141
p 135
t # 1063
v 0 0
v 1 4
v 2 3
v 3 4
v 4 1
v 5 4
e 0 1 0
e 1 2 0
e 2 3 0
e 3 4 0
e 4 5 0
f 193
p 166
t # 1064
v 0 0
v 1 1
v 2 19
v 3 4
v 4 0
e 0 1 0
e 1 2 0
e 2 3 0
e 3 4 0
f 115
p 109
t # 1065
v 0 0
v 1 0
v 2 1
v 3 0
v 4 24
e 0 1 0
e 0 4 0
e 1 2 0
e 2 3 0
f 202
p 189
t # 1066
v 0 0
v 1 0
v 2 1
v 3 18
v 4 4
e 0 1 0
e 1 2 0
e 2 3 0
e 3 4 0
f 110
p 116
t # 1067
v 0 0
v 1 2
v 2 4
v 3 21
e 0 1 0
e 0 3 0
e 1 2 0
f 153
p 137
t # 1068
v 0 0
v 1 3
v 2 3
v 3 3
v 4 4
v 5 4
e 0 1 0
e 1 2 0
e 2 3 0
e 3 4 0
e 4 5 0
f 90
p 95
t # 1069
v 0 0
v 1 17
v 2 4
v 3 0
e 0 1 0
e 1 2 0
e 2 3 0
f 309
p 304
t # 1070
v 0 0
v 1 13
v 2 0
v 3 0
v 4 0
e 0 1 0
e 0 4 0
e 1 2 0
e 2 3 0
f 142
p 160
t # 1071
v 0 0
v 1 2
v 2 0
v 3 0
v 4 28
e 0 1 0
e 0 4 0
e 1 2 0
e 2 3 0
f 109
p 161
t # 1072
v 0 0
v 1 3
v 2 4
v 3 1
v 4 0
v 5 1
v 6 0
v 7 4
e 0 1 0
e 1 2 0
e 2 3 0
e 3 4 0
e 4 5 0
e 5 6 0
e 6 7 0
f 91
p 84
t # 1073
v 0 0
v 1 3
v 2 4
v 3 1
v 4 0
v 5 0
v 6 4
v 7 1
e 0 1 0
e 1 2 0
e 2 3 0
e 3 4 0
e 4 5 0
e 5 6 0
e 6 7 0
f 87
p 96
t # 1074
v 0 0
v 1 0
v 2 4
v 3 4
v 4 4
v 5 1
v 6 4
e 0 1 0
e 1 2 0
e 2 3 0
e 3 4 0
e 4 5 0
e 5 6 0
f 102
p 102
t # 1075
v 0 0
v 1 3
v 2 15
v 3 3
e 0 1 0
e 1 2 0
e 2 3 0
f 110
p 107
t # 1076
v 0 0
v 1 0
v 2 4
v 3 4
v 4 4
v 5 4
e 0 1 0
e 1 2 0
e 2 3 0
e 2 5 0
e 3 4 0
f 130
p 125
t # 1077
v 0 0
v 1 14
v 2 0
v 3 4
e 0 1 0
e 1 2 0
e 2 3 0
f 285
p 270
t # 1078
v 0 0
v 1 13
v 2 4
v 3 1
v 4 0
e 0 1 0
e 1 2 0
e 2 3 0
e 3 4 0
f 104
p 95
t # 1079
v 0 0
v 1 0
v 2 26
v 3 4
e 0 1 0
e 1 2 0
e 1 3 0
f 215
p 217
t # 1080
v 0 0
v 1 15
v 2 0
v 3 3
v 4 0
e 0 1 0
e 1 2 0
e 2 3 0
e 3 4 0
f 98
p 103
t # 1081
v 0 0
v 1 13
v 2 0
v 3 0
v 4 0
e 0 1 0
e 1 2 0
e 2 3 0
e 2 4 0
f 81
p 79
t # 1082
v 0 0
v 1 16
v 2 1
v 3 2
e 0 1 0
e 1 2 0
e 2 3 0
f 139
p 142
t # 1083
v 0 0
v 1 1
v 2 4
v 3 3
v 4 4
v 5 0
v 6 4
e 0 1 0
e 1 2 0
e 2 3 0
e 3 4 0
e 4 5 0
e 5 6 0
f 92
p 81
t # 1084
v 0 0
v 1 11
v 2 0
v 3 1
v 4 0
e 0 1 0
e 1 2 0
e 2 3 0
e 3 4 0
f 189
p 181
t # 1085
v 0 0
v 1 1
v 2 0
v 3 22
e 0 1 0
e 1 2 0
e 2 3 0
f 424
p 414
t # 1086
v 0 0
v 1 10
v 2 3
v 3 0
v 4 1
e 0 1 0
e 0 4 0
e 1 2 0
e 2 3 0
f 81
p 81
t # 1087
v 0 0
v 1 1
v 2 3
v 3 1
v 4 4
v 5 4
v 6 1
e 0 1 0
e 1 2 0
e 2 3 0
e 3 4 0
e 4 5 0
e 5 6 0
f 102
p 98
t # 1088
v 0 0
v 1 1
v 2 4
v 3 1
v 4 25
e 0 1 0
e 0 4 0
e 1 2 0
e 2 3 0
f 80
p 126
t # 1089
v 0 0
v 1 0
v 2 4
v 3 4
v 4 1
v 5 0
v 6 4
v 7 1
e 0 1 0
e 1 2 0
e 2 3 0
e 3 4 0
e 4 5 0
e 5 6 0
e 6 7 0
f 91
p 93
t # 1090
v 0 0
v 1 0
v 2 0
v 3 1
v 4 23
e 0 1 0
e 0 4 0
e 1 2 0
e 2 3 0
f 244
p 242
t # 1091
v 0 0
v 1 16
v 2 4
v 3 3
e 0 1 0
e 0 2 0
e 1 3 0
f 146
p 150
t # 1092
v 0 0
v 1 0
v 2 4
v 3 4
v 4 0
v 5 3
v 6 4
e 0 1 0
e 1 2 0
e 2 3 0
e 2 6 0
e 3 4 0
e 4 5 0
f 88
p 81
t # 1093
v 0 0
v 1 3
v 2 0
v 3 4
v 4 4
v 5 1
v 6 0
e 0 1 0
e 1 2 0
e 2 3 0
e 3 4 0
e 3 6 0
e 4 5 0
f 147
p 122
t # 1094
v 0 0
v 1 17
v 2 0
v 3 0
v 4 1
v 5 4
e 0 1 0
e 0 5 0
e 1 2 0
e 2 3 0
e 3 4 0
f 80
p 57
t # 1095
v 0 0
v 1 0
v 2 4
v 3 29
e 0 1 0
e 0 3 0
e 1 2 0
f 347
p 339
t # 1096
v 0 0
v 1 0
v 2 1
v 3 20
v 4 0
e 0 1 0
e 1 2 0
e 2 3 0
e 2 4 0
f 116
p 112
t # 1097
v 0 0
v 1 4
v 2 0
v 3 1
v 4 19
e 0 1 0
e 0 4 0
e 1 2 0
e 2 3 0
f 136
p 132
t # 1098
v 0 0
v 1 4
v 2 1
v 3 4
v 4 1
v 5 4
v 6 4
e 0 1 0
e 1 2 0
e 2 3 0
e 3 4 0
e 4 5 0
e 5 6 0
f 82
p 97
t # 1099
v 0 0
v 1 16
v 2 0
v 3 0
v 4 0
e 0 1 0
e 0 4 0
e 1 2 0
e 2 3 0
f 140
p 145
t # 1100
v 0 0
v 1 4
v 2 3
v 3 4
v 4 1
v 5 2
e 0 1 0
e 1 2 0
e 2 3 0
e 3 4 0
e 4 5 0
f 143
p 147
t # 1101
v 0 0
v 1 4
v 2 1
v 3 28
e 0 1 0
e 0 3 0
e 1 2 0
f 251
p 233
t # 1102
v 0 0
v 1 15
v 2 1
v 3 0
e 0 1 0
e 1 2 0
e 2 3 0
f 393
p 371
t # 1103
v 0 0
v 1 0
v 2 0
v 3 1
v 4 28
e 0 1 0
e 1 2 0
e 2 3 0
e 3 4 0
f 206
p 205
t # 1104
v 0 0
v 1 1
v 2 0
v 3 20
v 4 4
e 0 1 0
e 1 2 0
e 2 3 0
e 3 4 0
f 112
p 105
t # 1105
v 0 0
v 1 16
v 2 0
v 3 1
v 4 1
e 0 1 0
e 0 4 0
e 1 2 0
e 2 3 0
f 92
p 126
t # 1106
v 0 0
v 1 3
v 2 0
v 3 4
v 4 0
v 5 4
v 6 3
e 0 1 0
e 1 2 0
e 2 3 0
e 3 4 0
e 4 5 0
e 5 6 0
f 143
p 125
t # 1107
v 0 0
v 1 15
v 2 0
v 3 0
v 4 0
v 5 1
e 0 1 0
e 1 2 0
e 2 3 0
e 3 4 0
e 4 5 0
f 119
p 120
t # 1108
v 0 0
v 1 15
v 2 0
v 3 0
v 4 4
e 0 1 0
e 1 2 0
e 2 3 0
e 3 4 0
f 151
p 156
t # 1109
v 0 0
v 1 0
v 2 1
v 3 3
v 4 22
e 0 1 0
e 1 2 0
e 2 3 0
e 3 4 0
f 94
p 94
t # 1110
v 0 0
v 1 15
v 2 0
v 3 0
v 4 0
v 5 1
e 0 1 0
e 0 4 0
e 1 2 0
e 2 3 0
e 3 5 0
f 85
p 87
t # 1111
v 0 0
v 1 1
v 2 4
v 3 4
v 4 3
v 5 3
e 0 1 0
e 1 2 0
e 2 3 0
e 2 5 0
e 3 4 0
f 97
p 92
t # 1112
v 0 0
v 1 11
v 2 4
v 3 1
v 4 0
e 0 1 0
e 1 2 0
e 2 3 0
e 3 4 0
f 108
p 101
t # 1113
v 0 0
v 1 16
v 2 0
v 3 4
e 0 1 0
e 1 2 0
e 2 3 0
f 310
p 301
t # 1114
v 0 0
v 1 0
v 2 1
v 3 0
v 4 22
e 0 1 0
e 1 2 0
e 2 3 0
e 3 4 0
f 222
p 189
t # 1115
v 0 0
v 1 20
v 2 3
v 3 0
v 4 0
e 0 1 0
e 0 4 0
e 1 2 0
e 2 3 0
f 117
p 118
t # 1116
v 0 0
v 1 15
v 2 0
v 3 0
v 4 1
e 0 1 0
e 1 2 0
e 2 3 0
e 2 4 0
f 120
p 117
t # 1117
v 0 0
v 1 10
v 2 3
v 3 3
e 0 1 0
e 1 2 0
e 2 3 0
f 97
p 88
t # 1118
v 0 0
v 1 16
v 2 0
v 3 0
v 4 0
v 5 1
e 0 1 0
e 0 4 0
e 1 2 0
e 2 3 0
e 3 5 0
f 85
p 86
t # 1119
v 0 0
v 1 1
v 2 11
v 3 1
v 4 4
e 0 1 0
e 1 2 0
e 2 3 0
e 3 4 0
f 82
p 77
t # 1120
v 0 0
v 1 0
v 2 21
e 0 1 0
e 1 2 0
f 1053
p 545
t # 1121
v 0 0
v 1 13
v 2 4
v 3 3
e 0 1 0
e 1 2 0
e 2 3 0
f 134
p 135
t # 1122
v 0 0
v 1 15
v 2 1
v 3 0
v 4 3
e 0 1 0
e 0 4 0
e 1 2 0
e 2 3 0
f 80
p 80
t # 1123
v 0 0
v 1 16
v 2 1
v 3 0
e 0 1 0
e 1 2 0
e 1 3 0
f 149
p 149
t # 1124
v 0 0
v 1 3
v 2 3
v 3 4
v 4 4
v 5 1
e 0 1 0
e 1 2 0
e 2 3 0
e 3 4 0
e 3 5 0
f 102
p 92
t # 1125
v 0 0
v 1 13
v 2 1
v 3 1
v 4 1
e 0 1 0
e 0 4 0
e 1 2 0
e 2 3 0
f 86
p 82
t # 1126
v 0 0
v 1 9
v 2 1
v 3 1
e 0 1 0
e 1 2 0
e 1 3 0
f 90
p 109
t # 1127
v 0 0
v 1 4
v 2 8
v 3 4
e 0 1 0
e 1 2 0
e 2 3 0
f 130
p 126
t # 1128
v 0 0
v 1 16
v 2 0
v 3 0
v 4 1
v 5 1
e 0 1 0
e 0 4 0
e 1 2 0
e 2 3 0
e 3 5 0
f 83
p 81
t # 1129
v 0 0
v 1 17
v 2 0
e 0 1 0
e 1 2 0
f 665
p 628
t # 1130
v 0 0
v 1 2
v 2 3
v 3 21
e 0 1 0
e 0 3 0
e 1 2 0
f 111
p 107
t # 1131
v 0 0
v 1 17
v 2 0
v 3 0
v 4 4
v 5 0
e 0 1 0
e 0 4 0
e 1 2 0
e 2 3 0
e 4 5 0
f 82
p 86
t # 1132
v 0 0
v 1 0
v 2 1
v 3 29
v 4 1
e 0 1 0
e 1 2 0
e 2 3 0
e 2 4 0
f 85
p 84
t # 1133
v 0 0
v 1 16
v 2 0
v 3 3
e 0 1 0
e 1 2 0
e 2 3 0
f 279
p 274
t # 1134
v 0 0
v 1 0
v 2 3
v 3 24
e 0 1 0
e 0 3 0
e 1 2 0
f 270
p 259
t # 1135
v 0 0
v 1 1
v 2 4
v 3 4
v 4 1
v 5 4
v 6 0
e 0 1 0
e 1 2 0
e 2 3 0
e 3 4 0
e 3 6 0
e 4 5 0
f 88
p 91
t # 1136
v 0 0
v 1 16
v 2 0
v 3 0
v 4 1
v 5 0
e 0 1 0
e 1 2 0
e 2 3 0
e 3 4 0
e 4 5 0
f 107
p 92
t # 1137
v 0 0
v 1 15
v 2 4
v 3 1
v 4 1
e 0 1 0
e 0 2 0
e 2 3 0
e 3 4 0
f 91
p 114
t # 1138
v 0 0
v 1 3
v 2 0
v 3 4
v 4 0
v 5 4
v 6 0
v 7 4
e 0 1 0
e 1 2 0
e 2 3 0
e 3 4 0
e 4 5 0
e 5 6 0
e 6 7 0
f 84
p 96
t # 1139
v 0 0
v 1 9
v 2 4
v 3 1
e 0 1 0
e 1 2 0
e 2 3 0
f 214
p 210
t # 1140
v 0 0
v 1 4
v 2 1
v 3 3
v 4 1
v 5 4
v 6 0
e 0 1 0
e 1 2 0
e 2 3 0
e 3 4 0
e 3 6 0
e 4 5 0
f 85
p 81
t # 1141
v 0 0
v 1 17
v 2 2
v 3 0
v 4 1
e 0 1 0
e 0 4 0
e 1 2 0
e 2 3 0
f 86
p 85
t # 1142
v 0 0
v 1 0
v 2 0
v 3 4
v 4 3
v 5 4
v 6 1
v 7 1
e 0 1 0
e 1 2 0
e 2 3 0
e 3 4 0
e 4 5 0
e 5 6 0
e 6 7 0
f 85
p 82
t # 1143
v 0 0
v 1 11
v 2 0
v 3 1
v 4 2
e 0 1 0
e 0 4 0
e 1 2 0
e 2 3 0
f 80
p 77
t # 1144
v 0 0
v 1 17
v 2 2
v 3 3
e 0 1 0
e 0 3 0
e 1 2 0
f 94
p 100
t # 1145
v 0 0
v 1 11
v 2 1
v 3 1
v 4 0
e 0 1 0
e 1 2 0
e 2 3 0
e 2 4 0
f 89
p 87
t # 1146
v 0 0
v 1 1
v 2 4
v 3 27
e 0 1 0
e 0 3 0
e 1 2 0
f 282
p 267
t # 1147
v 0 0
v 1 0
v 2 0
v 3 1
v 4 24
e 0 1 0
e 0 4 0
e 1 2 0
e 2 3 0
f 229
p 219
t # 1148
v 0 0
v 1 0
v 2 13
v 3 2
e 0 1 0
e 1 2 0
e 2 3 0
f 201
p 203
t # 1149
v 0 0
v 1 0
v 2 4
v 3 19
e 0 1 0
e 1 2 0
e 2 3 0
f 325
p 319
t # 1150
v 0 0
v 1 13
v 2 0
v 3 1
v 4 0
v 5 0
e 0 1 0
e 1 2 0
e 2 3 0
e 3 4 0
e 4 5 0
f 110
p 99
t # 1151
v 0 0
v 1 17
v 2 0
v 3 0
v 4 1
e 0 1 0
e 0 4 0
e 1 2 0
e 2 3 0
f 200
p 147
t # 1152
v 0 0
v 1 15
v 2 3
v 3 3
e 0 1 0
e 0 2 0
e 2 3 0
f 118
p 115
t # 1153
v 0 0
v 1 16
v 2 0
v 3 1
v 4 1
e 0 1 0
e 1 2 0
e 2 3 0
e 3 4 0
f 158
p 154
t # 1154
v 0 0
v 1 10
v 2 0
v 3 0
v 4 4
e 0 1 0
e 1 2 0
e 2 3 0
e 2 4 0
f 92
p 89
t # 1155
v 0 0
v 1 4
v 2 0
v 3 27
v 4 1
e 0 1 0
e 1 2 0
e 2 3 0
e 2 4 0
f 81
p 77
t # 1156
v 0 0
v 1 4
v 2 1
v 3 4
v 4 1
v 5 4
v 6 0
e 0 1 0
e 1 2 0
e 2 3 0
e 2 6 0
e 3 4 0
e 4 5 0
f 99
p 93
t # 1157
v 0 0
v 1 9
v 2 4
v 3 2
e 0 1 0
e 1 2 0
e 2 3 0
f 117
p 115
t # 1158
v 0 0
v 1 19
v 2 3
v 3 0
e 0 1 0
e 1 2 0
e 2 3 0
f 257
p 240
t # 1159
v 0 0
v 1 17
v 2 4
v 3 0
v 4 1
e 0 1 0
e 1 2 0
e 2 3 0
e 3 4 0
f 125
p 111
t # 1160
v 0 0
v 1 3
v 2 0
v 3 1
v 4 2
v 5 4
v 6 4
e 0 1 0
e 1 2 0
e 2 3 0
e 3 4 0
e 4 5 0
e 5 6 0
f 83
p 81
t # 1161
v 0 0
v 1 11
v 2 1
v 3 0
v 4 0
e 0 1 0
e 1 2 0
e 2 3 0
e 3 4 0
f 208
p 191
t # 1162
v 0 0
v 1 3
v 2 1
v 3 4
v 4 1
v 5 4
v 6 0
v 7 0
e 0 1 0
e 1 2 0
e 2 3 0
e 3 4 0
e 4 5 0
e 5 6 0
e 6 7 0
f 81
p 84
t # 1163
v 0 0
v 1 4
v 2 0
v 3 1
v 4 4
v 5 4
v 6 0
e 0 1 0
e 1 2 0
e 2 3 0
e 3 4 0
e 3 6 0
e 4 5 0
f 134
p 120
t # 1164
v 0 0
v 1 11
v 2 1
v 3 0
v 4 0
v 5 0
e 0 1 0
e 1 2 0
e 2 3 0
e 3 4 0
e 4 5 0
f 108
p 109
t # 1165
v 0 0
v 1 14
v 2 3
v 3 0
e 0 1 0
e 1 2 0
e 1 3 0
f 96
p 96
t # 1166
v 0 0
v 1 4
v 2 17
v 3 3
e 0 1 0
e 1 2 0
e 2 3 0
f 166
p 166
t # 1167
v 0 0
v 1 15
v 2 1
v 3 1
e 0 1 0
e 1 2 0
e 2 3 0
f 253
p 241
t # 1168
v 0 0
v 1 4
v 2 0
v 3 4
v 4 1
v 5 4
v 6 1
e 0 1 0
e 1 2 0
e 2 3 0
e 3 4 0
e 4 5 0
e 5 6 0
f 170
p 95
t # 1169
v 0 0
v 1 17
v 2 4
v 3 0
v 4 4
e 0 1 0
e 0 4 0
e 1 2 0
e 2 3 0
f 80
p 86
t # 1170
v 0 0
v 1 11
v 2 4
v 3 4
e 0 1 0
e 0 3 0
e 1 2 0
f 164
p 191
t # 1171
v 0 0
v 1 3
v 2 0
v 3 1
v 4 4
v 5 4
v 6 1
e 0 1 0
e 1 2 0
e 2 3 0
e 3 4 0
e 4 5 0
e 4 6 0
f 93
p 94
t # 1172
v 0 0
v 1 15
v 2 4
v 3 3
e 0 1 0
e 0 3 0
e 1 2 0
f 145
p 136
t # 1173
v 0 0
v 1 4
v 2 0
v 3 4
v 4 0
v 5 3
v 6 4
e 0 1 0
e 1 2 0
e 2 3 0
e 3 4 0
e 4 5 0
e 5 6 0
f 137
p 141
t # 1174
v 0 0
v 1 14
v 2 4
v 3 0
e 0 1 0
e 1 2 0
e 1 3 0
f 107
p 106
t # 1175
v 0 0
v 1 11
v 2 4
v 3 0
v 4 1
e 0 1 0
e 0 4 0
e 1 2 0
e 2 3 0
f 115
p 106
t # 1176
v 0 0
v 1 3
v 2 4
v 3 4
v 4 4
v 5 3
e 0 1 0
e 1 2 0
e 2 3 0
e 3 4 0
e 4 5 0
f 93
p 110
t # 1177
v 0 0
v 1 0
v 2 0
v 3 2
v 4 24
e 0 1 0
e 0 4 0
e 1 2 0
e 2 3 0
f 126
p 115
t # 1178
v 0 0
v 1 4
v 2 0
v 3 4
v 4 20
e 0 1 0
e 1 2 0
e 2 3 0
e 3 4 0
f 81
p 71
t # 1179
v 0 0
v 1 3
v 2 14
v 3 1
e 0 1 0
e 1 2 0
e 2 3 0
f 184
p 178
t # 1180
v 0 0
v 1 2
v 2 4
v 3 20
e 0 1 0
e 0 3 0
e 1 2 0
f 123
p 170
t # 1181
v 0 0
v 1 10
v 2 1
v 3 0
v 4 4
e 0 1 0
e 1 2 0
e 2 3 0
e 3 4 0
f 130
p 106
t # 1182
v 0 0
v 1 12
v 2 4
v 3 0
e 0 1 0
e 1 2 0
e 1 3 0
f 85
p 83
t # 1183
v 0 0
v 1 15
v 2 1
v 3 0
v 4 4
e 0 1 0
e 1 2 0
e 2 3 0
e 3 4 0
f 111
p 109
t # 1184
v 0 0
v 1 0
v 2 16
v 3 1
v 4 4
e 0 1 0
e 1 2 0
e 2 3 0
e 3 4 0
f 108
p 113
t # 1185
v 0 0
v 1 15
v 2 2
v 3 2
e 0 1 0
e 0 3 0
e 1 2 0
f 87
p 103
t # 1186
v 0 0
v 1 0
v 2 0
v 3 15
v 4 4
e 0 1 0
e 1 2 0
e 2 3 0
e 3 4 0
f 159
p 151
