t # 0
v 0 0
v 1 29
v 2 1
v 3 1
v 4 4
e 0 1 0
e 0 3 0
e 1 2 0
e 3 4 0
f 80
t # 1
v 0 0
v 1 24
v 2 0
v 3 1
e 0 1 0
e 1 2 0
e 2 3 0
f 354
t # 2
v 0 0
v 1 25
v 2 3
v 3 2
e 0 1 0
e 1 2 0
e 2 3 0
f 116
t # 3
v 0 0
v 1 3
v 2 3
v 3 29
e 0 1 0
e 0 3 0
e 1 2 0
f 124
t # 4
v 0 0
v 1 28
v 2 0
v 3 1
v 4 3
e 0 1 0
e 0 4 0
e 1 2 0
e 2 3 0
f 102
t # 5
v 0 0
v 1 29
v 2 4
v 3 0
v 4 1
e 0 1 0
e 1 2 0
e 2 3 0
e 3 4 0
f 114
t # 6
v 0 0
v 1 29
v 2 0
v 3 1
v 4 4
e 0 1 0
e 0 4 0
e 1 2 0
e 2 3 0
f 123
t # 7
v 0 0
v 1 28
v 2 1
v 3 1
v 4 0
e 0 1 0
e 1 2 0
e 2 3 0
e 2 4 0
f 93
t # 8
v 0 0
v 1 1
v 2 1
v 3 26
v 4 1
e 0 1 0
e 1 2 0
e 2 3 0
e 3 4 0
f 81
t # 9
v 0 0
v 1 0
v 2 4
v 3 4
v 4 29
e 0 1 0
e 0 4 0
e 1 2 0
e 2 3 0
f 87
t # 10
v 0 0
v 1 26
v 2 1
v 3 1
v 4 0
e 0 1 0
e 0 3 0
e 1 2 0
e 1 4 0
f 82
t # 11
v 0 0
v 1 29
v 2 0
v 3 3
v 4 0
e 0 1 0
e 1 2 0
e 2 3 0
e 3 4 0
f 132
t # 12
v 0 0
v 1 4
v 2 0
v 3 1
v 4 28
e 0 1 0
e 1 2 0
e 2 3 0
e 3 4 0
f 113
t # 13
v 0 0
v 1 26
v 2 4
v 3 0
v 4 4
e 0 1 0
e 1 2 0
e 2 3 0
e 3 4 0
f 93
t # 14
v 0 0
v 1 24
v 2 24
e 0 1 0
e 1 2 0
f 149
t # 15
v 0 0
v 1 25
v 2 3
v 3 0
v 4 0
e 0 1 0
e 1 2 0
e 2 3 0
e 3 4 0
f 124
t # 16
v 0 0
v 1 23
v 2 4
v 3 0
v 4 0
e 0 1 0
e 1 2 0
e 2 3 0
e 3 4 0
f 136
t # 17
v 0 0
v 1 18
v 2 4
v 3 1
v 4 0
e 0 1 0
e 1 2 0
e 2 3 0
e 3 4 0
f 118
t # 18
v 0 0
v 1 25
v 2 3
v 3 0
v 4 1
e 0 1 0
e 0 4 0
e 1 2 0
e 2 3 0
f 85
t # 19
v 0 0
v 1 22
v 2 0
v 3 1
v 4 0
v 5 1
e 0 1 0
e 1 2 0
e 2 3 0
e 3 4 0
e 4 5 0
f 80
t # 20
v 0 0
v 1 0
v 2 25
v 3 1
v 4 1
e 0 1 0
e 1 2 0
e 2 3 0
e 3 4 0
f 131
t # 21
v 0 0
v 1 1
v 2 1
v 3 20
v 4 4
e 0 1 0
e 0 3 0
e 1 2 0
e 3 4 0
f 103
t # 22
v 0 0
v 1 0
v 2 0
v 3 0
v 4 23
v 5 1
e 0 1 0
e 1 2 0
e 2 3 0
e 3 4 0
e 4 5 0
f 93
t # 23
v 0 0
v 1 24
v 2 1
v 3 1
v 4 1
e 0 1 0
e 0 4 0
e 1 2 0
e 2 3 0
f 88
t # 24
v 0 0
v 1 28
v 2 0
v 3 0
v 4 1
e 0 1 0
e 1 2 0
e 1 4 0
e 2 3 0
f 106
t # 25
v 0 0
v 1 26
v 2 0
v 3 3
v 4 0
e 0 1 0
e 1 2 0
e 2 3 0
e 2 4 0
f 84
t # 26
v 0 0
v 1 25
v 2 2
v 3 0
v 4 0
e 0 1 0
e 0 4 0
e 1 2 0
e 2 3 0
f 117
t # 27
v 0 0
v 1 0
v 2 27
v 3 2
e 0 1 0
e 1 2 0
e 2 3 0
f 245
t # 28
v 0 0
v 1 28
v 2 3
v 3 0
v 4 1
e 0 1 0
e 1 2 0
e 2 3 0
e 3 4 0
f 98
t # 29
v 0 0
v 1 28
v 2 0
v 3 0
v 4 0
v 5 1
e 0 1 0
e 1 2 0
e 2 3 0
e 3 4 0
e 4 5 0
f 101
t # 30
v 0 0
v 1 22
v 2 0
v 3 0
v 4 0
v 5 1
e 0 1 0
e 0 4 0
e 1 2 0
e 2 3 0
e 3 5 0
f 91
t # 31
v 0 0
v 1 25
v 2 1
v 3 1
e 0 1 0
e 1 2 0
e 2 3 0
f 257
t # 32
v 0 0
v 1 27
v 2 0
v 3 0
v 4 1
e 0 1 0
e 1 2 0
e 2 3 0
e 2 4 0
f 131
t # 33
v 0 0
v 1 28
v 2 0
v 3 0
v 4 3
e 0 1 0
e 0 4 0
e 1 2 0
e 2 3 0
f 128
t # 34
v 0 0
v 1 23
v 2 1
v 3 3
e 0 1 0
e 1 2 0
e 2 3 0
f 194
t # 35
v 0 0
v 1 25
v 2 0
v 3 0
v 4 4
e 0 1 0
e 1 2 0
e 2 3 0
e 3 4 0
f 142
t # 36
v 0 0
v 1 24
v 2 0
v 3 0
v 4 4
e 0 1 0
e 1 2 0
e 2 3 0
e 3 4 0
f 165
t # 37
v 0 0
v 1 23
v 2 1
v 3 0
v 4 0
v 5 0
e 0 1 0
e 1 2 0
e 2 3 0
e 3 4 0
e 4 5 0
f 95
t # 38
v 0 0
v 1 29
v 2 0
v 3 0
v 4 4
e 0 1 0
e 0 4 0
e 1 2 0
e 2 3 0
f 163
t # 39
v 0 0
v 1 28
v 2 4
v 3 0
v 4 1
e 0 1 0
e 0 4 0
e 1 2 0
e 2 3 0
f 91
t # 40
v 0 0
v 1 22
v 2 1
v 3 4
e 0 1 0
e 0 3 0
e 1 2 0
f 246
t # 41
v 0 0
v 1 4
v 2 29
v 3 4
e 0 1 0
e 1 2 0
e 2 3 0
f 139
t # 42
v 0 0
v 1 23
v 2 4
v 3 4
e 0 1 0
e 0 3 0
e 1 2 0
f 159
t # 43
v 0 0
v 1 24
v 2 0
v 3 3
v 4 0
e 0 1 0
e 1 2 0
e 2 3 0
e 3 4 0
f 125
t # 44
v 0 0
v 1 2
v 2 23
v 3 1
e 0 1 0
e 1 2 0
e 2 3 0
f 119
t # 45
v 0 0
v 1 27
v 2 0
v 3 1
v 4 3
e 0 1 0
e 1 2 0
e 2 3 0
e 3 4 0
f 110
t # 46
v 0 0
v 1 21
v 2 0
v 3 3
v 4 0
e 0 1 0
e 1 2 0
e 2 3 0
e 2 4 0
f 82
t # 47
v 0 0
v 1 28
v 2 3
v 3 0
e 0 1 0
e 1 2 0
e 2 3 0
f 260
t # 48
v 0 0
v 1 24
v 2 0
v 3 1
v 4 3
e 0 1 0
e 0 4 0
e 1 2 0
e 2 3 0
f 92
t # 49
v 0 0
v 1 22
v 2 1
v 3 0
v 4 0
e 0 1 0
e 1 2 0
e 2 3 0
e 3 4 0
f 217
t # 50
v 0 0
v 1 23
v 2 4
v 3 1
v 4 0
e 0 1 0
e 1 2 0
e 2 3 0
e 3 4 0
f 117
t # 51
v 0 0
v 1 0
v 2 3
v 3 25
v 4 1
e 0 1 0
e 1 2 0
e 2 3 0
e 3 4 0
f 94
t # 52
v 0 0
v 1 23
v 2 3
v 3 0
v 4 0
e 0 1 0
e 0 4 0
e 1 2 0
e 2 3 0
f 133
t # 53
v 0 0
v 1 0
v 2 0
v 3 28
v 4 1
v 5 1
e 0 1 0
e 1 2 0
e 2 3 0
e 3 4 0
e 4 5 0
f 80
t # 54
v 0 0
v 1 29
v 2 2
v 3 2
e 0 1 0
e 0 3 0
e 1 2 0
f 83
t # 55
v 0 0
v 1 26
v 2 1
v 3 0
v 4 0
e 0 1 0
e 1 2 0
e 2 3 0
e 2 4 0
f 80
t # 56
v 0 0
v 1 0
v 2 0
v 3 28
v 4 4
e 0 1 0
e 1 2 0
e 2 3 0
e 3 4 0
f 134
t # 57
v 0 0
v 1 25
v 2 0
v 3 1
v 4 3
e 0 1 0
e 1 2 0
e 2 3 0
e 3 4 0
f 100
t # 58
v 0 0
v 1 25
v 2 3
v 3 1
e 0 1 0
e 1 2 0
e 2 3 0
f 179
t # 59
v 0 0
v 1 28
v 2 1
v 3 1
e 0 1 0
e 0 3 0
e 1 2 0
f 309
t # 60
v 0 0
v 1 29
v 2 1
v 3 0
v 4 4
e 0 1 0
e 0 4 0
e 1 2 0
e 2 3 0
f 95
t # 61
v 0 0
v 1 0
v 2 27
v 3 4
v 4 4
e 0 1 0
e 1 2 0
e 2 3 0
e 3 4 0
f 82
t # 62
v 0 0
v 1 24
v 2 4
v 3 3
e 0 1 0
e 1 2 0
e 2 3 0
f 130
t # 63
v 0 0
v 1 22
v 2 2
v 3 0
v 4 0
e 0 1 0
e 1 2 0
e 2 3 0
e 3 4 0
f 103
t # 64
v 0 0
v 1 22
v 2 1
v 3 1
e 0 1 0
e 1 2 0
e 2 3 0
f 279
t # 65
v 0 0
v 1 29
v 2 1
v 3 0
v 4 3
e 0 1 0
e 1 2 0
e 2 3 0
e 3 4 0
f 101
t # 66
v 0 0
v 1 24
v 2 0
v 3 0
v 4 1
e 0 1 0
e 0 4 0
e 1 2 0
e 2 3 0
f 176
t # 67
v 0 0
v 1 2
v 2 4
v 3 29
e 0 1 0
e 1 2 0
e 2 3 0
f 116
t # 68
v 0 0
v 1 2
v 2 28
v 3 4
e 0 1 0
e 1 2 0
e 2 3 0
f 123
t # 69
v 0 0
v 1 23
v 2 0
v 3 0
v 4 3
e 0 1 0
e 1 2 0
e 2 3 0
e 3 4 0
f 153
t # 70
v 0 0
v 1 0
v 2 29
v 3 4
v 4 4
e 0 1 0
e 1 2 0
e 2 3 0
e 3 4 0
f 87
t # 71
v 0 0
v 1 28
v 2 1
v 3 1
v 4 0
e 0 1 0
e 1 2 0
e 2 3 0
e 3 4 0
f 144
t # 72
v 0 0
v 1 23
v 2 0
v 3 0
v 4 1
e 0 1 0
e 0 4 0
e 1 2 0
e 2 3 0
f 202
t # 73
v 0 0
v 1 29
v 2 0
v 3 1
v 4 0
v 5 0
e 0 1 0
e 1 2 0
e 2 3 0
e 3 4 0
e 4 5 0
f 117
t # 74
v 0 0
v 1 29
v 2 3
v 3 4
e 0 1 0
e 1 2 0
e 2 3 0
f 132
t # 75
v 0 0
v 1 26
v 2 0
v 3 0
v 4 4
e 0 1 0
e 1 2 0
e 2 3 0
e 2 4 0
f 100
t # 76
v 0 0
v 1 0
v 2 22
v 3 1
v 4 0
v 5 0
e 0 1 0
e 1 2 0
e 2 3 0
e 3 4 0
e 4 5 0
f 101
t # 77
v 0 0
v 1 26
v 2 2
v 3 3
e 0 1 0
e 1 2 0
e 2 3 0
f 90
t # 78
v 0 0
v 1 2
v 2 28
v 3 1
e 0 1 0
e 1 2 0
e 2 3 0
f 149
t # 79
v 0 0
v 1 28
v 2 1
v 3 0
v 4 1
e 0 1 0
e 0 4 0
e 1 2 0
e 2 3 0
f 141
t # 80
v 0 0
v 1 28
v 2 1
v 3 1
v 4 1
e 0 1 0
e 0 4 0
e 1 2 0
e 2 3 0
f 101
t # 81
v 0 0
v 1 26
v 2 26
e 0 1 0
e 0 2 0
f 118
t # 82
v 0 0
v 1 21
v 2 1
v 3 0
e 0 1 0
e 1 2 0
e 1 3 0
f 172
t # 83
v 0 0
v 1 29
v 2 3
v 3 0
v 4 0
e 0 1 0
e 0 4 0
e 1 2 0
e 2 3 0
f 121
t # 84
v 0 0
v 1 28
v 2 0
v 3 0
v 4 2
e 0 1 0
e 0 4 0
e 1 2 0
e 2 3 0
f 91
t # 85
v 0 0
v 1 28
v 2 2
v 3 4
e 0 1 0
e 0 3 0
e 1 2 0
f 115
t # 86
v 0 0
v 1 0
v 2 4
v 3 21
v 4 3
e 0 1 0
e 0 3 0
e 1 2 0
e 3 4 0
f 81
t # 87
v 0 0
v 1 28
v 2 4
v 3 1
e 0 1 0
e 1 2 0
e 2 3 0
f 202
t # 88
v 0 0
v 1 24
v 2 3
e 0 1 0
e 1 2 0
f 524
t # 89
v 0 0
v 1 27
v 2 1
v 3 1
v 4 0
e 0 1 0
e 1 2 0
e 2 3 0
e 3 4 0
f 154
t # 90
v 0 0
v 1 25
v 2 1
v 3 3
e 0 1 0
e 0 3 0
e 1 2 0
f 200
t # 91
v 0 0
v 1 23
v 2 1
v 3 1
v 4 0
e 0 1 0
e 1 2 0
e 2 3 0
e 2 4 0
f 97
t # 92
v 0 0
v 1 0
v 2 0
v 3 25
v 4 1
e 0 1 0
e 1 2 0
e 2 3 0
e 3 4 0
f 200
t # 93
v 0 0
v 1 28
v 2 1
e 0 1 0
e 1 2 0
f 795
t # 94
v 0 0
v 1 23
v 2 0
v 3 4
v 4 4
e 0 1 0
e 1 2 0
e 2 3 0
e 3 4 0
f 82
t # 95
v 0 0
v 1 25
v 2 1
v 3 0
e 0 1 0
e 1 2 0
e 2 3 0
f 409
t # 96
v 0 0
v 1 22
v 2 0
v 3 1
v 4 3
e 0 1 0
e 1 2 0
e 2 3 0
e 3 4 0
f 80
t # 97
v 0 0
v 1 29
v 2 4
v 3 0
v 4 3
e 0 1 0
e 1 2 0
e 2 3 0
e 3 4 0
f 90
t # 98
v 0 0
v 1 22
v 2 1
v 3 0
v 4 4
e 0 1 0
e 1 2 0
e 2 3 0
e 3 4 0
f 141
t # 99
v 0 0
v 1 27
v 2 2
v 3 0
e 0 1 0
e 1 2 0
e 1 3 0
f 89
t # 100
v 0 0
v 1 24
v 2 3
v 3 3
e 0 1 0
e 0 3 0
e 1 2 0
f 115
t # 101
v 0 0
v 1 26
v 2 0
v 3 0
v 4 1
e 0 1 0
e 1 2 0
e 2 3 0
e 2 4 0
f 118
t # 102
v 0 0
v 1 23
v 2 1
v 3 0
v 4 1
e 0 1 0
e 0 4 0
e 1 2 0
e 2 3 0
f 150
t # 103
v 0 0
v 1 28
v 2 0
v 3 0
v 4 3
e 0 1 0
e 1 2 0
e 2 3 0
e 3 4 0
f 142
t # 104
v 0 0
v 1 29
v 2 0
v 3 1
v 4 4
e 0 1 0
e 1 2 0
e 2 3 0
e 3 4 0
f 116
t # 105
v 0 0
v 1 29
v 2 3
v 3 0
e 0 1 0
e 1 2 0
e 1 3 0
f 95
t # 106
v 0 0
v 1 19
v 2 1
v 3 0
e 0 1 0
e 1 2 0
e 1 3 0
f 150
t # 107
v 0 0
v 1 22
v 2 0
v 3 2
v 4 4
e 0 1 0
e 0 4 0
e 1 2 0
e 2 3 0
f 82
t # 108
v 0 0
v 1 22
v 2 1
v 3 0
v 4 0
v 5 0
e 0 1 0
e 1 2 0
e 2 3 0
e 3 4 0
e 4 5 0
f 115
t # 109
v 0 0
v 1 24
v 2 2
v 3 4
e 0 1 0
e 0 3 0
e 1 2 0
f 110
t # 110
v 0 0
v 1 29
v 2 0
v 3 0
v 4 4
v 5 0
e 0 1 0
e 0 4 0
e 1 2 0
e 2 3 0
e 4 5 0
f 90
t # 111
v 0 0
v 1 28
v 2 0
v 3 0
v 4 4
e 0 1 0
e 0 4 0
e 1 2 0
e 2 3 0
f 143
t # 112
v 0 0
v 1 23
v 2 2
v 3 0
v 4 0
e 0 1 0
e 0 4 0
e 1 2 0
e 2 3 0
f 103
t # 113
v 0 0
v 1 4
v 2 0
v 3 21
v 4 4
e 0 1 0
e 1 2 0
e 2 3 0
e 3 4 0
f 80
t # 114
v 0 0
v 1 25
v 2 1
v 3 4
v 4 0
e 0 1 0
e 1 2 0
e 2 3 0
e 3 4 0
f 98
t # 115
v 0 0
v 1 24
v 2 3
v 3 3
e 0 1 0
e 1 2 0
e 2 3 0
f 96
t # 116
v 0 0
v 1 4
v 2 27
v 3 3
e 0 1 0
e 1 2 0
e 2 3 0
f 156
t # 117
v 0 0
v 1 22
v 2 0
v 3 4
v 4 0
e 0 1 0
e 1 2 0
e 2 3 0
e 3 4 0
f 174
t # 118
v 0 0
v 1 29
v 2 1
v 3 4
v 4 0
e 0 1 0
e 1 2 0
e 2 3 0
e 3 4 0
f 114
t # 119
v 0 0
v 1 18
v 2 3
v 3 0
e 0 1 0
e 1 2 0
e 1 3 0
f 84
t # 120
v 0 0
v 1 25
v 2 1
v 3 0
e 0 1 0
e 1 2 0
e 1 3 0
f 149
t # 121
v 0 0
v 1 23
v 2 0
v 3 1
v 4 0
e 0 1 0
e 1 2 0
e 2 3 0
e 3 4 0
f 194
t # 122
v 0 0
v 1 29
v 2 1
v 3 1
v 4 4
e 0 1 0
e 0 3 0
e 1 2 0
e 2 4 0
f 80
t # 123
v 0 0
v 1 0
v 2 1
v 3 26
v 4 1
e 0 1 0
e 1 2 0
e 2 3 0
e 3 4 0
f 148
t # 124
v 0 0
v 1 2
v 2 21
v 3 3
e 0 1 0
e 1 2 0
e 2 3 0
f 93
t # 125
v 0 0
v 1 28
v 2 0
v 3 0
v 4 0
e 0 1 0
e 1 2 0
e 2 3 0
e 3 4 0
f 241
t # 126
v 0 0
v 1 23
v 2 0
v 3 0
v 4 4
e 0 1 0
e 1 2 0
e 2 3 0
e 3 4 0
f 163
t # 127
v 0 0
v 1 25
v 2 4
v 3 0
v 4 0
e 0 1 0
e 1 2 0
e 2 3 0
e 3 4 0
f 150
t # 128
v 0 0
v 1 24
v 2 2
v 3 0
e 0 1 0
e 1 2 0
e 2 3 0
f 204
t # 129
v 0 0
v 1 24
v 2 3
v 3 1
e 0 1 0
e 1 2 0
e 2 3 0
f 188
t # 130
v 0 0
v 1 21
v 2 4
v 3 4
e 0 1 0
e 0 3 0
e 1 2 0
f 169
t # 131
v 0 0
v 1 24
v 2 1
v 3 0
v 4 2
e 0 1 0
e 0 4 0
e 1 2 0
e 2 3 0
f 80
t # 132
v 0 0
v 1 28
v 2 0
v 3 0
v 4 1
v 5 1
e 0 1 0
e 0 4 0
e 1 2 0
e 2 3 0
e 3 5 0
f 89
t # 133
v 0 0
v 1 23
v 2 3
v 3 2
e 0 1 0
e 1 2 0
e 2 3 0
f 109
t # 134
v 0 0
v 1 25
v 2 1
v 3 0
v 4 1
e 0 1 0
e 0 4 0
e 1 2 0
e 2 3 0
f 135
t # 135
v 0 0
v 1 28
v 2 0
v 3 2
e 0 1 0
e 1 2 0
e 2 3 0
f 207
t # 136
v 0 0
v 1 25
v 2 0
v 3 0
v 4 1
e 0 1 0
e 0 4 0
e 1 2 0
e 2 3 0
f 199
t # 137
v 0 0
v 1 26
v 2 0
v 3 0
v 4 0
e 0 1 0
e 1 2 0
e 2 3 0
e 2 4 0
f 89
t # 138
v 0 0
v 1 22
v 2 3
v 3 2
e 0 1 0
e 1 2 0
e 2 3 0
f 95
t # 139
v 0 0
v 1 28
v 2 1
v 3 0
v 4 0
e 0 1 0
e 1 2 0
e 2 3 0
e 3 4 0
f 200
t # 140
v 0 0
v 1 23
v 2 2
v 3 1
e 0 1 0
e 1 2 0
e 2 3 0
f 151
t # 141
v 0 0
v 1 29
v 2 4
v 3 1
v 4 0
e 0 1 0
e 1 2 0
e 2 3 0
e 3 4 0
f 97
t # 142
v 0 0
v 1 23
v 2 0
v 3 0
v 4 0
v 5 0
e 0 1 0
e 0 4 0
e 1 2 0
e 2 3 0
e 3 5 0
f 123
t # 143
v 0 0
v 1 28
v 2 0
v 3 0
v 4 0
v 5 3
e 0 1 0
e 1 2 0
e 2 3 0
e 3 4 0
e 4 5 0
f 80
t # 144
v 0 0
v 1 24
v 2 0
v 3 0
v 4 3
e 0 1 0
e 0 4 0
e 1 2 0
e 2 3 0
f 126
t # 145
v 0 0
v 1 26
v 2 1
v 3 0
v 4 3
e 0 1 0
e 1 2 0
e 2 3 0
e 3 4 0
f 124
t # 146
v 0 0
v 1 29
v 2 0
v 3 0
v 4 2
e 0 1 0
e 0 4 0
e 1 2 0
e 2 3 0
f 94
t # 147
v 0 0
v 1 27
v 2 2
e 0 1 0
e 1 2 0
f 480
t # 148
v 0 0
v 1 1
v 2 22
v 3 3
e 0 1 0
e 1 2 0
e 2 3 0
f 191
t # 149
v 0 0
v 1 24
v 2 1
v 3 1
v 4 1
e 0 1 0
e 1 2 0
e 2 3 0
e 3 4 0
f 97
t # 150
v 0 0
v 1 28
v 2 4
v 3 2
e 0 1 0
e 1 2 0
e 2 3 0
f 112
t # 151
v 0 0
v 1 25
v 2 0
v 3 0
e 0 1 0
e 1 2 0
e 1 3 0
f 86
t # 152
v 0 0
v 1 0
v 2 18
v 3 1
v 4 0
e 0 1 0
e 1 2 0
e 2 3 0
e 2 4 0
f 105
t # 153
v 0 0
v 1 21
v 2 0
v 3 3
v 4 1
e 0 1 0
e 1 2 0
e 2 3 0
e 3 4 0
f 104
t # 154
v 0 0
v 1 22
v 2 1
v 3 1
v 4 1
e 0 1 0
e 0 4 0
e 1 2 0
e 2 3 0
f 97
t # 155
v 0 0
v 1 27
v 2 4
v 3 0
e 0 1 0
e 1 2 0
e 2 3 0
f 312
t # 156
v 0 0
v 1 28
v 2 2
v 3 0
v 4 0
e 0 1 0
e 1 2 0
e 2 3 0
e 3 4 0
f 91
t # 157
v 0 0
v 1 0
v 2 0
v 3 26
v 4 4
v 5 0
e 0 1 0
e 1 2 0
e 2 3 0
e 3 4 0
e 4 5 0
f 89
t # 158
v 0 0
v 1 25
v 2 0
v 3 1
v 4 0
v 5 0
e 0 1 0
e 1 2 0
e 2 3 0
e 3 4 0
e 4 5 0
f 103
t # 159
v 0 0
v 1 28
v 2 1
v 3 1
v 4 3
e 0 1 0
e 0 4 0
e 1 2 0
e 2 3 0
f 91
t # 160
v 0 0
v 1 24
v 2 0
v 3 0
v 4 0
v 5 4
e 0 1 0
e 0 4 0
e 1 2 0
e 2 3 0
e 3 5 0
f 82
t # 161
v 0 0
v 1 25
v 2 1
v 3 0
v 4 4
e 0 1 0
e 0 4 0
e 1 2 0
e 2 3 0
f 122
t # 162
v 0 0
v 1 1
v 2 24
v 3 1
e 0 1 0
e 1 2 0
e 2 3 0
f 216
t # 163
v 0 0
v 1 24
v 2 3
v 3 1
v 4 0
e 0 1 0
e 1 2 0
e 2 3 0
e 3 4 0
f 81
t # 164
v 0 0
v 1 28
v 2 2
v 3 1
e 0 1 0
e 1 2 0
e 1 3 0
f 96
t # 165
v 0 0
v 1 0
v 2 28
v 3 1
v 4 0
e 0 1 0
e 1 2 0
e 2 3 0
e 3 4 0
f 197
t # 166
v 0 0
v 1 23
v 2 23
e 0 1 0
e 1 2 0
f 183
t # 167
v 0 0
v 1 22
v 2 0
v 3 1
v 4 4
e 0 1 0
e 1 2 0
e 2 3 0
e 3 4 0
f 111
t # 168
v 0 0
v 1 24
v 2 0
v 3 0
v 4 0
v 5 4
e 0 1 0
e 1 2 0
e 2 3 0
e 3 4 0
e 4 5 0
f 88
t # 169
v 0 0
v 1 25
v 2 0
v 3 0
v 4 0
v 5 0
e 0 1 0
e 1 2 0
e 2 3 0
e 3 4 0
e 4 5 0
f 129
t # 170
v 0 0
v 1 24
v 2 0
v 3 3
e 0 1 0
e 1 2 0
e 2 3 0
f 246
t # 171
v 0 0
v 1 0
v 2 1
v 3 21
v 4 4
e 0 1 0
e 1 2 0
e 2 3 0
e 3 4 0
f 113
t # 172
v 0 0
v 1 23
v 2 0
v 3 0
v 4 1
e 0 1 0
e 1 2 0
e 2 3 0
e 3 4 0
f 197
t # 173
v 0 0
v 1 25
v 2 0
v 3 0
v 4 0
e 0 1 0
e 1 2 0
e 2 3 0
e 2 4 0
f 86
t # 174
v 0 0
v 1 22
v 2 3
v 3 0
v 4 0
e 0 1 0
e 1 2 0
e 2 3 0
e 3 4 0
f 120
t # 175
v 0 0
v 1 28
v 2 0
v 3 3
v 4 0
e 0 1 0
e 1 2 0
e 2 3 0
e 3 4 0
f 126
t # 176
v 0 0
v 1 28
v 2 1
v 3 4
e 0 1 0
e 0 3 0
e 1 2 0
f 268
t # 177
v 0 0
v 1 24
v 2 1
v 3 3
e 0 1 0
e 1 2 0
e 2 3 0
f 191
t # 178
v 0 0
v 1 28
v 2 0
v 3 0
v 4 0
v 5 1
e 0 1 0
e 0 4 0
e 1 2 0
e 2 3 0
e 3 5 0
f 93
t # 179
v 0 0
v 1 23
v 2 1
v 3 1
v 4 4
e 0 1 0
e 0 3 0
e 1 2 0
e 3 4 0
f 93
t # 180
v 0 0
v 1 29
v 2 3
v 3 2
e 0 1 0
e 1 2 0
e 2 3 0
f 98
t # 181
v 0 0
v 1 0
v 2 0
v 3 24
v 4 3
e 0 1 0
e 1 2 0
e 2 3 0
e 3 4 0
f 141
t # 182
v 0 0
v 1 4
v 2 25
v 3 4
e 0 1 0
e 1 2 0
e 2 3 0
f 102
t # 183
v 0 0
v 1 29
v 2 0
v 3 0
v 4 0
v 5 1
e 0 1 0
e 1 2 0
e 2 3 0
e 3 4 0
e 4 5 0
f 81
t # 184
v 0 0
v 1 29
v 2 0
v 3 0
v 4 4
e 0 1 0
e 1 2 0
e 2 3 0
e 2 4 0
f 87
t # 185
v 0 0
v 1 29
v 2 0
v 3 1
v 4 3
e 0 1 0
e 1 2 0
e 2 3 0
e 3 4 0
f 108
t # 186
v 0 0
v 1 23
v 2 1
v 3 0
v 4 0
v 5 1
e 0 1 0
e 0 5 0
e 1 2 0
e 2 3 0
e 3 4 0
f 81
t # 187
v 0 0
v 1 23
v 2 1
v 3 0
v 4 1
e 0 1 0
e 1 2 0
e 2 3 0
e 3 4 0
f 138
t # 188
v 0 0
v 1 22
v 2 1
v 3 1
v 4 0
e 0 1 0
e 1 2 0
e 2 3 0
e 2 4 0
f 84
t # 189
v 0 0
v 1 22
v 2 4
e 0 1 0
e 1 2 0
f 676
t # 190
v 0 0
v 1 28
v 2 1
v 3 0
v 4 3
e 0 1 0
e 1 2 0
e 2 3 0
e 3 4 0
f 107
t # 191
v 0 0
v 1 22
v 2 1
v 3 1
v 4 1
e 0 1 0
e 1 2 0
e 2 3 0
e 3 4 0
f 87
t # 192
v 0 0
v 1 0
v 2 0
v 3 4
v 4 0
v 5 29
e 0 1 0
e 0 5 0
e 1 2 0
e 2 3 0
e 3 4 0
f 92
t # 193
v 0 0
v 1 19
v 2 3
v 3 0
v 4 1
e 0 1 0
e 1 2 0
e 2 3 0
e 3 4 0
f 96
t # 194
v 0 0
v 1 25
v 2 4
v 3 2
e 0 1 0
e 1 2 0
e 2 3 0
f 102
t # 195
v 0 0
v 1 23
v 2 4
v 3 0
v 4 1
e 0 1 0
e 1 2 0
e 2 3 0
e 3 4 0
f 108
t # 196
v 0 0
v 1 2
v 2 26
v 3 1
e 0 1 0
e 1 2 0
e 2 3 0
f 145
t # 197
v 0 0
v 1 0
v 2 22
v 3 22
e 0 1 0
e 1 2 0
e 2 3 0
f 98
t # 198
v 0 0
v 1 22
v 2 0
v 3 2
e 0 1 0
e 1 2 0
e 2 3 0
f 224
t # 199
v 0 0
v 1 24
v 2 0
v 3 0
v 4 3
e 0 1 0
e 1 2 0
e 2 3 0
e 3 4 0
f 119
t # 200
v 0 0
v 1 23
v 2 0
v 3 1
v 4 4
e 0 1 0
e 0 4 0
e 1 2 0
e 2 3 0
f 118
t # 201
v 0 0
v 1 23
v 2 1
v 3 3
e 0 1 0
e 0 3 0
e 1 2 0
f 220
t # 202
v 0 0
v 1 0
v 2 4
v 3 1
v 4 0
v 5 27
e 0 1 0
e 0 5 0
e 1 2 0
e 2 3 0
e 3 4 0
f 87
t # 203
v 0 0
v 1 23
v 2 0
v 3 0
v 4 0
v 5 1
e 0 1 0
e 0 4 0
e 1 2 0
e 2 3 0
e 3 5 0
f 92
t # 204
v 0 0
v 1 28
v 2 4
v 3 0
e 0 1 0
e 1 2 0
e 1 3 0
f 105
t # 205
v 0 0
v 1 25
v 2 2
v 3 3
e 0 1 0
e 0 3 0
e 1 2 0
f 110
t # 206
v 0 0
v 1 22
v 2 0
v 3 0
v 4 0
v 5 4
e 0 1 0
e 0 5 0
e 1 2 0
e 2 3 0
e 3 4 0
f 88
t # 207
v 0 0
v 1 23
v 2 0
v 3 0
v 4 0
v 5 1
e 0 1 0
e 1 2 0
e 2 3 0
e 3 4 0
e 4 5 0
f 106
t # 208
v 0 0
v 1 28
v 2 4
e 0 1 0
e 1 2 0
f 611
t # 209
v 0 0
v 1 18
v 2 1
v 3 4
v 4 0
e 0 1 0
e 1 2 0
e 2 3 0
e 3 4 0
f 119
t # 210
v 0 0
v 1 19
v 2 0
v 3 1
v 4 4
e 0 1 0
e 1 2 0
e 2 3 0
e 3 4 0
f 109
t # 211
v 0 0
v 1 27
v 2 0
v 3 2
e 0 1 0
e 1 2 0
e 2 3 0
f 261
t # 212
v 0 0
v 1 29
v 2 4
v 3 0
e 0 1 0
e 1 2 0
e 2 3 0
f 306
t # 213
v 0 0
v 1 22
v 2 3
v 3 3
e 0 1 0
e 0 3 0
e 1 2 0
f 115
t # 214
v 0 0
v 1 18
v 2 0
v 3 0
e 0 1 0
e 1 2 0
e 1 3 0
f 84
t # 215
v 0 0
v 1 29
v 2 0
v 3 0
v 4 1
v 5 0
e 0 1 0
e 0 4 0
e 1 2 0
e 2 3 0
e 4 5 0
f 105
t # 216
v 0 0
v 1 28
v 2 4
v 3 3
e 0 1 0
e 0 3 0
e 1 2 0
f 165
t # 217
v 0 0
v 1 28
v 2 1
v 3 0
e 0 1 0
e 1 2 0
e 2 3 0
f 400
t # 218
v 0 0
v 1 25
v 2 4
v 3 0
v 4 0
v 5 0
e 0 1 0
e 1 2 0
e 2 3 0
e 3 4 0
e 4 5 0
f 86
t # 219
v 0 0
v 1 0
v 2 29
v 3 1
e 0 1 0
e 1 2 0
e 2 3 0
f 405
t # 220
v 0 0
v 1 22
v 2 0
v 3 0
v 4 0
e 0 1 0
e 1 2 0
e 2 3 0
e 3 4 0
f 267
t # 221
v 0 0
v 1 29
v 2 0
v 3 2
v 4 0
e 0 1 0
e 1 2 0
e 2 3 0
e 3 4 0
f 98
t # 222
v 0 0
v 1 0
v 2 3
v 3 1
v 4 29
e 0 1 0
e 0 4 0
e 1 2 0
e 2 3 0
f 105
t # 223
v 0 0
v 1 1
v 2 4
v 3 1
v 4 26
e 0 1 0
e 0 4 0
e 1 2 0
e 2 3 0
f 94
t # 224
v 0 0
v 1 25
v 2 4
v 3 4
e 0 1 0
e 0 3 0
e 1 2 0
f 177
t # 225
v 0 0
v 1 1
v 2 24
v 3 4
e 0 1 0
e 1 2 0
e 2 3 0
f 232
t # 226
v 0 0
v 1 22
v 2 22
e 0 1 0
e 0 2 0
f 112
t # 227
v 0 0
v 1 22
v 2 0
v 3 4
v 4 4
e 0 1 0
e 1 2 0
e 2 3 0
e 3 4 0
f 88
t # 228
v 0 0
v 1 28
v 2 4
v 3 4
e 0 1 0
e 1 2 0
e 2 3 0
f 163
t # 229
v 0 0
v 1 29
v 2 0
v 3 1
e 0 1 0
e 1 2 0
e 2 3 0
f 385
t # 230
v 0 0
v 1 27
v 2 0
v 3 0
v 4 0
e 0 1 0
e 1 2 0
e 2 3 0
e 2 4 0
f 85
t # 231
v 0 0
v 1 28
v 2 0
v 3 1
v 4 4
e 0 1 0
e 1 2 0
e 2 3 0
e 3 4 0
f 113
t # 232
v 0 0
v 1 25
v 2 0
v 3 4
v 4 1
e 0 1 0
e 1 2 0
e 2 3 0
e 3 4 0
f 101
t # 233
v 0 0
v 1 19
v 2 0
v 3 0
v 4 0
v 5 4
e 0 1 0
e 1 2 0
e 2 3 0
e 3 4 0
e 4 5 0
f 82
t # 234
v 0 0
v 1 22
v 2 0
v 3 0
v 4 3
e 0 1 0
e 1 2 0
e 2 3 0
e 3 4 0
f 160
t # 235
v 0 0
v 1 22
v 2 2
v 3 0
v 4 0
e 0 1 0
e 0 4 0
e 1 2 0
e 2 3 0
f 104
t # 236
v 0 0
v 1 21
v 2 0
v 3 1
v 4 3
e 0 1 0
e 0 4 0
e 1 2 0
e 2 3 0
f 101
t # 237
v 0 0
v 1 25
v 2 0
v 3 0
v 4 0
e 0 1 0
e 1 2 0
e 2 3 0
e 3 4 0
f 264
t # 238
v 0 0
v 1 29
v 2 2
v 3 4
e 0 1 0
e 1 2 0
e 2 3 0
f 117
t # 239
v 0 0
v 1 22
v 2 0
v 3 0
v 4 1
v 5 0
e 0 1 0
e 0 4 0
e 1 2 0
e 2 3 0
e 4 5 0
f 113
t # 240
v 0 0
v 1 28
v 2 4
v 3 1
e 0 1 0
e 1 2 0
e 1 3 0
f 133
t # 241
v 0 0
v 1 16
v 2 4
v 3 0
e 0 1 0
e 1 2 0
e 1 3 0
f 92
t # 242
v 0 0
v 1 23
v 2 0
v 3 0
v 4 3
e 0 1 0
e 0 4 0
e 1 2 0
e 2 3 0
f 127
t # 243
v 0 0
v 1 25
v 2 0
v 3 0
v 4 1
v 5 0
e 0 1 0
e 0 4 0
e 1 2 0
e 2 3 0
e 4 5 0
f 88
t # 244
v 0 0
v 1 23
v 2 1
v 3 4
v 4 0
e 0 1 0
e 1 2 0
e 2 3 0
e 3 4 0
f 135
t # 245
v 0 0
v 1 25
v 2 3
v 3 4
e 0 1 0
e 1 2 0
e 2 3 0
f 141
t # 246
v 0 0
v 1 22
v 2 1
v 3 1
v 4 0
e 0 1 0
e 0 3 0
e 1 2 0
e 1 4 0
f 85
t # 247
v 0 0
v 1 3
v 2 28
v 3 4
e 0 1 0
e 1 2 0
e 2 3 0
f 141
t # 248
v 0 0
v 1 25
v 2 3
v 3 0
e 0 1 0
e 1 2 0
e 2 3 0
f 266
t # 249
v 0 0
v 1 18
v 2 2
v 3 4
e 0 1 0
e 1 2 0
e 2 3 0
f 104
t # 250
v 0 0
v 1 2
v 2 24
v 3 4
e 0 1 0
e 1 2 0
e 2 3 0
f 109
t # 251
v 0 0
v 1 23
v 2 1
v 3 0
v 4 3
e 0 1 0
e 0 4 0
e 1 2 0
e 2 3 0
f 106
t # 252
v 0 0
v 1 29
v 2 0
v 3 1
v 4 0
e 0 1 0
e 1 2 0
e 2 3 0
e 3 4 0
f 208
t # 253
v 0 0
v 1 23
v 2 0
v 3 0
v 4 0
e 0 1 0
e 1 2 0
e 2 3 0
e 3 4 0
f 251
t # 254
v 0 0
v 1 29
v 2 3
v 3 3
e 0 1 0
e 0 3 0
e 1 2 0
f 133
t # 255
v 0 0
v 1 25
v 2 0
v 3 0
e 0 1 0
e 1 2 0
e 2 3 0
f 483
t # 256
v 0 0
v 1 4
v 2 0
v 3 28
v 4 1
e 0 1 0
e 1 2 0
e 2 3 0
e 3 4 0
f 129
t # 257
v 0 0
v 1 0
v 2 1
v 3 27
v 4 2
e 0 1 0
e 1 2 0
e 2 3 0
e 3 4 0
f 80
t # 258
v 0 0
v 1 28
v 2 4
v 3 3
e 0 1 0
e 1 2 0
e 2 3 0
f 147
t # 259
v 0 0
v 1 28
v 2 3
v 3 3
e 0 1 0
e 0 3 0
e 1 2 0
f 113
t # 260
v 0 0
v 1 28
v 2 0
v 3 0
v 4 1
v 5 0
e 0 1 0
e 1 2 0
e 2 3 0
e 3 4 0
e 4 5 0
f 101
t # 261
v 0 0
v 1 0
v 2 0
v 3 27
v 4 2
e 0 1 0
e 1 2 0
e 2 3 0
e 3 4 0
f 112
t # 262
v 0 0
v 1 24
v 2 0
v 3 4
v 4 1
e 0 1 0
e 1 2 0
e 2 3 0
e 3 4 0
f 106
t # 263
v 0 0
v 1 28
v 2 2
v 3 0
v 4 0
e 0 1 0
e 0 4 0
e 1 2 0
e 2 3 0
f 85
t # 264
v 0 0
v 1 26
v 2 0
v 3 1
v 4 0
v 5 0
e 0 1 0
e 1 2 0
e 2 3 0
e 3 4 0
e 4 5 0
f 108
t # 265
v 0 0
v 1 1
v 2 4
v 3 0
v 4 29
e 0 1 0
e 0 4 0
e 1 2 0
e 2 3 0
f 119
t # 266
v 0 0
v 1 24
v 2 24
e 0 1 0
e 0 2 0
f 120
t # 267
v 0 0
v 1 24
v 2 4
v 3 0
v 4 0
e 0 1 0
e 1 2 0
e 2 3 0
e 3 4 0
f 142
t # 268
v 0 0
v 1 27
v 2 0
v 3 0
v 4 4
e 0 1 0
e 0 4 0
e 1 2 0
e 2 3 0
f 150
t # 269
v 0 0
v 1 24
v 2 4
v 3 1
v 4 1
e 0 1 0
e 0 4 0
e 1 2 0
e 2 3 0
f 81
t # 270
v 0 0
v 1 23
v 2 4
v 3 0
e 0 1 0
e 1 2 0
e 2 3 0
f 286
t # 271
v 0 0
v 1 29
v 2 4
v 3 1
v 4 1
e 0 1 0
e 1 2 0
e 2 3 0
e 3 4 0
f 82
t # 272
v 0 0
v 1 3
v 2 1
v 3 0
v 4 29
e 0 1 0
e 0 4 0
e 1 2 0
e 2 3 0
f 109
t # 273
v 0 0
v 1 28
v 2 1
v 3 1
e 0 1 0
e 1 2 0
e 2 3 0
f 288
t # 274
v 0 0
v 1 29
v 2 0
v 3 1
v 4 3
e 0 1 0
e 0 4 0
e 1 2 0
e 2 3 0
f 114
t # 275
v 0 0
v 1 25
v 2 1
v 3 0
v 4 0
v 5 0
e 0 1 0
e 1 2 0
e 2 3 0
e 3 4 0
e 4 5 0
f 108
t # 276
v 0 0
v 1 29
v 2 3
v 3 1
e 0 1 0
e 1 2 0
e 2 3 0
f 194
t # 277
v 0 0
v 1 25
v 2 3
v 3 0
e 0 1 0
e 1 2 0
e 1 3 0
f 89
t # 278
v 0 0
v 1 19
v 2 4
v 3 0
v 4 4
e 0 1 0
e 0 4 0
e 1 2 0
e 2 3 0
f 88
t # 279
v 0 0
v 1 25
v 2 2
v 3 4
e 0 1 0
e 1 2 0
e 2 3 0
f 125
t # 280
v 0 0
v 1 25
v 2 0
v 3 1
v 4 0
e 0 1 0
e 1 2 0
e 2 3 0
e 3 4 0
f 185
t # 281
v 0 0
v 1 24
v 2 2
v 3 2
e 0 1 0
e 0 3 0
e 1 2 0
f 81
t # 282
v 0 0
v 1 1
v 2 24
v 3 2
e 0 1 0
e 0 2 0
e 2 3 0
f 151
t # 283
v 0 0
v 1 26
v 2 3
v 3 0
e 0 1 0
e 1 2 0
e 1 3 0
f 96
t # 284
v 0 0
v 1 20
v 2 2
v 3 0
v 4 1
e 0 1 0
e 1 2 0
e 2 3 0
e 3 4 0
f 87
t # 285
v 0 0
v 1 23
v 2 0
v 3 3
v 4 0
e 0 1 0
e 1 2 0
e 2 3 0
e 2 4 0
f 80
t # 286
v 0 0
v 1 25
v 2 1
v 3 2
e 0 1 0
e 1 2 0
e 2 3 0
f 149
t # 287
v 0 0
v 1 25
v 2 0
v 3 4
v 4 0
v 5 0
e 0 1 0
e 1 2 0
e 2 3 0
e 3 4 0
e 4 5 0
f 103
t # 288
v 0 0
v 1 25
v 2 0
e 0 1 0
e 1 2 0
f 680
t # 289
v 0 0
v 1 29
v 2 0
v 3 0
v 4 1
e 0 1 0
e 0 4 0
e 1 2 0
e 2 3 0
f 209
t # 290
v 0 0
v 1 25
v 2 0
v 3 2
v 4 1
e 0 1 0
e 1 2 0
e 2 3 0
e 3 4 0
f 85
t # 291
v 0 0
v 1 22
v 2 4
v 3 0
v 4 0
e 0 1 0
e 1 2 0
e 2 3 0
e 3 4 0
f 161
t # 292
v 0 0
v 1 17
v 2 1
v 3 0
e 0 1 0
e 1 2 0
e 1 3 0
f 156
t # 293
v 0 0
v 1 25
v 2 4
v 3 1
v 4 0
e 0 1 0
e 1 2 0
e 2 3 0
e 3 4 0
f 111
t # 294
v 0 0
v 1 24
v 2 0
v 3 0
v 4 0
v 5 0
e 0 1 0
e 0 4 0
e 1 2 0
e 2 3 0
e 3 5 0
f 123
t # 295
v 0 0
v 1 29
v 2 0
v 3 0
v 4 2
e 0 1 0
e 1 2 0
e 2 3 0
e 3 4 0
f 108
t # 296
v 0 0
v 1 20
v 2 0
v 3 0
v 4 1
e 0 1 0
e 1 2 0
e 2 3 0
e 3 4 0
f 216
t # 297
v 0 0
v 1 0
v 2 0
v 3 28
v 4 1
v 5 0
e 0 1 0
e 1 2 0
e 2 3 0
e 3 4 0
e 4 5 0
f 91
t # 298
v 0 0
v 1 25
v 2 1
v 3 3
e 0 1 0
e 1 2 0
e 2 3 0
f 199
t # 299
v 0 0
v 1 4
v 2 0
v 3 4
v 4 28
e 0 1 0
e 0 4 0
e 1 2 0
e 2 3 0
f 86
t # 300
v 0 0
v 1 0
v 2 25
v 3 4
e 0 1 0
e 1 2 0
e 2 3 0
f 307
t # 301
v 0 0
v 1 24
v 2 4
v 3 0
e 0 1 0
e 1 2 0
e 1 3 0
f 87
t # 302
v 0 0
v 1 28
v 2 4
v 3 0
v 4 0
e 0 1 0
e 1 2 0
e 2 3 0
e 3 4 0
f 138
t # 303
v 0 0
v 1 25
v 2 1
v 3 3
v 4 0
e 0 1 0
e 1 2 0
e 2 3 0
e 3 4 0
f 91
t # 304
v 0 0
v 1 21
v 2 0
v 3 0
v 4 0
e 0 1 0
e 1 2 0
e 2 3 0
e 2 4 0
f 98
t # 305
v 0 0
v 1 22
v 2 1
v 3 2
e 0 1 0
e 1 2 0
e 2 3 0
f 167
t # 306
v 0 0
v 1 25
v 2 0
v 3 0
v 4 1
v 5 0
e 0 1 0
e 1 2 0
e 2 3 0
e 3 4 0
e 4 5 0
f 111
t # 307
v 0 0
v 1 24
v 2 0
v 3 0
v 4 0
e 0 1 0
e 1 2 0
e 2 3 0
e 3 4 0
f 257
t # 308
v 0 0
v 1 1
v 2 24
v 3 3
e 0 1 0
e 0 2 0
e 2 3 0
f 184
t # 309
v 0 0
v 1 0
v 2 24
v 3 4
e 0 1 0
e 1 2 0
e 2 3 0
f 296
t # 310
v 0 0
v 1 29
v 2 0
v 3 0
e 0 1 0
e 1 2 0
e 2 3 0
f 470
t # 311
v 0 0
v 1 28
v 2 0
v 3 1
v 4 1
e 0 1 0
e 1 2 0
e 1 4 0
e 2 3 0
f 84
t # 312
v 0 0
v 1 25
v 2 0
v 3 3
v 4 0
e 0 1 0
e 1 2 0
e 2 3 0
e 3 4 0
f 123
t # 313
v 0 0
v 1 25
v 2 1
e 0 1 0
e 1 2 0
f 760
t # 314
v 0 0
v 1 24
v 2 0
v 3 0
v 4 0
e 0 1 0
e 0 4 0
e 1 2 0
e 2 3 0
f 161
t # 315
v 0 0
v 1 23
v 2 3
v 3 1
v 4 0
e 0 1 0
e 1 2 0
e 2 3 0
e 3 4 0
f 80
t # 316
v 0 0
v 1 18
v 2 4
v 3 0
e 0 1 0
e 1 2 0
e 1 3 0
f 123
t # 317
v 0 0
v 1 29
v 2 0
v 3 0
v 4 0
v 5 0
e 0 1 0
e 1 2 0
e 2 3 0
e 3 4 0
e 4 5 0
f 125
t # 318
v 0 0
v 1 27
v 2 4
e 0 1 0
e 1 2 0
f 646
t # 319
v 0 0
v 1 24
v 2 3
v 3 4
e 0 1 0
e 1 2 0
e 2 3 0
f 132
t # 320
v 0 0
v 1 24
v 2 1
v 3 0
v 4 4
e 0 1 0
e 0 4 0
e 1 2 0
e 2 3 0
f 89
t # 321
v 0 0
v 1 20
v 2 3
v 3 0
v 4 0
e 0 1 0
e 1 2 0
e 2 3 0
e 3 4 0
f 131
t # 322
v 0 0
v 1 29
v 2 0
v 3 0
v 4 3
e 0 1 0
e 1 2 0
e 2 3 0
e 3 4 0
f 145
t # 323
v 0 0
v 1 23
v 2 1
v 3 1
e 0 1 0
e 0 3 0
e 1 2 0
f 317
t # 324
v 0 0
v 1 22
v 2 1
v 3 0
v 4 0
v 5 4
e 0 1 0
e 1 2 0
e 2 3 0
e 3 4 0
e 4 5 0
f 80
t # 325
v 0 0
v 1 26
v 2 3
e 0 1 0
e 1 2 0
f 593
t # 326
v 0 0
v 1 25
v 2 0
v 3 1
e 0 1 0
e 1 2 0
e 2 3 0
f 376
t # 327
v 0 0
v 1 25
v 2 2
v 3 0
v 4 0
e 0 1 0
e 1 2 0
e 2 3 0
e 3 4 0
f 102
t # 328
v 0 0
v 1 29
v 2 0
e 0 1 0
e 1 2 0
f 655
t # 329
v 0 0
v 1 28
v 2 0
v 3 0
v 4 1
e 0 1 0
e 0 4 0
e 1 2 0
e 2 3 0
f 221
t # 330
v 0 0
v 1 22
v 2 0
v 3 1
v 4 2
e 0 1 0
e 0 4 0
e 1 2 0
e 2 3 0
f 80
t # 331
v 0 0
v 1 28
v 2 0
v 3 4
e 0 1 0
e 1 2 0
e 2 3 0
f 288
t # 332
v 0 0
v 1 23
v 2 0
v 3 3
v 4 0
e 0 1 0
e 1 2 0
e 2 3 0
e 3 4 0
f 134
t # 333
v 0 0
v 1 29
v 2 4
v 3 0
e 0 1 0
e 1 2 0
e 1 3 0
f 116
t # 334
v 0 0
v 1 20
v 2 0
v 3 1
v 4 0
v 5 0
e 0 1 0
e 1 2 0
e 2 3 0
e 3 4 0
e 4 5 0
f 99
t # 335
v 0 0
v 1 24
v 2 1
v 3 3
e 0 1 0
e 0 3 0
e 1 2 0
f 180
t # 336
v 0 0
v 1 22
v 2 2
v 3 0
e 0 1 0
e 1 2 0
e 2 3 0
f 208
t # 337
v 0 0
v 1 23
v 2 0
v 3 0
v 4 0
v 5 4
e 0 1 0
e 0 4 0
e 1 2 0
e 2 3 0
e 3 5 0
f 82
t # 338
v 0 0
v 1 22
v 2 0
v 3 1
v 4 1
e 0 1 0
e 1 2 0
e 2 3 0
e 3 4 0
f 145
t # 339
v 0 0
v 1 25
v 2 0
v 3 2
v 4 0
e 0 1 0
e 1 2 0
e 2 3 0
e 3 4 0
f 105
t # 340
v 0 0
v 1 27
v 2 0
v 3 0
e 0 1 0
e 1 2 0
e 1 3 0
f 93
t # 341
v 0 0
v 1 25
v 2 4
v 3 0
v 4 1
e 0 1 0
e 0 4 0
e 1 2 0
e 2 3 0
f 101
t # 342
v 0 0
v 1 24
v 2 0
v 3 1
v 4 1
e 0 1 0
e 1 2 0
e 2 3 0
e 3 4 0
f 150
t # 343
v 0 0
v 1 28
v 2 1
v 3 0
v 4 3
e 0 1 0
e 0 4 0
e 1 2 0
e 2 3 0
f 94
t # 344
v 0 0
v 1 23
v 2 0
v 3 2
v 4 0
e 0 1 0
e 1 2 0
e 2 3 0
e 3 4 0
f 109
t # 345
v 0 0
v 1 24
v 2 2
v 3 0
v 4 0
e 0 1 0
e 1 2 0
e 2 3 0
e 3 4 0
f 92
t # 346
v 0 0
v 1 26
v 2 3
v 3 1
e 0 1 0
e 1 2 0
e 2 3 0
f 196
t # 347
v 0 0
v 1 18
v 2 4
v 3 0
v 4 0
e 0 1 0
e 1 2 0
e 2 3 0
e 3 4 0
f 161
t # 348
v 0 0
v 1 4
v 2 23
v 3 3
e 0 1 0
e 0 2 0
e 2 3 0
f 142
t # 349
v 0 0
v 1 27
v 2 1
v 3 4
v 4 0
e 0 1 0
e 1 2 0
e 2 3 0
e 2 4 0
f 85
t # 350
v 0 0
v 1 29
v 2 0
v 3 0
v 4 0
v 5 0
e 0 1 0
e 0 4 0
e 1 2 0
e 2 3 0
e 3 5 0
f 101
t # 351
v 0 0
v 1 25
v 2 2
v 3 0
e 0 1 0
e 1 2 0
e 2 3 0
f 226
t # 352
v 0 0
v 1 26
v 2 1
e 0 1 0
e 1 2 0
f 794
t # 353
v 0 0
v 1 28
v 2 0
v 3 4
v 4 0
e 0 1 0
e 1 2 0
e 2 3 0
e 3 4 0
f 147
t # 354
v 0 0
v 1 28
v 2 2
v 3 3
e 0 1 0
e 0 3 0
e 1 2 0
f 97
t # 355
v 0 0
v 1 22
v 2 0
v 3 4
e 0 1 0
e 1 2 0
e 2 3 0
f 312
t # 356
v 0 0
v 1 28
v 2 2
v 3 4
e 0 1 0
e 1 2 0
e 2 3 0
f 110
t # 357
v 0 0
v 1 25
v 2 0
v 3 3
e 0 1 0
e 1 2 0
e 2 3 0
f 270
t # 358
v 0 0
v 1 22
v 2 3
v 3 1
e 0 1 0
e 1 2 0
e 2 3 0
f 197
t # 359
v 0 0
v 1 23
v 2 1
v 3 4
e 0 1 0
e 1 2 0
e 2 3 0
f 262
t # 360
v 0 0
v 1 22
v 2 1
v 3 0
v 4 1
e 0 1 0
e 0 4 0
e 1 2 0
e 2 3 0
f 148
t # 361
v 0 0
v 1 24
v 2 4
v 3 4
e 0 1 0
e 1 2 0
e 2 3 0
f 180
t # 362
v 0 0
v 1 25
v 2 0
v 3 0
v 4 4
e 0 1 0
e 1 2 0
e 2 3 0
e 2 4 0
f 105
t # 363
v 0 0
v 1 23
v 2 0
e 0 1 0
e 1 2 0
f 634
t # 364
v 0 0
v 1 22
v 2 0
v 3 0
v 4 2
e 0 1 0
e 0 4 0
e 1 2 0
e 2 3 0
f 106
t # 365
v 0 0
v 1 24
v 2 4
v 3 0
v 4 1
e 0 1 0
e 1 2 0
e 2 3 0
e 3 4 0
f 114
t # 366
v 0 0
v 1 28
v 2 1
v 3 0
v 4 0
v 5 0
e 0 1 0
e 1 2 0
e 2 3 0
e 3 4 0
e 4 5 0
f 98
t # 367
v 0 0
v 1 22
v 2 0
v 3 3
v 4 0
e 0 1 0
e 1 2 0
e 2 3 0
e 3 4 0
f 118
t # 368
v 0 0
v 1 25
v 2 4
v 3 0
v 4 1
e 0 1 0
e 1 2 0
e 2 3 0
e 3 4 0
f 113
t # 369
v 0 0
v 1 23
v 2 3
v 3 0
e 0 1 0
e 1 2 0
e 2 3 0
f 265
t # 370
v 0 0
v 1 24
v 2 1
e 0 1 0
e 1 2 0
f 754
t # 371
v 0 0
v 1 25
v 2 0
v 3 0
v 4 0
v 5 4
e 0 1 0
e 1 2 0
e 2 3 0
e 3 4 0
e 4 5 0
f 85
t # 372
v 0 0
v 1 24
v 2 3
v 3 0
v 4 1
e 0 1 0
e 1 2 0
e 2 3 0
e 3 4 0
f 93
t # 373
v 0 0
v 1 24
v 2 0
v 3 0
v 4 0
v 5 1
e 0 1 0
e 1 2 0
e 2 3 0
e 3 4 0
e 4 5 0
f 110
t # 374
v 0 0
v 1 0
v 2 1
v 3 25
v 4 4
e 0 1 0
e 0 3 0
e 1 2 0
e 3 4 0
f 107
t # 375
v 0 0
v 1 23
v 2 1
v 3 4
v 4 0
e 0 1 0
e 1 2 0
e 2 3 0
e 2 4 0
f 80
t # 376
v 0 0
v 1 25
v 2 0
v 3 1
v 4 4
e 0 1 0
e 0 4 0
e 1 2 0
e 2 3 0
f 132
t # 377
v 0 0
v 1 22
v 2 0
v 3 2
v 4 1
e 0 1 0
e 1 2 0
e 2 3 0
e 3 4 0
f 89
t # 378
v 0 0
v 1 18
v 2 0
v 3 0
v 4 0
v 5 4
e 0 1 0
e 1 2 0
e 2 3 0
e 3 4 0
e 4 5 0
f 80
t # 379
v 0 0
v 1 29
v 2 4
v 3 3
e 0 1 0
e 0 3 0
e 1 2 0
f 178
t # 380
v 0 0
v 1 22
v 2 0
v 3 0
v 4 2
e 0 1 0
e 1 2 0
e 2 3 0
e 3 4 0
f 92
t # 381
v 0 0
v 1 28
v 2 1
v 3 1
v 4 4
e 0 1 0
e 1 2 0
e 2 3 0
e 3 4 0
f 96
t # 382
v 0 0
v 1 29
v 2 1
v 3 1
e 0 1 0
e 1 2 0
e 2 3 0
f 270
t # 383
v 0 0
v 1 22
v 2 1
v 3 3
v 4 0
e 0 1 0
e 1 2 0
e 2 3 0
e 3 4 0
f 94
t # 384
v 0 0
v 1 26
v 2 4
v 3 1
v 4 0
e 0 1 0
e 1 2 0
e 2 3 0
e 2 4 0
f 87
t # 385
v 0 0
v 1 27
v 2 1
v 3 1
v 4 1
e 0 1 0
e 0 3 0
e 1 2 0
e 3 4 0
f 98
t # 386
v 0 0
v 1 23
v 2 1
v 3 1
v 4 1
e 0 1 0
e 0 3 0
e 1 2 0
e 3 4 0
f 128
t # 387
v 0 0
v 1 27
v 2 4
v 3 3
e 0 1 0
e 0 3 0
e 1 2 0
f 159
t # 388
v 0 0
v 1 28
v 2 3
v 3 0
e 0 1 0
e 1 2 0
e 1 3 0
f 80
t # 389
v 0 0
v 1 1
v 2 28
v 3 3
e 0 1 0
e 0 2 0
e 2 3 0
f 191
t # 390
v 0 0
v 1 24
v 2 1
v 3 0
v 4 1
e 0 1 0
e 0 4 0
e 1 2 0
e 2 3 0
f 130
t # 391
v 0 0
v 1 29
v 2 0
v 3 4
e 0 1 0
e 1 2 0
e 2 3 0
f 288
t # 392
v 0 0
v 1 23
v 2 0
v 3 0
v 4 0
e 0 1 0
e 1 2 0
e 2 3 0
e 2 4 0
f 89
t # 393
v 0 0
v 1 29
v 2 0
v 3 0
v 4 4
e 0 1 0
e 1 2 0
e 2 3 0
e 3 4 0
f 153
t # 394
v 0 0
v 1 22
v 2 0
v 3 0
v 4 1
e 0 1 0
e 1 2 0
e 2 3 0
e 3 4 0
f 216
t # 395
v 0 0
v 1 23
v 2 1
v 3 0
v 4 4
e 0 1 0
e 1 2 0
e 2 3 0
e 3 4 0
f 123
t # 396
v 0 0
v 1 28
v 2 4
v 3 0
v 4 1
e 0 1 0
e 1 2 0
e 2 3 0
e 3 4 0
f 104
t # 397
v 0 0
v 1 29
v 2 1
v 3 3
e 0 1 0
e 0 3 0
e 1 2 0
f 218
t # 398
v 0 0
v 1 25
v 2 0
v 3 3
v 4 4
e 0 1 0
e 1 2 0
e 2 3 0
e 3 4 0
f 80
t # 399
v 0 0
v 1 28
v 2 1
v 3 3
v 4 0
e 0 1 0
e 1 2 0
e 2 3 0
e 3 4 0
f 89
t # 400
v 0 0
v 1 29
v 2 4
e 0 1 0
e 1 2 0
f 621
t # 401
v 0 0
v 1 21
v 2 3
v 3 0
v 4 0
e 0 1 0
e 1 2 0
e 2 3 0
e 3 4 0
f 163
t # 402
v 0 0
v 1 21
v 2 1
v 3 0
v 4 4
e 0 1 0
e 1 2 0
e 2 3 0
e 3 4 0
f 117
t # 403
v 0 0
v 1 29
v 2 1
v 3 2
e 0 1 0
e 1 2 0
e 2 3 0
f 138
t # 404
v 0 0
v 1 25
v 2 4
v 3 0
e 0 1 0
e 1 2 0
e 1 3 0
f 114
t # 405
v 0 0
v 1 21
v 2 2
v 3 4
e 0 1 0
e 1 2 0
e 2 3 0
f 139
t # 406
v 0 0
v 1 25
v 2 1
v 3 4
e 0 1 0
e 1 2 0
e 2 3 0
f 230
t # 407
v 0 0
v 1 24
v 2 0
v 3 4
e 0 1 0
e 1 2 0
e 2 3 0
f 273
t # 408
v 0 0
v 1 22
v 2 1
v 3 0
e 0 1 0
e 1 2 0
e 1 3 0
f 163
t # 409
v 0 0
v 1 28
v 2 0
v 3 0
v 4 0
e 0 1 0
e 0 4 0
e 1 2 0
e 2 3 0
f 144
t # 410
v 0 0
v 1 22
v 2 2
v 3 3
e 0 1 0
e 0 3 0
e 1 2 0
f 121
t # 411
v 0 0
v 1 21
v 2 1
v 3 0
v 4 3
e 0 1 0
e 1 2 0
e 2 3 0
e 3 4 0
f 109
t # 412
v 0 0
v 1 23
v 2 0
v 3 3
v 4 1
e 0 1 0
e 1 2 0
e 2 3 0
e 3 4 0
f 88
t # 413
v 0 0
v 1 0
v 2 3
v 3 29
v 4 1
e 0 1 0
e 1 2 0
e 2 3 0
e 3 4 0
f 110
t # 414
v 0 0
v 1 0
v 2 4
v 3 4
v 4 26
e 0 1 0
e 1 2 0
e 2 3 0
e 3 4 0
f 86
t # 415
v 0 0
v 1 24
v 2 1
v 3 0
v 4 0
e 0 1 0
e 1 2 0
e 2 3 0
e 3 4 0
f 186
t # 416
v 0 0
v 1 23
v 2 3
v 3 0
v 4 1
e 0 1 0
e 1 2 0
e 2 3 0
e 3 4 0
f 100
t # 417
v 0 0
v 1 24
v 2 1
v 3 4
e 0 1 0
e 1 2 0
e 2 3 0
f 221
t # 418
v 0 0
v 1 23
v 2 0
v 3 2
e 0 1 0
e 1 2 0
e 2 3 0
f 209
t # 419
v 0 0
v 1 23
v 2 2
v 3 0
v 4 0
e 0 1 0
e 1 2 0
e 2 3 0
e 3 4 0
f 93
t # 420
v 0 0
v 1 29
v 2 0
v 3 0
v 4 0
e 0 1 0
e 1 2 0
e 2 3 0
e 3 4 0
f 248
t # 421
v 0 0
v 1 28
v 2 0
v 3 28
e 0 1 0
e 1 2 0
e 2 3 0
f 95
t # 422
v 0 0
v 1 23
v 2 0
v 3 1
v 4 0
v 5 0
e 0 1 0
e 1 2 0
e 2 3 0
e 3 4 0
e 4 5 0
f 93
t # 423
v 0 0
v 1 28
v 2 3
e 0 1 0
e 1 2 0
f 522
t # 424
v 0 0
v 1 29
v 2 0
v 3 1
v 4 1
e 0 1 0
e 1 2 0
e 2 3 0
e 3 4 0
f 151
t # 425
v 0 0
v 1 26
v 2 4
v 3 0
e 0 1 0
e 1 2 0
e 1 3 0
f 124
t # 426
v 0 0
v 1 23
v 2 4
e 0 1 0
e 1 2 0
f 606
t # 427
v 0 0
v 1 28
v 2 0
v 3 1
v 4 0
e 0 1 0
e 1 2 0
e 2 3 0
e 3 4 0
f 192
t # 428
v 0 0
v 1 29
v 2 1
v 3 0
v 4 4
e 0 1 0
e 1 2 0
e 2 3 0
e 3 4 0
f 131
t # 429
v 0 0
v 1 16
v 2 4
v 3 4
v 4 0
e 0 1 0
e 1 2 0
e 2 3 0
e 3 4 0
f 80
t # 430
v 0 0
v 1 22
v 2 0
v 3 4
v 4 1
e 0 1 0
e 1 2 0
e 2 3 0
e 3 4 0
f 118
t # 431
v 0 0
v 1 23
v 2 23
e 0 1 0
e 0 2 0
f 111
t # 432
v 0 0
v 1 23
v 2 3
v 3 3
e 0 1 0
e 1 2 0
e 2 3 0
f 108
t # 433
v 0 0
v 1 25
v 2 1
v 3 0
v 4 0
v 5 1
e 0 1 0
e 1 2 0
e 2 3 0
e 3 4 0
e 4 5 0
f 80
t # 434
v 0 0
v 1 24
v 2 0
v 3 4
v 4 0
v 5 0
e 0 1 0
e 1 2 0
e 2 3 0
e 3 4 0
e 4 5 0
f 83
t # 435
v 0 0
v 1 25
v 2 0
v 3 4
v 4 3
e 0 1 0
e 0 4 0
e 1 2 0
e 2 3 0
f 80
t # 436
v 0 0
v 1 24
v 2 0
v 3 0
v 4 0
e 0 1 0
e 1 2 0
e 2 3 0
e 2 4 0
f 94
t # 437
v 0 0
v 1 22
v 2 0
v 3 0
v 4 0
e 0 1 0
e 1 2 0
e 2 3 0
e 2 4 0
f 106
t # 438
v 0 0
v 1 23
v 2 1
v 3 4
v 4 1
e 0 1 0
e 0 3 0
e 1 2 0
e 3 4 0
f 81
t # 439
v 0 0
v 1 25
v 2 0
v 3 0
v 4 3
e 0 1 0
e 0 4 0
e 1 2 0
e 2 3 0
f 128
t # 440
v 0 0
v 1 24
v 2 1
v 3 4
e 0 1 0
e 0 3 0
e 1 2 0
f 225
t # 441
v 0 0
v 1 25
v 2 0
v 3 4
v 4 4
e 0 1 0
e 1 2 0
e 2 3 0
e 3 4 0
f 90
t # 442
v 0 0
v 1 22
v 2 0
v 3 0
v 4 4
e 0 1 0
e 0 4 0
e 1 2 0
e 2 3 0
f 168
t # 443
v 0 0
v 1 29
v 2 0
v 3 4
v 4 0
e 0 1 0
e 1 2 0
e 2 3 0
e 3 4 0
f 166
t # 444
v 0 0
v 1 22
v 2 0
v 3 1
e 0 1 0
e 1 2 0
e 2 3 0
f 375
t # 445
v 0 0
v 1 25
v 2 4
e 0 1 0
e 1 2 0
f 614
t # 446
v 0 0
v 1 22
v 2 1
v 3 0
v 4 3
e 0 1 0
e 1 2 0
e 2 3 0
e 3 4 0
f 102
t # 447
v 0 0
v 1 28
v 2 0
v 3 1
v 4 1
e 0 1 0
e 1 2 0
e 2 3 0
e 3 4 0
f 134
t # 448
v 0 0
v 1 22
v 2 0
v 3 0
v 4 1
v 5 0
e 0 1 0
e 1 2 0
e 2 3 0
e 3 4 0
e 4 5 0
f 102
t # 449
v 0 0
v 1 19
v 2 4
v 3 0
e 0 1 0
e 1 2 0
e 1 3 0
f 114
t # 450
v 0 0
v 1 28
v 2 4
v 3 4
e 0 1 0
e 0 3 0
e 1 2 0
f 170
t # 451
v 0 0
v 1 23
v 2 0
v 3 4
v 4 0
e 0 1 0
e 1 2 0
e 2 3 0
e 3 4 0
f 145
t # 452
v 0 0
v 1 17
v 2 1
v 3 1
v 4 4
e 0 1 0
e 1 2 0
e 2 3 0
e 3 4 0
f 98
t # 453
v 0 0
v 1 23
v 2 1
v 3 4
e 0 1 0
e 0 3 0
e 1 2 0
f 250
t # 454
v 0 0
v 1 0
v 2 24
v 3 1
v 4 0
e 0 1 0
e 1 2 0
e 1 4 0
e 2 3 0
f 81
t # 455
v 0 0
v 1 24
v 2 0
v 3 4
v 4 0
e 0 1 0
e 1 2 0
e 2 3 0
e 3 4 0
f 140
t # 456
v 0 0
v 1 26
v 2 4
v 3 0
v 4 1
e 0 1 0
e 1 2 0
e 2 3 0
e 3 4 0
f 140
t # 457
v 0 0
v 1 4
v 2 23
v 3 3
e 0 1 0
e 1 2 0
e 2 3 0
f 130
t # 458
v 0 0
v 1 29
v 2 2
v 3 0
e 0 1 0
e 1 2 0
e 2 3 0
f 200
t # 459
v 0 0
v 1 22
v 2 2
v 3 2
e 0 1 0
e 0 3 0
e 1 2 0
f 84
t # 460
v 0 0
v 1 26
v 2 1
v 3 0
e 0 1 0
e 1 2 0
e 1 3 0
f 147
t # 461
v 0 0
v 1 29
v 2 4
v 3 0
v 4 4
e 0 1 0
e 1 2 0
e 2 3 0
e 3 4 0
f 83
t # 462
v 0 0
v 1 28
v 2 1
v 3 2
e 0 1 0
e 0 3 0
e 1 2 0
f 157
t # 463
v 0 0
v 1 1
v 2 25
v 3 2
e 0 1 0
e 0 2 0
e 2 3 0
f 169
t # 464
v 0 0
v 1 25
v 2 0
v 3 0
v 4 0
v 5 1
e 0 1 0
e 0 5 0
e 1 2 0
e 2 3 0
e 3 4 0
f 95
t # 465
v 0 0
v 1 23
v 2 2
v 3 2
e 0 1 0
e 0 3 0
e 1 2 0
f 80
t # 466
v 0 0
v 1 25
v 2 0
v 3 1
v 4 1
e 0 1 0
e 0 4 0
e 1 2 0
e 2 3 0
f 92
t # 467
v 0 0
v 1 29
v 2 1
v 3 0
e 0 1 0
e 1 2 0
e 1 3 0
f 145
t # 468
v 0 0
v 1 29
v 2 0
v 3 2
e 0 1 0
e 1 2 0
e 2 3 0
f 211
t # 469
v 0 0
v 1 28
v 2 28
e 0 1 0
e 0 2 0
f 131
t # 470
v 0 0
v 1 23
v 2 3
v 3 4
e 0 1 0
e 1 2 0
e 2 3 0
f 146
t # 471
v 0 0
v 1 29
v 2 2
v 3 1
e 0 1 0
e 1 2 0
e 2 3 0
f 143
t # 472
v 0 0
v 1 25
v 2 4
v 3 4
e 0 1 0
e 1 2 0
e 2 3 0
f 160
t # 473
v 0 0
v 1 22
v 2 0
v 3 0
v 4 0
v 5 0
e 0 1 0
e 1 2 0
e 2 3 0
e 3 4 0
e 4 5 0
f 141
t # 474
v 0 0
v 1 29
v 2 3
v 3 1
v 4 0
e 0 1 0
e 1 2 0
e 2 3 0
e 3 4 0
f 80
t # 475
v 0 0
v 1 0
v 2 24
v 3 4
v 4 0
e 0 1 0
e 1 2 0
e 2 3 0
e 3 4 0
f 131
t # 476
v 0 0
v 1 28
v 2 1
v 3 1
e 0 1 0
e 1 2 0
e 1 3 0
f 96
t # 477
v 0 0
v 1 17
v 2 0
v 3 0
v 4 4
v 5 0
e 0 1 0
e 1 2 0
e 2 3 0
e 3 4 0
e 4 5 0
f 101
t # 478
v 0 0
v 1 0
v 2 0
v 3 0
v 4 25
v 5 1
e 0 1 0
e 1 2 0
e 2 3 0
e 3 4 0
e 4 5 0
f 99
t # 479
v 0 0
v 1 23
v 2 0
v 3 0
v 4 0
v 5 1
e 0 1 0
e 0 5 0
e 1 2 0
e 2 3 0
e 3 4 0
f 95
t # 480
v 0 0
v 1 22
v 2 3
v 3 0
e 0 1 0
e 1 2 0
e 1 3 0
f 82
t # 481
v 0 0
v 1 22
v 2 1
e 0 1 0
e 1 2 0
f 764
t # 482
v 0 0
v 1 28
v 2 0
v 3 0
v 4 0
v 5 0
e 0 1 0
e 0 4 0
e 1 2 0
e 2 3 0
e 3 5 0
f 113
t # 483
v 0 0
v 1 28
v 2 4
v 3 1
v 4 0
e 0 1 0
e 1 2 0
e 2 3 0
e 3 4 0
f 111
t # 484
v 0 0
v 1 25
v 2 2
v 3 3
e 0 1 0
e 1 2 0
e 2 3 0
f 90
t # 485
v 0 0
v 1 28
v 2 1
v 3 0
v 4 1
e 0 1 0
e 1 2 0
e 2 3 0
e 3 4 0
f 133
t # 486
v 0 0
v 1 27
v 2 0
v 3 0
v 4 1
e 0 1 0
e 0 4 0
e 1 2 0
e 2 3 0
f 217
t # 487
v 0 0
v 1 22
v 2 0
v 3 0
v 4 4
v 5 0
e 0 1 0
e 0 4 0
e 1 2 0
e 2 3 0
e 4 5 0
f 88
t # 488
v 0 0
v 1 28
v 2 3
v 3 0
v 4 0
e 0 1 0
e 1 2 0
e 2 3 0
e 3 4 0
f 122
t # 489
v 0 0
v 1 28
v 2 3
v 3 2
e 0 1 0
e 1 2 0
e 2 3 0
f 92
t # 490
v 0 0
v 1 23
v 2 0
v 3 0
v 4 4
v 5 0
e 0 1 0
e 0 4 0
e 1 2 0
e 2 3 0
e 4 5 0
f 91
t # 491
v 0 0
v 1 17
v 2 4
v 3 4
e 0 1 0
e 1 2 0
e 2 3 0
f 181
t # 492
v 0 0
v 1 1
v 2 27
v 3 4
e 0 1 0
e 0 2 0
e 2 3 0
f 253
t # 493
v 0 0
v 1 28
v 2 0
v 3 0
v 4 1
v 5 0
e 0 1 0
e 0 4 0
e 1 2 0
e 2 3 0
e 4 5 0
f 109
t # 494
v 0 0
v 1 24
v 2 3
v 3 0
v 4 0
e 0 1 0
e 0 4 0
e 1 2 0
e 2 3 0
f 128
t # 495
v 0 0
v 1 29
v 2 1
v 3 3
e 0 1 0
e 1 2 0
e 2 3 0
f 227
t # 496
v 0 0
v 1 24
v 2 2
e 0 1 0
e 1 2 0
f 436
t # 497
v 0 0
v 1 22
v 2 3
v 3 0
v 4 1
e 0 1 0
e 1 2 0
e 2 3 0
e 3 4 0
f 108
t # 498
v 0 0
v 1 29
v 2 4
v 3 0
v 4 0
e 0 1 0
e 1 2 0
e 2 3 0
e 3 4 0
f 145
t # 499
v 0 0
v 1 22
v 2 1
v 3 3
e 0 1 0
e 0 3 0
e 1 2 0
f 234
t # 500
v 0 0
v 1 22
v 2 1
v 3 0
v 4 1
e 0 1 0
e 1 2 0
e 2 3 0
e 3 4 0
f 152
t # 501
v 0 0
v 1 22
v 2 1
v 3 3
e 0 1 0
e 1 2 0
e 2 3 0
f 182
t # 502
v 0 0
v 1 24
v 2 0
v 3 0
v 4 1
e 0 1 0
e 1 2 0
e 2 3 0
e 3 4 0
f 189
t # 503
v 0 0
v 1 21
v 2 0
v 3 1
v 4 1
e 0 1 0
e 1 2 0
e 2 3 0
e 3 4 0
f 156
t # 504
v 0 0
v 1 19
v 2 1
v 3 0
v 4 0
v 5 1
e 0 1 0
e 1 2 0
e 2 3 0
e 3 4 0
e 4 5 0
f 80
t # 505
v 0 0
v 1 28
v 2 0
v 3 2
v 4 1
e 0 1 0
e 1 2 0
e 2 3 0
e 3 4 0
f 80
t # 506
v 0 0
v 1 19
v 2 0
v 3 2
v 4 0
e 0 1 0
e 1 2 0
e 2 3 0
e 3 4 0
f 90
t # 507
v 0 0
v 1 25
v 2 0
v 3 2
e 0 1 0
e 1 2 0
e 2 3 0
f 229
t # 508
v 0 0
v 1 21
v 2 3
v 3 0
e 0 1 0
e 1 2 0
e 1 3 0
f 102
t # 509
v 0 0
v 1 23
v 2 2
v 3 4
e 0 1 0
e 0 3 0
e 1 2 0
f 128
t # 510
v 0 0
v 1 28
v 2 0
v 3 0
v 4 0
v 5 1
e 0 1 0
e 0 5 0
e 1 2 0
e 2 3 0
e 3 4 0
f 112
t # 511
v 0 0
v 1 25
v 2 3
v 3 1
v 4 0
e 0 1 0
e 1 2 0
e 2 3 0
e 3 4 0
f 88
t # 512
v 0 0
v 1 29
v 2 2
v 3 4
e 0 1 0
e 0 3 0
e 1 2 0
f 123
t # 513
v 0 0
v 1 25
v 2 3
v 3 0
v 4 1
e 0 1 0
e 1 2 0
e 2 3 0
e 3 4 0
f 103
t # 514
v 0 0
v 1 22
v 2 3
v 3 1
v 4 0
e 0 1 0
e 1 2 0
e 2 3 0
e 3 4 0
f 87
t # 515
v 0 0
v 1 24
v 2 0
v 3 1
v 4 0
v 5 0
e 0 1 0
e 1 2 0
e 2 3 0
e 3 4 0
e 4 5 0
f 100
t # 516
v 0 0
v 1 28
v 2 2
v 3 1
e 0 1 0
e 1 2 0
e 2 3 0
f 151
t # 517
v 0 0
v 1 25
v 2 0
v 3 0
v 4 1
e 0 1 0
e 1 2 0
e 2 3 0
e 3 4 0
f 219
t # 518
v 0 0
v 1 28
v 2 1
v 3 0
v 4 4
e 0 1 0
e 1 2 0
e 2 3 0
e 3 4 0
f 111
t # 519
v 0 0
v 1 24
v 2 0
v 3 0
v 4 4
e 0 1 0
e 0 4 0
e 1 2 0
e 2 3 0
f 149
t # 520
v 0 0
v 1 18
v 2 2
v 3 0
e 0 1 0
e 1 2 0
e 1 3 0
f 83
t # 521
v 0 0
v 1 27
v 2 0
v 3 1
v 4 0
e 0 1 0
e 1 2 0
e 2 3 0
e 3 4 0
f 192
t # 522
v 0 0
v 1 22
v 2 0
v 3 0
e 0 1 0
e 1 2 0
e 1 3 0
f 80
t # 523
v 0 0
v 1 29
v 2 3
v 3 0
v 4 1
e 0 1 0
e 1 2 0
e 2 3 0
e 3 4 0
f 100
t # 524
v 0 0
v 1 22
v 2 4
v 3 1
v 4 0
e 0 1 0
e 1 2 0
e 2 3 0
e 3 4 0
f 114
t # 525
v 0 0
v 1 25
v 2 1
v 3 1
v 4 4
e 0 1 0
e 0 4 0
e 1 2 0
e 2 3 0
f 84
t # 526
v 0 0
v 1 29
v 2 0
v 3 29
e 0 1 0
e 1 2 0
e 2 3 0
f 81
t # 527
v 0 0
v 1 24
v 2 0
v 3 0
v 4 0
v 5 0
e 0 1 0
e 1 2 0
e 2 3 0
e 3 4 0
e 4 5 0
f 131
t # 528
v 0 0
v 1 22
v 2 4
v 3 1
v 4 1
e 0 1 0
e 1 2 0
e 2 3 0
e 3 4 0
f 100
t # 529
v 0 0
v 1 22
v 2 0
v 3 0
v 4 0
v 5 4
e 0 1 0
e 1 2 0
e 2 3 0
e 3 4 0
e 4 5 0
f 90
t # 530
v 0 0
v 1 1
v 2 24
v 3 1
v 4 1
e 0 1 0
e 1 2 0
e 2 3 0
e 3 4 0
f 87
t # 531
v 0 0
v 1 26
v 2 2
v 3 4
e 0 1 0
e 0 3 0
e 1 2 0
f 132
t # 532
v 0 0
v 1 20
v 2 4
v 3 0
e 0 1 0
e 1 2 0
e 1 3 0
f 125
t # 533
v 0 0
v 1 23
v 2 2
e 0 1 0
e 1 2 0
f 459
t # 534
v 0 0
v 1 26
v 2 0
v 3 0
v 4 1
e 0 1 0
e 0 4 0
e 1 2 0
e 2 3 0
f 209
t # 535
v 0 0
v 1 21
v 2 0
v 3 1
v 4 4
e 0 1 0
e 0 4 0
e 1 2 0
e 2 3 0
f 122
t # 536
v 0 0
v 1 25
v 2 0
v 3 0
v 4 1
e 0 1 0
e 1 2 0
e 2 3 0
e 2 4 0
f 114
t # 537
v 0 0
v 1 29
v 2 2
v 3 3
e 0 1 0
e 0 3 0
e 1 2 0
f 91
t # 538
v 0 0
v 1 20
v 2 1
v 3 0
e 0 1 0
e 1 2 0
e 1 3 0
f 144
t # 539
v 0 0
v 1 29
v 2 3
v 3 0
e 0 1 0
e 1 2 0
e 2 3 0
f 258
t # 540
v 0 0
v 1 15
v 2 15
e 0 1 0
e 1 2 0
f 162
t # 541
v 0 0
v 1 23
v 2 3
v 3 1
e 0 1 0
e 1 2 0
e 2 3 0
f 188
t # 542
v 0 0
v 1 25
v 2 4
v 3 0
v 4 4
e 0 1 0
e 0 4 0
e 1 2 0
e 2 3 0
f 84
t # 543
v 0 0
v 1 3
v 2 3
v 3 29
e 0 1 0
e 1 2 0
e 2 3 0
f 126
t # 544
v 0 0
v 1 0
v 2 28
v 3 2
e 0 1 0
e 1 2 0
e 2 3 0
f 185
t # 545
v 0 0
v 1 23
v 2 1
v 3 1
v 4 0
e 0 1 0
e 1 2 0
e 2 3 0
e 3 4 0
f 145
t # 546
v 0 0
v 1 27
v 2 1
v 3 1
v 4 1
e 0 1 0
e 1 2 0
e 2 3 0
e 3 4 0
f 93
t # 547
v 0 0
v 1 29
v 2 1
v 3 2
e 0 1 0
e 0 3 0
e 1 2 0
f 162
t # 548
v 0 0
v 1 23
v 2 2
v 3 0
e 0 1 0
e 1 2 0
e 2 3 0
f 206
t # 549
v 0 0
v 1 28
v 2 1
v 3 2
v 4 0
e 0 1 0
e 1 2 0
e 2 3 0
e 3 4 0
f 84
t # 550
v 0 0
v 1 23
v 2 0
v 3 0
v 4 0
e 0 1 0
e 0 4 0
e 1 2 0
e 2 3 0
f 165
t # 551
v 0 0
v 1 22
v 2 4
v 3 4
e 0 1 0
e 0 3 0
e 1 2 0
f 167
t # 552
v 0 0
v 1 24
v 2 0
v 3 0
e 0 1 0
e 1 2 0
e 2 3 0
f 436
t # 553
v 0 0
v 1 23
v 2 4
v 3 3
e 0 1 0
e 0 3 0
e 1 2 0
f 170
t # 554
v 0 0
v 1 29
v 2 1
v 3 0
e 0 1 0
e 1 2 0
e 2 3 0
f 402
t # 555
v 0 0
v 1 29
v 2 0
v 3 0
v 4 3
e 0 1 0
e 0 4 0
e 1 2 0
e 2 3 0
f 148
t # 556
v 0 0
v 1 22
v 2 2
e 0 1 0
e 1 2 0
f 481
t # 557
v 0 0
v 1 24
v 2 1
v 3 0
e 0 1 0
e 1 2 0
e 1 3 0
f 144
t # 558
v 0 0
v 1 0
v 2 1
v 3 23
v 4 4
e 0 1 0
e 0 3 0
e 1 2 0
e 3 4 0
f 112
t # 559
v 0 0
v 1 25
v 2 0
v 3 0
v 4 4
e 0 1 0
e 0 4 0
e 1 2 0
e 2 3 0
f 168
t # 560
v 0 0
v 1 29
v 2 1
v 3 1
v 4 0
e 0 1 0
e 1 2 0
e 2 3 0
e 3 4 0
f 119
t # 561
v 0 0
v 1 24
v 2 4
v 3 3
e 0 1 0
e 0 3 0
e 1 2 0
f 155
t # 562
v 0 0
v 1 22
v 2 0
v 3 3
e 0 1 0
e 1 2 0
e 2 3 0
f 257
t # 563
v 0 0
v 1 20
v 2 0
v 3 4
v 4 0
v 5 0
e 0 1 0
e 1 2 0
e 2 3 0
e 3 4 0
e 4 5 0
f 84
t # 564
v 0 0
v 1 28
v 2 3
v 3 4
e 0 1 0
e 1 2 0
e 2 3 0
f 128
t # 565
v 0 0
v 1 25
v 2 1
v 3 4
v 4 1
e 0 1 0
e 1 2 0
e 2 3 0
e 3 4 0
f 83
t # 566
v 0 0
v 1 1
v 2 24
v 3 4
v 4 0
e 0 1 0
e 1 2 0
e 2 3 0
e 3 4 0
f 115
t # 567
v 0 0
v 1 26
v 2 1
v 3 0
v 4 2
e 0 1 0
e 0 4 0
e 1 2 0
e 2 3 0
f 86
t # 568
v 0 0
v 1 22
v 2 4
v 3 2
e 0 1 0
e 1 2 0
e 2 3 0
f 121
t # 569
v 0 0
v 1 4
v 2 4
v 3 0
v 4 27
e 0 1 0
e 1 2 0
e 2 3 0
e 3 4 0
f 88
t # 570
v 0 0
v 1 23
v 2 1
v 3 0
v 4 2
e 0 1 0
e 1 2 0
e 2 3 0
e 3 4 0
f 93
t # 571
v 0 0
v 1 25
v 2 1
v 3 2
e 0 1 0
e 0 3 0
e 1 2 0
f 175
t # 572
v 0 0
v 1 29
v 2 0
v 3 3
e 0 1 0
e 1 2 0
e 2 3 0
f 270
t # 573
v 0 0
v 1 1
v 2 26
v 3 4
v 4 0
e 0 1 0
e 1 2 0
e 2 3 0
e 3 4 0
f 92
t # 574
v 0 0
v 1 21
v 2 2
v 3 0
v 4 0
e 0 1 0
e 1 2 0
e 2 3 0
e 3 4 0
f 112
t # 575
v 0 0
v 1 29
v 2 1
v 3 0
v 4 1
e 0 1 0
e 1 2 0
e 2 3 0
e 3 4 0
f 148
t # 576
v 0 0
v 1 28
v 2 0
v 3 0
v 4 1
e 0 1 0
e 1 2 0
e 2 3 0
e 3 4 0
f 199
t # 577
v 0 0
v 1 4
v 2 25
v 3 3
e 0 1 0
e 0 2 0
e 2 3 0
f 171
t # 578
v 0 0
v 1 22
v 2 0
v 3 0
v 4 4
e 0 1 0
e 1 2 0
e 2 3 0
e 3 4 0
f 156
t # 579
v 0 0
v 1 25
v 2 3
v 3 0
v 4 0
e 0 1 0
e 0 4 0
e 1 2 0
e 2 3 0
f 124
t # 580
v 0 0
v 1 25
v 2 2
v 3 2
e 0 1 0
e 0 3 0
e 1 2 0
f 82
t # 581
v 0 0
v 1 25
v 2 0
v 3 1
v 4 2
e 0 1 0
e 0 4 0
e 1 2 0
e 2 3 0
f 82
t # 582
v 0 0
v 1 20
v 2 3
v 3 0
e 0 1 0
e 1 2 0
e 2 3 0
f 269
t # 583
v 0 0
v 1 24
v 2 0
v 3 3
v 4 1
e 0 1 0
e 1 2 0
e 2 3 0
e 3 4 0
f 90
t # 584
v 0 0
v 1 20
v 2 0
v 3 0
v 4 0
v 5 1
e 0 1 0
e 1 2 0
e 2 3 0
e 3 4 0
e 3 5 0
f 81
t # 585
v 0 0
v 1 22
v 2 0
v 3 0
v 4 0
v 5 1
e 0 1 0
e 0 5 0
e 1 2 0
e 2 3 0
e 3 4 0
f 114
t # 586
v 0 0
v 1 29
v 2 2
v 3 3
e 0 1 0
e 1 2 0
e 2 3 0
f 90
t # 587
v 0 0
v 1 21
v 2 2
v 3 0
e 0 1 0
e 1 2 0
e 1 3 0
f 81
t # 588
v 0 0
v 1 28
v 2 0
v 3 0
v 4 4
v 5 0
e 0 1 0
e 1 2 0
e 2 3 0
e 3 4 0
e 4 5 0
f 81
t # 589
v 0 0
v 1 22
v 2 0
v 3 1
v 4 0
v 5 0
e 0 1 0
e 1 2 0
e 2 3 0
e 3 4 0
e 4 5 0
f 98
t # 590
v 0 0
v 1 0
v 2 4
v 3 20
v 4 4
e 0 1 0
e 1 2 0
e 2 3 0
e 3 4 0
f 81
t # 591
v 0 0
v 1 28
v 2 28
e 0 1 0
e 1 2 0
f 161
t # 592
v 0 0
v 1 24
v 2 4
v 3 1
v 4 1
e 0 1 0
e 1 2 0
e 2 3 0
e 3 4 0
f 90
t # 593
v 0 0
v 1 23
v 2 0
v 3 1
v 4 1
e 0 1 0
e 1 2 0
e 2 3 0
e 3 4 0
f 135
t # 594
v 0 0
v 1 28
v 2 0
v 3 4
v 4 4
e 0 1 0
e 1 2 0
e 2 3 0
e 3 4 0
f 83
t # 595
v 0 0
v 1 29
v 2 0
v 3 0
v 4 0
e 0 1 0
e 0 4 0
e 1 2 0
e 2 3 0
f 139
t # 596
v 0 0
v 1 22
v 2 0
e 0 1 0
e 1 2 0
f 665
t # 597
v 0 0
v 1 22
v 2 0
v 3 0
v 4 0
v 5 0
e 0 1 0
e 0 4 0
e 1 2 0
e 2 3 0
e 3 5 0
f 108
t # 598
v 0 0
v 1 24
v 2 1
v 3 0
e 0 1 0
e 1 2 0
e 2 3 0
f 369
t # 599
v 0 0
v 1 25
v 2 1
v 3 1
v 4 1
e 0 1 0
e 0 3 0
e 1 2 0
e 3 4 0
f 101
t # 600
v 0 0
v 1 23
v 2 4
v 3 1
v 4 1
e 0 1 0
e 1 2 0
e 2 3 0
e 3 4 0
f 81
t # 601
v 0 0
v 1 23
v 2 1
v 3 2
e 0 1 0
e 0 3 0
e 1 2 0
f 155
t # 602
v 0 0
v 1 22
v 2 4
v 3 0
v 4 1
e 0 1 0
e 0 4 0
e 1 2 0
e 2 3 0
f 117
t # 603
v 0 0
v 1 0
v 2 25
v 3 3
v 4 1
e 0 1 0
e 1 2 0
e 2 3 0
e 3 4 0
f 89
t # 604
v 0 0
v 1 22
v 2 1
v 3 4
e 0 1 0
e 1 2 0
e 2 3 0
f 237
t # 605
v 0 0
v 1 29
v 2 1
v 3 3
v 4 0
e 0 1 0
e 1 2 0
e 2 3 0
e 3 4 0
f 110
t # 606
v 0 0
v 1 0
v 2 4
v 3 25
v 4 1
e 0 1 0
e 1 2 0
e 2 3 0
e 3 4 0
f 104
t # 607
v 0 0
v 1 4
v 2 26
v 3 3
e 0 1 0
e 1 2 0
e 2 3 0
f 140
t # 608
v 0 0
v 1 22
v 2 0
v 3 0
v 4 0
v 5 1
e 0 1 0
e 1 2 0
e 2 3 0
e 3 4 0
e 4 5 0
f 101
t # 609
v 0 0
v 1 29
v 2 1
v 3 1
e 0 1 0
e 0 3 0
e 1 2 0
f 310
t # 610
v 0 0
v 1 24
v 2 4
v 3 0
e 0 1 0
e 1 2 0
e 2 3 0
f 297
t # 611
v 0 0
v 1 27
v 2 0
v 3 3
v 4 0
e 0 1 0
e 1 2 0
e 2 3 0
e 2 4 0
f 93
t # 612
v 0 0
v 1 19
v 2 1
v 3 1
v 4 0
e 0 1 0
e 0 3 0
e 1 2 0
e 1 4 0
f 86
t # 613
v 0 0
v 1 29
v 2 1
v 3 0
v 4 3
e 0 1 0
e 0 4 0
e 1 2 0
e 2 3 0
f 100
t # 614
v 0 0
v 1 25
v 2 2
v 3 1
e 0 1 0
e 1 2 0
e 2 3 0
f 155
t # 615
v 0 0
v 1 28
v 2 1
v 3 4
v 4 0
e 0 1 0
e 1 2 0
e 2 3 0
e 3 4 0
f 106
t # 616
v 0 0
v 1 29
v 2 0
v 3 0
v 4 1
e 0 1 0
e 1 2 0
e 2 3 0
e 3 4 0
f 206
t # 617
v 0 0
v 1 25
v 2 4
v 3 1
v 4 1
e 0 1 0
e 0 4 0
e 1 2 0
e 2 3 0
f 84
t # 618
v 0 0
v 1 24
v 2 1
v 3 0
v 4 3
e 0 1 0
e 0 4 0
e 1 2 0
e 2 3 0
f 82
t # 619
v 0 0
v 1 25
v 2 0
v 3 0
v 4 0
v 5 0
e 0 1 0
e 0 4 0
e 1 2 0
e 2 3 0
e 3 5 0
f 105
t # 620
v 0 0
v 1 29
v 2 1
v 3 0
v 4 0
v 5 0
e 0 1 0
e 1 2 0
e 2 3 0
e 3 4 0
e 4 5 0
f 109
t # 621
v 0 0
v 1 21
v 2 1
v 3 1
v 4 0
e 0 1 0
e 0 3 0
e 1 2 0
e 1 4 0
f 95
t # 622
v 0 0
v 1 23
v 2 0
v 3 0
v 4 2
e 0 1 0
e 0 4 0
e 1 2 0
e 2 3 0
f 103
t # 623
v 0 0
v 1 22
v 2 2
v 3 4
e 0 1 0
e 0 3 0
e 1 2 0
f 126
t # 624
v 0 0
v 1 1
v 2 4
v 3 0
v 4 28
e 0 1 0
e 0 4 0
e 1 2 0
e 2 3 0
f 124
t # 625
v 0 0
v 1 28
v 2 0
v 3 2
v 4 0
e 0 1 0
e 1 2 0
e 2 3 0
e 3 4 0
f 97
t # 626
v 0 0
v 1 2
v 2 26
v 3 4
e 0 1 0
e 0 2 0
e 2 3 0
f 148
t # 627
v 0 0
v 1 22
v 2 1
v 3 0
v 4 2
e 0 1 0
e 1 2 0
e 2 3 0
e 3 4 0
f 89
t # 628
v 0 0
v 1 22
v 2 0
v 3 3
v 4 1
e 0 1 0
e 1 2 0
e 2 3 0
e 3 4 0
f 97
t # 629
v 0 0
v 1 27
v 2 3
v 3 0
e 0 1 0
e 1 2 0
e 1 3 0
f 113
t # 630
v 0 0
v 1 27
v 2 4
v 3 4
e 0 1 0
e 0 3 0
e 1 2 0
f 201
t # 631
v 0 0
v 1 0
v 2 27
v 3 1
v 4 3
e 0 1 0
e 1 2 0
e 2 3 0
e 3 4 0
f 102
t # 632
v 0 0
v 1 28
v 2 0
v 3 1
e 0 1 0
e 1 2 0
e 1 3 0
f 153
t # 633
v 0 0
v 1 24
v 2 4
v 3 1
e 0 1 0
e 1 2 0
e 2 3 0
f 232
t # 634
v 0 0
v 1 22
v 2 4
v 3 4
e 0 1 0
e 1 2 0
e 2 3 0
f 159
t # 635
v 0 0
v 1 25
v 2 1
v 3 1
v 4 1
e 0 1 0
e 1 2 0
e 2 3 0
e 3 4 0
f 93
t # 636
v 0 0
v 1 23
v 2 2
v 3 3
e 0 1 0
e 0 3 0
e 1 2 0
f 93
t # 637
v 0 0
v 1 23
v 2 0
v 3 1
v 4 0
v 5 1
e 0 1 0
e 1 2 0
e 2 3 0
e 3 4 0
e 4 5 0
f 82
t # 638
v 0 0
v 1 23
v 2 4
v 3 0
e 0 1 0
e 1 2 0
e 1 3 0
f 100
t # 639
v 0 0
v 1 23
v 2 1
v 3 2
e 0 1 0
e 1 2 0
e 2 3 0
f 149
t # 640
v 0 0
v 1 29
v 2 0
v 3 4
v 4 1
e 0 1 0
e 1 2 0
e 2 3 0
e 3 4 0
f 94
t # 641
v 0 0
v 1 24
v 2 1
v 3 1
e 0 1 0
e 1 2 0
e 2 3 0
f 292
t # 642
v 0 0
v 1 24
v 2 2
v 3 3
e 0 1 0
e 0 3 0
e 1 2 0
f 98
t # 643
v 0 0
v 1 23
v 2 0
v 3 1
v 4 3
e 0 1 0
e 1 2 0
e 2 3 0
e 3 4 0
f 104
t # 644
v 0 0
v 1 0
v 2 29
v 3 1
v 4 1
e 0 1 0
e 1 2 0
e 1 4 0
e 2 3 0
f 90
t # 645
v 0 0
v 1 24
v 2 2
v 3 1
e 0 1 0
e 1 2 0
e 2 3 0
f 159
t # 646
v 0 0
v 1 23
v 2 4
v 3 4
e 0 1 0
e 1 2 0
e 2 3 0
f 151
t # 647
v 0 0
v 1 27
v 2 0
v 3 3
v 4 1
e 0 1 0
e 1 2 0
e 2 3 0
e 3 4 0
f 108
t # 648
v 0 0
v 1 23
v 2 0
v 3 0
v 4 0
v 5 0
e 0 1 0
e 1 2 0
e 2 3 0
e 3 4 0
e 4 5 0
f 133
t # 649
v 0 0
v 1 25
v 2 0
v 3 1
v 4 4
e 0 1 0
e 1 2 0
e 2 3 0
e 3 4 0
f 124
t # 650
v 0 0
v 1 28
v 2 1
v 3 0
v 4 2
e 0 1 0
e 0 4 0
e 1 2 0
e 2 3 0
f 83
t # 651
v 0 0
v 1 23
v 2 1
v 3 1
v 4 1
e 0 1 0
e 1 2 0
e 2 3 0
e 3 4 0
f 83
t # 652
v 0 0
v 1 28
v 2 0
v 3 4
v 4 1
e 0 1 0
e 1 2 0
e 2 3 0
e 3 4 0
f 104
t # 653
v 0 0
v 1 28
v 2 0
v 3 0
e 0 1 0
e 1 2 0
e 2 3 0
f 451
t # 654
v 0 0
v 1 23
v 2 1
v 3 1
v 4 1
e 0 1 0
e 0 4 0
e 1 2 0
e 2 3 0
f 95
t # 655
v 0 0
v 1 16
v 2 0
v 3 4
v 4 4
e 0 1 0
e 1 2 0
e 2 3 0
e 3 4 0
f 101
t # 656
v 0 0
v 1 22
v 2 0
v 3 0
v 4 3
e 0 1 0
e 0 4 0
e 1 2 0
e 2 3 0
f 142
t # 657
v 0 0
v 1 24
v 2 2
v 3 0
v 4 0
e 0 1 0
e 0 4 0
e 1 2 0
e 2 3 0
f 106
t # 658
v 0 0
v 1 25
v 2 0
v 3 0
v 4 0
v 5 1
e 0 1 0
e 0 4 0
e 1 2 0
e 2 3 0
e 3 5 0
f 98
t # 659
v 0 0
v 1 20
v 2 1
v 3 1
v 4 0
e 0 1 0
e 1 2 0
e 2 3 0
e 2 4 0
f 97
t # 660
v 0 0
v 1 28
v 2 0
v 3 0
v 4 0
v 5 0
e 0 1 0
e 1 2 0
e 2 3 0
e 3 4 0
e 4 5 0
f 134
t # 661
v 0 0
v 1 22
v 2 1
v 3 4
v 4 1
e 0 1 0
e 0 3 0
e 1 2 0
e 3 4 0
f 85
t # 662
v 0 0
v 1 22
v 2 22
e 0 1 0
e 1 2 0
f 184
t # 663
v 0 0
v 1 3
v 2 22
v 3 4
e 0 1 0
e 1 2 0
e 2 3 0
f 147
t # 664
v 0 0
v 1 23
v 2 3
v 3 0
v 4 0
e 0 1 0
e 1 2 0
e 2 3 0
e 3 4 0
f 131
t # 665
v 0 0
v 1 25
v 2 0
v 3 3
v 4 1
e 0 1 0
e 1 2 0
e 2 3 0
e 3 4 0
f 92
t # 666
v 0 0
v 1 23
v 2 3
v 3 3
e 0 1 0
e 0 3 0
e 1 2 0
f 119
t # 667
v 0 0
v 1 29
v 2 0
v 3 0
v 4 1
v 5 1
e 0 1 0
e 0 4 0
e 1 2 0
e 2 3 0
e 3 5 0
f 83
t # 668
v 0 0
v 1 23
v 2 0
v 3 0
v 4 1
v 5 0
e 0 1 0
e 0 4 0
e 1 2 0
e 2 3 0
e 4 5 0
f 104
t # 669
v 0 0
v 1 0
v 2 3
v 3 21
v 4 1
e 0 1 0
e 1 2 0
e 2 3 0
e 3 4 0
f 107
t # 670
v 0 0
v 1 22
v 2 2
v 3 4
e 0 1 0
e 1 2 0
e 2 3 0
f 120
t # 671
v 0 0
v 1 29
v 2 1
v 3 4
e 0 1 0
e 0 3 0
e 1 2 0
f 215
t # 672
v 0 0
v 1 25
v 2 2
e 0 1 0
e 1 2 0
f 471
t # 673
v 0 0
v 1 20
v 2 0
v 3 4
e 0 1 0
e 1 2 0
e 2 3 0
f 319
t # 674
v 0 0
v 1 24
v 2 0
v 3 0
v 4 2
e 0 1 0
e 0 4 0
e 1 2 0
e 2 3 0
f 98
t # 675
v 0 0
v 1 25
v 2 1
v 3 1
v 4 4
e 0 1 0
e 0 3 0
e 1 2 0
e 3 4 0
f 80
t # 676
v 0 0
v 1 0
v 2 1
v 3 26
v 4 4
e 0 1 0
e 1 2 0
e 2 3 0
e 3 4 0
f 107
t # 677
v 0 0
v 1 29
v 2 0
v 3 1
v 4 1
e 0 1 0
e 0 4 0
e 1 2 0
e 2 3 0
f 81
t # 678
v 0 0
v 1 28
v 2 3
v 3 0
v 4 1
e 0 1 0
e 0 4 0
e 1 2 0
e 2 3 0
f 88
t # 679
v 0 0
v 1 23
v 2 0
v 3 3
e 0 1 0
e 1 2 0
e 2 3 0
f 251
t # 680
v 0 0
v 1 0
v 2 1
v 3 26
v 4 2
e 0 1 0
e 0 3 0
e 1 2 0
e 3 4 0
f 88
t # 681
v 0 0
v 1 21
v 2 0
v 3 0
v 4 1
v 5 1
e 0 1 0
e 1 2 0
e 2 3 0
e 3 4 0
e 4 5 0
f 87
t # 682
v 0 0
v 1 25
v 2 0
v 3 0
v 4 0
v 5 1
e 0 1 0
e 1 2 0
e 2 3 0
e 3 4 0
e 4 5 0
f 109
t # 683
v 0 0
v 1 25
v 2 4
v 3 1
e 0 1 0
e 1 2 0
e 2 3 0
f 231
t # 684
v 0 0
v 1 22
v 2 1
v 3 0
v 4 4
e 0 1 0
e 0 4 0
e 1 2 0
e 2 3 0
f 128
t # 685
v 0 0
v 1 22
v 2 1
v 3 0
v 4 0
v 5 1
e 0 1 0
e 1 2 0
e 2 3 0
e 3 4 0
e 4 5 0
f 85
t # 686
v 0 0
v 1 28
v 2 0
v 3 1
v 4 0
v 5 0
e 0 1 0
e 1 2 0
e 2 3 0
e 3 4 0
e 4 5 0
f 103
t # 687
v 0 0
v 1 23
v 2 3
v 3 0
e 0 1 0
e 1 2 0
e 1 3 0
f 98
t # 688
v 0 0
v 1 29
v 2 0
v 3 0
v 4 1
v 5 0
e 0 1 0
e 1 2 0
e 2 3 0
e 3 4 0
e 4 5 0
f 106
t # 689
v 0 0
v 1 2
v 2 20
v 3 4
e 0 1 0
e 1 2 0
e 2 3 0
f 123
t # 690
v 0 0
v 1 19
v 2 2
v 3 3
e 0 1 0
e 1 2 0
e 2 3 0
f 117
t # 691
v 0 0
v 1 0
v 2 26
v 3 3
v 4 1
e 0 1 0
e 1 2 0
e 2 3 0
e 3 4 0
f 85
t # 692
v 0 0
v 1 27
v 2 1
v 3 1
v 4 4
e 0 1 0
e 0 3 0
e 1 2 0
e 2 4 0
f 95
t # 693
v 0 0
v 1 0
v 2 0
v 3 25
v 4 3
e 0 1 0
e 1 2 0
e 2 3 0
e 3 4 0
f 126
t # 694
v 0 0
v 1 20
v 2 3
v 3 0
e 0 1 0
e 1 2 0
e 1 3 0
f 86
t # 695
v 0 0
v 1 22
v 2 2
v 3 3
e 0 1 0
e 1 2 0
e 2 3 0
f 91
t # 696
v 0 0
v 1 24
v 2 1
v 3 0
v 4 1
e 0 1 0
e 1 2 0
e 2 3 0
e 3 4 0
f 145
t # 697
v 0 0
v 1 25
v 2 1
v 3 1
v 4 0
e 0 1 0
e 1 2 0
e 2 3 0
e 3 4 0
f 120
t # 698
v 0 0
v 1 24
v 2 0
v 3 0
v 4 4
e 0 1 0
e 1 2 0
e 2 3 0
e 2 4 0
f 86
t # 699
v 0 0
v 1 2
v 2 23
v 3 4
e 0 1 0
e 1 2 0
e 2 3 0
f 111
t # 700
v 0 0
v 1 23
v 2 0
v 3 1
v 4 4
e 0 1 0
e 1 2 0
e 2 3 0
e 3 4 0
f 115
t # 701
v 0 0
v 1 24
v 2 4
v 3 2
e 0 1 0
e 1 2 0
e 2 3 0
f 122
t # 702
v 0 0
v 1 29
v 2 1
v 3 0
v 4 2
e 0 1 0
e 1 2 0
e 2 3 0
e 3 4 0
f 80
t # 703
v 0 0
v 1 0
v 2 22
v 3 1
v 4 1
e 0 1 0
e 1 2 0
e 2 3 0
e 3 4 0
f 130
t # 704
v 0 0
v 1 21
v 2 3
e 0 1 0
e 1 2 0
f 599
t # 705
v 0 0
v 1 24
v 2 1
v 3 1
e 0 1 0
e 0 3 0
e 1 2 0
f 275
t # 706
v 0 0
v 1 23
v 2 0
v 3 0
v 4 2
e 0 1 0
e 1 2 0
e 2 3 0
e 3 4 0
f 108
t # 707
v 0 0
v 1 20
v 2 0
v 3 0
v 4 4
e 0 1 0
e 1 2 0
e 2 3 0
e 2 4 0
f 96
t # 708
v 0 0
v 1 28
v 2 1
v 3 4
v 4 1
e 0 1 0
e 0 3 0
e 1 2 0
e 3 4 0
f 104
t # 709
v 0 0
v 1 21
v 2 2
v 3 3
e 0 1 0
e 1 2 0
e 2 3 0
f 80
t # 710
v 0 0
v 1 25
v 2 0
v 3 0
v 4 2
e 0 1 0
e 1 2 0
e 2 3 0
e 3 4 0
f 117
t # 711
v 0 0
v 1 22
v 2 4
v 3 0
e 0 1 0
e 1 2 0
e 1 3 0
f 91
t # 712
v 0 0
v 1 29
v 2 0
v 3 0
v 4 0
v 5 3
e 0 1 0
e 0 5 0
e 1 2 0
e 2 3 0
e 3 4 0
f 80
t # 713
v 0 0
v 1 22
v 2 4
v 3 0
v 4 1
e 0 1 0
e 1 2 0
e 2 3 0
e 3 4 0
f 132
t # 714
v 0 0
v 1 29
v 2 3
v 3 0
v 4 1
e 0 1 0
e 0 4 0
e 1 2 0
e 2 3 0
f 113
t # 715
v 0 0
v 1 22
v 2 3
v 3 0
v 4 0
e 0 1 0
e 0 4 0
e 1 2 0
e 2 3 0
f 122
t # 716
v 0 0
v 1 24
v 2 2
v 3 4
e 0 1 0
e 1 2 0
e 2 3 0
f 101
t # 717
v 0 0
v 1 25
v 2 0
v 3 1
v 4 1
e 0 1 0
e 1 2 0
e 2 3 0
e 3 4 0
f 144
t # 718
v 0 0
v 1 22
v 2 2
v 3 1
e 0 1 0
e 1 2 0
e 2 3 0
f 184
t # 719
v 0 0
v 1 28
v 2 1
v 3 1
v 4 1
e 0 1 0
e 0 3 0
e 1 2 0
e 3 4 0
f 106
t # 720
v 0 0
v 1 1
v 2 0
v 3 27
v 4 4
e 0 1 0
e 1 2 0
e 2 3 0
e 3 4 0
f 115
t # 721
v 0 0
v 1 1
v 2 0
v 3 25
v 4 4
e 0 1 0
e 1 2 0
e 2 3 0
e 3 4 0
f 105
t # 722
v 0 0
v 1 24
v 2 3
v 3 0
v 4 1
e 0 1 0
e 0 4 0
e 1 2 0
e 2 3 0
f 85
t # 723
v 0 0
v 1 29
v 2 0
v 3 0
v 4 1
e 0 1 0
e 1 2 0
e 2 3 0
e 2 4 0
f 110
t # 724
v 0 0
v 1 0
v 2 0
v 3 0
v 4 27
v 5 1
e 0 1 0
e 1 2 0
e 2 3 0
e 3 4 0
e 4 5 0
f 115
t # 725
v 0 0
v 1 23
v 2 0
v 3 0
e 0 1 0
e 1 2 0
e 2 3 0
f 448
t # 726
v 0 0
v 1 22
v 2 1
v 3 0
v 4 1
v 5 0
e 0 1 0
e 1 2 0
e 2 3 0
e 3 4 0
e 4 5 0
f 82
t # 727
v 0 0
v 1 29
v 2 0
v 3 3
v 4 1
e 0 1 0
e 1 2 0
e 2 3 0
e 3 4 0
f 103
t # 728
v 0 0
v 1 20
v 2 4
v 3 4
v 4 0
e 0 1 0
e 1 2 0
e 2 3 0
e 3 4 0
f 80
t # 729
v 0 0
v 1 25
v 2 4
v 3 0
e 0 1 0
e 1 2 0
e 2 3 0
f 295
t # 730
v 0 0
v 1 21
v 2 0
v 3 0
v 4 1
v 5 1
e 0 1 0
e 0 4 0
e 1 2 0
e 2 3 0
e 4 5 0
f 81
t # 731
v 0 0
v 1 21
v 2 1
v 3 1
v 4 1
e 0 1 0
e 0 3 0
e 1 2 0
e 3 4 0
f 112
t # 732
v 0 0
v 1 25
v 2 1
v 3 1
v 4 1
e 0 1 0
e 0 4 0
e 1 2 0
e 2 3 0
f 87
t # 733
v 0 0
v 1 0
v 2 0
v 3 0
v 4 27
v 5 4
e 0 1 0
e 1 2 0
e 2 3 0
e 3 4 0
e 4 5 0
f 80
t # 734
v 0 0
v 1 0
v 2 0
v 3 27
v 4 1
v 5 4
e 0 1 0
e 1 2 0
e 2 3 0
e 3 4 0
e 4 5 0
f 80
t # 735
v 0 0
v 1 21
v 2 0
v 3 0
v 4 1
e 0 1 0
e 1 2 0
e 2 3 0
e 2 4 0
f 133
t # 736
v 0 0
v 1 22
v 2 0
v 3 1
v 4 3
e 0 1 0
e 0 4 0
e 1 2 0
e 2 3 0
f 97
t # 737
v 0 0
v 1 26
v 2 0
v 3 0
v 4 2
e 0 1 0
e 0 4 0
e 1 2 0
e 2 3 0
f 115
t # 738
v 0 0
v 1 22
v 2 4
v 3 0
e 0 1 0
e 1 2 0
e 2 3 0
f 329
t # 739
v 0 0
v 1 25
v 2 1
v 3 0
v 4 0
e 0 1 0
e 1 2 0
e 2 3 0
e 3 4 0
f 200
t # 740
v 0 0
v 1 29
v 2 1
v 3 4
e 0 1 0
e 1 2 0
e 2 3 0
f 224
t # 741
v 0 0
v 1 24
v 2 1
v 3 1
v 4 0
e 0 1 0
e 1 2 0
e 2 3 0
e 3 4 0
f 123
t # 742
v 0 0
v 1 23
v 2 4
v 3 2
e 0 1 0
e 1 2 0
e 2 3 0
f 128
t # 743
v 0 0
v 1 23
v 2 1
v 3 1
v 4 3
e 0 1 0
e 0 3 0
e 1 2 0
e 3 4 0
f 84
t # 744
v 0 0
v 1 28
v 2 2
v 3 0
e 0 1 0
e 1 2 0
e 2 3 0
f 188
t # 745
v 0 0
v 1 24
v 2 1
v 3 1
v 4 1
e 0 1 0
e 0 3 0
e 1 2 0
e 3 4 0
f 93
t # 746
v 0 0
v 1 21
v 2 3
v 3 0
v 4 4
e 0 1 0
e 1 2 0
e 2 3 0
e 3 4 0
f 84
t # 747
v 0 0
v 1 23
v 2 4
v 3 1
e 0 1 0
e 1 2 0
e 2 3 0
f 214
t # 748
v 0 0
v 1 29
v 2 2
v 3 0
v 4 0
e 0 1 0
e 0 4 0
e 1 2 0
e 2 3 0
f 87
t # 749
v 0 0
v 1 23
v 2 0
v 3 0
v 4 1
v 5 1
e 0 1 0
e 1 2 0
e 2 3 0
e 3 4 0
e 4 5 0
f 81
t # 750
v 0 0
v 1 21
v 2 0
v 3 0
v 4 4
e 0 1 0
e 1 2 0
e 2 3 0
e 2 4 0
f 93
t # 751
v 0 0
v 1 20
v 2 3
v 3 3
e 0 1 0
e 1 2 0
e 2 3 0
f 121
t # 752
v 0 0
v 1 21
v 2 1
v 3 1
v 4 1
e 0 1 0
e 1 2 0
e 2 3 0
e 3 4 0
f 94
t # 753
v 0 0
v 1 25
v 2 0
v 3 25
e 0 1 0
e 1 2 0
e 2 3 0
f 82
t # 754
v 0 0
v 1 28
v 2 0
v 3 0
v 4 4
e 0 1 0
e 1 2 0
e 2 3 0
e 3 4 0
f 164
t # 755
v 0 0
v 1 24
v 2 0
v 3 2
v 4 0
e 0 1 0
e 1 2 0
e 2 3 0
e 3 4 0
f 98
t # 756
v 0 0
v 1 24
v 2 1
v 3 1
v 4 4
e 0 1 0
e 0 4 0
e 1 2 0
e 2 3 0
f 90
t # 757
v 0 0
v 1 25
v 2 1
v 3 0
v 4 1
e 0 1 0
e 1 2 0
e 2 3 0
e 3 4 0
f 121
t # 758
v 0 0
v 1 18
v 2 0
v 3 3
v 4 1
e 0 1 0
e 1 2 0
e 2 3 0
e 3 4 0
f 91
t # 759
v 0 0
v 1 24
v 2 0
v 3 0
v 4 1
e 0 1 0
e 1 2 0
e 2 3 0
e 2 4 0
f 113
t # 760
v 0 0
v 1 23
v 2 1
v 3 3
v 4 0
e 0 1 0
e 1 2 0
e 2 3 0
e 3 4 0
f 94
t # 761
v 0 0
v 1 22
v 2 0
v 3 0
v 4 1
e 0 1 0
e 0 4 0
e 1 2 0
e 2 3 0
f 214
