t # 0
v 0 0
v 1 3
v 2 29
v 3 2
e 0 1 0
e 1 2 0
e 2 3 0
f 98
p 97
t # 1
v 0 0
v 1 1
v 2 26
v 3 3
e 0 1 0
e 1 2 0
e 2 3 0
f 225
p 223
t # 2
v 0 0
v 1 29
v 2 3
v 3 3
e 0 1 0
e 1 2 0
e 2 3 0
f 114
p 114
t # 3
v 0 0
v 1 17
v 2 0
v 3 17
e 0 1 0
e 1 2 0
e 2 3 0
f 82
p 126
t # 4
v 0 0
v 1 18
v 2 0
v 3 0
e 0 1 0
e 1 2 0
e 1 3 0
f 84
p 84
t # 5
v 0 0
v 1 23
v 2 0
v 3 0
v 4 1
v 5 0
e 0 1 0
e 0 4 0
e 1 2 0
e 2 3 0
e 4 5 0
f 104
p 103
t # 6
v 0 0
v 1 23
v 2 0
v 3 0
v 4 4
e 0 1 0
e 0 4 0
e 1 2 0
e 2 3 0
f 162
p 159
t # 7
v 0 0
v 1 23
v 2 1
v 3 4
v 4 0
e 0 1 0
e 1 2 0
e 2 3 0
e 2 4 0
f 80
p 80
t # 8
v 0 0
v 1 23
v 2 0
v 3 0
v 4 1
e 0 1 0
e 1 2 0
e 2 3 0
e 2 4 0
f 121
p 114
t # 9
v 0 0
v 1 23
v 2 4
e 0 1 0
e 1 2 0
f 606
p 609
t # 10
v 0 0
v 1 24
v 2 0
v 3 4
v 4 0
e 0 1 0
e 1 2 0
e 2 3 0
e 3 4 0
f 140
p 136
t # 11
v 0 0
v 1 28
v 2 4
v 3 0
v 4 0
e 0 1 0
e 1 2 0
e 2 3 0
e 3 4 0
f 138
p 134
t # 12
v 0 0
v 1 23
v 2 4
v 3 0
e 0 1 0
e 1 2 0
e 1 3 0
f 100
p 103
t # 13
v 0 0
v 1 24
v 2 2
v 3 1
e 0 1 0
e 1 2 0
e 2 3 0
f 159
p 156
t # 14
v 0 0
v 1 27
v 2 1
v 3 1
v 4 0
e 0 1 0
e 1 2 0
e 2 3 0
e 2 4 0
f 80
p 79
t # 15
v 0 0
v 1 28
v 2 4
v 3 1
v 4 0
e 0 1 0
e 1 2 0
e 2 3 0
e 3 4 0
f 111
p 109
t # 16
v 0 0
v 1 23
v 2 1
v 3 0
v 4 3
e 0 1 0
e 1 2 0
e 2 3 0
e 3 4 0
f 103
p 105
t # 17
v 0 0
v 1 28
v 2 3
e 0 1 0
e 1 2 0
f 522
p 520
t # 18
v 0 0
v 1 24
v 2 0
v 3 0
v 4 0
v 5 4
e 0 1 0
e 0 4 0
e 1 2 0
e 2 3 0
e 3 5 0
f 82
p 79
t # 19
v 0 0
v 1 4
v 2 0
v 3 20
v 4 4
e 0 1 0
e 1 2 0
e 2 3 0
e 3 4 0
f 89
p 88
t # 20
v 0 0
v 1 29
v 2 0
v 3 0
v 4 0
e 0 1 0
e 1 2 0
e 2 3 0
e 3 4 0
f 248
p 247
t # 21
v 0 0
v 1 23
v 2 2
v 3 4
e 0 1 0
e 0 3 0
e 1 2 0
f 128
p 125
t # 22
v 0 0
v 1 24
v 2 3
v 3 0
v 4 0
e 0 1 0
e 0 4 0
e 1 2 0
e 2 3 0
f 128
p 127
t # 23
v 0 0
v 1 21
v 2 0
v 3 3
v 4 0
e 0 1 0
e 1 2 0
e 2 3 0
e 2 4 0
f 82
p 81
t # 24
v 0 0
v 1 23
v 2 0
v 3 1
v 4 0
v 5 1
e 0 1 0
e 1 2 0
e 2 3 0
e 3 4 0
e 4 5 0
f 82
p 83
t # 25
v 0 0
v 1 24
v 2 1
v 3 0
v 4 2
e 0 1 0
e 0 4 0
e 1 2 0
e 2 3 0
f 80
p 77
t # 26
v 0 0
v 1 29
v 2 0
v 3 0
v 4 3
e 0 1 0
e 1 2 0
e 2 3 0
e 3 4 0
f 145
p 143
t # 27
v 0 0
v 1 23
v 2 2
v 3 0
e 0 1 0
e 1 2 0
e 2 3 0
f 206
p 203
t # 28
v 0 0
v 1 23
v 2 1
v 3 1
v 4 1
e 0 1 0
e 1 2 0
e 2 3 0
e 3 4 0
f 83
p 101
t # 29
v 0 0
v 1 28
v 2 4
v 3 1
e 0 1 0
e 1 2 0
e 1 3 0
f 133
p 134
t # 30
v 0 0
v 1 29
v 2 2
v 3 4
e 0 1 0
e 0 3 0
e 1 2 0
f 123
p 119
t # 31
v 0 0
v 1 23
v 2 4
v 3 4
e 0 1 0
e 0 3 0
e 1 2 0
f 159
p 157
t # 32
v 0 0
v 1 29
v 2 2
v 3 0
v 4 0
e 0 1 0
e 0 4 0
e 1 2 0
e 2 3 0
f 87
p 86
t # 33
v 0 0
v 1 23
v 2 3
v 3 0
e 0 1 0
e 1 2 0
e 1 3 0
f 98
p 92
t # 34
v 0 0
v 1 29
v 2 29
e 0 1 0
e 0 2 0
f 127
p 122
t # 35
v 0 0
v 1 29
v 2 4
v 3 0
v 4 1
e 0 1 0
e 1 2 0
e 2 3 0
e 3 4 0
f 114
p 113
t # 36
v 0 0
v 1 24
v 2 3
v 3 0
v 4 1
e 0 1 0
e 1 2 0
e 2 3 0
e 3 4 0
f 93
p 92
t # 37
v 0 0
v 1 21
v 2 1
v 3 1
v 4 0
e 0 1 0
e 1 2 0
e 2 3 0
e 2 4 0
f 94
p 93
t # 38
v 0 0
v 1 24
v 2 0
v 3 0
v 4 0
e 0 1 0
e 1 2 0
e 2 3 0
e 2 4 0
f 94
p 91
t # 39
v 0 0
v 1 23
v 2 0
v 3 0
v 4 0
e 0 1 0
e 1 2 0
e 2 3 0
e 3 4 0
f 251
p 246
t # 40
v 0 0
v 1 26
v 2 1
v 3 0
e 0 1 0
e 1 2 0
e 1 3 0
f 147
p 149
t # 41
v 0 0
v 1 29
v 2 2
v 3 3
e 0 1 0
e 0 3 0
e 1 2 0
f 91
p 103
t # 42
v 0 0
v 1 21
v 2 0
v 3 0
v 4 4
e 0 1 0
e 1 2 0
e 2 3 0
e 2 4 0
f 93
p 92
t # 43
v 0 0
v 1 24
v 2 2
v 3 0
v 4 0
e 0 1 0
e 0 4 0
e 1 2 0
e 2 3 0
f 106
p 106
t # 44
v 0 0
v 1 24
v 2 4
v 3 0
v 4 1
e 0 1 0
e 1 2 0
e 2 3 0
e 3 4 0
f 114
p 113
t # 45
v 0 0
v 1 28
v 2 0
v 3 2
v 4 0
e 0 1 0
e 1 2 0
e 2 3 0
e 3 4 0
f 97
p 95
t # 46
v 0 0
v 1 24
v 2 3
v 3 0
e 0 1 0
e 1 2 0
e 1 3 0
f 90
p 89
t # 47
v 0 0
v 1 29
v 2 0
v 3 4
v 4 0
e 0 1 0
e 1 2 0
e 2 3 0
e 3 4 0
f 166
p 162
t # 48
v 0 0
v 1 24
v 2 0
v 3 0
v 4 1
e 0 1 0
e 1 2 0
e 2 3 0
e 3 4 0
f 189
p 188
t # 49
v 0 0
v 1 24
v 2 0
v 3 0
v 4 0
v 5 0
e 0 1 0
e 0 4 0
e 1 2 0
e 2 3 0
e 3 5 0
f 123
p 119
t # 50
v 0 0
v 1 24
v 2 3
v 3 2
e 0 1 0
e 1 2 0
e 2 3 0
f 80
p 79
t # 51
v 0 0
v 1 23
v 2 0
v 3 0
v 4 2
e 0 1 0
e 0 4 0
e 1 2 0
e 2 3 0
f 103
p 103
t # 52
v 0 0
v 1 24
v 2 2
v 3 1
e 0 1 0
e 1 2 0
e 2 3 0
f 159
p 156
t # 53
v 0 0
v 1 28
v 2 0
v 3 0
v 4 1
e 0 1 0
e 1 2 0
e 2 3 0
e 2 4 0
f 128
p 127
t # 54
v 0 0
v 1 29
v 2 1
v 3 3
e 0 1 0
e 0 3 0
e 1 2 0
f 218
p 215
t # 55
v 0 0
v 1 24
v 2 1
v 3 1
e 0 1 0
e 1 2 0
e 2 3 0
f 292
p 290
t # 56
v 0 0
v 1 23
v 2 3
v 3 2
e 0 1 0
e 1 2 0
e 2 3 0
f 109
p 107
t # 57
v 0 0
v 1 29
v 2 1
v 3 1
e 0 1 0
e 1 2 0
e 2 3 0
f 270
p 267
t # 58
v 0 0
v 1 28
v 2 4
v 3 0
v 4 0
e 0 1 0
e 1 2 0
e 2 3 0
e 3 4 0
f 138
p 134
t # 59
v 0 0
v 1 22
v 2 0
v 3 1
e 0 1 0
e 1 2 0
e 2 3 0
f 375
p 377
t # 60
v 0 0
v 1 24
v 2 0
v 3 1
v 4 0
e 0 1 0
e 1 2 0
e 2 3 0
e 3 4 0
f 178
p 178
t # 61
v 0 0
v 1 29
v 2 2
v 3 4
e 0 1 0
e 0 3 0
e 1 2 0
f 123
p 119
t # 62
v 0 0
v 1 23
v 2 23
e 0 1 0
e 0 2 0
f 111
p 109
t # 63
v 0 0
v 1 18
v 2 3
v 3 0
e 0 1 0
e 1 2 0
e 1 3 0
f 84
p 83
t # 64
v 0 0
v 1 23
v 2 1
v 3 2
e 0 1 0
e 1 2 0
e 2 3 0
f 149
p 148
t # 65
v 0 0
v 1 24
v 2 1
v 3 1
e 0 1 0
e 0 3 0
e 1 2 0
f 275
p 265
t # 66
v 0 0
v 1 29
v 2 0
v 3 0
v 4 3
e 0 1 0
e 1 2 0
e 2 3 0
e 3 4 0
f 145
p 143
t # 67
v 0 0
v 1 29
v 2 0
v 3 0
v 4 1
e 0 1 0
e 1 2 0
e 2 3 0
e 3 4 0
f 206
p 198
t # 68
v 0 0
v 1 24
v 2 0
v 3 4
v 4 0
v 5 0
e 0 1 0
e 1 2 0
e 2 3 0
e 3 4 0
e 4 5 0
f 83
p 85
t # 69
v 0 0
v 1 29
v 2 1
v 3 3
e 0 1 0
e 0 3 0
e 1 2 0
f 218
p 215
t # 70
v 0 0
v 1 23
v 2 0
v 3 1
v 4 3
e 0 1 0
e 1 2 0
e 2 3 0
e 3 4 0
f 104
p 97
t # 71
v 0 0
v 1 26
v 2 2
v 3 3
e 0 1 0
e 1 2 0
e 2 3 0
f 90
p 91
t # 72
v 0 0
v 1 0
v 2 0
v 3 28
v 4 1
v 5 1
e 0 1 0
e 1 2 0
e 2 3 0
e 3 4 0
e 4 5 0
f 80
p 88
t # 73
v 0 0
v 1 17
v 2 3
v 3 0
e 0 1 0
e 1 2 0
e 1 3 0
f 92
p 91
t # 74
v 0 0
v 1 23
v 2 0
v 3 0
v 4 4
e 0 1 0
e 0 4 0
e 1 2 0
e 2 3 0
f 162
p 159
t # 75
v 0 0
v 1 28
v 2 0
v 3 0
v 4 0
e 0 1 0
e 0 4 0
e 1 2 0
e 2 3 0
f 144
p 170
t # 76
v 0 0
v 1 24
v 2 3
v 3 0
e 0 1 0
e 1 2 0
e 1 3 0
f 90
p 89
t # 77
v 0 0
v 1 24
v 2 3
v 3 1
v 4 0
e 0 1 0
e 1 2 0
e 2 3 0
e 3 4 0
f 81
p 81
t # 78
v 0 0
v 1 23
v 2 1
v 3 4
e 0 1 0
e 1 2 0
e 2 3 0
f 262
p 253
t # 79
v 0 0
v 1 23
v 2 0
v 3 1
v 4 1
e 0 1 0
e 1 2 0
e 2 3 0
e 3 4 0
f 135
p 136
t # 80
v 0 0
v 1 26
v 2 0
v 3 3
v 4 0
e 0 1 0
e 1 2 0
e 2 3 0
e 2 4 0
f 84
p 84
t # 81
v 0 0
v 1 24
v 2 2
v 3 0
e 0 1 0
e 1 2 0
e 2 3 0
f 204
p 201
t # 82
v 0 0
v 1 23
v 2 1
v 3 4
e 0 1 0
e 0 3 0
e 1 2 0
f 250
p 250
t # 83
v 0 0
v 1 4
v 2 4
v 3 28
e 0 1 0
e 1 2 0
e 2 3 0
f 179
p 182
t # 84
v 0 0
v 1 24
v 2 1
v 3 1
v 4 1
e 0 1 0
e 1 2 0
e 2 3 0
e 3 4 0
f 97
p 95
t # 85
v 0 0
v 1 23
v 2 1
v 3 3
e 0 1 0
e 1 2 0
e 2 3 0
f 194
p 221
t # 86
v 0 0
v 1 24
v 2 2
v 3 3
e 0 1 0
e 0 3 0
e 1 2 0
f 98
p 92
t # 87
v 0 0
v 1 23
v 2 4
v 3 2
e 0 1 0
e 1 2 0
e 2 3 0
f 128
p 126
t # 88
v 0 0
v 1 1
v 2 26
v 3 1
e 0 1 0
e 1 2 0
e 2 3 0
f 260
p 258
t # 89
v 0 0
v 1 28
v 2 1
v 3 1
v 4 1
e 0 1 0
e 1 2 0
e 2 3 0
e 3 4 0
f 94
p 100
t # 90
v 0 0
v 1 24
v 2 4
v 3 4
e 0 1 0
e 0 3 0
e 1 2 0
f 166
p 165
t # 91
v 0 0
v 1 29
v 2 4
v 3 0
v 4 3
e 0 1 0
e 0 4 0
e 1 2 0
e 2 3 0
f 81
p 101
t # 92
v 0 0
v 1 1
v 2 29
v 3 4
e 0 1 0
e 0 2 0
e 2 3 0
f 232
p 230
t # 93
v 0 0
v 1 23
v 2 1
v 3 4
e 0 1 0
e 1 2 0
e 2 3 0
f 262
p 253
t # 94
v 0 0
v 1 27
v 2 4
v 3 0
e 0 1 0
e 1 2 0
e 1 3 0
f 124
p 124
t # 95
v 0 0
v 1 29
v 2 2
v 3 0
v 4 0
e 0 1 0
e 0 4 0
e 1 2 0
e 2 3 0
f 87
p 86
t # 96
v 0 0
v 1 28
v 2 0
v 3 0
v 4 0
v 5 1
e 0 1 0
e 1 2 0
e 2 3 0
e 3 4 0
e 4 5 0
f 101
p 102
t # 97
v 0 0
v 1 24
v 2 1
v 3 1
v 4 0
e 0 1 0
e 1 2 0
e 2 3 0
e 3 4 0
f 123
p 122
t # 98
v 0 0
v 1 25
v 2 0
v 3 0
v 4 4
e 0 1 0
e 1 2 0
e 2 3 0
e 3 4 0
f 142
p 139
t # 99
v 0 0
v 1 29
v 2 0
v 3 2
v 4 0
e 0 1 0
e 1 2 0
e 2 3 0
e 3 4 0
f 98
p 97
t # 100
v 0 0
v 1 24
v 2 0
v 3 0
v 4 1
e 0 1 0
e 0 4 0
e 1 2 0
e 2 3 0
f 176
p 163
t # 101
v 0 0
v 1 23
v 2 4
v 3 4
e 0 1 0
e 0 3 0
e 1 2 0
f 159
p 157
t # 102
v 0 0
v 1 25
v 2 0
v 3 0
v 4 1
e 0 1 0
e 1 2 0
e 2 3 0
e 2 4 0
f 114
p 113
t # 103
v 0 0
v 1 28
v 2 3
v 3 0
e 0 1 0
e 1 2 0
e 1 3 0
f 80
p 84
t # 104
v 0 0
v 1 24
v 2 1
v 3 0
v 4 3
e 0 1 0
e 0 4 0
e 1 2 0
e 2 3 0
f 82
p 81
t # 105
v 0 0
v 1 28
v 2 3
e 0 1 0
e 1 2 0
f 522
p 520
t # 106
v 0 0
v 1 19
v 2 1
v 3 0
e 0 1 0
e 1 2 0
e 1 3 0
f 150
p 145
t # 107
v 0 0
v 1 24
v 2 4
v 3 2
e 0 1 0
e 1 2 0
e 2 3 0
f 122
p 122
t # 108
v 0 0
v 1 28
v 2 0
v 3 0
v 4 0
v 5 0
e 0 1 0
e 0 4 0
e 1 2 0
e 2 3 0
e 3 5 0
f 113
p 110
t # 109
v 0 0
v 1 28
v 2 1
e 0 1 0
e 1 2 0
f 795
p 761
t # 110
v 0 0
v 1 28
v 2 3
v 3 1
e 0 1 0
e 1 2 0
e 1 3 0
f 124
p 123
t # 111
v 0 0
v 1 0
v 2 1
v 3 24
v 4 1
e 0 1 0
e 1 2 0
e 2 3 0
e 3 4 0
f 117
p 116
t # 112
v 0 0
v 1 23
v 2 2
v 3 1
e 0 1 0
e 1 2 0
e 2 3 0
f 151
p 150
t # 113
v 0 0
v 1 28
v 2 0
v 3 0
v 4 3
e 0 1 0
e 1 2 0
e 2 3 0
e 3 4 0
f 142
p 141
t # 114
v 0 0
v 1 24
v 2 0
v 3 0
v 4 4
e 0 1 0
e 1 2 0
e 2 3 0
e 2 4 0
f 86
p 87
t # 115
v 0 0
v 1 28
v 2 3
v 3 0
e 0 1 0
e 1 2 0
e 2 3 0
f 260
p 261
t # 116
v 0 0
v 1 29
v 2 2
v 3 4
e 0 1 0
e 0 3 0
e 1 2 0
f 123
p 119
t # 117
v 0 0
v 1 29
v 2 2
v 3 4
e 0 1 0
e 0 3 0
e 1 2 0
f 123
p 119
t # 118
v 0 0
v 1 19
v 2 1
v 3 1
v 4 0
e 0 1 0
e 0 3 0
e 1 2 0
e 1 4 0
f 86
p 86
t # 119
v 0 0
v 1 22
v 2 0
v 3 0
e 0 1 0
e 1 2 0
e 1 3 0
f 80
p 78
t # 120
v 0 0
v 1 29
v 2 0
v 3 3
v 4 1
e 0 1 0
e 1 2 0
e 2 3 0
e 3 4 0
f 103
p 103
t # 121
v 0 0
v 1 29
v 2 1
v 3 1
e 0 1 0
e 0 3 0
e 1 2 0
f 310
p 307
t # 122
v 0 0
v 1 29
v 2 2
e 0 1 0
e 1 2 0
f 436
p 448
t # 123
v 0 0
v 1 24
v 2 0
v 3 2
e 0 1 0
e 1 2 0
e 2 3 0
f 193
p 193
t # 124
v 0 0
v 1 24
v 2 2
v 3 0
v 4 0
e 0 1 0
e 1 2 0
e 2 3 0
e 3 4 0
f 92
p 91
t # 125
v 0 0
v 1 23
v 2 1
v 3 1
e 0 1 0
e 1 2 0
e 2 3 0
f 292
p 289
t # 126
v 0 0
v 1 28
v 2 4
e 0 1 0
e 1 2 0
f 611
p 607
t # 127
v 0 0
v 1 26
v 2 0
v 3 26
e 0 1 0
e 1 2 0
e 2 3 0
f 82
p 101
t # 128
v 0 0
v 1 23
v 2 0
v 3 0
v 4 0
v 5 1
e 0 1 0
e 1 2 0
e 2 3 0
e 3 4 0
e 4 5 0
f 106
p 104
t # 129
v 0 0
v 1 29
v 2 0
v 3 2
v 4 0
e 0 1 0
e 1 2 0
e 2 3 0
e 3 4 0
f 98
p 97
t # 130
v 0 0
v 1 23
v 2 0
v 3 3
v 4 0
e 0 1 0
e 1 2 0
e 2 3 0
e 2 4 0
f 80
p 79
t # 131
v 0 0
v 1 19
v 2 4
v 3 0
e 0 1 0
e 1 2 0
e 1 3 0
f 114
p 114
t # 132
v 0 0
v 1 29
v 2 1
v 3 0
e 0 1 0
e 1 2 0
e 1 3 0
f 145
p 146
t # 133
v 0 0
v 1 23
v 2 1
v 3 4
v 4 0
e 0 1 0
e 1 2 0
e 2 3 0
e 2 4 0
f 80
p 80
t # 134
v 0 0
v 1 20
v 2 4
v 3 0
e 0 1 0
e 1 2 0
e 1 3 0
f 125
p 126
t # 135
v 0 0
v 1 28
v 2 0
v 3 0
v 4 0
v 5 3
e 0 1 0
e 1 2 0
e 2 3 0
e 3 4 0
e 4 5 0
f 80
p 92
t # 136
v 0 0
v 1 21
v 2 1
v 3 1
v 4 0
e 0 1 0
e 0 3 0
e 1 2 0
e 1 4 0
f 95
p 97
t # 137
v 0 0
v 1 24
v 2 3
v 3 0
v 4 1
e 0 1 0
e 0 4 0
e 1 2 0
e 2 3 0
f 85
p 84
t # 138
v 0 0
v 1 28
v 2 1
v 3 0
v 4 4
e 0 1 0
e 1 2 0
e 2 3 0
e 3 4 0
f 111
p 113
t # 139
v 0 0
v 1 28
v 2 1
v 3 0
v 4 1
v 5 0
e 0 1 0
e 0 4 0
e 1 2 0
e 2 3 0
e 4 5 0
f 85
p 83
t # 140
v 0 0
v 1 24
v 2 1
v 3 1
v 4 4
e 0 1 0
e 0 4 0
e 1 2 0
e 2 3 0
f 90
p 88
t # 141
v 0 0
v 1 25
v 2 0
v 3 0
v 4 0
e 0 1 0
e 0 4 0
e 1 2 0
e 2 3 0
f 148
p 146
t # 142
v 0 0
v 1 29
v 2 0
v 3 4
v 4 0
e 0 1 0
e 1 2 0
e 2 3 0
e 3 4 0
f 166
p 162
t # 143
v 0 0
v 1 24
v 2 1
v 3 4
e 0 1 0
e 0 3 0
e 1 2 0
f 225
p 215
t # 144
v 0 0
v 1 28
v 2 1
v 3 0
v 4 0
e 0 1 0
e 1 2 0
e 2 3 0
e 3 4 0
f 200
p 197
t # 145
v 0 0
v 1 28
v 2 0
v 3 1
v 4 0
v 5 0
e 0 1 0
e 1 2 0
e 2 3 0
e 3 4 0
e 4 5 0
f 103
p 100
t # 146
v 0 0
v 1 28
v 2 0
v 3 0
v 4 4
v 5 0
e 0 1 0
e 1 2 0
e 2 3 0
e 3 4 0
e 4 5 0
f 81
p 79
t # 147
v 0 0
v 1 23
v 2 3
v 3 0
v 4 0
e 0 1 0
e 0 4 0
e 1 2 0
e 2 3 0
f 133
p 130
t # 148
v 0 0
v 1 28
v 2 0
v 3 0
v 4 0
v 5 1
e 0 1 0
e 1 2 0
e 2 3 0
e 3 4 0
e 4 5 0
f 101
p 102
t # 149
v 0 0
v 1 19
v 2 3
v 3 0
e 0 1 0
e 1 2 0
e 1 3 0
f 96
p 95
t # 150
v 0 0
v 1 24
v 2 0
v 3 1
v 4 4
e 0 1 0
e 0 4 0
e 1 2 0
e 2 3 0
f 112
p 110
t # 151
v 0 0
v 1 23
v 2 0
v 3 1
v 4 4
e 0 1 0
e 0 4 0
e 1 2 0
e 2 3 0
f 118
p 118
t # 152
v 0 0
v 1 23
v 2 1
v 3 4
v 4 1
e 0 1 0
e 1 2 0
e 2 3 0
e 3 4 0
f 91
p 96
t # 153
v 0 0
v 1 21
v 2 4
v 3 0
e 0 1 0
e 1 2 0
e 1 3 0
f 108
p 109
t # 154
v 0 0
v 1 23
v 2 1
v 3 0
v 4 1
e 0 1 0
e 1 2 0
e 2 3 0
e 3 4 0
f 138
p 138
t # 155
v 0 0
v 1 23
v 2 0
v 3 1
v 4 0
v 5 1
e 0 1 0
e 1 2 0
e 2 3 0
e 3 4 0
e 4 5 0
f 82
p 83
t # 156
v 0 0
v 1 23
v 2 4
v 3 4
e 0 1 0
e 1 2 0
e 2 3 0
f 151
p 160
t # 157
v 0 0
v 1 28
v 2 3
v 3 1
v 4 0
e 0 1 0
e 1 2 0
e 2 3 0
e 3 4 0
f 94
p 91
t # 158
v 0 0
v 1 26
v 2 4
v 3 1
v 4 0
e 0 1 0
e 1 2 0
e 2 3 0
e 2 4 0
f 87
p 88
t # 159
v 0 0
v 1 28
v 2 3
e 0 1 0
e 1 2 0
f 522
p 520
t # 160
v 0 0
v 1 23
v 2 1
v 3 2
e 0 1 0
e 0 3 0
e 1 2 0
f 155
p 152
t # 161
v 0 0
v 1 24
v 2 4
v 3 0
v 4 1
e 0 1 0
e 0 4 0
e 1 2 0
e 2 3 0
f 115
p 99
t # 162
v 0 0
v 1 29
v 2 4
v 3 1
v 4 1
e 0 1 0
e 1 2 0
e 2 3 0
e 3 4 0
f 82
p 81
t # 163
v 0 0
v 1 28
v 2 0
v 3 3
e 0 1 0
e 1 2 0
e 2 3 0
f 262
p 257
t # 164
v 0 0
v 1 23
v 2 4
v 3 3
e 0 1 0
e 1 2 0
e 2 3 0
f 135
p 136
t # 165
v 0 0
v 1 29
v 2 4
v 3 1
v 4 0
e 0 1 0
e 1 2 0
e 2 3 0
e 3 4 0
f 97
p 99
t # 166
v 0 0
v 1 24
v 2 0
v 3 0
v 4 0
e 0 1 0
e 1 2 0
e 2 3 0
e 3 4 0
f 257
p 261
t # 167
v 0 0
v 1 24
v 2 1
v 3 0
e 0 1 0
e 1 2 0
e 1 3 0
f 144
p 142
t # 168
v 0 0
v 1 29
v 2 4
v 3 3
e 0 1 0
e 0 3 0
e 1 2 0
f 178
p 168
t # 169
v 0 0
v 1 28
v 2 3
v 3 1
e 0 1 0
e 1 2 0
e 1 3 0
f 124
p 123
t # 170
v 0 0
v 1 0
v 2 28
v 3 1
v 4 0
v 5 0
e 0 1 0
e 1 2 0
e 2 3 0
e 3 4 0
e 4 5 0
f 88
p 98
t # 171
v 0 0
v 1 29
v 2 3
v 3 4
e 0 1 0
e 1 2 0
e 2 3 0
f 132
p 132
t # 172
v 0 0
v 1 29
v 2 1
v 3 1
e 0 1 0
e 0 3 0
e 1 2 0
f 310
p 307
t # 173
v 0 0
v 1 29
v 2 1
v 3 0
v 4 3
e 0 1 0
e 0 4 0
e 1 2 0
e 2 3 0
f 100
p 96
t # 174
v 0 0
v 1 4
v 2 4
v 3 28
e 0 1 0
e 1 2 0
e 2 3 0
f 179
p 182
t # 175
v 0 0
v 1 24
v 2 1
v 3 2
e 0 1 0
e 1 2 0
e 2 3 0
f 146
p 144
t # 176
v 0 0
v 1 23
v 2 1
v 3 1
v 4 0
e 0 1 0
e 1 2 0
e 2 3 0
e 3 4 0
f 145
p 142
t # 177
v 0 0
v 1 28
v 2 0
v 3 2
v 4 0
e 0 1 0
e 1 2 0
e 2 3 0
e 3 4 0
f 97
p 95
t # 178
v 0 0
v 1 29
v 2 0
v 3 3
v 4 0
e 0 1 0
e 1 2 0
e 2 3 0
e 3 4 0
f 132
p 128
t # 179
v 0 0
v 1 29
v 2 0
v 3 0
v 4 1
v 5 0
e 0 1 0
e 1 2 0
e 2 3 0
e 3 4 0
e 4 5 0
f 106
p 101
t # 180
v 0 0
v 1 23
v 2 1
v 3 1
v 4 0
e 0 1 0
e 1 2 0
e 2 3 0
e 2 4 0
f 97
p 97
t # 181
v 0 0
v 1 24
v 2 0
v 3 0
v 4 1
e 0 1 0
e 0 4 0
e 1 2 0
e 2 3 0
f 176
p 163
t # 182
v 0 0
v 1 28
v 2 1
e 0 1 0
e 1 2 0
f 795
p 761
t # 183
v 0 0
v 1 27
v 2 3
v 3 0
v 4 1
e 0 1 0
e 0 4 0
e 1 2 0
e 2 3 0
f 101
p 99
t # 184
v 0 0
v 1 23
v 2 4
v 3 3
e 0 1 0
e 1 2 0
e 2 3 0
f 135
p 136
t # 185
v 0 0
v 1 23
v 2 23
e 0 1 0
e 0 2 0
f 111
p 109
t # 186
v 0 0
v 1 28
v 2 2
v 3 3
e 0 1 0
e 0 3 0
e 1 2 0
f 97
p 91
t # 187
v 0 0
v 1 28
v 2 1
v 3 1
v 4 1
e 0 1 0
e 0 4 0
e 1 2 0
e 2 3 0
f 101
p 100
t # 188
v 0 0
v 1 29
v 2 3
v 3 0
v 4 1
e 0 1 0
e 0 4 0
e 1 2 0
e 2 3 0
f 113
p 111
t # 189
v 0 0
v 1 28
v 2 2
e 0 1 0
e 1 2 0
f 424
p 425
t # 190
v 0 0
v 1 26
v 2 0
v 3 0
v 4 0
e 0 1 0
e 1 2 0
e 2 3 0
e 2 4 0
f 89
p 89
t # 191
v 0 0
v 1 23
v 2 1
v 3 4
e 0 1 0
e 0 3 0
e 1 2 0
f 250
p 250
t # 192
v 0 0
v 1 25
v 2 0
v 3 0
v 4 0
e 0 1 0
e 1 2 0
e 2 3 0
e 2 4 0
f 86
p 88
t # 193
v 0 0
v 1 23
v 2 1
v 3 3
v 4 0
e 0 1 0
e 1 2 0
e 2 3 0
e 3 4 0
f 94
p 102
t # 194
v 0 0
v 1 23
v 2 23
e 0 1 0
e 0 2 0
f 111
p 109
t # 195
v 0 0
v 1 28
v 2 1
v 3 1
v 4 0
e 0 1 0
e 1 2 0
e 2 3 0
e 3 4 0
f 144
p 139
t # 196
v 0 0
v 1 24
v 2 3
v 3 3
e 0 1 0
e 1 2 0
e 2 3 0
f 96
p 95
t # 197
v 0 0
v 1 23
v 2 1
v 3 0
v 4 4
e 0 1 0
e 0 4 0
e 1 2 0
e 2 3 0
f 120
p 123
t # 198
v 0 0
v 1 23
v 2 0
v 3 1
v 4 1
e 0 1 0
e 1 2 0
e 2 3 0
e 3 4 0
f 135
p 136
t # 199
v 0 0
v 1 24
v 2 0
v 3 0
v 4 0
v 5 1
e 0 1 0
e 0 4 0
e 1 2 0
e 2 3 0
e 3 5 0
f 88
p 87
t # 200
v 0 0
v 1 18
v 2 1
v 3 0
e 0 1 0
e 1 2 0
e 1 3 0
f 142
p 141
t # 201
v 0 0
v 1 22
v 2 0
v 3 4
e 0 1 0
e 1 2 0
e 2 3 0
f 312
p 313
t # 202
v 0 0
v 1 24
v 2 3
v 3 1
v 4 0
e 0 1 0
e 1 2 0
e 2 3 0
e 3 4 0
f 81
p 81
t # 203
v 0 0
v 1 28
v 2 0
v 3 0
v 4 1
e 0 1 0
e 1 2 0
e 2 3 0
e 3 4 0
f 199
p 199
t # 204
v 0 0
v 1 28
v 2 1
v 3 1
e 0 1 0
e 0 3 0
e 1 2 0
f 309
p 302
t # 205
v 0 0
v 1 24
v 2 3
v 3 0
v 4 0
e 0 1 0
e 1 2 0
e 2 3 0
e 3 4 0
f 117
p 117
t # 206
v 0 0
v 1 27
v 2 1
v 3 0
e 0 1 0
e 1 2 0
e 2 3 0
f 444
p 227
t # 207
v 0 0
v 1 24
v 2 4
v 3 4
e 0 1 0
e 1 2 0
e 2 3 0
f 180
p 179
t # 208
v 0 0
v 1 26
v 2 0
v 3 0
v 4 0
v 5 1
e 0 1 0
e 1 2 0
e 2 3 0
e 3 4 0
e 4 5 0
f 102
p 100
t # 209
v 0 0
v 1 22
v 2 0
v 3 1
e 0 1 0
e 1 2 0
e 2 3 0
f 375
p 377
t # 210
v 0 0
v 1 19
v 2 4
v 3 0
e 0 1 0
e 1 2 0
e 1 3 0
f 114
p 114
t # 211
v 0 0
v 1 28
v 2 1
v 3 4
e 0 1 0
e 0 3 0
e 1 2 0
f 268
p 261
t # 212
v 0 0
v 1 24
v 2 4
v 3 1
e 0 1 0
e 1 2 0
e 2 3 0
f 232
p 229
t # 213
v 0 0
v 1 27
v 2 4
v 3 0
e 0 1 0
e 1 2 0
e 1 3 0
f 124
p 124
t # 214
v 0 0
v 1 28
v 2 1
v 3 4
e 0 1 0
e 1 2 0
e 2 3 0
f 237
p 233
t # 215
v 0 0
v 1 24
v 2 2
v 3 3
e 0 1 0
e 0 3 0
e 1 2 0
f 98
p 92
t # 216
v 0 0
v 1 23
v 2 3
v 3 0
v 4 1
e 0 1 0
e 0 4 0
e 1 2 0
e 2 3 0
f 95
p 96
t # 217
v 0 0
v 1 29
v 2 0
v 3 0
v 4 1
v 5 0
e 0 1 0
e 1 2 0
e 2 3 0
e 3 4 0
e 4 5 0
f 106
p 101
t # 218
v 0 0
v 1 28
v 2 1
v 3 0
v 4 1
v 5 0
e 0 1 0
e 0 4 0
e 1 2 0
e 2 3 0
e 4 5 0
f 85
p 83
t # 219
v 0 0
v 1 29
v 2 4
v 3 0
e 0 1 0
e 1 2 0
e 1 3 0
f 116
p 118
t # 220
v 0 0
v 1 24
v 2 2
v 3 0
v 4 0
e 0 1 0
e 1 2 0
e 2 3 0
e 3 4 0
f 92
p 91
t # 221
v 0 0
v 1 19
v 2 4
v 3 0
e 0 1 0
e 1 2 0
e 1 3 0
f 114
p 114
t # 222
v 0 0
v 1 27
v 2 2
v 3 0
v 4 0
e 0 1 0
e 0 4 0
e 1 2 0
e 2 3 0
f 125
p 123
t # 223
v 0 0
v 1 23
v 2 0
v 3 1
v 4 3
e 0 1 0
e 0 4 0
e 1 2 0
e 2 3 0
f 105
p 102
t # 224
v 0 0
v 1 23
v 2 1
v 3 1
v 4 0
e 0 1 0
e 1 2 0
e 2 3 0
e 3 4 0
f 145
p 142
t # 225
v 0 0
v 1 27
v 2 2
v 3 0
e 0 1 0
e 1 2 0
e 1 3 0
f 89
p 89
t # 226
v 0 0
v 1 24
v 2 0
v 3 1
e 0 1 0
e 1 2 0
e 2 3 0
f 354
p 359
t # 227
v 0 0
v 1 4
v 2 0
v 3 20
v 4 4
e 0 1 0
e 1 2 0
e 2 3 0
e 3 4 0
f 89
p 88
t # 228
v 0 0
v 1 29
v 2 0
v 3 0
v 4 0
v 5 3
e 0 1 0
e 0 5 0
e 1 2 0
e 2 3 0
e 3 4 0
f 80
p 89
t # 229
v 0 0
v 1 29
v 2 2
e 0 1 0
e 1 2 0
f 436
p 448
t # 230
v 0 0
v 1 27
v 2 27
e 0 1 0
e 0 2 0
f 122
p 119
t # 231
v 0 0
v 1 28
v 2 0
v 3 3
v 4 0
e 0 1 0
e 1 2 0
e 2 3 0
e 3 4 0
f 126
p 128
t # 232
v 0 0
v 1 24
v 2 2
v 3 0
v 4 0
e 0 1 0
e 0 4 0
e 1 2 0
e 2 3 0
f 106
p 106
t # 233
v 0 0
v 1 29
v 2 1
v 3 0
v 4 3
e 0 1 0
e 0 4 0
e 1 2 0
e 2 3 0
f 100
p 96
t # 234
v 0 0
v 1 29
v 2 0
v 3 1
v 4 4
e 0 1 0
e 1 2 0
e 2 3 0
e 3 4 0
f 116
p 116
t # 235
v 0 0
v 1 29
v 2 3
v 3 0
v 4 0
e 0 1 0
e 0 4 0
e 1 2 0
e 2 3 0
f 121
p 121
t # 236
v 0 0
v 1 28
v 2 3
v 3 1
e 0 1 0
e 1 2 0
e 1 3 0
f 124
p 123
t # 237
v 0 0
v 1 24
v 2 1
v 3 1
e 0 1 0
e 0 3 0
e 1 2 0
f 275
p 265
t # 238
v 0 0
v 1 29
v 2 4
v 3 0
v 4 4
e 0 1 0
e 1 2 0
e 2 3 0
e 3 4 0
f 83
p 82
t # 239
v 0 0
v 1 23
v 2 2
v 3 1
e 0 1 0
e 1 2 0
e 2 3 0
f 151
p 150
t # 240
v 0 0
v 1 24
v 2 1
v 3 1
v 4 4
e 0 1 0
e 0 4 0
e 1 2 0
e 2 3 0
f 90
p 88
t # 241
v 0 0
v 1 24
v 2 1
v 3 3
e 0 1 0
e 1 2 0
e 2 3 0
f 191
p 199
t # 242
v 0 0
v 1 28
v 2 0
v 3 1
v 4 0
e 0 1 0
e 1 2 0
e 2 3 0
e 3 4 0
f 192
p 190
t # 243
v 0 0
v 1 28
v 2 0
v 3 0
v 4 0
v 5 1
e 0 1 0
e 0 5 0
e 1 2 0
e 2 3 0
e 3 4 0
f 112
p 111
t # 244
v 0 0
v 1 23
v 2 0
v 3 2
e 0 1 0
e 1 2 0
e 2 3 0
f 209
p 208
t # 245
v 0 0
v 1 28
v 2 0
v 3 0
v 4 0
v 5 0
e 0 1 0
e 0 4 0
e 1 2 0
e 2 3 0
e 3 5 0
f 113
p 110
t # 246
v 0 0
v 1 4
v 2 4
v 3 28
e 0 1 0
e 1 2 0
e 2 3 0
f 179
p 182
t # 247
v 0 0
v 1 23
v 2 4
v 3 4
e 0 1 0
e 0 3 0
e 1 2 0
f 159
p 157
t # 248
v 0 0
v 1 23
v 2 2
v 3 1
e 0 1 0
e 1 2 0
e 2 3 0
f 151
p 150
t # 249
v 0 0
v 1 26
v 2 1
v 3 0
v 4 0
e 0 1 0
e 1 2 0
e 2 3 0
e 2 4 0
f 80
p 93
t # 250
v 0 0
v 1 27
v 2 2
v 3 0
v 4 0
e 0 1 0
e 0 4 0
e 1 2 0
e 2 3 0
f 125
p 123
t # 251
v 0 0
v 1 28
v 2 3
v 3 0
v 4 0
e 0 1 0
e 1 2 0
e 2 3 0
e 3 4 0
f 122
p 121
t # 252
v 0 0
v 1 29
v 2 1
v 3 1
e 0 1 0
e 0 3 0
e 1 2 0
f 310
p 307
t # 253
v 0 0
v 1 24
v 2 2
v 3 0
e 0 1 0
e 1 2 0
e 2 3 0
f 204
p 201
t # 254
v 0 0
v 1 29
v 2 1
v 3 3
e 0 1 0
e 0 3 0
e 1 2 0
f 218
p 215
t # 255
v 0 0
v 1 1
v 2 29
v 3 4
e 0 1 0
e 0 2 0
e 2 3 0
f 232
p 230
t # 256
v 0 0
v 1 24
v 2 4
v 3 0
e 0 1 0
e 1 2 0
e 2 3 0
f 297
p 300
t # 257
v 0 0
v 1 24
v 2 1
v 3 1
v 4 0
e 0 1 0
e 1 2 0
e 2 3 0
e 3 4 0
f 123
p 122
t # 258
v 0 0
v 1 28
v 2 0
v 3 1
v 4 0
e 0 1 0
e 1 2 0
e 2 3 0
e 3 4 0
f 192
p 190
t # 259
v 0 0
v 1 24
v 2 1
v 3 1
e 0 1 0
e 1 2 0
e 2 3 0
f 292
p 290
t # 260
v 0 0
v 1 23
v 2 1
v 3 1
v 4 0
e 0 1 0
e 1 2 0
e 2 3 0
e 3 4 0
f 145
p 142
t # 261
v 0 0
v 1 2
v 2 28
v 3 4
e 0 1 0
e 0 2 0
e 2 3 0
f 130
p 130
t # 262
v 0 0
v 1 24
v 2 4
v 3 4
e 0 1 0
e 0 3 0
e 1 2 0
f 166
p 165
t # 263
v 0 0
v 1 1
v 2 29
v 3 4
e 0 1 0
e 0 2 0
e 2 3 0
f 232
p 230
t # 264
v 0 0
v 1 23
v 2 4
v 3 2
e 0 1 0
e 1 2 0
e 2 3 0
f 128
p 126
t # 265
v 0 0
v 1 23
v 2 1
v 3 0
e 0 1 0
e 1 2 0
e 1 3 0
f 144
p 144
t # 266
v 0 0
v 1 24
v 2 4
v 3 3
e 0 1 0
e 0 3 0
e 1 2 0
f 155
p 152
t # 267
v 0 0
v 1 28
v 2 1
v 3 3
e 0 1 0
e 0 3 0
e 1 2 0
f 232
p 231
t # 268
v 0 0
v 1 29
v 2 3
v 3 0
v 4 1
e 0 1 0
e 1 2 0
e 2 3 0
e 3 4 0
f 100
p 101
t # 269
v 0 0
v 1 27
v 2 0
v 3 0
v 4 4
e 0 1 0
e 1 2 0
e 2 3 0
e 2 4 0
f 90
p 89
t # 270
v 0 0
v 1 28
v 2 1
v 3 0
v 4 0
v 5 0
e 0 1 0
e 1 2 0
e 2 3 0
e 3 4 0
e 4 5 0
f 98
p 99
t # 271
v 0 0
v 1 24
v 2 3
v 3 0
v 4 0
e 0 1 0
e 0 4 0
e 1 2 0
e 2 3 0
f 128
p 127
t # 272
v 0 0
v 1 29
v 2 1
v 3 3
e 0 1 0
e 1 2 0
e 2 3 0
f 227
p 225
t # 273
v 0 0
v 1 23
v 2 0
v 3 2
e 0 1 0
e 1 2 0
e 2 3 0
f 209
p 208
t # 274
v 0 0
v 1 29
v 2 4
v 3 4
e 0 1 0
e 0 3 0
e 1 2 0
f 153
p 162
t # 275
v 0 0
v 1 19
v 2 1
v 3 1
v 4 0
e 0 1 0
e 0 3 0
e 1 2 0
e 1 4 0
f 86
p 86
t # 276
v 0 0
v 1 25
v 2 0
v 3 0
v 4 1
e 0 1 0
e 1 2 0
e 2 3 0
e 2 4 0
f 114
p 113
t # 277
v 0 0
v 1 21
v 2 0
v 3 1
v 4 0
v 5 0
e 0 1 0
e 1 2 0
e 2 3 0
e 3 4 0
e 4 5 0
f 116
p 116
t # 278
v 0 0
v 1 23
v 2 1
v 3 2
e 0 1 0
e 0 3 0
e 1 2 0
f 155
p 152
t # 279
v 0 0
v 1 24
v 2 0
v 3 1
v 4 1
e 0 1 0
e 1 2 0
e 2 3 0
e 3 4 0
f 150
p 146
t # 280
v 0 0
v 1 22
v 2 0
v 3 0
v 4 0
v 5 0
e 0 1 0
e 1 2 0
e 2 3 0
e 3 4 0
e 4 5 0
f 141
p 142
t # 281
v 0 0
v 1 3
v 2 23
v 3 4
e 0 1 0
e 1 2 0
e 2 3 0
f 123
p 122
t # 282
v 0 0
v 1 28
v 2 3
e 0 1 0
e 1 2 0
f 522
p 520
t # 283
v 0 0
v 1 29
v 2 0
v 3 0
v 4 0
v 5 0
e 0 1 0
e 0 4 0
e 1 2 0
e 2 3 0
e 3 5 0
f 101
p 110
t # 284
v 0 0
v 1 23
v 2 4
v 3 1
v 4 0
e 0 1 0
e 1 2 0
e 2 3 0
e 3 4 0
f 117
p 114
t # 285
v 0 0
v 1 28
v 2 0
v 3 0
v 4 2
e 0 1 0
e 1 2 0
e 2 3 0
e 3 4 0
f 112
p 109
t # 286
v 0 0
v 1 25
v 2 4
v 3 0
v 4 0
v 5 0
e 0 1 0
e 1 2 0
e 2 3 0
e 3 4 0
e 4 5 0
f 86
p 87
t # 287
v 0 0
v 1 23
v 2 0
v 3 1
v 4 0
v 5 0
e 0 1 0
e 1 2 0
e 2 3 0
e 3 4 0
e 4 5 0
f 93
p 97
t # 288
v 0 0
v 1 29
v 2 3
v 3 0
v 4 0
e 0 1 0
e 1 2 0
e 2 3 0
e 3 4 0
f 121
p 119
t # 289
v 0 0
v 1 28
v 2 3
v 3 1
e 0 1 0
e 1 2 0
e 2 3 0
f 174
p 173
t # 290
v 0 0
v 1 29
v 2 1
v 3 2
e 0 1 0
e 0 3 0
e 1 2 0
f 162
p 161
t # 291
v 0 0
v 1 23
v 2 3
e 0 1 0
e 1 2 0
f 536
p 539
t # 292
v 0 0
v 1 0
v 2 0
v 3 25
v 4 1
e 0 1 0
e 1 2 0
e 2 3 0
e 3 4 0
f 200
p 195
t # 293
v 0 0
v 1 28
v 2 4
v 3 3
e 0 1 0
e 1 2 0
e 2 3 0
f 147
p 145
t # 294
v 0 0
v 1 21
v 2 0
v 3 1
v 4 0
v 5 0
e 0 1 0
e 1 2 0
e 2 3 0
e 3 4 0
e 4 5 0
f 116
p 116
t # 295
v 0 0
v 1 29
v 2 0
v 3 0
v 4 1
v 5 0
e 0 1 0
e 1 2 0
e 2 3 0
e 3 4 0
e 4 5 0
f 106
p 101
t # 296
v 0 0
v 1 0
v 2 1
v 3 24
v 4 1
e 0 1 0
e 1 2 0
e 2 3 0
e 3 4 0
f 117
p 116
t # 297
v 0 0
v 1 24
v 2 3
v 3 0
e 0 1 0
e 1 2 0
e 2 3 0
f 255
p 244
t # 298
v 0 0
v 1 29
v 2 0
v 3 0
v 4 1
v 5 0
e 0 1 0
e 1 2 0
e 2 3 0
e 3 4 0
e 4 5 0
f 106
p 101
t # 299
v 0 0
v 1 24
v 2 0
v 3 4
e 0 1 0
e 1 2 0
e 2 3 0
f 273
p 271
t # 300
v 0 0
v 1 4
v 2 25
v 3 1
e 0 1 0
e 1 2 0
e 2 3 0
f 221
p 219
t # 301
v 0 0
v 1 1
v 2 0
v 3 29
v 4 4
e 0 1 0
e 1 2 0
e 2 3 0
e 3 4 0
f 126
p 124
t # 302
v 0 0
v 1 28
v 2 0
v 3 0
v 4 0
v 5 1
e 0 1 0
e 0 4 0
e 1 2 0
e 2 3 0
e 3 5 0
f 93
p 94
t # 303
v 0 0
v 1 4
v 2 1
v 3 27
v 4 1
e 0 1 0
e 1 2 0
e 2 3 0
e 3 4 0
f 87
p 86
t # 304
v 0 0
v 1 28
v 2 1
v 3 0
v 4 3
e 0 1 0
e 0 4 0
e 1 2 0
e 2 3 0
f 94
p 95
t # 305
v 0 0
v 1 0
v 2 1
v 3 24
v 4 1
e 0 1 0
e 1 2 0
e 2 3 0
e 3 4 0
f 117
p 116
t # 306
v 0 0
v 1 23
v 2 1
v 3 2
e 0 1 0
e 0 3 0
e 1 2 0
f 155
p 152
t # 307
v 0 0
v 1 29
v 2 0
v 3 0
v 4 2
e 0 1 0
e 0 4 0
e 1 2 0
e 2 3 0
f 94
p 90
t # 308
v 0 0
v 1 28
v 2 0
v 3 4
v 4 0
e 0 1 0
e 1 2 0
e 2 3 0
e 3 4 0
f 147
p 147
t # 309
v 0 0
v 1 24
v 2 0
v 3 0
v 4 1
v 5 0
e 0 1 0
e 1 2 0
e 2 3 0
e 3 4 0
e 4 5 0
f 90
p 89
t # 310
v 0 0
v 1 24
v 2 0
v 3 24
e 0 1 0
e 1 2 0
e 2 3 0
f 94
p 110
t # 311
v 0 0
v 1 4
v 2 1
v 3 27
v 4 1
e 0 1 0
e 1 2 0
e 2 3 0
e 3 4 0
f 87
p 86
t # 312
v 0 0
v 1 0
v 2 0
v 3 27
v 4 1
v 5 0
e 0 1 0
e 1 2 0
e 2 3 0
e 3 4 0
e 4 5 0
f 110
p 108
t # 313
v 0 0
v 1 26
v 2 1
v 3 3
e 0 1 0
e 0 3 0
e 1 2 0
f 200
p 201
t # 314
v 0 0
v 1 29
v 2 3
v 3 1
e 0 1 0
e 1 2 0
e 2 3 0
f 194
p 187
t # 315
v 0 0
v 1 29
v 2 4
v 3 0
v 4 1
e 0 1 0
e 0 4 0
e 1 2 0
e 2 3 0
f 111
p 110
t # 316
v 0 0
v 1 29
v 2 0
e 0 1 0
e 1 2 0
f 655
p 649
t # 317
v 0 0
v 1 23
v 2 1
v 3 1
v 4 1
e 0 1 0
e 0 4 0
e 1 2 0
e 2 3 0
f 95
p 93
t # 318
v 0 0
v 1 26
v 2 1
v 3 0
e 0 1 0
e 1 2 0
e 1 3 0
f 147
p 149
t # 319
v 0 0
v 1 24
v 2 4
v 3 0
v 4 0
e 0 1 0
e 1 2 0
e 2 3 0
e 3 4 0
f 142
p 141
t # 320
v 0 0
v 1 23
v 2 4
v 3 1
v 4 1
e 0 1 0
e 1 2 0
e 2 3 0
e 3 4 0
f 81
p 81
t # 321
v 0 0
v 1 22
v 2 1
v 3 1
v 4 0
e 0 1 0
e 1 2 0
e 2 3 0
e 2 4 0
f 84
p 83
t # 322
v 0 0
v 1 24
v 2 1
v 3 1
v 4 4
e 0 1 0
e 0 4 0
e 1 2 0
e 2 3 0
f 90
p 88
t # 323
v 0 0
v 1 23
v 2 1
v 3 1
e 0 1 0
e 1 2 0
e 2 3 0
f 292
p 289
t # 324
v 0 0
v 1 29
v 2 0
v 3 1
v 4 1
e 0 1 0
e 1 2 0
e 2 3 0
e 3 4 0
f 151
p 150
t # 325
v 0 0
v 1 28
v 2 1
v 3 0
v 4 4
e 0 1 0
e 0 4 0
e 1 2 0
e 2 3 0
f 124
p 116
t # 326
v 0 0
v 1 24
v 2 0
v 3 1
e 0 1 0
e 1 2 0
e 2 3 0
f 354
p 359
t # 327
v 0 0
v 1 26
v 2 0
v 3 0
v 4 0
v 5 1
e 0 1 0
e 1 2 0
e 2 3 0
e 3 4 0
e 4 5 0
f 102
p 100
t # 328
v 0 0
v 1 29
v 2 1
v 3 3
e 0 1 0
e 1 2 0
e 2 3 0
f 227
p 225
t # 329
v 0 0
v 1 0
v 2 28
v 3 1
v 4 3
e 0 1 0
e 1 2 0
e 2 3 0
e 3 4 0
f 85
p 89
t # 330
v 0 0
v 1 27
v 2 0
v 3 0
v 4 0
e 0 1 0
e 1 2 0
e 2 3 0
e 2 4 0
f 85
p 84
t # 331
v 0 0
v 1 26
v 2 0
e 0 1 0
e 1 2 0
f 675
p 667
t # 332
v 0 0
v 1 28
v 2 0
v 3 1
e 0 1 0
e 1 2 0
e 1 3 0
f 153
p 121
t # 333
v 0 0
v 1 23
v 2 0
v 3 2
e 0 1 0
e 1 2 0
e 2 3 0
f 209
p 208
t # 334
v 0 0
v 1 28
v 2 0
v 3 4
v 4 0
e 0 1 0
e 1 2 0
e 2 3 0
e 3 4 0
f 147
p 147
t # 335
v 0 0
v 1 28
v 2 0
v 3 0
v 4 1
v 5 0
e 0 1 0
e 0 4 0
e 1 2 0
e 2 3 0
e 4 5 0
f 109
p 111
t # 336
v 0 0
v 1 29
v 2 3
v 3 3
e 0 1 0
e 1 2 0
e 2 3 0
f 114
p 114
t # 337
v 0 0
v 1 22
v 2 1
v 3 1
v 4 0
e 0 1 0
e 1 2 0
e 2 3 0
e 2 4 0
f 84
p 83
t # 338
v 0 0
v 1 29
v 2 1
v 3 0
e 0 1 0
e 1 2 0
e 1 3 0
f 145
p 146
t # 339
v 0 0
v 1 29
v 2 0
v 3 0
v 4 3
e 0 1 0
e 1 2 0
e 2 3 0
e 3 4 0
f 145
p 143
t # 340
v 0 0
v 1 0
v 2 1
v 3 0
v 4 23
v 5 1
e 0 1 0
e 0 4 0
e 1 2 0
e 2 3 0
e 4 5 0
f 84
p 90
t # 341
v 0 0
v 1 26
v 2 0
v 3 26
e 0 1 0
e 1 2 0
e 2 3 0
f 82
p 101
t # 342
v 0 0
v 1 23
v 2 0
v 3 0
v 4 4
e 0 1 0
e 1 2 0
e 2 3 0
e 3 4 0
f 163
p 164
t # 343
v 0 0
v 1 28
v 2 1
v 3 0
v 4 1
e 0 1 0
e 1 2 0
e 2 3 0
e 3 4 0
f 133
p 134
t # 344
v 0 0
v 1 23
v 2 3
v 3 4
e 0 1 0
e 1 2 0
e 2 3 0
f 146
p 144
t # 345
v 0 0
v 1 24
v 2 0
v 3 0
v 4 4
e 0 1 0
e 1 2 0
e 2 3 0
e 3 4 0
f 165
p 158
t # 346
v 0 0
v 1 28
v 2 0
v 3 3
v 4 0
e 0 1 0
e 1 2 0
e 2 3 0
e 3 4 0
f 126
p 128
t # 347
v 0 0
v 1 29
v 2 0
v 3 0
v 4 2
e 0 1 0
e 1 2 0
e 2 3 0
e 3 4 0
f 108
p 110
t # 348
v 0 0
v 1 28
v 2 0
v 3 0
v 4 0
v 5 1
e 0 1 0
e 0 5 0
e 1 2 0
e 2 3 0
e 3 4 0
f 112
p 111
t # 349
v 0 0
v 1 23
v 2 0
v 3 0
v 4 3
e 0 1 0
e 1 2 0
e 2 3 0
e 3 4 0
f 153
p 150
t # 350
v 0 0
v 1 23
v 2 0
v 3 1
v 4 1
e 0 1 0
e 1 2 0
e 2 3 0
e 3 4 0
f 135
p 136
t # 351
v 0 0
v 1 28
v 2 3
v 3 0
v 4 0
e 0 1 0
e 1 2 0
e 2 3 0
e 3 4 0
f 122
p 121
t # 352
v 0 0
v 1 17
v 2 0
v 3 4
v 4 4
e 0 1 0
e 1 2 0
e 2 3 0
e 3 4 0
f 89
p 88
t # 353
v 0 0
v 1 29
v 2 1
v 3 3
e 0 1 0
e 1 2 0
e 2 3 0
f 227
p 225
t # 354
v 0 0
v 1 23
v 2 1
v 3 0
v 4 4
e 0 1 0
e 1 2 0
e 2 3 0
e 3 4 0
f 123
p 119
t # 355
v 0 0
v 1 1
v 2 1
v 3 24
v 4 4
e 0 1 0
e 0 3 0
e 1 2 0
e 3 4 0
f 91
p 89
t # 356
v 0 0
v 1 3
v 2 23
v 3 4
e 0 1 0
e 1 2 0
e 2 3 0
f 123
p 122
t # 357
v 0 0
v 1 29
v 2 2
v 3 3
e 0 1 0
e 0 3 0
e 1 2 0
f 91
p 103
t # 358
v 0 0
v 1 23
v 2 0
v 3 0
v 4 0
e 0 1 0
e 1 2 0
e 2 3 0
e 2 4 0
f 89
p 89
t # 359
v 0 0
v 1 28
v 2 1
v 3 0
v 4 1
v 5 0
e 0 1 0
e 0 4 0
e 1 2 0
e 2 3 0
e 4 5 0
f 85
p 83
t # 360
v 0 0
v 1 24
v 2 0
v 3 1
v 4 0
v 5 0
e 0 1 0
e 1 2 0
e 2 3 0
e 3 4 0
e 4 5 0
f 100
p 99
t # 361
v 0 0
v 1 24
v 2 0
v 3 3
e 0 1 0
e 1 2 0
e 2 3 0
f 246
p 247
t # 362
v 0 0
v 1 24
v 2 0
v 3 0
v 4 0
v 5 1
e 0 1 0
e 0 4 0
e 1 2 0
e 2 3 0
e 3 5 0
f 88
p 87
t # 363
v 0 0
v 1 29
v 2 2
v 3 3
e 0 1 0
e 1 2 0
e 2 3 0
f 90
p 94
t # 364
v 0 0
v 1 28
v 2 3
v 3 0
e 0 1 0
e 1 2 0
e 2 3 0
f 260
p 261
t # 365
v 0 0
v 1 23
v 2 1
v 3 1
v 4 0
e 0 1 0
e 0 3 0
e 1 2 0
e 1 4 0
f 84
p 83
t # 366
v 0 0
v 1 24
v 2 0
v 3 3
v 4 1
e 0 1 0
e 1 2 0
e 2 3 0
e 3 4 0
f 90
p 89
t # 367
v 0 0
v 1 29
v 2 0
v 3 0
v 4 4
v 5 0
e 0 1 0
e 0 4 0
e 1 2 0
e 2 3 0
e 4 5 0
f 90
p 94
t # 368
v 0 0
v 1 3
v 2 29
v 3 2
e 0 1 0
e 1 2 0
e 2 3 0
f 98
p 97
t # 369
v 0 0
v 1 28
v 2 0
v 3 0
v 4 0
v 5 0
e 0 1 0
e 1 2 0
e 2 3 0
e 3 4 0
e 4 5 0
f 134
p 124
t # 370
v 0 0
v 1 29
v 2 3
v 3 0
v 4 0
e 0 1 0
e 0 4 0
e 1 2 0
e 2 3 0
f 121
p 121
t # 371
v 0 0
v 1 23
v 2 23
e 0 1 0
e 0 2 0
f 111
p 109
t # 372
v 0 0
v 1 28
v 2 2
e 0 1 0
e 1 2 0
f 424
p 425
t # 373
v 0 0
v 1 29
v 2 1
v 3 3
e 0 1 0
e 0 3 0
e 1 2 0
f 218
p 215
t # 374
v 0 0
v 1 1
v 2 25
v 3 1
v 4 1
e 0 1 0
e 1 2 0
e 2 3 0
e 3 4 0
f 80
p 79
t # 375
v 0 0
v 1 28
v 2 0
v 3 0
v 4 1
e 0 1 0
e 1 2 0
e 1 4 0
e 2 3 0
f 106
p 100
t # 376
v 0 0
v 1 23
v 2 2
v 3 0
v 4 0
e 0 1 0
e 0 4 0
e 1 2 0
e 2 3 0
f 103
p 99
t # 377
v 0 0
v 1 26
v 2 1
v 3 2
e 0 1 0
e 0 3 0
e 1 2 0
f 171
p 168
t # 378
v 0 0
v 1 29
v 2 0
v 3 0
v 4 1
v 5 1
e 0 1 0
e 0 4 0
e 1 2 0
e 2 3 0
e 3 5 0
f 83
p 75
t # 379
v 0 0
v 1 28
v 2 1
v 3 1
v 4 0
e 0 1 0
e 1 2 0
e 2 3 0
e 3 4 0
f 144
p 139
t # 380
v 0 0
v 1 28
v 2 2
v 3 0
v 4 0
e 0 1 0
e 0 4 0
e 1 2 0
e 2 3 0
f 85
p 85
t # 381
v 0 0
v 1 24
v 2 1
v 3 0
v 4 4
e 0 1 0
e 1 2 0
e 2 3 0
e 3 4 0
f 91
p 105
t # 382
v 0 0
v 1 28
v 2 3
v 3 3
e 0 1 0
e 1 2 0
e 2 3 0
f 121
p 117
t # 383
v 0 0
v 1 29
v 2 1
v 3 2
e 0 1 0
e 1 2 0
e 2 3 0
f 138
p 139
t # 384
v 0 0
v 1 24
v 2 0
v 3 0
v 4 3
e 0 1 0
e 0 4 0
e 1 2 0
e 2 3 0
f 126
p 123
t # 385
v 0 0
v 1 23
v 2 0
v 3 0
v 4 4
v 5 0
e 0 1 0
e 0 4 0
e 1 2 0
e 2 3 0
e 4 5 0
f 91
p 97
t # 386
v 0 0
v 1 26
v 2 0
v 3 0
v 4 0
v 5 1
e 0 1 0
e 1 2 0
e 2 3 0
e 3 4 0
e 4 5 0
f 102
p 100
t # 387
v 0 0
v 1 24
v 2 4
v 3 2
e 0 1 0
e 1 2 0
e 2 3 0
f 122
p 122
t # 388
v 0 0
v 1 24
v 2 0
v 3 0
v 4 0
v 5 0
e 0 1 0
e 0 4 0
e 1 2 0
e 2 3 0
e 3 5 0
f 123
p 119
t # 389
v 0 0
v 1 29
v 2 1
v 3 0
v 4 0
v 5 0
e 0 1 0
e 1 2 0
e 2 3 0
e 3 4 0
e 4 5 0
f 109
p 111
t # 390
v 0 0
v 1 28
v 2 1
v 3 4
v 4 0
e 0 1 0
e 1 2 0
e 2 3 0
e 3 4 0
f 106
p 110
t # 391
v 0 0
v 1 23
v 2 0
v 3 0
v 4 1
v 5 1
e 0 1 0
e 1 2 0
e 2 3 0
e 3 4 0
e 4 5 0
f 81
p 89
t # 392
v 0 0
v 1 4
v 2 1
v 3 1
v 4 29
e 0 1 0
e 0 4 0
e 1 2 0
e 2 3 0
f 83
p 54
t # 393
v 0 0
v 1 23
v 2 1
v 3 0
v 4 1
e 0 1 0
e 0 4 0
e 1 2 0
e 2 3 0
f 150
p 144
t # 394
v 0 0
v 1 18
v 2 2
v 3 0
e 0 1 0
e 1 2 0
e 1 3 0
f 83
p 83
t # 395
v 0 0
v 1 23
v 2 0
v 3 3
e 0 1 0
e 1 2 0
e 2 3 0
f 251
p 254
t # 396
v 0 0
v 1 23
v 2 4
v 3 4
v 4 0
e 0 1 0
e 1 2 0
e 2 3 0
e 3 4 0
f 83
p 79
t # 397
v 0 0
v 1 28
v 2 4
v 3 1
e 0 1 0
e 1 2 0
e 2 3 0
f 202
p 201
t # 398
v 0 0
v 1 28
v 2 4
v 3 0
e 0 1 0
e 1 2 0
e 1 3 0
f 105
p 103
t # 399
v 0 0
v 1 23
v 2 2
v 3 4
e 0 1 0
e 0 3 0
e 1 2 0
f 128
p 125
t # 400
v 0 0
v 1 23
v 2 1
v 3 4
v 4 0
e 0 1 0
e 1 2 0
e 2 3 0
e 2 4 0
f 80
p 80
t # 401
v 0 0
v 1 29
v 2 0
v 3 1
v 4 0
e 0 1 0
e 1 2 0
e 2 3 0
e 3 4 0
f 208
p 211
t # 402
v 0 0
v 1 23
v 2 1
v 3 1
v 4 0
e 0 1 0
e 0 3 0
e 1 2 0
e 1 4 0
f 84
p 83
t # 403
v 0 0
v 1 23
v 2 0
v 3 0
v 4 0
v 5 0
e 0 1 0
e 1 2 0
e 2 3 0
e 3 4 0
e 4 5 0
f 133
p 127
t # 404
v 0 0
v 1 24
v 2 3
v 3 4
e 0 1 0
e 1 2 0
e 2 3 0
f 132
p 131
t # 405
v 0 0
v 1 23
v 2 1
v 3 0
v 4 3
e 0 1 0
e 1 2 0
e 2 3 0
e 3 4 0
f 103
p 105
t # 406
v 0 0
v 1 23
v 2 0
v 3 3
v 4 1
e 0 1 0
e 1 2 0
e 2 3 0
e 3 4 0
f 88
p 94
t # 407
v 0 0
v 1 24
v 2 0
v 3 4
e 0 1 0
e 1 2 0
e 2 3 0
f 273
p 271
t # 408
v 0 0
v 1 28
v 2 0
v 3 4
v 4 0
e 0 1 0
e 1 2 0
e 2 3 0
e 3 4 0
f 147
p 147
t # 409
v 0 0
v 1 27
v 2 3
v 3 0
e 0 1 0
e 1 2 0
e 1 3 0
f 113
p 113
t # 410
v 0 0
v 1 23
v 2 0
v 3 4
v 4 4
e 0 1 0
e 1 2 0
e 2 3 0
e 3 4 0
f 82
p 84
t # 411
v 0 0
v 1 23
v 2 3
v 3 4
e 0 1 0
e 1 2 0
e 2 3 0
f 146
p 144
t # 412
v 0 0
v 1 0
v 2 0
v 3 27
v 4 1
v 5 0
e 0 1 0
e 1 2 0
e 2 3 0
e 3 4 0
e 4 5 0
f 110
p 108
t # 413
v 0 0
v 1 29
v 2 4
v 3 0
v 4 1
e 0 1 0
e 1 2 0
e 2 3 0
e 3 4 0
f 114
p 113
t # 414
v 0 0
v 1 0
v 2 24
v 3 1
v 4 0
e 0 1 0
e 1 2 0
e 2 3 0
e 2 4 0
f 107
p 106
t # 415
v 0 0
v 1 29
v 2 0
v 3 0
v 4 1
e 0 1 0
e 0 4 0
e 1 2 0
e 2 3 0
f 209
p 149
t # 416
v 0 0
v 1 29
v 2 0
v 3 1
v 4 0
v 5 0
e 0 1 0
e 1 2 0
e 2 3 0
e 3 4 0
e 4 5 0
f 117
p 111
t # 417
v 0 0
v 1 28
v 2 4
v 3 0
e 0 1 0
e 1 2 0
e 2 3 0
f 297
p 293
t # 418
v 0 0
v 1 20
v 2 4
v 3 1
v 4 0
e 0 1 0
e 1 2 0
e 2 3 0
e 3 4 0
f 110
p 112
t # 419
v 0 0
v 1 24
v 2 0
v 3 0
v 4 3
e 0 1 0
e 1 2 0
e 2 3 0
e 3 4 0
f 119
p 122
t # 420
v 0 0
v 1 21
v 2 1
v 3 1
v 4 0
e 0 1 0
e 1 2 0
e 2 3 0
e 2 4 0
f 94
p 93
t # 421
v 0 0
v 1 1
v 2 27
v 3 1
e 0 1 0
e 1 2 0
e 2 3 0
f 253
p 247
t # 422
v 0 0
v 1 24
v 2 0
v 3 0
v 4 0
v 5 1
e 0 1 0
e 0 4 0
e 1 2 0
e 2 3 0
e 3 5 0
f 88
p 87
t # 423
v 0 0
v 1 28
v 2 0
v 3 1
v 4 3
e 0 1 0
e 1 2 0
e 2 3 0
e 3 4 0
f 101
p 100
t # 424
v 0 0
v 1 18
v 2 0
v 3 0
e 0 1 0
e 1 2 0
e 1 3 0
f 84
p 84
t # 425
v 0 0
v 1 23
v 2 2
v 3 4
e 0 1 0
e 1 2 0
e 2 3 0
f 124
p 124
t # 426
v 0 0
v 1 22
v 2 3
v 3 0
e 0 1 0
e 1 2 0
e 1 3 0
f 82
p 81
t # 427
v 0 0
v 1 29
v 2 1
v 3 0
v 4 2
e 0 1 0
e 1 2 0
e 2 3 0
e 3 4 0
f 80
p 81
t # 428
v 0 0
v 1 22
v 2 0
v 3 0
v 4 4
e 0 1 0
e 1 2 0
e 2 3 0
e 2 4 0
f 89
p 88
t # 429
v 0 0
v 1 28
v 2 1
v 3 0
v 4 0
e 0 1 0
e 1 2 0
e 2 3 0
e 3 4 0
f 200
p 197
t # 430
v 0 0
v 1 4
v 2 27
v 3 1
e 0 1 0
e 1 2 0
e 2 3 0
f 221
p 219
t # 431
v 0 0
v 1 23
v 2 0
v 3 0
v 4 0
e 0 1 0
e 1 2 0
e 2 3 0
e 2 4 0
f 89
p 89
t # 432
v 0 0
v 1 29
v 2 3
v 3 3
e 0 1 0
e 1 2 0
e 2 3 0
f 114
p 114
t # 433
v 0 0
v 1 24
v 2 0
v 3 0
v 4 2
e 0 1 0
e 1 2 0
e 2 3 0
e 3 4 0
f 100
p 95
t # 434
v 0 0
v 1 29
v 2 4
v 3 1
v 4 0
e 0 1 0
e 1 2 0
e 2 3 0
e 3 4 0
f 97
p 99
t # 435
v 0 0
v 1 28
v 2 1
v 3 4
e 0 1 0
e 0 3 0
e 1 2 0
f 268
p 261
t # 436
v 0 0
v 1 29
v 2 1
v 3 0
v 4 4
e 0 1 0
e 1 2 0
e 2 3 0
e 3 4 0
f 131
p 125
t # 437
v 0 0
v 1 25
v 2 0
v 3 3
v 4 0
e 0 1 0
e 1 2 0
e 2 3 0
e 3 4 0
f 123
p 122
t # 438
v 0 0
v 1 27
v 2 0
v 3 0
e 0 1 0
e 1 2 0
e 1 3 0
f 93
p 93
t # 439
v 0 0
v 1 29
v 2 1
v 3 0
v 4 1
e 0 1 0
e 0 4 0
e 1 2 0
e 2 3 0
f 155
p 158
t # 440
v 0 0
v 1 20
v 2 1
v 3 0
e 0 1 0
e 1 2 0
e 1 3 0
f 144
p 142
t # 441
v 0 0
v 1 24
v 2 3
v 3 3
e 0 1 0
e 0 3 0
e 1 2 0
f 115
p 114
t # 442
v 0 0
v 1 28
v 2 0
v 3 0
v 4 1
e 0 1 0
e 0 4 0
e 1 2 0
e 2 3 0
f 221
p 212
t # 443
v 0 0
v 1 3
v 2 0
v 3 27
v 4 1
e 0 1 0
e 1 2 0
e 2 3 0
e 3 4 0
f 104
p 134
t # 444
v 0 0
v 1 29
v 2 0
v 3 29
e 0 1 0
e 1 2 0
e 2 3 0
f 81
p 159
t # 445
v 0 0
v 1 28
v 2 0
v 3 0
v 4 1
e 0 1 0
e 1 2 0
e 1 4 0
e 2 3 0
f 106
p 100
t # 446
v 0 0
v 1 28
v 2 3
v 3 0
v 4 1
e 0 1 0
e 1 2 0
e 2 3 0
e 3 4 0
f 98
p 96
t # 447
v 0 0
v 1 28
v 2 3
v 3 0
v 4 0
e 0 1 0
e 0 4 0
e 1 2 0
e 2 3 0
f 123
p 122
t # 448
v 0 0
v 1 29
v 2 4
v 3 2
e 0 1 0
e 1 2 0
e 2 3 0
f 109
p 108
t # 449
v 0 0
v 1 28
v 2 2
v 3 3
e 0 1 0
e 0 3 0
e 1 2 0
f 97
p 91
t # 450
v 0 0
v 1 24
v 2 4
v 3 0
e 0 1 0
e 1 2 0
e 2 3 0
f 297
p 300
t # 451
v 0 0
v 1 28
v 2 3
v 3 1
e 0 1 0
e 1 2 0
e 2 3 0
f 174
p 173
t # 452
v 0 0
v 1 21
v 2 2
v 3 0
e 0 1 0
e 1 2 0
e 1 3 0
f 81
p 80
t # 453
v 0 0
v 1 28
v 2 0
v 3 1
v 4 4
e 0 1 0
e 1 2 0
e 2 3 0
e 3 4 0
f 113
p 110
t # 454
v 0 0
v 1 0
v 2 27
v 3 3
v 4 1
e 0 1 0
e 1 2 0
e 2 3 0
e 3 4 0
f 104
p 102
t # 455
v 0 0
v 1 25
v 2 4
v 3 0
v 4 0
v 5 0
e 0 1 0
e 1 2 0
e 2 3 0
e 3 4 0
e 4 5 0
f 86
p 87
t # 456
v 0 0
v 1 23
v 2 0
v 3 4
v 4 4
e 0 1 0
e 1 2 0
e 2 3 0
e 3 4 0
f 82
p 84
t # 457
v 0 0
v 1 1
v 2 0
v 3 26
v 4 4
e 0 1 0
e 1 2 0
e 2 3 0
e 3 4 0
f 114
p 113
t # 458
v 0 0
v 1 23
v 2 0
v 3 1
v 4 4
e 0 1 0
e 1 2 0
e 2 3 0
e 3 4 0
f 115
p 107
t # 459
v 0 0
v 1 21
v 2 0
v 3 4
v 4 1
e 0 1 0
e 1 2 0
e 2 3 0
e 3 4 0
f 126
p 125
t # 460
v 0 0
v 1 29
v 2 0
v 3 0
v 4 0
v 5 3
e 0 1 0
e 1 2 0
e 2 3 0
e 3 4 0
e 4 5 0
f 85
p 91
t # 461
v 0 0
v 1 20
v 2 3
v 3 0
e 0 1 0
e 1 2 0
e 1 3 0
f 86
p 85
t # 462
v 0 0
v 1 23
v 2 0
v 3 0
v 4 0
v 5 1
e 0 1 0
e 1 2 0
e 2 3 0
e 3 4 0
e 4 5 0
f 106
p 104
t # 463
v 0 0
v 1 23
v 2 3
v 3 1
v 4 0
e 0 1 0
e 1 2 0
e 2 3 0
e 3 4 0
f 80
p 82
t # 464
v 0 0
v 1 29
v 2 4
v 3 0
e 0 1 0
e 1 2 0
e 2 3 0
f 306
p 309
t # 465
v 0 0
v 1 28
v 2 1
v 3 0
v 4 0
v 5 0
e 0 1 0
e 1 2 0
e 2 3 0
e 3 4 0
e 4 5 0
f 98
p 99
t # 466
v 0 0
v 1 24
v 2 3
v 3 2
e 0 1 0
e 1 2 0
e 2 3 0
f 80
p 79
t # 467
v 0 0
v 1 20
v 2 4
v 3 0
e 0 1 0
e 1 2 0
e 1 3 0
f 125
p 126
t # 468
v 0 0
v 1 19
v 2 3
v 3 0
e 0 1 0
e 1 2 0
e 1 3 0
f 96
p 95
t # 469
v 0 0
v 1 24
v 2 1
v 3 3
e 0 1 0
e 0 3 0
e 1 2 0
f 180
p 178
t # 470
v 0 0
v 1 28
v 2 4
v 3 2
e 0 1 0
e 1 2 0
e 2 3 0
f 112
p 111
t # 471
v 0 0
v 1 22
v 2 0
v 3 0
v 4 4
e 0 1 0
e 1 2 0
e 2 3 0
e 2 4 0
f 89
p 88
t # 472
v 0 0
v 1 28
v 2 0
v 3 0
v 4 0
v 5 1
e 0 1 0
e 0 5 0
e 1 2 0
e 2 3 0
e 3 4 0
f 112
p 111
t # 473
v 0 0
v 1 24
v 2 3
e 0 1 0
e 1 2 0
f 524
p 541
t # 474
v 0 0
v 1 28
v 2 1
v 3 1
v 4 3
e 0 1 0
e 0 4 0
e 1 2 0
e 2 3 0
f 91
p 88
t # 475
v 0 0
v 1 29
v 2 2
v 3 2
e 0 1 0
e 0 3 0
e 1 2 0
f 83
p 83
t # 476
v 0 0
v 1 29
v 2 2
v 3 0
v 4 0
e 0 1 0
e 0 4 0
e 1 2 0
e 2 3 0
f 87
p 86
t # 477
v 0 0
v 1 28
v 2 0
v 3 1
v 4 1
e 0 1 0
e 1 2 0
e 1 4 0
e 2 3 0
f 84
p 87
t # 478
v 0 0
v 1 29
v 2 1
v 3 4
v 4 0
e 0 1 0
e 1 2 0
e 2 3 0
e 3 4 0
f 114
p 109
t # 479
v 0 0
v 1 21
v 2 1
v 3 1
v 4 4
e 0 1 0
e 0 4 0
e 1 2 0
e 2 3 0
f 84
p 83
t # 480
v 0 0
v 1 28
v 2 1
e 0 1 0
e 1 2 0
f 795
p 761
t # 481
v 0 0
v 1 24
v 2 1
v 3 3
v 4 0
e 0 1 0
e 1 2 0
e 2 3 0
e 3 4 0
f 86
p 87
t # 482
v 0 0
v 1 23
v 2 4
e 0 1 0
e 1 2 0
f 606
p 609
t # 483
v 0 0
v 1 29
v 2 0
v 3 0
v 4 3
e 0 1 0
e 1 2 0
e 2 3 0
e 3 4 0
f 145
p 143
t # 484
v 0 0
v 1 19
v 2 1
v 3 1
v 4 0
e 0 1 0
e 0 3 0
e 1 2 0
e 1 4 0
f 86
p 86
t # 485
v 0 0
v 1 24
v 2 2
v 3 3
e 0 1 0
e 0 3 0
e 1 2 0
f 98
p 92
t # 486
v 0 0
v 1 29
v 2 0
v 3 1
v 4 1
e 0 1 0
e 0 4 0
e 1 2 0
e 2 3 0
f 81
p 84
t # 487
v 0 0
v 1 29
v 2 4
v 3 0
v 4 4
e 0 1 0
e 1 2 0
e 2 3 0
e 3 4 0
f 83
p 82
t # 488
v 0 0
v 1 23
v 2 0
v 3 0
v 4 1
v 5 0
e 0 1 0
e 1 2 0
e 2 3 0
e 3 4 0
e 4 5 0
f 89
p 92
t # 489
v 0 0
v 1 23
v 2 3
e 0 1 0
e 1 2 0
f 536
p 539
t # 490
v 0 0
v 1 29
v 2 1
v 3 0
e 0 1 0
e 1 2 0
e 1 3 0
f 145
p 146
t # 491
v 0 0
v 1 24
v 2 0
v 3 0
v 4 0
e 0 1 0
e 1 2 0
e 2 3 0
e 3 4 0
f 257
p 261
t # 492
v 0 0
v 1 28
v 2 1
v 3 1
e 0 1 0
e 1 2 0
e 1 3 0
f 96
p 96
t # 493
v 0 0
v 1 24
v 2 0
v 3 2
e 0 1 0
e 1 2 0
e 2 3 0
f 193
p 193
t # 494
v 0 0
v 1 29
v 2 2
v 3 0
e 0 1 0
e 1 2 0
e 2 3 0
f 200
p 204
t # 495
v 0 0
v 1 21
v 2 4
v 3 3
e 0 1 0
e 1 2 0
e 2 3 0
f 156
p 156
t # 496
v 0 0
v 1 29
v 2 0
v 3 1
v 4 4
e 0 1 0
e 0 4 0
e 1 2 0
e 2 3 0
f 123
p 98
t # 497
v 0 0
v 1 29
v 2 3
v 3 0
e 0 1 0
e 1 2 0
e 2 3 0
f 258
p 263
t # 498
v 0 0
v 1 24
v 2 4
v 3 0
e 0 1 0
e 1 2 0
e 2 3 0
f 297
p 300
t # 499
v 0 0
v 1 21
v 2 4
v 3 0
v 4 1
e 0 1 0
e 0 4 0
e 1 2 0
e 2 3 0
f 128
p 127
t # 500
v 0 0
v 1 24
v 2 3
v 3 0
e 0 1 0
e 1 2 0
e 1 3 0
f 90
p 89
t # 501
v 0 0
v 1 28
v 2 3
v 3 3
e 0 1 0
e 0 3 0
e 1 2 0
f 113
p 114
t # 502
v 0 0
v 1 27
v 2 1
v 3 2
v 4 0
e 0 1 0
e 1 2 0
e 2 3 0
e 3 4 0
f 97
p 95
t # 503
v 0 0
v 1 28
v 2 3
v 3 0
e 0 1 0
e 1 2 0
e 2 3 0
f 260
p 261
t # 504
v 0 0
v 1 22
v 2 0
v 3 1
e 0 1 0
e 1 2 0
e 2 3 0
f 375
p 377
t # 505
v 0 0
v 1 24
v 2 3
v 3 4
e 0 1 0
e 1 2 0
e 2 3 0
f 132
p 131
t # 506
v 0 0
v 1 23
v 2 1
v 3 4
e 0 1 0
e 0 3 0
e 1 2 0
f 250
p 250
t # 507
v 0 0
v 1 23
v 2 1
v 3 0
v 4 3
e 0 1 0
e 1 2 0
e 2 3 0
e 3 4 0
f 103
p 105
t # 508
v 0 0
v 1 29
v 2 1
v 3 0
e 0 1 0
e 1 2 0
e 2 3 0
f 402
p 403
t # 509
v 0 0
v 1 23
v 2 1
v 3 0
v 4 0
v 5 1
e 0 1 0
e 0 5 0
e 1 2 0
e 2 3 0
e 3 4 0
f 81
p 84
t # 510
v 0 0
v 1 24
v 2 0
v 3 24
e 0 1 0
e 1 2 0
e 2 3 0
f 94
p 110
t # 511
v 0 0
v 1 24
v 2 3
v 3 0
v 4 0
e 0 1 0
e 0 4 0
e 1 2 0
e 2 3 0
f 128
p 127
t # 512
v 0 0
v 1 29
v 2 0
v 3 3
e 0 1 0
e 1 2 0
e 2 3 0
f 270
p 269
t # 513
v 0 0
v 1 24
v 2 1
v 3 0
v 4 0
e 0 1 0
e 1 2 0
e 2 3 0
e 3 4 0
f 186
p 181
t # 514
v 0 0
v 1 29
v 2 2
v 3 0
v 4 0
e 0 1 0
e 0 4 0
e 1 2 0
e 2 3 0
f 87
p 86
t # 515
v 0 0
v 1 18
v 2 1
v 3 0
e 0 1 0
e 1 2 0
e 1 3 0
f 142
p 141
t # 516
v 0 0
v 1 23
v 2 4
v 3 1
v 4 0
e 0 1 0
e 1 2 0
e 2 3 0
e 3 4 0
f 117
p 114
t # 517
v 0 0
v 1 23
v 2 2
v 3 0
v 4 0
e 0 1 0
e 1 2 0
e 2 3 0
e 3 4 0
f 93
p 92
t # 518
v 0 0
v 1 24
v 2 2
v 3 0
e 0 1 0
e 1 2 0
e 2 3 0
f 204
p 201
t # 519
v 0 0
v 1 18
v 2 3
v 3 0
e 0 1 0
e 1 2 0
e 1 3 0
f 84
p 83
t # 520
v 0 0
v 1 24
v 2 4
v 3 1
v 4 1
e 0 1 0
e 0 4 0
e 1 2 0
e 2 3 0
f 81
p 84
t # 521
v 0 0
v 1 24
v 2 4
v 3 1
e 0 1 0
e 1 2 0
e 2 3 0
f 232
p 229
t # 522
v 0 0
v 1 23
v 2 0
v 3 3
v 4 0
e 0 1 0
e 1 2 0
e 2 3 0
e 2 4 0
f 80
p 79
t # 523
v 0 0
v 1 23
v 2 2
v 3 3
e 0 1 0
e 0 3 0
e 1 2 0
f 93
p 105
t # 524
v 0 0
v 1 24
v 2 4
v 3 1
v 4 1
e 0 1 0
e 1 2 0
e 2 3 0
e 3 4 0
f 90
p 92
t # 525
v 0 0
v 1 23
v 2 0
v 3 0
v 4 0
v 5 4
e 0 1 0
e 0 4 0
e 1 2 0
e 2 3 0
e 3 5 0
f 82
p 83
t # 526
v 0 0
v 1 29
v 2 3
v 3 4
e 0 1 0
e 1 2 0
e 2 3 0
f 132
p 132
t # 527
v 0 0
v 1 24
v 2 24
e 0 1 0
e 0 2 0
f 120
p 89
t # 528
v 0 0
v 1 28
v 2 0
v 3 0
v 4 1
v 5 0
e 0 1 0
e 0 4 0
e 1 2 0
e 2 3 0
e 4 5 0
f 109
p 111
t # 529
v 0 0
v 1 29
v 2 3
v 3 1
v 4 0
e 0 1 0
e 1 2 0
e 2 3 0
e 3 4 0
f 80
p 84
t # 530
v 0 0
v 1 21
v 2 1
v 3 0
e 0 1 0
e 1 2 0
e 1 3 0
f 172
p 177
t # 531
v 0 0
v 1 23
v 2 1
v 3 4
e 0 1 0
e 0 3 0
e 1 2 0
f 250
p 250
t # 532
v 0 0
v 1 26
v 2 1
v 3 1
v 4 0
e 0 1 0
e 0 3 0
e 1 2 0
e 1 4 0
f 82
p 81
t # 533
v 0 0
v 1 24
v 2 1
v 3 0
v 4 1
e 0 1 0
e 0 4 0
e 1 2 0
e 2 3 0
f 130
p 102
t # 534
v 0 0
v 1 23
v 2 0
e 0 1 0
e 1 2 0
f 634
p 623
t # 535
v 0 0
v 1 28
v 2 0
v 3 2
v 4 1
e 0 1 0
e 1 2 0
e 2 3 0
e 3 4 0
f 80
p 80
t # 536
v 0 0
v 1 28
v 2 0
v 3 0
v 4 0
e 0 1 0
e 1 2 0
e 2 3 0
e 3 4 0
f 241
p 239
t # 537
v 0 0
v 1 29
v 2 1
v 3 4
e 0 1 0
e 1 2 0
e 2 3 0
f 224
p 212
t # 538
v 0 0
v 1 22
v 2 0
v 3 0
v 4 4
e 0 1 0
e 1 2 0
e 2 3 0
e 2 4 0
f 89
p 88
t # 539
v 0 0
v 1 28
v 2 1
v 3 1
v 4 3
e 0 1 0
e 0 4 0
e 1 2 0
e 2 3 0
f 91
p 88
t # 540
v 0 0
v 1 21
v 2 4
v 3 4
e 0 1 0
e 0 3 0
e 1 2 0
f 169
p 171
t # 541
v 0 0
v 1 29
v 2 0
v 3 0
v 4 2
e 0 1 0
e 1 2 0
e 2 3 0
e 3 4 0
f 108
p 110
t # 542
v 0 0
v 1 28
v 2 1
v 3 1
v 4 0
e 0 1 0
e 1 2 0
e 2 3 0
e 3 4 0
f 144
p 139
t # 543
v 0 0
v 1 4
v 2 0
v 3 23
v 4 4
e 0 1 0
e 1 2 0
e 2 3 0
e 3 4 0
f 80
p 104
t # 544
v 0 0
v 1 24
v 2 0
v 3 24
e 0 1 0
e 1 2 0
e 2 3 0
f 94
p 110
t # 545
v 0 0
v 1 22
v 2 1
v 3 0
v 4 4
e 0 1 0
e 0 4 0
e 1 2 0
e 2 3 0
f 128
p 122
t # 546
v 0 0
v 1 26
v 2 4
e 0 1 0
e 1 2 0
f 640
p 626
t # 547
v 0 0
v 1 29
v 2 3
v 3 0
v 4 0
e 0 1 0
e 1 2 0
e 2 3 0
e 3 4 0
f 121
p 119
t # 548
v 0 0
v 1 26
v 2 3
v 3 1
e 0 1 0
e 1 2 0
e 2 3 0
f 196
p 197
t # 549
v 0 0
v 1 28
v 2 0
v 3 0
v 4 0
v 5 0
e 0 1 0
e 0 4 0
e 1 2 0
e 2 3 0
e 3 5 0
f 113
p 110
t # 550
v 0 0
v 1 4
v 2 22
v 3 2
e 0 1 0
e 1 2 0
e 2 3 0
f 132
p 133
t # 551
v 0 0
v 1 27
v 2 0
v 3 0
v 4 0
e 0 1 0
e 1 2 0
e 2 3 0
e 2 4 0
f 85
p 84
t # 552
v 0 0
v 1 23
v 2 3
v 3 0
v 4 0
e 0 1 0
e 0 4 0
e 1 2 0
e 2 3 0
f 133
p 130
t # 553
v 0 0
v 1 18
v 2 2
v 3 0
e 0 1 0
e 1 2 0
e 1 3 0
f 83
p 83
t # 554
v 0 0
v 1 29
v 2 4
v 3 0
v 4 1
e 0 1 0
e 1 2 0
e 2 3 0
e 3 4 0
f 114
p 113
t # 555
v 0 0
v 1 29
v 2 0
v 3 1
v 4 0
e 0 1 0
e 1 2 0
e 2 3 0
e 3 4 0
f 208
p 211
t # 556
v 0 0
v 1 28
v 2 0
v 3 1
v 4 0
e 0 1 0
e 1 2 0
e 2 3 0
e 3 4 0
f 192
p 190
t # 557
v 0 0
v 1 29
v 2 4
v 3 1
e 0 1 0
e 1 2 0
e 2 3 0
f 197
p 216
t # 558
v 0 0
v 1 27
v 2 0
v 3 2
e 0 1 0
e 1 2 0
e 2 3 0
f 261
p 261
t # 559
v 0 0
v 1 28
v 2 4
v 3 3
e 0 1 0
e 0 3 0
e 1 2 0
f 165
p 160
t # 560
v 0 0
v 1 24
v 2 1
v 3 0
v 4 4
e 0 1 0
e 1 2 0
e 2 3 0
e 3 4 0
f 91
p 105
t # 561
v 0 0
v 1 28
v 2 2
v 3 1
e 0 1 0
e 1 2 0
e 2 3 0
f 151
p 146
t # 562
v 0 0
v 1 2
v 2 26
v 3 1
v 4 0
e 0 1 0
e 1 2 0
e 2 3 0
e 3 4 0
f 80
p 81
t # 563
v 0 0
v 1 24
v 2 3
v 3 0
v 4 1
e 0 1 0
e 0 4 0
e 1 2 0
e 2 3 0
f 85
p 84
t # 564
v 0 0
v 1 24
v 2 0
v 3 3
v 4 1
e 0 1 0
e 1 2 0
e 2 3 0
e 3 4 0
f 90
p 89
t # 565
v 0 0
v 1 24
v 2 0
e 0 1 0
e 1 2 0
f 633
p 559
t # 566
v 0 0
v 1 23
v 2 0
v 3 3
v 4 0
e 0 1 0
e 1 2 0
e 2 3 0
e 3 4 0
f 134
p 131
t # 567
v 0 0
v 1 28
v 2 1
v 3 1
v 4 3
e 0 1 0
e 0 4 0
e 1 2 0
e 2 3 0
f 91
p 88
t # 568
v 0 0
v 1 23
v 2 23
e 0 1 0
e 1 2 0
f 183
p 177
t # 569
v 0 0
v 1 28
v 2 0
v 3 0
v 4 4
v 5 0
e 0 1 0
e 1 2 0
e 2 3 0
e 3 4 0
e 4 5 0
f 81
p 79
t # 570
v 0 0
v 1 29
v 2 4
v 3 2
e 0 1 0
e 1 2 0
e 2 3 0
f 109
p 108
t # 571
v 0 0
v 1 29
v 2 0
v 3 4
v 4 0
e 0 1 0
e 1 2 0
e 2 3 0
e 3 4 0
f 166
p 162
t # 572
v 0 0
v 1 27
v 2 1
v 3 4
v 4 0
e 0 1 0
e 1 2 0
e 2 3 0
e 2 4 0
f 85
p 81
t # 573
v 0 0
v 1 28
v 2 0
v 3 1
v 4 3
e 0 1 0
e 0 4 0
e 1 2 0
e 2 3 0
f 102
p 103
t # 574
v 0 0
v 1 24
v 2 0
v 3 0
v 4 4
e 0 1 0
e 0 4 0
e 1 2 0
e 2 3 0
f 149
p 149
t # 575
v 0 0
v 1 24
v 2 0
v 3 0
v 4 1
e 0 1 0
e 1 2 0
e 2 3 0
e 2 4 0
f 113
p 107
t # 576
v 0 0
v 1 23
v 2 4
v 3 0
e 0 1 0
e 1 2 0
e 2 3 0
f 286
p 284
t # 577
v 0 0
v 1 27
v 2 2
v 3 0
v 4 0
e 0 1 0
e 0 4 0
e 1 2 0
e 2 3 0
f 125
p 123
t # 578
v 0 0
v 1 24
v 2 0
v 3 0
v 4 2
e 0 1 0
e 0 4 0
e 1 2 0
e 2 3 0
f 98
p 97
t # 579
v 0 0
v 1 23
v 2 3
v 3 1
e 0 1 0
e 1 2 0
e 2 3 0
f 188
p 191
t # 580
v 0 0
v 1 23
v 2 2
v 3 3
e 0 1 0
e 1 2 0
e 2 3 0
f 106
p 103
t # 581
v 0 0
v 1 29
v 2 4
v 3 0
e 0 1 0
e 1 2 0
e 1 3 0
f 116
p 118
t # 582
v 0 0
v 1 23
v 2 3
v 3 0
e 0 1 0
e 1 2 0
e 2 3 0
f 265
p 267
t # 583
v 0 0
v 1 29
v 2 2
v 3 2
e 0 1 0
e 0 3 0
e 1 2 0
f 83
p 83
t # 584
v 0 0
v 1 18
v 2 0
v 3 0
e 0 1 0
e 1 2 0
e 1 3 0
f 84
p 84
t # 585
v 0 0
v 1 23
v 2 1
v 3 1
v 4 4
e 0 1 0
e 0 3 0
e 1 2 0
e 3 4 0
f 93
p 94
t # 586
v 0 0
v 1 24
v 2 2
v 3 0
v 4 0
e 0 1 0
e 1 2 0
e 2 3 0
e 3 4 0
f 92
p 91
t # 587
v 0 0
v 1 28
v 2 4
v 3 0
e 0 1 0
e 1 2 0
e 2 3 0
f 297
p 293
t # 588
v 0 0
v 1 23
v 2 1
v 3 2
e 0 1 0
e 1 2 0
e 2 3 0
f 149
p 148
t # 589
v 0 0
v 1 29
v 2 4
v 3 0
v 4 3
e 0 1 0
e 1 2 0
e 2 3 0
e 3 4 0
f 90
p 92
t # 590
v 0 0
v 1 28
v 2 0
v 3 0
e 0 1 0
e 1 2 0
e 2 3 0
f 451
p 451
t # 591
v 0 0
v 1 4
v 2 0
v 3 20
v 4 4
e 0 1 0
e 1 2 0
e 2 3 0
e 3 4 0
f 89
p 88
t # 592
v 0 0
v 1 17
v 2 4
v 3 4
v 4 0
e 0 1 0
e 1 2 0
e 2 3 0
e 3 4 0
f 94
p 93
t # 593
v 0 0
v 1 24
v 2 0
v 3 0
v 4 1
e 0 1 0
e 1 2 0
e 2 3 0
e 3 4 0
f 189
p 188
t # 594
v 0 0
v 1 27
v 2 1
v 3 2
v 4 0
e 0 1 0
e 1 2 0
e 2 3 0
e 3 4 0
f 97
p 95
t # 595
v 0 0
v 1 23
v 2 0
v 3 0
v 4 1
v 5 0
e 0 1 0
e 1 2 0
e 2 3 0
e 3 4 0
e 4 5 0
f 89
p 92
t # 596
v 0 0
v 1 29
v 2 0
v 3 3
v 4 1
e 0 1 0
e 1 2 0
e 2 3 0
e 3 4 0
f 103
p 103
t # 597
v 0 0
v 1 23
v 2 1
v 3 4
v 4 0
e 0 1 0
e 1 2 0
e 2 3 0
e 3 4 0
f 135
p 133
t # 598
v 0 0
v 1 23
v 2 0
v 3 4
e 0 1 0
e 1 2 0
e 2 3 0
f 287
p 281
t # 599
v 0 0
v 1 29
v 2 0
v 3 0
v 4 1
e 0 1 0
e 1 2 0
e 2 3 0
e 2 4 0
f 110
p 110
t # 600
v 0 0
v 1 1
v 2 29
v 3 4
e 0 1 0
e 0 2 0
e 2 3 0
f 232
p 230
t # 601
v 0 0
v 1 28
v 2 1
v 3 1
e 0 1 0
e 1 2 0
e 1 3 0
f 96
p 96
t # 602
v 0 0
v 1 28
v 2 0
v 3 0
v 4 1
e 0 1 0
e 1 2 0
e 2 3 0
e 2 4 0
f 128
p 127
t # 603
v 0 0
v 1 23
v 2 0
v 3 1
v 4 0
e 0 1 0
e 1 2 0
e 2 3 0
e 3 4 0
f 194
p 191
t # 604
v 0 0
v 1 24
v 2 1
v 3 0
v 4 4
e 0 1 0
e 0 4 0
e 1 2 0
e 2 3 0
f 89
p 88
t # 605
v 0 0
v 1 29
v 2 4
v 3 2
e 0 1 0
e 1 2 0
e 2 3 0
f 109
p 108
t # 606
v 0 0
v 1 22
v 2 1
v 3 1
v 4 0
e 0 1 0
e 1 2 0
e 2 3 0
e 2 4 0
f 84
p 83
t # 607
v 0 0
v 1 24
v 2 1
v 3 3
e 0 1 0
e 0 3 0
e 1 2 0
f 180
p 178
t # 608
v 0 0
v 1 29
v 2 1
v 3 1
v 4 1
e 0 1 0
e 0 3 0
e 1 2 0
e 3 4 0
f 103
p 156
t # 609
v 0 0
v 1 23
v 2 0
v 3 0
v 4 2
e 0 1 0
e 1 2 0
e 2 3 0
e 3 4 0
f 108
p 110
t # 610
v 0 0
v 1 28
v 2 0
v 3 0
v 4 4
e 0 1 0
e 1 2 0
e 2 3 0
e 3 4 0
f 164
p 171
t # 611
v 0 0
v 1 28
v 2 0
v 3 28
e 0 1 0
e 1 2 0
e 2 3 0
f 95
p 127
t # 612
v 0 0
v 1 28
v 2 4
v 3 4
e 0 1 0
e 0 3 0
e 1 2 0
f 170
p 174
t # 613
v 0 0
v 1 29
v 2 3
v 3 0
e 0 1 0
e 1 2 0
e 1 3 0
f 95
p 95
t # 614
v 0 0
v 1 26
v 2 0
v 3 0
v 4 0
v 5 1
e 0 1 0
e 1 2 0
e 2 3 0
e 3 4 0
e 4 5 0
f 102
p 100
t # 615
v 0 0
v 1 24
v 2 0
v 3 3
v 4 1
e 0 1 0
e 1 2 0
e 2 3 0
e 3 4 0
f 90
p 89
t # 616
v 0 0
v 1 28
v 2 28
e 0 1 0
e 0 2 0
f 131
p 102
t # 617
v 0 0
v 1 23
v 2 0
v 3 4
v 4 0
e 0 1 0
e 1 2 0
e 2 3 0
e 3 4 0
f 145
p 143
t # 618
v 0 0
v 1 28
v 2 3
v 3 0
v 4 1
e 0 1 0
e 0 4 0
e 1 2 0
e 2 3 0
f 88
p 91
t # 619
v 0 0
v 1 28
v 2 1
v 3 0
v 4 4
e 0 1 0
e 1 2 0
e 2 3 0
e 3 4 0
f 111
p 113
t # 620
v 0 0
v 1 4
v 2 0
v 3 20
v 4 4
e 0 1 0
e 1 2 0
e 2 3 0
e 3 4 0
f 89
p 88
t # 621
v 0 0
v 1 23
v 2 2
v 3 0
v 4 0
e 0 1 0
e 1 2 0
e 2 3 0
e 3 4 0
f 93
p 92
t # 622
v 0 0
v 1 22
v 2 1
v 3 0
v 4 4
e 0 1 0
e 0 4 0
e 1 2 0
e 2 3 0
f 128
p 122
t # 623
v 0 0
v 1 24
v 2 0
v 3 0
v 4 0
v 5 0
e 0 1 0
e 0 4 0
e 1 2 0
e 2 3 0
e 3 5 0
f 123
p 119
t # 624
v 0 0
v 1 29
v 2 3
v 3 0
v 4 1
e 0 1 0
e 0 4 0
e 1 2 0
e 2 3 0
f 113
p 111
t # 625
v 0 0
v 1 23
v 2 1
v 3 1
v 4 4
e 0 1 0
e 0 3 0
e 1 2 0
e 2 4 0
f 94
p 94
t # 626
v 0 0
v 1 28
v 2 0
v 3 0
v 4 3
e 0 1 0
e 0 4 0
e 1 2 0
e 2 3 0
f 128
p 122
t # 627
v 0 0
v 1 22
v 2 1
v 3 0
e 0 1 0
e 1 2 0
e 2 3 0
f 418
p 413
t # 628
v 0 0
v 1 28
v 2 1
v 3 1
e 0 1 0
e 1 2 0
e 1 3 0
f 96
p 96
t # 629
v 0 0
v 1 29
v 2 3
v 3 0
v 4 0
e 0 1 0
e 1 2 0
e 2 3 0
e 3 4 0
f 121
p 119
t # 630
v 0 0
v 1 23
v 2 0
v 3 0
v 4 1
e 0 1 0
e 1 2 0
e 2 3 0
e 2 4 0
f 121
p 114
t # 631
v 0 0
v 1 28
v 2 1
e 0 1 0
e 1 2 0
f 795
p 761
t # 632
v 0 0
v 1 23
v 2 1
v 3 0
v 4 4
e 0 1 0
e 1 2 0
e 2 3 0
e 3 4 0
f 123
p 119
t # 633
v 0 0
v 1 27
v 2 1
v 3 3
e 0 1 0
e 1 2 0
e 2 3 0
f 212
p 207
t # 634
v 0 0
v 1 24
v 2 0
v 3 1
e 0 1 0
e 1 2 0
e 2 3 0
f 354
p 359
t # 635
v 0 0
v 1 28
v 2 3
v 3 3
e 0 1 0
e 0 3 0
e 1 2 0
f 113
p 114
t # 636
v 0 0
v 1 29
v 2 0
v 3 4
v 4 1
e 0 1 0
e 1 2 0
e 2 3 0
e 3 4 0
f 94
p 116
t # 637
v 0 0
v 1 28
v 2 1
v 3 0
v 4 3
e 0 1 0
e 1 2 0
e 2 3 0
e 3 4 0
f 107
p 102
t # 638
v 0 0
v 1 24
v 2 1
v 3 0
v 4 1
e 0 1 0
e 1 2 0
e 2 3 0
e 3 4 0
f 145
p 137
t # 639
v 0 0
v 1 24
v 2 1
v 3 1
v 4 1
e 0 1 0
e 0 4 0
e 1 2 0
e 2 3 0
f 88
p 88
t # 640
v 0 0
v 1 24
v 2 1
v 3 0
v 4 4
e 0 1 0
e 1 2 0
e 2 3 0
e 3 4 0
f 91
p 105
t # 641
v 0 0
v 1 23
v 2 1
v 3 1
v 4 0
e 0 1 0
e 0 3 0
e 1 2 0
e 1 4 0
f 84
p 83
t # 642
v 0 0
v 1 24
v 2 0
v 3 0
v 4 1
e 0 1 0
e 1 2 0
e 2 3 0
e 3 4 0
f 189
p 188
t # 643
v 0 0
v 1 22
v 2 0
v 3 4
e 0 1 0
e 1 2 0
e 2 3 0
f 312
p 313
t # 644
v 0 0
v 1 24
v 2 1
v 3 0
v 4 4
e 0 1 0
e 0 4 0
e 1 2 0
e 2 3 0
f 89
p 88
t # 645
v 0 0
v 1 22
v 2 1
v 3 0
e 0 1 0
e 1 2 0
e 1 3 0
f 163
p 163
t # 646
v 0 0
v 1 22
v 2 4
v 3 0
e 0 1 0
e 1 2 0
e 1 3 0
f 91
p 92
t # 647
v 0 0
v 1 22
v 2 1
v 3 0
v 4 0
e 0 1 0
e 1 2 0
e 1 4 0
e 2 3 0
f 83
p 83
t # 648
v 0 0
v 1 28
v 2 0
v 3 0
v 4 4
e 0 1 0
e 1 2 0
e 2 3 0
e 3 4 0
f 164
p 171
t # 649
v 0 0
v 1 26
v 2 1
v 3 1
v 4 0
e 0 1 0
e 0 3 0
e 1 2 0
e 1 4 0
f 82
p 81
t # 650
v 0 0
v 1 24
v 2 1
e 0 1 0
e 1 2 0
f 754
p 684
t # 651
v 0 0
v 1 26
v 2 4
v 3 1
v 4 0
e 0 1 0
e 1 2 0
e 2 3 0
e 2 4 0
f 87
p 88
t # 652
v 0 0
v 1 26
v 2 3
v 3 0
e 0 1 0
e 1 2 0
e 1 3 0
f 96
p 96
t # 653
v 0 0
v 1 28
v 2 2
v 3 0
e 0 1 0
e 1 2 0
e 2 3 0
f 188
p 188
t # 654
v 0 0
v 1 24
v 2 4
v 3 4
e 0 1 0
e 1 2 0
e 2 3 0
f 180
p 179
t # 655
v 0 0
v 1 29
v 2 4
v 3 4
e 0 1 0
e 1 2 0
e 2 3 0
f 164
p 164
t # 656
v 0 0
v 1 1
v 2 1
v 3 26
v 4 1
e 0 1 0
e 1 2 0
e 2 3 0
e 3 4 0
f 81
p 80
t # 657
v 0 0
v 1 23
v 2 4
v 3 1
v 4 1
e 0 1 0
e 1 2 0
e 2 3 0
e 3 4 0
f 81
p 81
t # 658
v 0 0
v 1 24
v 2 4
v 3 0
v 4 0
e 0 1 0
e 1 2 0
e 2 3 0
e 3 4 0
f 142
p 141
t # 659
v 0 0
v 1 22
v 2 0
v 3 0
v 4 0
e 0 1 0
e 1 2 0
e 2 3 0
e 2 4 0
f 106
p 104
t # 660
v 0 0
v 1 28
v 2 1
v 3 2
e 0 1 0
e 1 2 0
e 2 3 0
f 162
p 156
t # 661
v 0 0
v 1 25
v 2 4
v 3 0
v 4 0
v 5 0
e 0 1 0
e 1 2 0
e 2 3 0
e 3 4 0
e 4 5 0
f 86
p 87
t # 662
v 0 0
v 1 28
v 2 1
v 3 1
e 0 1 0
e 1 2 0
e 2 3 0
f 288
p 288
t # 663
v 0 0
v 1 27
v 2 0
v 3 0
e 0 1 0
e 1 2 0
e 1 3 0
f 93
p 93
t # 664
v 0 0
v 1 29
v 2 4
v 3 0
e 0 1 0
e 1 2 0
e 1 3 0
f 116
p 118
t # 665
v 0 0
v 1 26
v 2 0
v 3 0
v 4 4
e 0 1 0
e 1 2 0
e 2 3 0
e 2 4 0
f 100
p 99
t # 666
v 0 0
v 1 24
v 2 0
v 3 0
v 4 0
v 5 4
e 0 1 0
e 0 4 0
e 1 2 0
e 2 3 0
e 3 5 0
f 82
p 79
t # 667
v 0 0
v 1 28
v 2 1
v 3 0
v 4 1
v 5 0
e 0 1 0
e 0 4 0
e 1 2 0
e 2 3 0
e 4 5 0
f 85
p 83
t # 668
v 0 0
v 1 23
v 2 0
v 3 0
v 4 0
v 5 4
e 0 1 0
e 0 4 0
e 1 2 0
e 2 3 0
e 3 5 0
f 82
p 83
t # 669
v 0 0
v 1 29
v 2 4
v 3 0
v 4 4
e 0 1 0
e 1 2 0
e 2 3 0
e 3 4 0
f 83
p 82
t # 670
v 0 0
v 1 18
v 2 4
v 3 0
e 0 1 0
e 1 2 0
e 1 3 0
f 123
p 123
t # 671
v 0 0
v 1 29
v 2 0
v 3 0
v 4 4
e 0 1 0
e 0 4 0
e 1 2 0
e 2 3 0
f 163
p 163
t # 672
v 0 0
v 1 28
v 2 1
v 3 4
e 0 1 0
e 0 3 0
e 1 2 0
f 268
p 261
t # 673
v 0 0
v 1 29
v 2 1
v 3 3
v 4 0
e 0 1 0
e 1 2 0
e 2 3 0
e 3 4 0
f 110
p 110
t # 674
v 0 0
v 1 28
v 2 1
v 3 0
v 4 3
e 0 1 0
e 0 4 0
e 1 2 0
e 2 3 0
f 94
p 95
t # 675
v 0 0
v 1 24
v 2 0
v 3 1
v 4 3
e 0 1 0
e 0 4 0
e 1 2 0
e 2 3 0
f 92
p 92
t # 676
v 0 0
v 1 29
v 2 4
v 3 4
v 4 0
e 0 1 0
e 1 2 0
e 2 3 0
e 3 4 0
f 90
p 83
t # 677
v 0 0
v 1 28
v 2 1
v 3 0
v 4 3
e 0 1 0
e 1 2 0
e 2 3 0
e 3 4 0
f 107
p 102
t # 678
v 0 0
v 1 29
v 2 0
v 3 1
v 4 1
e 0 1 0
e 0 4 0
e 1 2 0
e 2 3 0
f 81
p 84
t # 679
v 0 0
v 1 28
v 2 2
e 0 1 0
e 1 2 0
f 424
p 425
t # 680
v 0 0
v 1 24
v 2 3
v 3 2
e 0 1 0
e 1 2 0
e 2 3 0
f 80
p 79
t # 681
v 0 0
v 1 23
v 2 1
v 3 1
v 4 3
e 0 1 0
e 0 3 0
e 1 2 0
e 3 4 0
f 84
p 84
t # 682
v 0 0
v 1 21
v 2 1
v 3 1
v 4 0
e 0 1 0
e 1 2 0
e 2 3 0
e 2 4 0
f 94
p 93
t # 683
v 0 0
v 1 29
v 2 2
v 3 0
e 0 1 0
e 1 2 0
e 2 3 0
f 200
p 204
t # 684
v 0 0
v 1 0
v 2 26
v 3 1
v 4 0
e 0 1 0
e 1 2 0
e 2 3 0
e 3 4 0
f 219
p 221
t # 685
v 0 0
v 1 24
v 2 0
v 3 0
v 4 4
e 0 1 0
e 1 2 0
e 2 3 0
e 2 4 0
f 86
p 87
t # 686
v 0 0
v 1 3
v 2 23
v 3 4
e 0 1 0
e 1 2 0
e 2 3 0
f 123
p 122
t # 687
v 0 0
v 1 29
v 2 0
v 3 0
v 4 4
e 0 1 0
e 1 2 0
e 2 3 0
e 3 4 0
f 153
p 165
t # 688
v 0 0
v 1 24
v 2 1
v 3 1
v 4 4
e 0 1 0
e 1 2 0
e 2 3 0
e 3 4 0
f 89
p 87
t # 689
v 0 0
v 1 23
v 2 0
v 3 3
v 4 0
e 0 1 0
e 1 2 0
e 2 3 0
e 3 4 0
f 134
p 131
t # 690
v 0 0
v 1 24
v 2 1
v 3 1
v 4 1
e 0 1 0
e 0 4 0
e 1 2 0
e 2 3 0
f 88
p 88
t # 691
v 0 0
v 1 24
v 2 3
v 3 0
v 4 1
e 0 1 0
e 1 2 0
e 2 3 0
e 3 4 0
f 93
p 92
t # 692
v 0 0
v 1 23
v 2 3
v 3 0
e 0 1 0
e 1 2 0
e 2 3 0
f 265
p 267
t # 693
v 0 0
v 1 29
v 2 3
v 3 0
v 4 1
e 0 1 0
e 1 2 0
e 2 3 0
e 3 4 0
f 100
p 101
t # 694
v 0 0
v 1 23
v 2 4
v 3 1
e 0 1 0
e 1 2 0
e 2 3 0
f 214
p 213
t # 695
v 0 0
v 1 23
v 2 3
e 0 1 0
e 1 2 0
f 536
p 539
t # 696
v 0 0
v 1 24
v 2 3
v 3 0
e 0 1 0
e 1 2 0
e 1 3 0
f 90
p 89
t # 697
v 0 0
v 1 2
v 2 28
v 3 4
e 0 1 0
e 0 2 0
e 2 3 0
f 130
p 130
t # 698
v 0 0
v 1 28
v 2 0
v 3 0
v 4 2
e 0 1 0
e 1 2 0
e 2 3 0
e 3 4 0
f 112
p 109
t # 699
v 0 0
v 1 25
v 2 0
v 3 3
v 4 0
e 0 1 0
e 1 2 0
e 2 3 0
e 3 4 0
f 123
p 122
t # 700
v 0 0
v 1 0
v 2 3
v 3 24
v 4 1
e 0 1 0
e 1 2 0
e 2 3 0
e 3 4 0
f 108
p 105
t # 701
v 0 0
v 1 29
v 2 2
v 3 0
v 4 0
e 0 1 0
e 1 2 0
e 2 3 0
e 3 4 0
f 101
p 97
t # 702
v 0 0
v 1 28
v 2 1
v 3 3
e 0 1 0
e 1 2 0
e 2 3 0
f 199
p 197
t # 703
v 0 0
v 1 23
v 2 0
v 3 4
v 4 1
e 0 1 0
e 1 2 0
e 2 3 0
e 3 4 0
f 107
p 104
t # 704
v 0 0
v 1 29
v 2 1
v 3 1
v 4 4
e 0 1 0
e 0 3 0
e 1 2 0
e 2 4 0
f 80
p 79
t # 705
v 0 0
v 1 24
v 2 24
e 0 1 0
e 1 2 0
f 149
p 135
t # 706
v 0 0
v 1 4
v 2 0
v 3 21
v 4 3
e 0 1 0
e 1 2 0
e 2 3 0
e 3 4 0
f 83
p 85
t # 707
v 0 0
v 1 28
v 2 4
v 3 2
e 0 1 0
e 1 2 0
e 2 3 0
f 112
p 111
t # 708
v 0 0
v 1 26
v 2 0
v 3 0
v 4 1
e 0 1 0
e 1 2 0
e 2 3 0
e 2 4 0
f 118
p 117
t # 709
v 0 0
v 1 29
v 2 1
v 3 1
v 4 0
e 0 1 0
e 1 2 0
e 2 3 0
e 3 4 0
f 119
p 122
t # 710
v 0 0
v 1 24
v 2 0
v 3 3
e 0 1 0
e 1 2 0
e 2 3 0
f 246
p 247
t # 711
v 0 0
v 1 26
v 2 0
v 3 0
v 4 1
e 0 1 0
e 1 2 0
e 2 3 0
e 2 4 0
f 118
p 117
t # 712
v 0 0
v 1 28
v 2 0
v 3 3
v 4 0
e 0 1 0
e 1 2 0
e 2 3 0
e 3 4 0
f 126
p 128
t # 713
v 0 0
v 1 24
v 2 1
v 3 4
e 0 1 0
e 1 2 0
e 2 3 0
f 221
p 220
t # 714
v 0 0
v 1 24
v 2 1
v 3 2
e 0 1 0
e 0 3 0
e 1 2 0
f 175
p 174
t # 715
v 0 0
v 1 24
v 2 3
v 3 2
e 0 1 0
e 1 2 0
e 2 3 0
f 80
p 79
t # 716
v 0 0
v 1 27
v 2 0
v 3 0
e 0 1 0
e 1 2 0
e 1 3 0
f 93
p 93
t # 717
v 0 0
v 1 22
v 2 0
v 3 1
e 0 1 0
e 1 2 0
e 2 3 0
f 375
p 377
t # 718
v 0 0
v 1 29
v 2 1
v 3 0
v 4 1
e 0 1 0
e 1 2 0
e 2 3 0
e 3 4 0
f 148
p 143
t # 719
v 0 0
v 1 1
v 2 0
v 3 26
v 4 4
e 0 1 0
e 1 2 0
e 2 3 0
e 3 4 0
f 114
p 113
t # 720
v 0 0
v 1 3
v 2 28
v 3 1
e 0 1 0
e 1 2 0
e 2 3 0
f 177
p 172
t # 721
v 0 0
v 1 24
v 2 0
v 3 1
v 4 0
e 0 1 0
e 1 2 0
e 2 3 0
e 3 4 0
f 178
p 178
t # 722
v 0 0
v 1 20
v 2 0
v 3 0
v 4 4
e 0 1 0
e 1 2 0
e 2 3 0
e 2 4 0
f 96
p 96
t # 723
v 0 0
v 1 29
v 2 0
v 3 4
e 0 1 0
e 1 2 0
e 2 3 0
f 288
p 296
t # 724
v 0 0
v 1 29
v 2 1
v 3 0
v 4 1
e 0 1 0
e 0 4 0
e 1 2 0
e 2 3 0
f 155
p 158
t # 725
v 0 0
v 1 26
v 2 0
e 0 1 0
e 1 2 0
f 675
p 667
t # 726
v 0 0
v 1 28
v 2 1
v 3 0
e 0 1 0
e 1 2 0
e 2 3 0
f 400
p 399
t # 727
v 0 0
v 1 24
v 2 1
v 3 0
v 4 3
e 0 1 0
e 0 4 0
e 1 2 0
e 2 3 0
f 82
p 81
t # 728
v 0 0
v 1 0
v 2 1
v 3 24
v 4 1
e 0 1 0
e 1 2 0
e 2 3 0
e 3 4 0
f 117
p 116
t # 729
v 0 0
v 1 29
v 2 1
v 3 3
v 4 0
e 0 1 0
e 1 2 0
e 2 3 0
e 3 4 0
f 110
p 110
t # 730
v 0 0
v 1 27
v 2 3
v 3 0
e 0 1 0
e 1 2 0
e 1 3 0
f 113
p 113
t # 731
v 0 0
v 1 28
v 2 1
v 3 0
v 4 1
e 0 1 0
e 0 4 0
e 1 2 0
e 2 3 0
f 141
p 142
t # 732
v 0 0
v 1 24
v 2 1
v 3 0
e 0 1 0
e 1 2 0
e 2 3 0
f 369
p 350
t # 733
v 0 0
v 1 24
v 2 0
v 3 0
v 4 0
v 5 4
e 0 1 0
e 0 5 0
e 1 2 0
e 2 3 0
e 3 4 0
f 86
p 107
t # 734
v 0 0
v 1 23
v 2 0
v 3 3
v 4 0
e 0 1 0
e 1 2 0
e 2 3 0
e 2 4 0
f 80
p 79
t # 735
v 0 0
v 1 23
v 2 4
v 3 0
v 4 0
e 0 1 0
e 1 2 0
e 2 3 0
e 3 4 0
f 136
p 136
t # 736
v 0 0
v 1 29
v 2 0
v 3 2
v 4 0
e 0 1 0
e 1 2 0
e 2 3 0
e 3 4 0
f 98
p 97
t # 737
v 0 0
v 1 29
v 2 3
v 3 3
e 0 1 0
e 0 3 0
e 1 2 0
f 133
p 124
t # 738
v 0 0
v 1 28
v 2 4
v 3 0
e 0 1 0
e 1 2 0
e 1 3 0
f 105
p 103
t # 739
v 0 0
v 1 24
v 2 0
v 3 0
v 4 0
v 5 1
e 0 1 0
e 0 5 0
e 1 2 0
e 2 3 0
e 3 4 0
f 89
p 98
t # 740
v 0 0
v 1 23
v 2 2
v 3 4
e 0 1 0
e 1 2 0
e 2 3 0
f 124
p 124
t # 741
v 0 0
v 1 24
v 2 0
v 3 4
v 4 1
e 0 1 0
e 1 2 0
e 2 3 0
e 3 4 0
f 106
p 103
t # 742
v 0 0
v 1 26
v 2 0
v 3 4
v 4 0
e 0 1 0
e 1 2 0
e 2 3 0
e 3 4 0
f 159
p 158
t # 743
v 0 0
v 1 29
v 2 1
v 3 0
v 4 1
e 0 1 0
e 0 4 0
e 1 2 0
e 2 3 0
f 155
p 158
t # 744
v 0 0
v 1 29
v 2 0
v 3 3
v 4 1
e 0 1 0
e 1 2 0
e 2 3 0
e 3 4 0
f 103
p 103
t # 745
v 0 0
v 1 23
v 2 0
v 3 1
v 4 0
v 5 1
e 0 1 0
e 1 2 0
e 2 3 0
e 3 4 0
e 4 5 0
f 82
p 83
t # 746
v 0 0
v 1 3
v 2 23
v 3 4
e 0 1 0
e 1 2 0
e 2 3 0
f 123
p 122
t # 747
v 0 0
v 1 28
v 2 28
e 0 1 0
e 1 2 0
f 161
p 158
t # 748
v 0 0
v 1 28
v 2 1
v 3 2
v 4 0
e 0 1 0
e 1 2 0
e 2 3 0
e 3 4 0
f 84
p 80
t # 749
v 0 0
v 1 25
v 2 3
v 3 1
v 4 0
e 0 1 0
e 1 2 0
e 2 3 0
e 3 4 0
f 88
p 88
t # 750
v 0 0
v 1 20
v 2 1
v 3 0
e 0 1 0
e 1 2 0
e 1 3 0
f 144
p 142
t # 751
v 0 0
v 1 28
v 2 4
v 3 1
e 0 1 0
e 1 2 0
e 1 3 0
f 133
p 134
t # 752
v 0 0
v 1 28
v 2 1
v 3 2
e 0 1 0
e 0 3 0
e 1 2 0
f 157
p 162
t # 753
v 0 0
v 1 26
v 2 1
v 3 1
v 4 0
e 0 1 0
e 0 3 0
e 1 2 0
e 1 4 0
f 82
p 81
t # 754
v 0 0
v 1 17
v 2 3
v 3 0
e 0 1 0
e 1 2 0
e 1 3 0
f 92
p 91
t # 755
v 0 0
v 1 29
v 2 1
v 3 1
v 4 4
e 0 1 0
e 0 3 0
e 1 2 0
e 2 4 0
f 80
p 79
t # 756
v 0 0
v 1 24
v 2 0
v 3 0
v 4 0
e 0 1 0
e 0 4 0
e 1 2 0
e 2 3 0
f 161
p 174
t # 757
v 0 0
v 1 24
v 2 3
v 3 4
e 0 1 0
e 1 2 0
e 2 3 0
f 132
p 131
t # 758
v 0 0
v 1 29
v 2 0
v 3 0
v 4 0
v 5 1
e 0 1 0
e 1 2 0
e 2 3 0
e 3 4 0
e 4 5 0
f 81
p 105
t # 759
v 0 0
v 1 24
v 2 0
v 3 0
v 4 3
e 0 1 0
e 1 2 0
e 2 3 0
e 3 4 0
f 119
p 122
t # 760
v 0 0
v 1 28
v 2 1
v 3 4
e 0 1 0
e 0 3 0
e 1 2 0
f 268
p 261
t # 761
v 0 0
v 1 22
v 2 1
v 3 0
v 4 4
e 0 1 0
e 0 4 0
e 1 2 0
e 2 3 0
f 128
p 122
t # 762
v 0 0
v 1 25
v 2 4
v 3 0
v 4 0
v 5 0
e 0 1 0
e 1 2 0
e 2 3 0
e 3 4 0
e 4 5 0
f 86
p 87
t # 763
v 0 0
v 1 28
v 2 0
v 3 4
e 0 1 0
e 1 2 0
e 2 3 0
f 288
p 286
t # 764
v 0 0
v 1 29
v 2 1
v 3 4
e 0 1 0
e 0 3 0
e 1 2 0
f 215
p 210
t # 765
v 0 0
v 1 23
v 2 0
v 3 3
v 4 0
e 0 1 0
e 1 2 0
e 2 3 0
e 3 4 0
f 134
p 131
t # 766
v 0 0
v 1 23
v 2 3
v 3 0
v 4 0
e 0 1 0
e 1 2 0
e 2 3 0
e 3 4 0
f 131
p 127
t # 767
v 0 0
v 1 17
v 2 4
v 3 0
e 0 1 0
e 1 2 0
e 1 3 0
f 113
p 114
t # 768
v 0 0
v 1 29
v 2 4
v 3 3
e 0 1 0
e 1 2 0
e 2 3 0
f 155
p 155
t # 769
v 0 0
v 1 23
v 2 2
v 3 0
v 4 0
e 0 1 0
e 0 4 0
e 1 2 0
e 2 3 0
f 103
p 99
t # 770
v 0 0
v 1 28
v 2 1
v 3 3
v 4 0
e 0 1 0
e 1 2 0
e 2 3 0
e 3 4 0
f 89
p 94
t # 771
v 0 0
v 1 29
v 2 0
v 3 1
v 4 3
e 0 1 0
e 1 2 0
e 2 3 0
e 3 4 0
f 108
p 106
t # 772
v 0 0
v 1 28
v 2 4
v 3 0
v 4 1
e 0 1 0
e 0 4 0
e 1 2 0
e 2 3 0
f 91
p 105
t # 773
v 0 0
v 1 28
v 2 1
v 3 3
e 0 1 0
e 0 3 0
e 1 2 0
f 232
p 231
t # 774
v 0 0
v 1 24
v 2 1
v 3 0
v 4 0
e 0 1 0
e 1 2 0
e 2 3 0
e 3 4 0
f 186
p 181
t # 775
v 0 0
v 1 28
v 2 4
v 3 2
e 0 1 0
e 1 2 0
e 2 3 0
f 112
p 111
t # 776
v 0 0
v 1 27
v 2 0
v 3 0
v 4 1
e 0 1 0
e 1 2 0
e 2 3 0
e 2 4 0
f 131
p 126
t # 777
v 0 0
v 1 28
v 2 0
v 3 1
v 4 1
e 0 1 0
e 1 2 0
e 2 3 0
e 3 4 0
f 134
p 145
t # 778
v 0 0
v 1 28
v 2 1
v 3 3
e 0 1 0
e 0 3 0
e 1 2 0
f 232
p 231
t # 779
v 0 0
v 1 25
v 2 1
v 3 0
e 0 1 0
e 1 2 0
e 1 3 0
f 149
p 148
t # 780
v 0 0
v 1 27
v 2 4
v 3 3
e 0 1 0
e 0 3 0
e 1 2 0
f 159
p 160
t # 781
v 0 0
v 1 24
v 2 4
v 3 4
e 0 1 0
e 0 3 0
e 1 2 0
f 166
p 165
t # 782
v 0 0
v 1 18
v 2 3
v 3 0
e 0 1 0
e 1 2 0
e 1 3 0
f 84
p 83
t # 783
v 0 0
v 1 23
v 2 0
v 3 0
v 4 0
v 5 0
e 0 1 0
e 0 4 0
e 1 2 0
e 2 3 0
e 3 5 0
f 123
p 122
t # 784
v 0 0
v 1 29
v 2 3
v 3 0
v 4 1
e 0 1 0
e 1 2 0
e 2 3 0
e 3 4 0
f 100
p 101
t # 785
v 0 0
v 1 23
v 2 1
v 3 3
e 0 1 0
e 0 3 0
e 1 2 0
f 220
p 213
t # 786
v 0 0
v 1 28
v 2 0
v 3 1
v 4 3
e 0 1 0
e 0 4 0
e 1 2 0
e 2 3 0
f 102
p 103
t # 787
v 0 0
v 1 26
v 2 4
v 3 0
e 0 1 0
e 1 2 0
e 1 3 0
f 124
p 126
t # 788
v 0 0
v 1 24
v 2 1
v 3 4
v 4 0
e 0 1 0
e 1 2 0
e 2 3 0
e 3 4 0
f 89
p 96
t # 789
v 0 0
v 1 24
v 2 4
e 0 1 0
e 1 2 0
f 608
p 598
t # 790
v 0 0
v 1 29
v 2 0
v 3 0
v 4 0
v 5 1
e 0 1 0
e 0 5 0
e 1 2 0
e 2 3 0
e 3 4 0
f 100
p 90
t # 791
v 0 0
v 1 21
v 2 4
v 3 0
e 0 1 0
e 1 2 0
e 1 3 0
f 108
p 109
t # 792
v 0 0
v 1 4
v 2 27
v 3 1
e 0 1 0
e 1 2 0
e 2 3 0
f 221
p 219
t # 793
v 0 0
v 1 24
v 2 1
v 3 1
v 4 1
e 0 1 0
e 1 2 0
e 2 3 0
e 3 4 0
f 97
p 95
t # 794
v 0 0
v 1 28
v 2 0
v 3 0
v 4 0
v 5 0
e 0 1 0
e 0 4 0
e 1 2 0
e 2 3 0
e 3 5 0
f 113
p 110
t # 795
v 0 0
v 1 23
v 2 0
v 3 0
v 4 1
e 0 1 0
e 1 2 0
e 2 3 0
e 2 4 0
f 121
p 114
t # 796
v 0 0
v 1 24
v 2 0
v 3 0
v 4 0
e 0 1 0
e 1 2 0
e 2 3 0
e 2 4 0
f 94
p 91
t # 797
v 0 0
v 1 28
v 2 2
v 3 3
e 0 1 0
e 1 2 0
e 2 3 0
f 86
p 85
t # 798
v 0 0
v 1 28
v 2 1
v 3 0
v 4 0
e 0 1 0
e 1 2 0
e 2 3 0
e 3 4 0
f 200
p 197
t # 799
v 0 0
v 1 29
v 2 0
v 3 0
v 4 2
e 0 1 0
e 0 4 0
e 1 2 0
e 2 3 0
f 94
p 90
t # 800
v 0 0
v 1 28
v 2 2
v 3 1
e 0 1 0
e 1 2 0
e 2 3 0
f 151
p 146
t # 801
v 0 0
v 1 21
v 2 4
v 3 3
e 0 1 0
e 1 2 0
e 2 3 0
f 156
p 156
t # 802
v 0 0
v 1 23
v 2 0
v 3 0
e 0 1 0
e 1 2 0
e 2 3 0
f 448
p 456
t # 803
v 0 0
v 1 28
v 2 0
v 3 0
v 4 1
v 5 1
e 0 1 0
e 0 4 0
e 1 2 0
e 2 3 0
e 3 5 0
f 89
p 92
t # 804
v 0 0
v 1 19
v 2 4
v 3 0
e 0 1 0
e 1 2 0
e 1 3 0
f 114
p 114
t # 805
v 0 0
v 1 28
v 2 0
v 3 1
v 4 3
e 0 1 0
e 0 4 0
e 1 2 0
e 2 3 0
f 102
p 103
t # 806
v 0 0
v 1 28
v 2 2
v 3 1
e 0 1 0
e 1 2 0
e 1 3 0
f 96
p 95
t # 807
v 0 0
v 1 28
v 2 3
v 3 0
v 4 0
e 0 1 0
e 1 2 0
e 2 3 0
e 3 4 0
f 122
p 121
t # 808
v 0 0
v 1 28
v 2 1
v 3 0
v 4 0
v 5 0
e 0 1 0
e 1 2 0
e 2 3 0
e 3 4 0
e 4 5 0
f 98
p 99
t # 809
v 0 0
v 1 23
v 2 1
v 3 1
v 4 4
e 0 1 0
e 0 3 0
e 1 2 0
e 3 4 0
f 93
p 94
t # 810
v 0 0
v 1 29
v 2 1
v 3 0
v 4 1
e 0 1 0
e 0 4 0
e 1 2 0
e 2 3 0
f 155
p 158
t # 811
v 0 0
v 1 23
v 2 1
v 3 2
e 0 1 0
e 1 2 0
e 2 3 0
f 149
p 148
t # 812
v 0 0
v 1 23
v 2 0
v 3 0
v 4 4
e 0 1 0
e 1 2 0
e 2 3 0
e 3 4 0
f 163
p 164
t # 813
v 0 0
v 1 24
v 2 4
v 3 4
e 0 1 0
e 0 3 0
e 1 2 0
f 166
p 165
t # 814
v 0 0
v 1 28
v 2 1
v 3 0
v 4 4
e 0 1 0
e 1 2 0
e 2 3 0
e 3 4 0
f 111
p 113
t # 815
v 0 0
v 1 28
v 2 2
v 3 4
e 0 1 0
e 1 2 0
e 2 3 0
f 110
p 112
t # 816
v 0 0
v 1 27
v 2 1
v 3 1
v 4 1
e 0 1 0
e 1 2 0
e 2 3 0
e 3 4 0
f 93
p 89
t # 817
v 0 0
v 1 29
v 2 1
v 3 0
v 4 3
e 0 1 0
e 0 4 0
e 1 2 0
e 2 3 0
f 100
p 96
t # 818
v 0 0
v 1 23
v 2 1
v 3 1
e 0 1 0
e 1 2 0
e 2 3 0
f 292
p 289
t # 819
v 0 0
v 1 24
v 2 0
v 3 0
v 4 0
v 5 0
e 0 1 0
e 1 2 0
e 2 3 0
e 3 4 0
e 4 5 0
f 131
p 130
t # 820
v 0 0
v 1 28
v 2 0
v 3 0
v 4 1
e 0 1 0
e 0 4 0
e 1 2 0
e 2 3 0
f 221
p 212
t # 821
v 0 0
v 1 21
v 2 0
v 3 1
v 4 0
v 5 0
e 0 1 0
e 1 2 0
e 2 3 0
e 3 4 0
e 4 5 0
f 116
p 116
t # 822
v 0 0
v 1 18
v 2 4
v 3 0
e 0 1 0
e 1 2 0
e 1 3 0
f 123
p 123
t # 823
v 0 0
v 1 25
v 2 4
v 3 0
e 0 1 0
e 1 2 0
e 1 3 0
f 114
p 115
t # 824
v 0 0
v 1 23
v 2 4
v 3 3
e 0 1 0
e 0 3 0
e 1 2 0
f 170
p 155
t # 825
v 0 0
v 1 28
v 2 0
e 0 1 0
e 1 2 0
f 646
p 632
t # 826
v 0 0
v 1 23
v 2 0
v 3 0
v 4 1
v 5 0
e 0 1 0
e 1 2 0
e 2 3 0
e 3 4 0
e 4 5 0
f 89
p 92
t # 827
v 0 0
v 1 24
v 2 0
v 3 0
v 4 0
v 5 1
e 0 1 0
e 0 4 0
e 1 2 0
e 2 3 0
e 3 5 0
f 88
p 87
t # 828
v 0 0
v 1 23
v 2 0
v 3 0
v 4 0
v 5 1
e 0 1 0
e 1 2 0
e 2 3 0
e 3 4 0
e 4 5 0
f 106
p 104
t # 829
v 0 0
v 1 29
v 2 0
v 3 0
v 4 3
e 0 1 0
e 0 4 0
e 1 2 0
e 2 3 0
f 148
p 147
t # 830
v 0 0
v 1 29
v 2 0
v 3 0
e 0 1 0
e 1 2 0
e 2 3 0
f 470
p 478
t # 831
v 0 0
v 1 28
v 2 4
v 3 0
v 4 0
e 0 1 0
e 1 2 0
e 2 3 0
e 3 4 0
f 138
p 134
t # 832
v 0 0
v 1 28
v 2 4
v 3 0
e 0 1 0
e 1 2 0
e 2 3 0
f 297
p 293
t # 833
v 0 0
v 1 24
v 2 3
v 3 1
e 0 1 0
e 1 2 0
e 2 3 0
f 188
p 184
t # 834
v 0 0
v 1 23
v 2 0
v 3 1
v 4 0
e 0 1 0
e 1 2 0
e 2 3 0
e 3 4 0
f 194
p 191
t # 835
v 0 0
v 1 27
v 2 1
v 3 4
e 0 1 0
e 0 3 0
e 1 2 0
f 281
p 222
t # 836
v 0 0
v 1 28
v 2 0
v 3 2
e 0 1 0
e 1 2 0
e 2 3 0
f 207
p 207
t # 837
v 0 0
v 1 25
v 2 0
v 3 2
v 4 0
e 0 1 0
e 1 2 0
e 2 3 0
e 3 4 0
f 105
p 106
t # 838
v 0 0
v 1 26
v 2 2
v 3 4
e 0 1 0
e 1 2 0
e 2 3 0
f 130
p 125
t # 839
v 0 0
v 1 23
v 2 4
v 3 1
v 4 0
e 0 1 0
e 1 2 0
e 2 3 0
e 3 4 0
f 117
p 114
t # 840
v 0 0
v 1 28
v 2 2
v 3 0
v 4 0
e 0 1 0
e 1 2 0
e 2 3 0
e 3 4 0
f 91
p 87
t # 841
v 0 0
v 1 24
v 2 0
v 3 1
v 4 4
e 0 1 0
e 0 4 0
e 1 2 0
e 2 3 0
f 112
p 110
t # 842
v 0 0
v 1 23
v 2 0
v 3 0
v 4 0
e 0 1 0
e 1 2 0
e 2 3 0
e 2 4 0
f 89
p 89
t # 843
v 0 0
v 1 29
v 2 2
v 3 0
e 0 1 0
e 1 2 0
e 2 3 0
f 200
p 204
t # 844
v 0 0
v 1 26
v 2 0
v 3 0
v 4 1
e 0 1 0
e 1 2 0
e 2 3 0
e 2 4 0
f 118
p 117
t # 845
v 0 0
v 1 3
v 2 29
v 3 2
e 0 1 0
e 1 2 0
e 2 3 0
f 98
p 97
t # 846
v 0 0
v 1 24
v 2 0
v 3 1
v 4 4
e 0 1 0
e 1 2 0
e 2 3 0
e 3 4 0
f 87
p 101
t # 847
v 0 0
v 1 23
v 2 1
v 3 1
e 0 1 0
e 1 2 0
e 2 3 0
f 292
p 289
t # 848
v 0 0
v 1 24
v 2 1
v 3 0
v 4 4
e 0 1 0
e 0 4 0
e 1 2 0
e 2 3 0
f 89
p 88
t # 849
v 0 0
v 1 26
v 2 0
v 3 0
v 4 0
e 0 1 0
e 1 2 0
e 2 3 0
e 2 4 0
f 89
p 89
t # 850
v 0 0
v 1 23
v 2 0
v 3 2
e 0 1 0
e 1 2 0
e 2 3 0
f 209
p 208
t # 851
v 0 0
v 1 21
v 2 3
v 3 0
e 0 1 0
e 1 2 0
e 1 3 0
f 102
p 102
t # 852
v 0 0
v 1 24
v 2 2
v 3 0
v 4 0
e 0 1 0
e 1 2 0
e 2 3 0
e 3 4 0
f 92
p 91
t # 853
v 0 0
v 1 23
v 2 1
v 3 0
v 4 4
e 0 1 0
e 1 2 0
e 2 3 0
e 3 4 0
f 123
p 119
t # 854
v 0 0
v 1 23
v 2 0
v 3 1
v 4 1
e 0 1 0
e 1 2 0
e 2 3 0
e 3 4 0
f 135
p 136
t # 855
v 0 0
v 1 28
v 2 0
v 3 0
e 0 1 0
e 1 2 0
e 2 3 0
f 451
p 451
t # 856
v 0 0
v 1 21
v 2 4
v 3 3
e 0 1 0
e 1 2 0
e 2 3 0
f 156
p 156
t # 857
v 0 0
v 1 0
v 2 29
v 3 1
v 4 0
e 0 1 0
e 1 2 0
e 2 3 0
e 3 4 0
f 198
p 200
t # 858
v 0 0
v 1 28
v 2 3
v 3 0
v 4 0
e 0 1 0
e 1 2 0
e 2 3 0
e 3 4 0
f 122
p 121
t # 859
v 0 0
v 1 29
v 2 1
v 3 1
v 4 4
e 0 1 0
e 0 3 0
e 1 2 0
e 2 4 0
f 80
p 79
t # 860
v 0 0
v 1 29
v 2 1
e 0 1 0
e 1 2 0
f 775
p 729
t # 861
v 0 0
v 1 24
v 2 0
v 3 2
v 4 0
e 0 1 0
e 1 2 0
e 2 3 0
e 3 4 0
f 98
p 98
t # 862
v 0 0
v 1 27
v 2 0
v 3 0
v 4 0
e 0 1 0
e 1 2 0
e 2 3 0
e 2 4 0
f 85
p 84
t # 863
v 0 0
v 1 27
v 2 1
v 3 1
v 4 0
e 0 1 0
e 1 2 0
e 2 3 0
e 2 4 0
f 80
p 79
t # 864
v 0 0
v 1 4
v 2 0
v 3 25
v 4 1
e 0 1 0
e 1 2 0
e 2 3 0
e 3 4 0
f 108
p 108
t # 865
v 0 0
v 1 29
v 2 1
v 3 1
v 4 1
e 0 1 0
e 1 2 0
e 2 3 0
e 3 4 0
f 99
p 93
t # 866
v 0 0
v 1 23
v 2 4
v 3 1
e 0 1 0
e 1 2 0
e 2 3 0
f 214
p 213
t # 867
v 0 0
v 1 29
v 2 0
v 3 4
v 4 0
v 5 0
e 0 1 0
e 1 2 0
e 2 3 0
e 3 4 0
e 4 5 0
f 81
p 93
t # 868
v 0 0
v 1 23
v 2 0
v 3 4
v 4 0
e 0 1 0
e 1 2 0
e 2 3 0
e 3 4 0
f 145
p 143
t # 869
v 0 0
v 1 26
v 2 1
v 3 1
v 4 0
e 0 1 0
e 0 3 0
e 1 2 0
e 1 4 0
f 82
p 81
t # 870
v 0 0
v 1 29
v 2 3
e 0 1 0
e 1 2 0
f 536
p 542
t # 871
v 0 0
v 1 24
v 2 0
v 3 0
v 4 0
v 5 1
e 0 1 0
e 1 2 0
e 2 3 0
e 3 4 0
e 4 5 0
f 110
p 106
t # 872
v 0 0
v 1 27
v 2 1
v 3 0
e 0 1 0
e 1 2 0
e 1 3 0
f 148
p 144
t # 873
v 0 0
v 1 20
v 2 4
v 3 0
v 4 0
e 0 1 0
e 1 2 0
e 2 3 0
e 3 4 0
f 183
p 185
t # 874
v 0 0
v 1 23
v 2 4
v 3 1
v 4 1
e 0 1 0
e 1 2 0
e 2 3 0
e 3 4 0
f 81
p 81
t # 875
v 0 0
v 1 24
v 2 1
v 3 1
v 4 1
e 0 1 0
e 1 2 0
e 2 3 0
e 3 4 0
f 97
p 95
t # 876
v 0 0
v 1 23
v 2 2
e 0 1 0
e 1 2 0
f 459
p 462
t # 877
v 0 0
v 1 24
v 2 0
v 3 4
v 4 1
e 0 1 0
e 1 2 0
e 2 3 0
e 3 4 0
f 106
p 103
t # 878
v 0 0
v 1 24
v 2 1
v 3 1
v 4 1
e 0 1 0
e 0 4 0
e 1 2 0
e 2 3 0
f 88
p 88
t # 879
v 0 0
v 1 22
v 2 0
v 3 0
v 4 1
e 0 1 0
e 1 2 0
e 2 3 0
e 2 4 0
f 135
p 132
t # 880
v 0 0
v 1 20
v 2 3
v 3 0
e 0 1 0
e 1 2 0
e 1 3 0
f 86
p 85
t # 881
v 0 0
v 1 24
v 2 3
v 3 1
v 4 0
e 0 1 0
e 1 2 0
e 2 3 0
e 3 4 0
f 81
p 81
t # 882
v 0 0
v 1 25
v 2 0
v 3 3
v 4 0
e 0 1 0
e 1 2 0
e 2 3 0
e 3 4 0
f 123
p 122
t # 883
v 0 0
v 1 23
v 2 1
v 3 0
e 0 1 0
e 1 2 0
e 2 3 0
f 399
p 404
t # 884
v 0 0
v 1 24
v 2 2
v 3 2
e 0 1 0
e 0 3 0
e 1 2 0
f 81
p 86
t # 885
v 0 0
v 1 29
v 2 1
v 3 0
v 4 0
e 0 1 0
e 1 2 0
e 2 3 0
e 3 4 0
f 192
p 170
t # 886
v 0 0
v 1 24
v 2 0
v 3 0
v 4 0
v 5 0
e 0 1 0
e 0 4 0
e 1 2 0
e 2 3 0
e 3 5 0
f 123
p 119
t # 887
v 0 0
v 1 28
v 2 0
v 3 0
v 4 2
e 0 1 0
e 1 2 0
e 2 3 0
e 3 4 0
f 112
p 109
t # 888
v 0 0
v 1 1
v 2 1
v 3 26
v 4 1
e 0 1 0
e 1 2 0
e 2 3 0
e 3 4 0
f 81
p 80
t # 889
v 0 0
v 1 23
v 2 4
e 0 1 0
e 1 2 0
f 606
p 609
t # 890
v 0 0
v 1 27
v 2 1
v 3 1
v 4 0
e 0 1 0
e 1 2 0
e 2 3 0
e 2 4 0
f 80
p 79
t # 891
v 0 0
v 1 23
v 2 1
v 3 1
v 4 1
e 0 1 0
e 0 3 0
e 1 2 0
e 3 4 0
f 128
p 126
t # 892
v 0 0
v 1 24
v 2 1
v 3 0
v 4 4
e 0 1 0
e 0 4 0
e 1 2 0
e 2 3 0
f 89
p 88
t # 893
v 0 0
v 1 23
v 2 4
v 3 4
e 0 1 0
e 0 3 0
e 1 2 0
f 159
p 157
t # 894
v 0 0
v 1 1
v 2 0
v 3 26
v 4 4
e 0 1 0
e 1 2 0
e 2 3 0
e 3 4 0
f 114
p 113
t # 895
v 0 0
v 1 28
v 2 1
v 3 0
v 4 4
e 0 1 0
e 1 2 0
e 2 3 0
e 3 4 0
f 111
p 113
t # 896
v 0 0
v 1 25
v 2 0
v 3 0
v 4 4
e 0 1 0
e 1 2 0
e 2 3 0
e 2 4 0
f 105
p 101
t # 897
v 0 0
v 1 23
v 2 3
v 3 0
v 4 1
e 0 1 0
e 1 2 0
e 2 3 0
e 3 4 0
f 100
p 98
t # 898
v 0 0
v 1 28
v 2 4
v 3 4
e 0 1 0
e 1 2 0
e 2 3 0
f 163
p 168
t # 899
v 0 0
v 1 28
v 2 1
v 3 0
v 4 0
e 0 1 0
e 1 2 0
e 2 3 0
e 3 4 0
f 200
p 197
t # 900
v 0 0
v 1 23
v 2 0
v 3 4
v 4 1
e 0 1 0
e 1 2 0
e 2 3 0
e 3 4 0
f 107
p 104
t # 901
v 0 0
v 1 21
v 2 2
v 3 0
e 0 1 0
e 1 2 0
e 1 3 0
f 81
p 80
t # 902
v 0 0
v 1 28
v 2 4
v 3 1
e 0 1 0
e 1 2 0
e 1 3 0
f 133
p 134
t # 903
v 0 0
v 1 24
v 2 4
v 3 0
v 4 4
e 0 1 0
e 1 2 0
e 2 3 0
e 3 4 0
f 80
p 86
t # 904
v 0 0
v 1 29
v 2 4
e 0 1 0
e 1 2 0
f 621
p 623
t # 905
v 0 0
v 1 28
v 2 4
v 3 0
e 0 1 0
e 1 2 0
e 2 3 0
f 297
p 293
t # 906
v 0 0
v 1 27
v 2 1
v 3 2
v 4 0
e 0 1 0
e 1 2 0
e 2 3 0
e 3 4 0
f 97
p 95
t # 907
v 0 0
v 1 23
v 2 0
v 3 0
v 4 0
v 5 0
e 0 1 0
e 1 2 0
e 2 3 0
e 3 4 0
e 4 5 0
f 133
p 127
t # 908
v 0 0
v 1 24
v 2 4
v 3 1
v 4 0
e 0 1 0
e 1 2 0
e 2 3 0
e 3 4 0
f 120
p 107
t # 909
v 0 0
v 1 23
v 2 1
v 3 1
v 4 1
e 0 1 0
e 0 4 0
e 1 2 0
e 2 3 0
f 95
p 93
t # 910
v 0 0
v 1 23
v 2 3
e 0 1 0
e 1 2 0
f 536
p 539
t # 911
v 0 0
v 1 24
v 2 0
v 3 3
v 4 1
e 0 1 0
e 1 2 0
e 2 3 0
e 3 4 0
f 90
p 89
t # 912
v 0 0
v 1 23
v 2 0
v 3 0
v 4 0
v 5 1
e 0 1 0
e 0 4 0
e 1 2 0
e 2 3 0
e 3 5 0
f 92
p 92
t # 913
v 0 0
v 1 29
v 2 1
v 3 0
v 4 4
e 0 1 0
e 0 4 0
e 1 2 0
e 2 3 0
f 95
p 101
t # 914
v 0 0
v 1 26
v 2 1
v 3 1
v 4 0
e 0 1 0
e 1 2 0
e 2 3 0
e 2 4 0
f 91
p 89
t # 915
v 0 0
v 1 24
v 2 0
v 3 0
v 4 0
e 0 1 0
e 1 2 0
e 2 3 0
e 2 4 0
f 94
p 91
t # 916
v 0 0
v 1 23
v 2 1
v 3 1
v 4 0
e 0 1 0
e 1 2 0
e 2 3 0
e 3 4 0
f 145
p 142
t # 917
v 0 0
v 1 2
v 2 28
v 3 4
e 0 1 0
e 0 2 0
e 2 3 0
f 130
p 130
t # 918
v 0 0
v 1 28
v 2 4
v 3 0
e 0 1 0
e 1 2 0
e 1 3 0
f 105
p 103
t # 919
v 0 0
v 1 22
v 2 1
v 3 1
v 4 0
e 0 1 0
e 0 3 0
e 1 2 0
e 1 4 0
f 85
p 85
t # 920
v 0 0
v 1 24
v 2 1
v 3 0
v 4 0
e 0 1 0
e 1 2 0
e 2 3 0
e 3 4 0
f 186
p 181
t # 921
v 0 0
v 1 24
v 2 3
v 3 0
v 4 1
e 0 1 0
e 1 2 0
e 2 3 0
e 3 4 0
f 93
p 92
t # 922
v 0 0
v 1 23
v 2 3
v 3 3
e 0 1 0
e 0 3 0
e 1 2 0
f 119
p 126
t # 923
v 0 0
v 1 27
v 2 0
v 3 0
e 0 1 0
e 1 2 0
e 1 3 0
f 93
p 93
t # 924
v 0 0
v 1 23
v 2 0
v 3 1
v 4 0
v 5 1
e 0 1 0
e 1 2 0
e 2 3 0
e 3 4 0
e 4 5 0
f 82
p 83
t # 925
v 0 0
v 1 28
v 2 0
v 3 0
v 4 1
v 5 0
e 0 1 0
e 1 2 0
e 2 3 0
e 3 4 0
e 4 5 0
f 101
p 96
t # 926
v 0 0
v 1 28
v 2 4
v 3 0
v 4 1
e 0 1 0
e 1 2 0
e 2 3 0
e 3 4 0
f 104
p 109
t # 927
v 0 0
v 1 18
v 2 4
v 3 0
e 0 1 0
e 1 2 0
e 1 3 0
f 123
p 123
t # 928
v 0 0
v 1 28
v 2 0
v 3 0
v 4 4
e 0 1 0
e 0 4 0
e 1 2 0
e 2 3 0
f 143
p 142
t # 929
v 0 0
v 1 3
v 2 29
v 3 2
e 0 1 0
e 1 2 0
e 2 3 0
f 98
p 97
t # 930
v 0 0
v 1 26
v 2 1
v 3 0
e 0 1 0
e 1 2 0
e 1 3 0
f 147
p 149
t # 931
v 0 0
v 1 23
v 2 1
v 3 0
v 4 3
e 0 1 0
e 0 4 0
e 1 2 0
e 2 3 0
f 106
p 102
t # 932
v 0 0
v 1 27
v 2 0
v 3 0
v 4 0
e 0 1 0
e 1 2 0
e 2 3 0
e 2 4 0
f 85
p 84
t # 933
v 0 0
v 1 29
v 2 1
v 3 0
v 4 2
e 0 1 0
e 1 2 0
e 2 3 0
e 3 4 0
f 80
p 81
t # 934
v 0 0
v 1 28
v 2 1
v 3 1
v 4 0
e 0 1 0
e 1 2 0
e 2 3 0
e 2 4 0
f 93
p 92
t # 935
v 0 0
v 1 29
v 2 3
v 3 4
e 0 1 0
e 1 2 0
e 2 3 0
f 132
p 132
t # 936
v 0 0
v 1 24
v 2 4
v 3 0
e 0 1 0
e 1 2 0
e 2 3 0
f 297
p 300
t # 937
v 0 0
v 1 28
v 2 4
v 3 0
v 4 0
e 0 1 0
e 1 2 0
e 2 3 0
e 3 4 0
f 138
p 134
t # 938
v 0 0
v 1 24
v 2 4
v 3 2
e 0 1 0
e 1 2 0
e 2 3 0
f 122
p 122
t # 939
v 0 0
v 1 21
v 2 4
v 3 0
e 0 1 0
e 1 2 0
e 1 3 0
f 108
p 109
